2015-05-19 08:30:51,----------------departments:-----------defDep:1003
2015-05-19 08:30:51,----------------departments:-----------id:1003
2015-05-19 08:30:51,----------------departments:------select * from Opm_Organ where id=1003 and id>1000
2015-05-19 08:30:51,----------------departments:------select count(*)  from Opm_Organ where parentId=1003 and id>1000
2015-05-19 08:30:52,----------------departments:-----------defDep:1003
2015-05-19 08:30:52,----------------departments:-----------id:1003
2015-05-19 08:30:52,----------------departments:------select * from Opm_Organ where id=1003 and id>1000
2015-05-19 08:30:52,----------------departments:------select count(*)  from Opm_Organ where parentId=1003 and id>1000
2015-05-19 08:30:53,----------------departments:-----------defDep:1003
2015-05-19 08:30:53,----------------departments:-----------id:1003
2015-05-19 08:30:53,----------------departments:------select * from Opm_Organ where id=1003 and id>1000
2015-05-19 08:30:53,----------------departments:------select count(*)  from Opm_Organ where parentId=1003 and id>1000
2015-05-19 08:30:53,----------------departments:-----------defDep:1003
2015-05-19 08:30:53,----------------departments:-----------id:1003
2015-05-19 08:30:53,----------------departments:------select * from Opm_Organ where id=1003 and id>1000
2015-05-19 08:30:53,----------------departments:------select count(*)  from Opm_Organ where parentId=1003 and id>1000
2015-05-19 08:30:55,----------------departments:-----------defDep:1003
2015-05-19 08:30:55,----------------departments:-----------id:1003
2015-05-19 08:30:55,----------------departments:------select * from Opm_Organ where  parentId=1003 and id>1000
2015-05-19 08:30:55,----------------departments:------select count(*)  from Opm_Organ where parentId=1192 and id>1000
2015-05-19 08:30:55,----------------departments:------select count(*)  from Opm_Organ where parentId=1206 and id>1000
2015-05-19 08:30:57,-----------vehicles4dep-----sql:------select oo.name as depName,c.name as customerName,dm.nickName,d.deviceIndex,d.registerKey,d.deviceID,v.vin,d.d_esn,v.licenseNumber,l.ign,l.onlineStatus,l.address_num,l.baidu_latitude as latitude ,l.baidu_longitude as longitude,l.heading,concat( l.gpsDate, ' ', l.gpsTime ) as time ,(l.alertStatus1+l.alertStatus2+l.alertStatus3+l.alertStatus4+l.alertStatus5+l.alertStatus6+l.alertStatus7+l.alertStatus8) as alertStatus from VehicleInfo v ,provision_obd.Devices d,Devices_MT dm,obd_demo.LocationStatus l,Customers c,Opm_Organ oo   where d.deviceID=dm.deviceID and dm.vin=v.vin  and d.depID=oo.id and d.depID  in (1206) and d.deviceID=l.deviceID  and dm.customerID=c.id limit 0,10
2015-05-19 08:31:53,----------------sql1:------select d.deviceID,v.vin,d.d_esn,v.licenseNumber,l.ign,l.onlineStatus,l.address_num,l.heading,l.baidu_latitude as latitude ,l.baidu_longitude as longitude,concat( l.gpsDate, ' ', l.gpsTime ) as time,(l.alertStatus1+l.alertStatus2+l.alertStatus3+l.alertStatus4+l.alertStatus5+l.alertStatus6+l.alertStatus7+l.alertStatus8) as alertStatus from VehicleInfo v ,provision_obd.Devices d,Devices_MT dm,obd_demo.LocationStatus l  where d.deviceID=dm.deviceID and dm.vin=v.vin and v.vin  in (727) and d.deviceID=l.deviceID  
2015-05-19 08:32:32,----------------departments:-----------defDep:1003
2015-05-19 08:32:32,----------------departments:-----------id:1003
2015-05-19 08:32:32,----------------departments:------select * from Opm_Organ where id=1003 and id>1000
2015-05-19 08:32:32,----------------departments:------select count(*)  from Opm_Organ where parentId=1003 and id>1000
2015-05-19 08:32:35,-----------vehicles4dep-----sql:------select oo.name as depName,c.name as customerName,dm.nickName,d.deviceIndex,d.registerKey,d.deviceID,v.vin,d.d_esn,v.licenseNumber,l.ign,l.onlineStatus,l.address_num,l.baidu_latitude as latitude ,l.baidu_longitude as longitude,l.heading,concat( l.gpsDate, ' ', l.gpsTime ) as time ,(l.alertStatus1+l.alertStatus2+l.alertStatus3+l.alertStatus4+l.alertStatus5+l.alertStatus6+l.alertStatus7+l.alertStatus8) as alertStatus from VehicleInfo v ,provision_obd.Devices d,Devices_MT dm,obd_demo.LocationStatus l,Customers c,Opm_Organ oo   where d.deviceID=dm.deviceID and dm.vin=v.vin  and d.depID=oo.id and d.depID  in (null) and d.deviceID=l.deviceID  and dm.customerID=c.id limit 0,10
2015-05-19 08:32:35,-----------vehicles4dep-----sql:------select oo.name as depName,c.name as customerName,dm.nickName,d.deviceIndex,d.registerKey,d.deviceID,v.vin,d.d_esn,v.licenseNumber,l.ign,l.onlineStatus,l.address_num,l.baidu_latitude as latitude ,l.baidu_longitude as longitude,l.heading,concat( l.gpsDate, ' ', l.gpsTime ) as time ,(l.alertStatus1+l.alertStatus2+l.alertStatus3+l.alertStatus4+l.alertStatus5+l.alertStatus6+l.alertStatus7+l.alertStatus8) as alertStatus from VehicleInfo v ,provision_obd.Devices d,Devices_MT dm,obd_demo.LocationStatus l,Customers c,Opm_Organ oo   where d.deviceID=dm.deviceID and dm.vin=v.vin  and d.depID=oo.id and d.depID  in (null) and d.deviceID=l.deviceID  and dm.customerID=c.id limit 0,10
2015-05-19 08:32:35,-----------vehicles4dep-----sql:------select oo.name as depName,c.name as customerName,dm.nickName,d.deviceIndex,d.registerKey,d.deviceID,v.vin,d.d_esn,v.licenseNumber,l.ign,l.onlineStatus,l.address_num,l.baidu_latitude as latitude ,l.baidu_longitude as longitude,l.heading,concat( l.gpsDate, ' ', l.gpsTime ) as time ,(l.alertStatus1+l.alertStatus2+l.alertStatus3+l.alertStatus4+l.alertStatus5+l.alertStatus6+l.alertStatus7+l.alertStatus8) as alertStatus from VehicleInfo v ,provision_obd.Devices d,Devices_MT dm,obd_demo.LocationStatus l,Customers c,Opm_Organ oo   where d.deviceID=dm.deviceID and dm.vin=v.vin  and d.depID=oo.id and d.depID  in (null) and d.deviceID=l.deviceID  and dm.customerID=c.id limit 0,10
2015-05-19 08:32:35,-----------vehicles4dep-----sql:------select oo.name as depName,c.name as customerName,dm.nickName,d.deviceIndex,d.registerKey,d.deviceID,v.vin,d.d_esn,v.licenseNumber,l.ign,l.onlineStatus,l.address_num,l.baidu_latitude as latitude ,l.baidu_longitude as longitude,l.heading,concat( l.gpsDate, ' ', l.gpsTime ) as time ,(l.alertStatus1+l.alertStatus2+l.alertStatus3+l.alertStatus4+l.alertStatus5+l.alertStatus6+l.alertStatus7+l.alertStatus8) as alertStatus from VehicleInfo v ,provision_obd.Devices d,Devices_MT dm,obd_demo.LocationStatus l,Customers c,Opm_Organ oo   where d.deviceID=dm.deviceID and dm.vin=v.vin  and d.depID=oo.id and d.depID  in (null) and d.deviceID=l.deviceID  and dm.customerID=c.id limit 0,10
2015-05-19 08:32:35,-----------vehicles4dep-----sql:------select oo.name as depName,c.name as customerName,dm.nickName,d.deviceIndex,d.registerKey,d.deviceID,v.vin,d.d_esn,v.licenseNumber,l.ign,l.onlineStatus,l.address_num,l.baidu_latitude as latitude ,l.baidu_longitude as longitude,l.heading,concat( l.gpsDate, ' ', l.gpsTime ) as time ,(l.alertStatus1+l.alertStatus2+l.alertStatus3+l.alertStatus4+l.alertStatus5+l.alertStatus6+l.alertStatus7+l.alertStatus8) as alertStatus from VehicleInfo v ,provision_obd.Devices d,Devices_MT dm,obd_demo.LocationStatus l,Customers c,Opm_Organ oo   where d.deviceID=dm.deviceID and dm.vin=v.vin  and d.depID=oo.id and d.depID  in (null) and d.deviceID=l.deviceID  and dm.customerID=c.id limit 0,10
2015-05-19 08:32:35,-----------vehicles4dep-----sql:------select oo.name as depName,c.name as customerName,dm.nickName,d.deviceIndex,d.registerKey,d.deviceID,v.vin,d.d_esn,v.licenseNumber,l.ign,l.onlineStatus,l.address_num,l.baidu_latitude as latitude ,l.baidu_longitude as longitude,l.heading,concat( l.gpsDate, ' ', l.gpsTime ) as time ,(l.alertStatus1+l.alertStatus2+l.alertStatus3+l.alertStatus4+l.alertStatus5+l.alertStatus6+l.alertStatus7+l.alertStatus8) as alertStatus from VehicleInfo v ,provision_obd.Devices d,Devices_MT dm,obd_demo.LocationStatus l,Customers c,Opm_Organ oo   where d.deviceID=dm.deviceID and dm.vin=v.vin  and d.depID=oo.id and d.depID  in (null) and d.deviceID=l.deviceID  and dm.customerID=c.id limit 0,10
2015-05-19 08:32:38,----------------departments:-----------defDep:1003
2015-05-19 08:32:38,----------------departments:-----------id:1003
2015-05-19 08:32:38,----------------departments:------select * from Opm_Organ where id=1003 and id>1000
2015-05-19 08:32:38,----------------departments:------select count(*)  from Opm_Organ where parentId=1003 and id>1000
2015-05-19 08:32:40,-----------vehicles4dep-----sql:------select oo.name as depName,c.name as customerName,dm.nickName,d.deviceIndex,d.registerKey,d.deviceID,v.vin,d.d_esn,v.licenseNumber,l.ign,l.onlineStatus,l.address_num,l.baidu_latitude as latitude ,l.baidu_longitude as longitude,l.heading,concat( l.gpsDate, ' ', l.gpsTime ) as time ,(l.alertStatus1+l.alertStatus2+l.alertStatus3+l.alertStatus4+l.alertStatus5+l.alertStatus6+l.alertStatus7+l.alertStatus8) as alertStatus from VehicleInfo v ,provision_obd.Devices d,Devices_MT dm,obd_demo.LocationStatus l,Customers c,Opm_Organ oo   where d.deviceID=dm.deviceID and dm.vin=v.vin  and d.depID=oo.id and d.depID  in (null) and d.deviceID=l.deviceID  and dm.customerID=c.id limit 0,10
2015-05-19 08:32:41,----------------departments:-----------defDep:1003
2015-05-19 08:32:41,----------------departments:-----------id:1003
2015-05-19 08:32:41,----------------departments:------select * from Opm_Organ where  parentId=1003 and id>1000
2015-05-19 08:32:41,----------------departments:------select count(*)  from Opm_Organ where parentId=1192 and id>1000
2015-05-19 08:32:41,----------------departments:------select count(*)  from Opm_Organ where parentId=1206 and id>1000
2015-05-19 08:32:43,-----------vehicles4dep-----sql:------select oo.name as depName,c.name as customerName,dm.nickName,d.deviceIndex,d.registerKey,d.deviceID,v.vin,d.d_esn,v.licenseNumber,l.ign,l.onlineStatus,l.address_num,l.baidu_latitude as latitude ,l.baidu_longitude as longitude,l.heading,concat( l.gpsDate, ' ', l.gpsTime ) as time ,(l.alertStatus1+l.alertStatus2+l.alertStatus3+l.alertStatus4+l.alertStatus5+l.alertStatus6+l.alertStatus7+l.alertStatus8) as alertStatus from VehicleInfo v ,provision_obd.Devices d,Devices_MT dm,obd_demo.LocationStatus l,Customers c,Opm_Organ oo   where d.deviceID=dm.deviceID and dm.vin=v.vin  and d.depID=oo.id and d.depID  in (1206) and d.deviceID=l.deviceID  and dm.customerID=c.id limit 0,10
2015-05-19 08:32:57,----------------sql:------select vm.ModelName,c.name as customer,d.deviceID,d.d_esn,vi.licenseNumber,  sum(case when  code =3024 then 1 else 0 end) as hard_accel,sum(case when  code =3025 then 1 else 0 end) as hard_corner
	,sum(case when  code =3026 then 1 else 0 end) as hard_break from provision_obd.Devices d   join  Devices_MT dm on d.deviceID=dm.deviceID left join  VehModelNumber vn on dm.ModelNumID=vn.ModelNumID join  VehicleInfo vi on  dm.vin=vi.vin left join  VehModel vm  on  vn.ModelID=vm.ModelID left join  Customers c on dm.customerID=c.id left join  obd_demo.LocationHistory l  on  (l.deviceID=d.deviceID and  (l.code=3024 or l.code=3025  or l.code=3026 )  and  gpsStamp >= '2015-05-18 16:00:00' AND gpsStamp <= '2015-05-19 15:59:59') where  d.deviceID in ( '03007795') group by d.deviceID 
2015-05-19 08:32:57,----------------sql:------select deviceID,serverDate,sum(case when  code =3024 then 1 else 0 end) as hard_accel,sum(case when  code =3025 then 1 else 0 end) as hard_corner
	        ,sum(case when  code =3026 then 1 else 0 end) as hard_break  from LocationHistory  where deviceID='03007795'  and (code=3024 or code=3025 or  code=3026)  and gpsStamp>'2015-05-18 16:00:00' and gpsStamp<='2015-05-19 15:59:59'  and serverDate=gpsDate group by serverDate order by serverDate
2015-05-19 08:32:57,----------------sql:------select deviceID,gpsDate,gpsTime,serverDate,sum(case when  code =3024 then 1 else 0 end) as hard_accel,sum(case when  code =3025 then 1 else 0 end) as hard_corner
	        ,sum(case when  code =3026 then 1 else 0 end) as hard_break from LocationHistory  where deviceID='03007795'  and and (code=3024 or code=3025 or  code=3026)   and gpsStamp>'2015-05-18 16:00:00' and gpsStamp<='2015-05-19 15:59:59'  and serverDate <> gpsDate  order by serverDate
2015-05-19 08:32:57,----------------sql:------select deviceID,serverDate,sum(case when  code =3024 then 1 else 0 end) as hard_accel,sum(case when  code =3025 then 1 else 0 end) as hard_corner
	        ,sum(case when  code =3026 then 1 else 0 end) as hard_break  from LocationHistory  where deviceID='03007795'  and (code=3024 or code=3025 or  code=3026)  and gpsStamp>'2015-05-18 16:00:00' and gpsStamp<='2015-05-19 15:59:59'  and serverDate=gpsDate group by serverDate order by serverDate
2015-05-19 08:32:57,----------------sql:------select deviceID,gpsDate,gpsTime,serverDate,sum(case when  code =3024 then 1 else 0 end) as hard_accel,sum(case when  code =3025 then 1 else 0 end) as hard_corner
	        ,sum(case when  code =3026 then 1 else 0 end) as hard_break from LocationHistory  where deviceID='03007795'  and and (code=3024 or code=3025 or  code=3026)   and gpsStamp>'2015-05-18 16:00:00' and gpsStamp<='2015-05-19 15:59:59'  and serverDate <> gpsDate  order by serverDate
2015-05-19 08:33:00,----------------sql:------select vm.ModelName,c.name as customer,d.deviceID,d.d_esn,vi.licenseNumber,  sum(case when  code =3024 then 1 else 0 end) as hard_accel,sum(case when  code =3025 then 1 else 0 end) as hard_corner
	,sum(case when  code =3026 then 1 else 0 end) as hard_break from provision_obd.Devices d   join  Devices_MT dm on d.deviceID=dm.deviceID left join  VehModelNumber vn on dm.ModelNumID=vn.ModelNumID join  VehicleInfo vi on  dm.vin=vi.vin left join  VehModel vm  on  vn.ModelID=vm.ModelID left join  Customers c on dm.customerID=c.id left join  obd_demo.LocationHistory l  on  (l.deviceID=d.deviceID and  (l.code=3024 or l.code=3025  or l.code=3026 )  and  gpsStamp >= '2015-05-18 16:00:00' AND gpsStamp <= '2015-05-19 15:59:59') where  d.deviceID in ( '03007795') group by d.deviceID 
2015-05-19 08:33:00,----------------sql:------select deviceID,serverDate,sum(case when  code =3024 then 1 else 0 end) as hard_accel,sum(case when  code =3025 then 1 else 0 end) as hard_corner
	        ,sum(case when  code =3026 then 1 else 0 end) as hard_break  from LocationHistory  where deviceID='03007795'  and (code=3024 or code=3025 or  code=3026)  and gpsStamp>'2015-05-18 16:00:00' and gpsStamp<='2015-05-19 15:59:59'  and serverDate=gpsDate group by serverDate order by serverDate
2015-05-19 08:33:00,----------------sql:------select deviceID,serverDate,sum(case when  code =3024 then 1 else 0 end) as hard_accel,sum(case when  code =3025 then 1 else 0 end) as hard_corner
	        ,sum(case when  code =3026 then 1 else 0 end) as hard_break  from LocationHistory  where deviceID='03007795'  and (code=3024 or code=3025 or  code=3026)  and gpsStamp>'2015-05-18 16:00:00' and gpsStamp<='2015-05-19 15:59:59'  and serverDate=gpsDate group by serverDate order by serverDate
2015-05-19 08:33:00,----------------sql:------select deviceID,gpsDate,gpsTime,serverDate,sum(case when  code =3024 then 1 else 0 end) as hard_accel,sum(case when  code =3025 then 1 else 0 end) as hard_corner
	        ,sum(case when  code =3026 then 1 else 0 end) as hard_break from LocationHistory  where deviceID='03007795'  and and (code=3024 or code=3025 or  code=3026)   and gpsStamp>'2015-05-18 16:00:00' and gpsStamp<='2015-05-19 15:59:59'  and serverDate <> gpsDate  order by serverDate
2015-05-19 08:33:00,----------------sql:------select deviceID,gpsDate,gpsTime,serverDate,sum(case when  code =3024 then 1 else 0 end) as hard_accel,sum(case when  code =3025 then 1 else 0 end) as hard_corner
	        ,sum(case when  code =3026 then 1 else 0 end) as hard_break from LocationHistory  where deviceID='03007795'  and and (code=3024 or code=3025 or  code=3026)   and gpsStamp>'2015-05-18 16:00:00' and gpsStamp<='2015-05-19 15:59:59'  and serverDate <> gpsDate  order by serverDate
2015-05-19 08:33:06,----------------sql:------select vm.ModelName,c.name as customer,d.deviceID,d.d_esn,vi.licenseNumber,  sum(case when  code =3024 then 1 else 0 end) as hard_accel,sum(case when  code =3025 then 1 else 0 end) as hard_corner
	,sum(case when  code =3026 then 1 else 0 end) as hard_break from provision_obd.Devices d   join  Devices_MT dm on d.deviceID=dm.deviceID left join  VehModelNumber vn on dm.ModelNumID=vn.ModelNumID join  VehicleInfo vi on  dm.vin=vi.vin left join  VehModel vm  on  vn.ModelID=vm.ModelID left join  Customers c on dm.customerID=c.id left join  obd_demo.LocationHistory l  on  (l.deviceID=d.deviceID and  (l.code=3024 or l.code=3025  or l.code=3026 )  and  gpsStamp >= '2015-05-18 16:00:00' AND gpsStamp <= '2015-05-19 15:59:59') where  d.deviceID in ( '03007795') group by d.deviceID 
2015-05-19 08:33:06,----------------sql:------select deviceID,serverDate,sum(case when  code =3024 then 1 else 0 end) as hard_accel,sum(case when  code =3025 then 1 else 0 end) as hard_corner
	        ,sum(case when  code =3026 then 1 else 0 end) as hard_break  from LocationHistory  where deviceID='03007795'  and (code=3024 or code=3025 or  code=3026)  and gpsStamp>'2015-05-18 16:00:00' and gpsStamp<='2015-05-19 15:59:59'  and serverDate=gpsDate group by serverDate order by serverDate
2015-05-19 08:33:06,----------------sql:------select deviceID,serverDate,sum(case when  code =3024 then 1 else 0 end) as hard_accel,sum(case when  code =3025 then 1 else 0 end) as hard_corner
	        ,sum(case when  code =3026 then 1 else 0 end) as hard_break  from LocationHistory  where deviceID='03007795'  and (code=3024 or code=3025 or  code=3026)  and gpsStamp>'2015-05-18 16:00:00' and gpsStamp<='2015-05-19 15:59:59'  and serverDate=gpsDate group by serverDate order by serverDate
2015-05-19 08:33:06,----------------sql:------select deviceID,gpsDate,gpsTime,serverDate,sum(case when  code =3024 then 1 else 0 end) as hard_accel,sum(case when  code =3025 then 1 else 0 end) as hard_corner
	        ,sum(case when  code =3026 then 1 else 0 end) as hard_break from LocationHistory  where deviceID='03007795'  and and (code=3024 or code=3025 or  code=3026)   and gpsStamp>'2015-05-18 16:00:00' and gpsStamp<='2015-05-19 15:59:59'  and serverDate <> gpsDate  order by serverDate
2015-05-19 08:33:06,----------------sql:------select deviceID,gpsDate,gpsTime,serverDate,sum(case when  code =3024 then 1 else 0 end) as hard_accel,sum(case when  code =3025 then 1 else 0 end) as hard_corner
	        ,sum(case when  code =3026 then 1 else 0 end) as hard_break from LocationHistory  where deviceID='03007795'  and and (code=3024 or code=3025 or  code=3026)   and gpsStamp>'2015-05-18 16:00:00' and gpsStamp<='2015-05-19 15:59:59'  and serverDate <> gpsDate  order by serverDate
2015-05-19 22:30:33,----------------departments:-----------defDep:1003
2015-05-19 22:30:33,----------------departments:-----------id:1003
2015-05-19 22:30:33,----------------departments:------select * from Opm_Organ where id=1003 and id>1000
2015-05-19 22:30:33,----------------departments:------select count(*)  from Opm_Organ where parentId=1003 and id>1000
2015-05-19 22:30:34,----------------departments:-----------defDep:1003
2015-05-19 22:30:34,----------------departments:-----------id:1003
2015-05-19 22:30:34,----------------departments:------select * from Opm_Organ where id=1003 and id>1000
2015-05-19 22:30:34,----------------departments:------select count(*)  from Opm_Organ where parentId=1003 and id>1000
2015-05-19 22:30:37,----------------departments:-----------defDep:1003
2015-05-19 22:30:37,----------------departments:-----------id:1003
2015-05-19 22:30:37,----------------departments:------select * from Opm_Organ where id=1003 and id>1000
2015-05-19 22:30:37,----------------departments:------select count(*)  from Opm_Organ where parentId=1003 and id>1000
2015-05-19 22:30:38,----------------departments:-----------defDep:1003
2015-05-19 22:30:38,----------------departments:-----------id:1003
2015-05-19 22:30:38,----------------departments:------select * from Opm_Organ where id=1003 and id>1000
2015-05-19 22:30:38,----------------departments:------select count(*)  from Opm_Organ where parentId=1003 and id>1000
2015-05-19 22:30:41,----------------departments:-----------defDep:1003
2015-05-19 22:30:41,----------------departments:-----------id:1003
2015-05-19 22:30:41,----------------departments:------select * from Opm_Organ where  parentId=1003 and id>1000
2015-05-19 22:30:41,----------------departments:------select count(*)  from Opm_Organ where parentId=1192 and id>1000
2015-05-19 22:30:41,----------------departments:------select count(*)  from Opm_Organ where parentId=1206 and id>1000
2015-05-19 22:30:42,-----------vehicles4dep-----sql:------select oo.name as depName,c.name as customerName,dm.nickName,d.deviceIndex,d.registerKey,d.deviceID,v.vin,d.d_esn,v.licenseNumber,l.ign,l.onlineStatus,l.address_num,l.baidu_latitude as latitude ,l.baidu_longitude as longitude,l.heading,concat( l.gpsDate, ' ', l.gpsTime ) as time ,(l.alertStatus1+l.alertStatus2+l.alertStatus3+l.alertStatus4+l.alertStatus5+l.alertStatus6+l.alertStatus7+l.alertStatus8) as alertStatus from VehicleInfo v ,provision_obd.Devices d,Devices_MT dm,obd_demo.LocationStatus l,Customers c,Opm_Organ oo   where d.deviceID=dm.deviceID and dm.vin=v.vin  and d.depID=oo.id and d.depID  in (1206) and d.deviceID=l.deviceID  and dm.customerID=c.id limit 0,10
2015-05-19 22:31:41,----------------sql1:------select d.deviceID,v.vin,d.d_esn,v.licenseNumber,l.ign,l.onlineStatus,l.address_num,l.heading,l.baidu_latitude as latitude ,l.baidu_longitude as longitude,concat( l.gpsDate, ' ', l.gpsTime ) as time,(l.alertStatus1+l.alertStatus2+l.alertStatus3+l.alertStatus4+l.alertStatus5+l.alertStatus6+l.alertStatus7+l.alertStatus8) as alertStatus from VehicleInfo v ,provision_obd.Devices d,Devices_MT dm,obd_demo.LocationStatus l  where d.deviceID=dm.deviceID and dm.vin=v.vin and v.vin  in (731) and d.deviceID=l.deviceID  
2015-05-19 22:32:41,----------------sql1:------select d.deviceID,v.vin,d.d_esn,v.licenseNumber,l.ign,l.onlineStatus,l.address_num,l.heading,l.baidu_latitude as latitude ,l.baidu_longitude as longitude,concat( l.gpsDate, ' ', l.gpsTime ) as time,(l.alertStatus1+l.alertStatus2+l.alertStatus3+l.alertStatus4+l.alertStatus5+l.alertStatus6+l.alertStatus7+l.alertStatus8) as alertStatus from VehicleInfo v ,provision_obd.Devices d,Devices_MT dm,obd_demo.LocationStatus l  where d.deviceID=dm.deviceID and dm.vin=v.vin and v.vin  in (731) and d.deviceID=l.deviceID  
2015-05-19 22:33:41,----------------sql1:------select d.deviceID,v.vin,d.d_esn,v.licenseNumber,l.ign,l.onlineStatus,l.address_num,l.heading,l.baidu_latitude as latitude ,l.baidu_longitude as longitude,concat( l.gpsDate, ' ', l.gpsTime ) as time,(l.alertStatus1+l.alertStatus2+l.alertStatus3+l.alertStatus4+l.alertStatus5+l.alertStatus6+l.alertStatus7+l.alertStatus8) as alertStatus from VehicleInfo v ,provision_obd.Devices d,Devices_MT dm,obd_demo.LocationStatus l  where d.deviceID=dm.deviceID and dm.vin=v.vin and v.vin  in (731) and d.deviceID=l.deviceID  
