2015-07-20 14:17:19,----------------departments:-----------defDep:1003
2015-07-20 14:17:19,----------------departments:-----------id:1003
2015-07-20 14:17:19,----------------departments:------select * from Opm_Organ where id=1003 and id>1000
2015-07-20 14:17:19,----------------departments:-----------defDep:1003
2015-07-20 14:17:19,----------------departments:-----------id:1003
2015-07-20 14:17:19,----------------departments:------select count(*)  from Opm_Organ where parentId=1003 and id>1000
2015-07-20 14:17:19,----------------departments:------select * from Opm_Organ where id=1003 and id>1000
2015-07-20 14:17:19,----------------departments:------select count(*)  from Opm_Organ where parentId=1003 and id>1000
2015-07-20 14:17:19,----------------departments:-----------defDep:1003
2015-07-20 14:17:19,----------------departments:-----------id:1003
2015-07-20 14:17:19,----------------departments:------select * from Opm_Organ where id=1003 and id>1000
2015-07-20 14:17:19,----------------departments:------select count(*)  from Opm_Organ where parentId=1003 and id>1000
2015-07-20 14:17:19,----------------departments:-----------defDep:1003
2015-07-20 14:17:19,----------------departments:-----------id:1003
2015-07-20 14:17:19,----------------departments:------select * from Opm_Organ where id=1003 and id>1000
2015-07-20 14:17:19,----------------departments:------select count(*)  from Opm_Organ where parentId=1003 and id>1000
2015-07-20 14:17:24,----------------departments:-----------defDep:1003
2015-07-20 14:17:24,----------------departments:-----------id:1003
2015-07-20 14:17:24,----------------departments:------select * from Opm_Organ where  parentId=1003 and id>1000
2015-07-20 14:17:24,----------------departments:------select count(*)  from Opm_Organ where parentId=1192 and id>1000
2015-07-20 14:17:24,----------------departments:------select count(*)  from Opm_Organ where parentId=1206 and id>1000
2015-07-20 14:17:24,----------------departments:------select count(*)  from Opm_Organ where parentId=1207 and id>1000
2015-07-20 14:17:25,----------------departments:-----------defDep:1003
2015-07-20 14:17:25,----------------departments:-----------id:1207
2015-07-20 14:17:25,----------------departments:------select * from Opm_Organ where  parentId=1207 and id>1000
2015-07-20 14:17:25,----------------departments:------select count(*)  from Opm_Organ where parentId=1208 and id>1000
2015-07-20 14:17:25,----------------departments:------select count(*)  from Opm_Organ where parentId=1209 and id>1000
2015-07-20 14:17:27,-----------vehicles4dep-----sql:------select oo.name as depName,c.name as customerName,dm.nickName,d.deviceIndex,d.registerKey,d.deviceID,v.vin,d.d_esn,v.licenseNumber,l.ign,l.onlineStatus,l.address_num,l.baidu_latitude as latitude ,l.baidu_longitude as longitude,l.heading,concat( l.gpsDate, ' ', l.gpsTime ) as time ,(l.alertStatus1+l.alertStatus2+l.alertStatus3+l.alertStatus4+l.alertStatus5+l.alertStatus6+l.alertStatus7+l.alertStatus8) as alertStatus from VehicleInfo v ,provision_obd.Devices d,Devices_MT dm,obd_demo.LocationStatus l,Customers c,Opm_Organ oo   where d.deviceID=dm.deviceID and dm.vin=v.vin  and d.depID=oo.id and d.depID  in (1208) and d.deviceID=l.deviceID  and dm.customerID=c.id limit 0,10
2015-07-20 14:18:18,-----------vehicles4dep-----sql:------select oo.name as depName,c.name as customerName,dm.nickName,d.deviceIndex,d.registerKey,d.deviceID,v.vin,d.d_esn,v.licenseNumber,l.ign,l.onlineStatus,l.address_num,l.baidu_latitude as latitude ,l.baidu_longitude as longitude,l.heading,concat( l.gpsDate, ' ', l.gpsTime ) as time ,(l.alertStatus1+l.alertStatus2+l.alertStatus3+l.alertStatus4+l.alertStatus5+l.alertStatus6+l.alertStatus7+l.alertStatus8) as alertStatus from VehicleInfo v ,provision_obd.Devices d,Devices_MT dm,obd_demo.LocationStatus l,Customers c,Opm_Organ oo   where d.deviceID=dm.deviceID and dm.vin=v.vin  and d.depID=oo.id and d.depID  in (1206,1208) and d.deviceID=l.deviceID  and dm.customerID=c.id limit 0,10
2015-07-20 14:18:20,----------------sql1:------select d.deviceID,v.vin,d.d_esn,v.licenseNumber,l.ign,l.onlineStatus,l.address_num,l.heading,l.baidu_latitude as latitude ,l.baidu_longitude as longitude,concat( l.gpsDate, ' ', l.gpsTime ) as time,(l.alertStatus1+l.alertStatus2+l.alertStatus3+l.alertStatus4+l.alertStatus5+l.alertStatus6+l.alertStatus7+l.alertStatus8) as alertStatus from VehicleInfo v ,provision_obd.Devices d,Devices_MT dm,obd_demo.LocationStatus l  where d.deviceID=dm.deviceID and dm.vin=v.vin and v.vin  in (707,725,726,727,728,729,731,732,733,821) and d.deviceID=l.deviceID  
2015-07-20 14:18:23,-----------vehicles4dep-----sql:------select oo.name as depName,c.name as customerName,dm.nickName,d.deviceIndex,d.registerKey,d.deviceID,v.vin,d.d_esn,v.licenseNumber,l.ign,l.onlineStatus,l.address_num,l.baidu_latitude as latitude ,l.baidu_longitude as longitude,l.heading,concat( l.gpsDate, ' ', l.gpsTime ) as time ,(l.alertStatus1+l.alertStatus2+l.alertStatus3+l.alertStatus4+l.alertStatus5+l.alertStatus6+l.alertStatus7+l.alertStatus8) as alertStatus from VehicleInfo v ,provision_obd.Devices d,Devices_MT dm,obd_demo.LocationStatus l,Customers c,Opm_Organ oo   where d.deviceID=dm.deviceID and dm.vin=v.vin  and d.depID=oo.id and d.depID  in (1206,1208,1209) and d.deviceID=l.deviceID  and dm.customerID=c.id limit 0,10
2015-07-20 14:18:31,-----------vehicles4dep-----sql:------select oo.name as depName,c.name as customerName,dm.nickName,d.deviceIndex,d.registerKey,d.deviceID,v.vin,d.d_esn,v.licenseNumber,l.ign,l.onlineStatus,l.address_num,l.baidu_latitude as latitude ,l.baidu_longitude as longitude,l.heading,concat( l.gpsDate, ' ', l.gpsTime ) as time ,(l.alertStatus1+l.alertStatus2+l.alertStatus3+l.alertStatus4+l.alertStatus5+l.alertStatus6+l.alertStatus7+l.alertStatus8) as alertStatus from VehicleInfo v ,provision_obd.Devices d,Devices_MT dm,obd_demo.LocationStatus l,Customers c,Opm_Organ oo   where d.deviceID=dm.deviceID and dm.vin=v.vin  and d.depID=oo.id and d.depID  in (1206,1208,1209) and d.deviceID=l.deviceID  and dm.customerID=c.id limit 0,50
2015-07-20 14:19:00,-----------vehicles4dep-----sql:------select oo.name as depName,c.name as customerName,dm.nickName,d.deviceIndex,d.registerKey,d.deviceID,v.vin,d.d_esn,v.licenseNumber,l.ign,l.onlineStatus,l.address_num,l.baidu_latitude as latitude ,l.baidu_longitude as longitude,l.heading,concat( l.gpsDate, ' ', l.gpsTime ) as time ,(l.alertStatus1+l.alertStatus2+l.alertStatus3+l.alertStatus4+l.alertStatus5+l.alertStatus6+l.alertStatus7+l.alertStatus8) as alertStatus from VehicleInfo v ,provision_obd.Devices d,Devices_MT dm,obd_demo.LocationStatus l,Customers c,Opm_Organ oo   where d.deviceID=dm.deviceID and dm.vin=v.vin  and d.depID=oo.id and d.depID  in (1206,1209) and d.deviceID=l.deviceID  and dm.customerID=c.id limit 0,50
2015-07-20 14:19:01,-----------vehicles4dep-----sql:------select oo.name as depName,c.name as customerName,dm.nickName,d.deviceIndex,d.registerKey,d.deviceID,v.vin,d.d_esn,v.licenseNumber,l.ign,l.onlineStatus,l.address_num,l.baidu_latitude as latitude ,l.baidu_longitude as longitude,l.heading,concat( l.gpsDate, ' ', l.gpsTime ) as time ,(l.alertStatus1+l.alertStatus2+l.alertStatus3+l.alertStatus4+l.alertStatus5+l.alertStatus6+l.alertStatus7+l.alertStatus8) as alertStatus from VehicleInfo v ,provision_obd.Devices d,Devices_MT dm,obd_demo.LocationStatus l,Customers c,Opm_Organ oo   where d.deviceID=dm.deviceID and dm.vin=v.vin  and d.depID=oo.id and d.depID  in (1206,1208,1209) and d.deviceID=l.deviceID  and dm.customerID=c.id limit 0,50
2015-07-20 14:19:20,----------------sql1:------select d.deviceID,v.vin,d.d_esn,v.licenseNumber,l.ign,l.onlineStatus,l.address_num,l.heading,l.baidu_latitude as latitude ,l.baidu_longitude as longitude,concat( l.gpsDate, ' ', l.gpsTime ) as time,(l.alertStatus1+l.alertStatus2+l.alertStatus3+l.alertStatus4+l.alertStatus5+l.alertStatus6+l.alertStatus7+l.alertStatus8) as alertStatus from VehicleInfo v ,provision_obd.Devices d,Devices_MT dm,obd_demo.LocationStatus l  where d.deviceID=dm.deviceID and dm.vin=v.vin and v.vin  in (726,727,728,729,731,732,733,821,757,758,759,752,761,762,763,764,765,766,767,768,769,755,773,775,746,745,778,779,780,781,782,783,784,785,786,788,789,790,791,793,794,795,796,797,798,799,800,801,707,725) and d.deviceID=l.deviceID  
2015-07-20 14:20:00,----------------departments:-----------defDep:1003
2015-07-20 14:20:00,----------------departments:-----------id:1003
2015-07-20 14:20:00,----------------departments:------select * from Opm_Organ where id=1003 and id>1000
2015-07-20 14:20:00,----------------departments:------select count(*)  from Opm_Organ where parentId=1003 and id>1000
2015-07-20 14:20:00,----------------departments:-----------defDep:1003
2015-07-20 14:20:00,----------------departments:-----------id:1003
2015-07-20 14:20:00,----------------departments:------select * from Opm_Organ where id=1003 and id>1000
2015-07-20 14:20:00,----------------departments:------select count(*)  from Opm_Organ where parentId=1003 and id>1000
2015-07-20 14:20:00,----------------deviceIDS:------ '6C500CB8','02796265','27813909','03007795','21984686','03007753','21984041','05230003'
2015-07-20 14:20:00,----------------sql:------select  l.*,iv.licenseNumber  from  LocationStatus l,IOV_demo.Devices_MT dm,IOV_demo.VehicleInfo iv  where l.deviceID=dm.deviceID and dm.vin=iv.vin and l.deviceID in ( '6C500CB8','02796265','27813909','03007795','21984686','03007753','21984041','05230003')
2015-07-20 14:20:00,-----------vehicles4dep-----sql:------select oo.name as depName,c.name as customerName,dm.nickName,d.deviceIndex,d.registerKey,d.deviceID,v.vin,d.d_esn,v.licenseNumber,l.ign,l.onlineStatus,l.address_num,l.baidu_latitude as latitude ,l.baidu_longitude as longitude,l.heading,concat( l.gpsDate, ' ', l.gpsTime ) as time ,(l.alertStatus1+l.alertStatus2+l.alertStatus3+l.alertStatus4+l.alertStatus5+l.alertStatus6+l.alertStatus7+l.alertStatus8) as alertStatus from VehicleInfo v ,provision_obd.Devices d,Devices_MT dm,obd_demo.LocationStatus l,Customers c,Opm_Organ oo   where d.deviceID=dm.deviceID and dm.vin=v.vin  and d.depID=oo.id and d.depID  in (null) and d.deviceID=l.deviceID  and dm.customerID=c.id limit 0,10
2015-07-20 14:20:00,-----------vehicles4dep-----sql:------select oo.name as depName,c.name as customerName,dm.nickName,d.deviceIndex,d.registerKey,d.deviceID,v.vin,d.d_esn,v.licenseNumber,l.ign,l.onlineStatus,l.address_num,l.baidu_latitude as latitude ,l.baidu_longitude as longitude,l.heading,concat( l.gpsDate, ' ', l.gpsTime ) as time ,(l.alertStatus1+l.alertStatus2+l.alertStatus3+l.alertStatus4+l.alertStatus5+l.alertStatus6+l.alertStatus7+l.alertStatus8) as alertStatus from VehicleInfo v ,provision_obd.Devices d,Devices_MT dm,obd_demo.LocationStatus l,Customers c,Opm_Organ oo   where d.deviceID=dm.deviceID and dm.vin=v.vin  and d.depID=oo.id and d.depID  in (null) and d.deviceID=l.deviceID  and dm.customerID=c.id limit 0,10
2015-07-20 14:20:00,-----------vehicles4dep-----sql:------select oo.name as depName,c.name as customerName,dm.nickName,d.deviceIndex,d.registerKey,d.deviceID,v.vin,d.d_esn,v.licenseNumber,l.ign,l.onlineStatus,l.address_num,l.baidu_latitude as latitude ,l.baidu_longitude as longitude,l.heading,concat( l.gpsDate, ' ', l.gpsTime ) as time ,(l.alertStatus1+l.alertStatus2+l.alertStatus3+l.alertStatus4+l.alertStatus5+l.alertStatus6+l.alertStatus7+l.alertStatus8) as alertStatus from VehicleInfo v ,provision_obd.Devices d,Devices_MT dm,obd_demo.LocationStatus l,Customers c,Opm_Organ oo   where d.deviceID=dm.deviceID and dm.vin=v.vin  and d.depID=oo.id and d.depID  in (null) and d.deviceID=l.deviceID  and dm.customerID=c.id limit 0,10
2015-07-20 14:20:09,----------------deviceIDS:------ '6C500CB8','02796265','27813909','03007795','21984686','03007753','21984041','05230003'
2015-07-20 14:20:09,----------------sql:------select  l.*,iv.licenseNumber  from  LocationStatus l,IOV_demo.Devices_MT dm,IOV_demo.VehicleInfo iv  where l.deviceID=dm.deviceID and dm.vin=iv.vin and l.deviceID in ( '6C500CB8','02796265','27813909','03007795','21984686','03007753','21984041','05230003')
2015-07-20 14:20:20,----------------deviceIDS:------ '6C500CB8','02796265','27813909','03007795','21984686','03007753','21984041','05230003'
2015-07-20 14:20:20,----------------sql:------select  l.*,iv.licenseNumber  from  LocationStatus l,IOV_demo.Devices_MT dm,IOV_demo.VehicleInfo iv  where l.deviceID=dm.deviceID and dm.vin=iv.vin and l.deviceID in ( '6C500CB8','02796265','27813909','03007795','21984686','03007753','21984041','05230003')
2015-07-20 14:20:33,----------------sql1:------select d.deviceID,v.vin,d.d_esn,v.licenseNumber,l.ign,l.onlineStatus,l.address_num,l.heading,l.baidu_latitude as latitude ,l.baidu_longitude as longitude,concat( l.gpsDate, ' ', l.gpsTime ) as time,(l.alertStatus1+l.alertStatus2+l.alertStatus3+l.alertStatus4+l.alertStatus5+l.alertStatus6+l.alertStatus7+l.alertStatus8) as alertStatus from VehicleInfo v ,provision_obd.Devices d,Devices_MT dm,obd_demo.LocationStatus l  where d.deviceID=dm.deviceID and dm.vin=v.vin and v.vin  in (707,726,727,728,729,731,732,733,821,757,758,759,752,761,762,763,764,765,766,767,768,769,755,773,775,746,745,778,779,780,781,782,783,784,785,786,788,789,790,791,793,794,795,796,797,798,799,800,801,725) and d.deviceID=l.deviceID  
2015-07-20 14:21:21,-----------vehicles4dep-----sql:------select oo.name as depName,c.name as customerName,dm.nickName,d.deviceIndex,d.registerKey,d.deviceID,v.vin,d.d_esn,v.licenseNumber,l.ign,l.onlineStatus,l.address_num,l.baidu_latitude as latitude ,l.baidu_longitude as longitude,l.heading,concat( l.gpsDate, ' ', l.gpsTime ) as time ,(l.alertStatus1+l.alertStatus2+l.alertStatus3+l.alertStatus4+l.alertStatus5+l.alertStatus6+l.alertStatus7+l.alertStatus8) as alertStatus from VehicleInfo v ,provision_obd.Devices d,Devices_MT dm,obd_demo.LocationStatus l,Customers c,Opm_Organ oo   where d.deviceID=dm.deviceID and dm.vin=v.vin  and d.depID=oo.id and d.depID  in (1208,1209) and d.deviceID=l.deviceID  and dm.customerID=c.id limit 0,50
2015-07-20 14:21:22,-----------vehicles4dep-----sql:------select oo.name as depName,c.name as customerName,dm.nickName,d.deviceIndex,d.registerKey,d.deviceID,v.vin,d.d_esn,v.licenseNumber,l.ign,l.onlineStatus,l.address_num,l.baidu_latitude as latitude ,l.baidu_longitude as longitude,l.heading,concat( l.gpsDate, ' ', l.gpsTime ) as time ,(l.alertStatus1+l.alertStatus2+l.alertStatus3+l.alertStatus4+l.alertStatus5+l.alertStatus6+l.alertStatus7+l.alertStatus8) as alertStatus from VehicleInfo v ,provision_obd.Devices d,Devices_MT dm,obd_demo.LocationStatus l,Customers c,Opm_Organ oo   where d.deviceID=dm.deviceID and dm.vin=v.vin  and d.depID=oo.id and d.depID  in (1208) and d.deviceID=l.deviceID  and dm.customerID=c.id limit 0,50
2015-07-20 14:21:46,----------------sql1:------select d.deviceID,v.vin,d.d_esn,v.licenseNumber,l.ign,l.onlineStatus,l.address_num,l.heading,l.baidu_latitude as latitude ,l.baidu_longitude as longitude,concat( l.gpsDate, ' ', l.gpsTime ) as time,(l.alertStatus1+l.alertStatus2+l.alertStatus3+l.alertStatus4+l.alertStatus5+l.alertStatus6+l.alertStatus7+l.alertStatus8) as alertStatus from VehicleInfo v ,provision_obd.Devices d,Devices_MT dm,obd_demo.LocationStatus l  where d.deviceID=dm.deviceID and dm.vin=v.vin and v.vin  in (821) and d.deviceID=l.deviceID  
2015-07-20 14:23:05,----------------sql1:------select d.deviceID,v.vin,d.d_esn,v.licenseNumber,l.ign,l.onlineStatus,l.address_num,l.heading,l.baidu_latitude as latitude ,l.baidu_longitude as longitude,concat( l.gpsDate, ' ', l.gpsTime ) as time,(l.alertStatus1+l.alertStatus2+l.alertStatus3+l.alertStatus4+l.alertStatus5+l.alertStatus6+l.alertStatus7+l.alertStatus8) as alertStatus from VehicleInfo v ,provision_obd.Devices d,Devices_MT dm,obd_demo.LocationStatus l  where d.deviceID=dm.deviceID and dm.vin=v.vin and v.vin  in (821) and d.deviceID=l.deviceID  
2015-07-20 14:23:46,----------------departments:-----------defDep:1003
2015-07-20 14:23:46,----------------departments:-----------id:1003
2015-07-20 14:23:46,----------------departments:------select * from Opm_Organ where id=1003 and id>1000
2015-07-20 14:23:46,----------------departments:------select count(*)  from Opm_Organ where parentId=1003 and id>1000
2015-07-20 14:23:46,----------------departments:-----------defDep:1003
2015-07-20 14:23:46,----------------departments:-----------id:1003
2015-07-20 14:23:46,----------------departments:------select * from Opm_Organ where id=1003 and id>1000
2015-07-20 14:23:46,----------------departments:------select count(*)  from Opm_Organ where parentId=1003 and id>1000
2015-07-20 14:23:46,----------------sql:------select ua.userID,ua.email,ua.username,ua.smsNum,ua.fullname,role.name as roleName,role.id as roleId,oo.name as depName from  Users_Admin  ua,Opm_User_Role our,Opm_Role role,Opm_Organ oo  where ua.userID=our.userID and our.roleId=role.id and ua.organId=1003 and ua.isCustomer=0 and our.organId=oo.id
2015-07-20 14:23:50,----------------departments:-----------defDep:1003
2015-07-20 14:23:50,----------------departments:-----------id:1003
2015-07-20 14:23:50,----------------departments:------select * from Opm_Organ where  parentId=1003 and id>1000
2015-07-20 14:23:50,----------------departments:------select count(*)  from Opm_Organ where parentId=1192 and id>1000
2015-07-20 14:23:50,----------------departments:------select count(*)  from Opm_Organ where parentId=1206 and id>1000
2015-07-20 14:23:50,----------------departments:------select count(*)  from Opm_Organ where parentId=1207 and id>1000
2015-07-20 14:23:55,----------------departments:-----------defDep:1003
2015-07-20 14:23:55,----------------departments:-----------id:1207
2015-07-20 14:23:55,----------------departments:------select * from Opm_Organ where  parentId=1207 and id>1000
2015-07-20 14:23:55,----------------departments:------select count(*)  from Opm_Organ where parentId=1208 and id>1000
2015-07-20 14:23:55,----------------departments:------select count(*)  from Opm_Organ where parentId=1209 and id>1000
2015-07-20 14:24:05,----------------sql:------select ua.userID,ua.email,ua.username,ua.smsNum,ua.fullname,role.name as roleName,role.id as roleId,oo.name as depName from  Users_Admin  ua,Opm_User_Role our,Opm_Role role,Opm_Organ oo  where ua.userID=our.userID and our.roleId=role.id and ua.organId=1207 and ua.isCustomer=0 and our.organId=oo.id
2015-07-20 14:24:06,----------------resource:------select id,name from obd_Resource where parent_menu_id=0
2015-07-20 14:24:06,----------------departments:------select count(*)  from obd_Resource where parent_menu_id=2 
2015-07-20 14:24:06,----------------departments:------select count(*)  from obd_Resource where parent_menu_id=3 
2015-07-20 14:24:06,----------------departments:------select count(*)  from obd_Resource where parent_menu_id=5 
2015-07-20 14:24:06,----------------getChildren:------select id,name  from obd_Resource where parent_menu_id=5 
2015-07-20 14:24:06,----------------departments:------select count(*)  from obd_Resource where parent_menu_id=1 
2015-07-20 14:24:06,----------------departments:------select count(*)  from obd_Resource where parent_menu_id=26 
2015-07-20 14:24:06,----------------departments:------select count(*)  from obd_Resource where parent_menu_id=16 
2015-07-20 14:24:06,----------------departments:------select count(*)  from obd_Resource where parent_menu_id=17 
2015-07-20 14:24:06,----------------departments:------select count(*)  from obd_Resource where parent_menu_id=18 
2015-07-20 14:24:06,----------------departments:------select count(*)  from obd_Resource where parent_menu_id=19 
2015-07-20 14:24:06,----------------departments:------select count(*)  from obd_Resource where parent_menu_id=20 
2015-07-20 14:24:06,----------------departments:------select count(*)  from obd_Resource where parent_menu_id=25 
2015-07-20 14:24:06,----------------departments:------select count(*)  from obd_Resource where parent_menu_id=6 
2015-07-20 14:24:06,----------------getChildren:------select id,name  from obd_Resource where parent_menu_id=6 
2015-07-20 14:24:06,----------------departments:------select count(*)  from obd_Resource where parent_menu_id=8 
2015-07-20 14:24:06,----------------departments:------select count(*)  from obd_Resource where parent_menu_id=9 
2015-07-20 14:24:06,----------------departments:------select count(*)  from obd_Resource where parent_menu_id=10 
2015-07-20 14:24:06,----------------departments:------select count(*)  from obd_Resource where parent_menu_id=11 
2015-07-20 14:24:06,----------------departments:------select count(*)  from obd_Resource where parent_menu_id=12 
2015-07-20 14:24:06,----------------departments:------select count(*)  from obd_Resource where parent_menu_id=13 
2015-07-20 14:24:06,----------------departments:------select count(*)  from obd_Resource where parent_menu_id=14 
2015-07-20 14:24:06,----------------departments:------select count(*)  from obd_Resource where parent_menu_id=28 
2015-07-20 14:24:06,----------------departments:------select count(*)  from obd_Resource where parent_menu_id=29 
2015-07-20 14:24:06,----------------departments:------select count(*)  from obd_Resource where parent_menu_id=30 
2015-07-20 14:24:06,----------------departments:------select count(*)  from obd_Resource where parent_menu_id=31 
2015-07-20 14:24:06,----------------departments:------select count(*)  from obd_Resource where parent_menu_id=32 
2015-07-20 14:24:06,----------------departments:------select count(*)  from obd_Resource where parent_menu_id=23 
2015-07-20 14:24:06,----------------getChildren:------select id,name  from obd_Resource where parent_menu_id=23 
2015-07-20 14:24:06,----------------departments:------select count(*)  from obd_Resource where parent_menu_id=21 
2015-07-20 14:24:06,----------------departments:------select count(*)  from obd_Resource where parent_menu_id=24 
2015-07-20 14:24:06,----------------departments:------select count(*)  from obd_Resource where parent_menu_id=27 
2015-07-20 14:24:06,----------------opType:------2
2015-07-20 14:24:06,----------------sql:------select  id as roleId,name as roleName   from  Opm_Role   order by id 
2015-07-20 14:24:12,----------------opType:------6
2015-07-20 14:24:12,----------------sql:------select orr.resourceId,obr.parent_menu_id as pid from Opm_Role_Resource orr,obd_Resource obr where orr.roleId=1 and orr.resourceId =obr.id order by orr.resourceId
2015-07-20 14:24:12,----------------splice:------3
2015-07-20 14:24:12,----------------splice:------3
2015-07-20 14:24:12,----------------splice:------14
2015-07-20 14:24:16,----------------opType:------6
2015-07-20 14:24:16,----------------sql:------select orr.resourceId,obr.parent_menu_id as pid from Opm_Role_Resource orr,obd_Resource obr where orr.roleId=12 and orr.resourceId =obr.id order by orr.resourceId
2015-07-20 14:24:16,----------------splice:------3
2015-07-20 14:24:16,----------------splice:------3
2015-07-20 14:24:16,----------------splice:------16
2015-07-20 14:24:20,----------------opType:------6
2015-07-20 14:24:20,----------------sql:------select orr.resourceId,obr.parent_menu_id as pid from Opm_Role_Resource orr,obd_Resource obr where orr.roleId=5 and orr.resourceId =obr.id order by orr.resourceId
2015-07-20 14:24:20,----------------splice:------3
2015-07-20 14:24:20,----------------splice:------2
2015-07-20 14:24:36,----------------departments:-----------defDep:1003
2015-07-20 14:24:36,----------------departments:-----------id:1003
2015-07-20 14:24:36,----------------departments:------select * from Opm_Organ where id=1003 and id>1000 and type=1
2015-07-20 14:24:36,----------------departments:------select count(*)  from Opm_Organ where parentId=1003 and id>1000 and type=1
2015-07-20 14:24:36,----------------departments:-----------defDep:1003
2015-07-20 14:24:36,----------------departments:-----------id:1003
2015-07-20 14:24:36,----------------departments:------select * from Opm_Organ where id=1003 and id>1000 and type=1
2015-07-20 14:24:36,----------------departments:------select count(*)  from Opm_Organ where parentId=1003 and id>1000 and type=1
2015-07-20 14:24:37,----------------departments:-----------defDep:1003
2015-07-20 14:24:37,----------------departments:-----------id:1003
2015-07-20 14:24:37,----------------departments:------select * from Opm_Organ where  parentId=1003 and id>1000 and type=1
2015-07-20 14:24:37,----------------departments:------select count(*)  from Opm_Organ where parentId=1192 and id>1000 and type=1
2015-07-20 14:24:37,----------------departments:------select count(*)  from Opm_Organ where parentId=1206 and id>1000 and type=1
2015-07-20 14:24:37,----------------departments:------select count(*)  from Opm_Organ where parentId=1207 and id>1000 and type=1
2015-07-20 14:24:39,----------------departments:-----------defDep:1003
2015-07-20 14:24:39,----------------departments:-----------id:1192
2015-07-20 14:24:39,----------------departments:------select * from Opm_Organ where  parentId=1192 and id>1000 and type=1
2015-07-20 14:24:39,----------------departments:------select count(*)  from Opm_Organ where parentId=1198 and id>1000 and type=1
2015-07-20 14:24:39,----------------departments:------select count(*)  from Opm_Organ where parentId=1202 and id>1000 and type=1
2015-07-20 14:24:39,----------------departments:------select count(*)  from Opm_Organ where parentId=1203 and id>1000 and type=1
2015-07-20 14:24:48,----------------departments:-----------defDep:1003
2015-07-20 14:24:48,----------------departments:-----------id:1003
2015-07-20 14:24:48,----------------departments:------select * from Opm_Organ where id=1003 and id>1000 and type=1
2015-07-20 14:24:48,----------------departments:------select count(*)  from Opm_Organ where parentId=1003 and id>1000 and type=1
2015-07-20 14:24:48,----------------departments:-----------defDep:1003
2015-07-20 14:24:48,----------------departments:-----------id:1003
2015-07-20 14:24:48,----------------departments:------select * from Opm_Organ where id=1003 and id>1000 and type=1
2015-07-20 14:24:48,----------------departments:------select count(*)  from Opm_Organ where parentId=1003 and id>1000 and type=1
2015-07-20 14:24:50,----------------departments:-----------defDep:1003
2015-07-20 14:24:50,----------------departments:-----------id:1003
2015-07-20 14:24:50,----------------departments:------select * from Opm_Organ where  parentId=1003 and id>1000 and type=1
2015-07-20 14:24:50,----------------departments:------select count(*)  from Opm_Organ where parentId=1192 and id>1000 and type=1
2015-07-20 14:24:50,----------------departments:------select count(*)  from Opm_Organ where parentId=1206 and id>1000 and type=1
2015-07-20 14:24:50,----------------departments:------select count(*)  from Opm_Organ where parentId=1207 and id>1000 and type=1
2015-07-20 14:24:52,----------------departments:-----------defDep:1003
2015-07-20 14:24:52,----------------departments:-----------id:1192
2015-07-20 14:24:52,----------------departments:------select * from Opm_Organ where  parentId=1192 and id>1000 and type=1
2015-07-20 14:24:52,----------------departments:------select count(*)  from Opm_Organ where parentId=1198 and id>1000 and type=1
2015-07-20 14:24:52,----------------departments:------select count(*)  from Opm_Organ where parentId=1202 and id>1000 and type=1
2015-07-20 14:24:52,----------------departments:------select count(*)  from Opm_Organ where parentId=1203 and id>1000 and type=1
2015-07-20 14:25:56,----------------departments:-----------defDep:1003
2015-07-20 14:25:56,----------------departments:-----------id:1003
2015-07-20 14:25:56,----------------departments:------select * from Opm_Organ where id=1003 and id>1000
2015-07-20 14:25:56,----------------departments:------select count(*)  from Opm_Organ where parentId=1003 and id>1000
2015-07-20 14:25:56,----------------departments:-----------defDep:1003
2015-07-20 14:25:56,----------------departments:-----------id:1003
2015-07-20 14:25:56,----------------departments:------select * from Opm_Organ where id=1003 and id>1000
2015-07-20 14:25:56,----------------departments:------select count(*)  from Opm_Organ where parentId=1003 and id>1000
2015-07-20 14:25:56,----------------sql:------select ua.userID,ua.email,ua.username,ua.smsNum,ua.fullname,role.name as roleName,role.id as roleId,oo.name as depName from  Users_Admin  ua,Opm_User_Role our,Opm_Role role,Opm_Organ oo  where ua.userID=our.userID and our.roleId=role.id and ua.organId=1003 and ua.isCustomer=0 and our.organId=oo.id
2015-07-20 14:26:05,----------------departments:-----------defDep:1003
2015-07-20 14:26:05,----------------departments:-----------id:1003
2015-07-20 14:26:05,----------------departments:------select * from Opm_Organ where id=1003 and id>1000
2015-07-20 14:26:05,----------------departments:------select count(*)  from Opm_Organ where parentId=1003 and id>1000
2015-07-20 14:26:06,----------------departments:-----------defDep:1003
2015-07-20 14:26:06,----------------departments:-----------id:1003
2015-07-20 14:26:06,----------------departments:------select * from Opm_Organ where id=1003 and id>1000
2015-07-20 14:26:06,----------------departments:------select count(*)  from Opm_Organ where parentId=1003 and id>1000
2015-07-20 14:26:06,----------------departments:-----------defDep:1003
2015-07-20 14:26:06,----------------departments:-----------id:1003
2015-07-20 14:26:06,----------------departments:------select * from Opm_Organ where id=1003 and id>1000
2015-07-20 14:26:06,----------------departments:------select count(*)  from Opm_Organ where parentId=1003 and id>1000
2015-07-20 14:26:06,----------------departments:-----------defDep:1003
2015-07-20 14:26:06,----------------departments:-----------id:1003
2015-07-20 14:26:06,----------------departments:------select * from Opm_Organ where id=1003 and id>1000
2015-07-20 14:26:06,----------------departments:------select count(*)  from Opm_Organ where parentId=1003 and id>1000
2015-07-20 14:26:08,----------------departments:-----------defDep:1003
2015-07-20 14:26:08,----------------departments:-----------id:1003
2015-07-20 14:26:08,----------------departments:------select * from Opm_Organ where  parentId=1003 and id>1000
2015-07-20 14:26:08,----------------departments:------select count(*)  from Opm_Organ where parentId=1192 and id>1000
2015-07-20 14:26:08,----------------departments:------select count(*)  from Opm_Organ where parentId=1206 and id>1000
2015-07-20 14:26:08,----------------departments:------select count(*)  from Opm_Organ where parentId=1207 and id>1000
2015-07-20 14:26:10,-----------vehicles4dep-----sql:------select oo.name as depName,c.name as customerName,dm.nickName,d.deviceIndex,d.registerKey,d.deviceID,v.vin,d.d_esn,v.licenseNumber,l.ign,l.onlineStatus,l.address_num,l.baidu_latitude as latitude ,l.baidu_longitude as longitude,l.heading,concat( l.gpsDate, ' ', l.gpsTime ) as time ,(l.alertStatus1+l.alertStatus2+l.alertStatus3+l.alertStatus4+l.alertStatus5+l.alertStatus6+l.alertStatus7+l.alertStatus8) as alertStatus from VehicleInfo v ,provision_obd.Devices d,Devices_MT dm,obd_demo.LocationStatus l,Customers c,Opm_Organ oo   where d.deviceID=dm.deviceID and dm.vin=v.vin  and d.depID=oo.id and d.depID  in (1206) and d.deviceID=l.deviceID  and dm.customerID=c.id limit 0,10
2015-07-20 14:26:23,----------------departments:-----------defDep:1003
2015-07-20 14:26:23,----------------departments:-----------id:1207
2015-07-20 14:26:23,----------------departments:------select * from Opm_Organ where  parentId=1207 and id>1000
2015-07-20 14:26:23,----------------departments:------select count(*)  from Opm_Organ where parentId=1208 and id>1000
2015-07-20 14:26:23,----------------departments:------select count(*)  from Opm_Organ where parentId=1209 and id>1000
2015-07-20 14:28:12,----------------departments:-----------defDep:1003
2015-07-20 14:28:12,----------------departments:-----------id:1003
2015-07-20 14:28:12,----------------departments:------select * from Opm_Organ where id=1003 and id>1000
2015-07-20 14:28:12,----------------departments:------select count(*)  from Opm_Organ where parentId=1003 and id>1000
2015-07-20 14:28:12,----------------departments:-----------defDep:1003
2015-07-20 14:28:12,----------------departments:-----------id:1003
2015-07-20 14:28:12,----------------departments:------select * from Opm_Organ where id=1003 and id>1000
2015-07-20 14:28:12,----------------departments:------select count(*)  from Opm_Organ where parentId=1003 and id>1000
2015-07-20 14:28:12,----------------departments:-----------defDep:1003
2015-07-20 14:28:12,----------------departments:-----------id:1003
2015-07-20 14:28:12,----------------departments:------select * from Opm_Organ where id=1003 and id>1000
2015-07-20 14:28:12,----------------departments:------select count(*)  from Opm_Organ where parentId=1003 and id>1000
2015-07-20 14:28:12,----------------departments:-----------defDep:1003
2015-07-20 14:28:12,----------------departments:-----------id:1003
2015-07-20 14:28:12,----------------departments:------select * from Opm_Organ where id=1003 and id>1000
2015-07-20 14:28:12,----------------departments:------select count(*)  from Opm_Organ where parentId=1003 and id>1000
2015-07-20 14:29:03,----------------departments:-----------defDep:1003
2015-07-20 14:29:03,----------------departments:-----------id:1003
2015-07-20 14:29:03,----------------departments:------select * from Opm_Organ where id=1003 and id>1000
2015-07-20 14:29:03,----------------departments:------select count(*)  from Opm_Organ where parentId=1003 and id>1000
2015-07-20 14:29:06,-----------vehicles4dep-----sql:------select oo.name as depName,c.name as customerName,dm.nickName,d.deviceIndex,d.registerKey,d.deviceID,v.vin,d.d_esn,v.licenseNumber,l.ign,l.onlineStatus,l.address_num,l.baidu_latitude as latitude ,l.baidu_longitude as longitude,l.heading,concat( l.gpsDate, ' ', l.gpsTime ) as time ,(l.alertStatus1+l.alertStatus2+l.alertStatus3+l.alertStatus4+l.alertStatus5+l.alertStatus6+l.alertStatus7+l.alertStatus8) as alertStatus from VehicleInfo v ,provision_obd.Devices d,Devices_MT dm,obd_demo.LocationStatus l,Customers c,Opm_Organ oo   where d.deviceID=dm.deviceID and dm.vin=v.vin  and d.depID=oo.id and d.depID  in (null) and d.deviceID=l.deviceID  and dm.customerID=c.id limit 0,10
2015-07-20 14:29:06,-----------vehicles4dep-----sql:------select oo.name as depName,c.name as customerName,dm.nickName,d.deviceIndex,d.registerKey,d.deviceID,v.vin,d.d_esn,v.licenseNumber,l.ign,l.onlineStatus,l.address_num,l.baidu_latitude as latitude ,l.baidu_longitude as longitude,l.heading,concat( l.gpsDate, ' ', l.gpsTime ) as time ,(l.alertStatus1+l.alertStatus2+l.alertStatus3+l.alertStatus4+l.alertStatus5+l.alertStatus6+l.alertStatus7+l.alertStatus8) as alertStatus from VehicleInfo v ,provision_obd.Devices d,Devices_MT dm,obd_demo.LocationStatus l,Customers c,Opm_Organ oo   where d.deviceID=dm.deviceID and dm.vin=v.vin  and d.depID=oo.id and d.depID  in (null) and d.deviceID=l.deviceID  and dm.customerID=c.id limit 0,10
2015-07-20 14:29:06,-----------vehicles4dep-----sql:------select oo.name as depName,c.name as customerName,dm.nickName,d.deviceIndex,d.registerKey,d.deviceID,v.vin,d.d_esn,v.licenseNumber,l.ign,l.onlineStatus,l.address_num,l.baidu_latitude as latitude ,l.baidu_longitude as longitude,l.heading,concat( l.gpsDate, ' ', l.gpsTime ) as time ,(l.alertStatus1+l.alertStatus2+l.alertStatus3+l.alertStatus4+l.alertStatus5+l.alertStatus6+l.alertStatus7+l.alertStatus8) as alertStatus from VehicleInfo v ,provision_obd.Devices d,Devices_MT dm,obd_demo.LocationStatus l,Customers c,Opm_Organ oo   where d.deviceID=dm.deviceID and dm.vin=v.vin  and d.depID=oo.id and d.depID  in (null) and d.deviceID=l.deviceID  and dm.customerID=c.id limit 0,10
2015-07-20 14:29:06,-----------vehicles4dep-----sql:------select oo.name as depName,c.name as customerName,dm.nickName,d.deviceIndex,d.registerKey,d.deviceID,v.vin,d.d_esn,v.licenseNumber,l.ign,l.onlineStatus,l.address_num,l.baidu_latitude as latitude ,l.baidu_longitude as longitude,l.heading,concat( l.gpsDate, ' ', l.gpsTime ) as time ,(l.alertStatus1+l.alertStatus2+l.alertStatus3+l.alertStatus4+l.alertStatus5+l.alertStatus6+l.alertStatus7+l.alertStatus8) as alertStatus from VehicleInfo v ,provision_obd.Devices d,Devices_MT dm,obd_demo.LocationStatus l,Customers c,Opm_Organ oo   where d.deviceID=dm.deviceID and dm.vin=v.vin  and d.depID=oo.id and d.depID  in (null) and d.deviceID=l.deviceID  and dm.customerID=c.id limit 0,10
2015-07-20 14:29:06,-----------vehicles4dep-----sql:------select oo.name as depName,c.name as customerName,dm.nickName,d.deviceIndex,d.registerKey,d.deviceID,v.vin,d.d_esn,v.licenseNumber,l.ign,l.onlineStatus,l.address_num,l.baidu_latitude as latitude ,l.baidu_longitude as longitude,l.heading,concat( l.gpsDate, ' ', l.gpsTime ) as time ,(l.alertStatus1+l.alertStatus2+l.alertStatus3+l.alertStatus4+l.alertStatus5+l.alertStatus6+l.alertStatus7+l.alertStatus8) as alertStatus from VehicleInfo v ,provision_obd.Devices d,Devices_MT dm,obd_demo.LocationStatus l,Customers c,Opm_Organ oo   where d.deviceID=dm.deviceID and dm.vin=v.vin  and d.depID=oo.id and d.depID  in (null) and d.deviceID=l.deviceID  and dm.customerID=c.id limit 0,10
2015-07-20 14:29:07,-----------vehicles4dep-----sql:------select oo.name as depName,c.name as customerName,dm.nickName,d.deviceIndex,d.registerKey,d.deviceID,v.vin,d.d_esn,v.licenseNumber,l.ign,l.onlineStatus,l.address_num,l.baidu_latitude as latitude ,l.baidu_longitude as longitude,l.heading,concat( l.gpsDate, ' ', l.gpsTime ) as time ,(l.alertStatus1+l.alertStatus2+l.alertStatus3+l.alertStatus4+l.alertStatus5+l.alertStatus6+l.alertStatus7+l.alertStatus8) as alertStatus from VehicleInfo v ,provision_obd.Devices d,Devices_MT dm,obd_demo.LocationStatus l,Customers c,Opm_Organ oo   where d.deviceID=dm.deviceID and dm.vin=v.vin  and d.depID=oo.id and d.depID  in (null) and d.deviceID=l.deviceID  and dm.customerID=c.id limit 0,10
2015-07-20 14:29:07,----------------departments:-----------defDep:1003
2015-07-20 14:29:07,----------------departments:-----------id:1003
2015-07-20 14:29:07,----------------departments:------select * from Opm_Organ where id=1003 and id>1000
2015-07-20 14:29:07,----------------departments:------select count(*)  from Opm_Organ where parentId=1003 and id>1000
2015-07-20 14:29:07,-----------vehicles4dep-----sql:------select oo.name as depName,c.name as customerName,dm.nickName,d.deviceIndex,d.registerKey,d.deviceID,v.vin,d.d_esn,v.licenseNumber,l.ign,l.onlineStatus,l.address_num,l.baidu_latitude as latitude ,l.baidu_longitude as longitude,l.heading,concat( l.gpsDate, ' ', l.gpsTime ) as time ,(l.alertStatus1+l.alertStatus2+l.alertStatus3+l.alertStatus4+l.alertStatus5+l.alertStatus6+l.alertStatus7+l.alertStatus8) as alertStatus from VehicleInfo v ,provision_obd.Devices d,Devices_MT dm,obd_demo.LocationStatus l,Customers c,Opm_Organ oo   where d.deviceID=dm.deviceID and dm.vin=v.vin  and d.depID=oo.id and d.depID  in (null) and d.deviceID=l.deviceID  and dm.customerID=c.id limit 0,10
2015-07-20 14:29:16,----------------departments:-----------defDep:1003
2015-07-20 14:29:16,----------------departments:-----------id:1003
2015-07-20 14:29:16,----------------departments:------select * from Opm_Organ where  parentId=1003 and id>1000
2015-07-20 14:29:16,----------------departments:------select count(*)  from Opm_Organ where parentId=1192 and id>1000
2015-07-20 14:29:16,----------------departments:------select count(*)  from Opm_Organ where parentId=1206 and id>1000
2015-07-20 14:29:16,----------------departments:------select count(*)  from Opm_Organ where parentId=1207 and id>1000
2015-07-20 14:29:21,----------------departments:-----------defDep:1003
2015-07-20 14:29:21,----------------departments:-----------id:1207
2015-07-20 14:29:21,----------------departments:------select * from Opm_Organ where  parentId=1207 and id>1000
2015-07-20 14:29:21,----------------departments:------select count(*)  from Opm_Organ where parentId=1208 and id>1000
2015-07-20 14:29:21,----------------departments:------select count(*)  from Opm_Organ where parentId=1209 and id>1000
2015-07-20 14:29:23,-----------vehicles4dep-----sql:------select oo.name as depName,c.name as customerName,dm.nickName,d.deviceIndex,d.registerKey,d.deviceID,v.vin,d.d_esn,v.licenseNumber,l.ign,l.onlineStatus,l.address_num,l.baidu_latitude as latitude ,l.baidu_longitude as longitude,l.heading,concat( l.gpsDate, ' ', l.gpsTime ) as time ,(l.alertStatus1+l.alertStatus2+l.alertStatus3+l.alertStatus4+l.alertStatus5+l.alertStatus6+l.alertStatus7+l.alertStatus8) as alertStatus from VehicleInfo v ,provision_obd.Devices d,Devices_MT dm,obd_demo.LocationStatus l,Customers c,Opm_Organ oo   where d.deviceID=dm.deviceID and dm.vin=v.vin  and d.depID=oo.id and d.depID  in (1208) and d.deviceID=l.deviceID  and dm.customerID=c.id limit 0,10
2015-07-20 14:29:30,----------------sql:------select vm.ModelName,c.name as customer,d.deviceID,d.d_esn,vi.licenseNumber,sum(fuel_consumption) as sum_fuel_consumption,sum(driving_dist)*1.03/1000 as sum_distance  from provision_obd.Devices d   join  Devices_MT dm on d.deviceID=dm.deviceID left join  VehModelNumber vn on dm.ModelNumID=vn.ModelNumID join  VehicleInfo vi on  dm.vin=vi.vin left join  VehModel vm  on  vn.ModelID=vm.ModelID left join  Customers c on dm.customerID=c.id left join  obd_demo.LocationHistory l  on  (l.deviceID=d.deviceID and  l.code=3016 and  gpsStamp >= '2015-06-30 16:00:00' AND gpsStamp <= '2015-07-20 15:59:59') where  d.deviceID in ( '6C500CB8','02796265','27813909','05230007','12212015052900040','12212015053000035') group by d.deviceID 
2015-07-20 14:29:30,----------------sql:------select deviceID,max(speed) as max_speed  from LocationHistory where  deviceID in ( '6C500CB8','02796265','27813909','05230007','12212015052900040','12212015053000035') and gpsStamp >= '2015-06-30 16:00:00' AND gpsStamp <= '2015-07-20 15:59:59' group by deviceID   
2015-07-20 14:29:30,----------------sql:------select sum(UNIX_TIMESTAMP(gpsStamp)) as time  from  LocationHistory where deviceID='02796265' and gpsStamp>'2015-06-30 16:00:00' and gpsStamp<'2015-07-20 15:59:59' and code=3015
2015-07-20 14:29:30,----------------sql:------select sum(UNIX_TIMESTAMP(gpsStamp)) as time  from  LocationHistory where deviceID='02796265' and gpsStamp>'2015-06-30 16:00:00' and gpsStamp<'2015-07-20 15:59:59' and code=3016
2015-07-20 14:29:30,----------------sql:------select sum(UNIX_TIMESTAMP(gpsStamp)) as time  from  LocationHistory where deviceID='05230007' and gpsStamp>'2015-06-30 16:00:00' and gpsStamp<'2015-07-20 15:59:59' and code=3015
2015-07-20 14:29:30,----------------sql:------select sum(UNIX_TIMESTAMP(gpsStamp)) as time  from  LocationHistory where deviceID='05230007' and gpsStamp>'2015-06-30 16:00:00' and gpsStamp<'2015-07-20 15:59:59' and code=3016
2015-07-20 14:29:30,----------------sql:------select sum(UNIX_TIMESTAMP(gpsStamp)) as time  from  LocationHistory where deviceID='12212015052900040' and gpsStamp>'2015-06-30 16:00:00' and gpsStamp<'2015-07-20 15:59:59' and code=3015
2015-07-20 14:29:30,----------------sql:------select sum(UNIX_TIMESTAMP(gpsStamp)) as time  from  LocationHistory where deviceID='12212015052900040' and gpsStamp>'2015-06-30 16:00:00' and gpsStamp<'2015-07-20 15:59:59' and code=3016
2015-07-20 14:29:30,----------------sql:------select sum(UNIX_TIMESTAMP(gpsStamp)) as time  from  LocationHistory where deviceID='12212015053000035' and gpsStamp>'2015-06-30 16:00:00' and gpsStamp<'2015-07-20 15:59:59' and code=3015
2015-07-20 14:29:30,----------------sql:------select sum(UNIX_TIMESTAMP(gpsStamp)) as time  from  LocationHistory where deviceID='12212015053000035' and gpsStamp>'2015-06-30 16:00:00' and gpsStamp<'2015-07-20 15:59:59' and code=3016
2015-07-20 14:29:30,----------------sql:------select sum(UNIX_TIMESTAMP(gpsStamp)) as time  from  LocationHistory where deviceID='27813909' and gpsStamp>'2015-06-30 16:00:00' and gpsStamp<'2015-07-20 15:59:59' and code=3015
2015-07-20 14:29:30,----------------sql:------select sum(UNIX_TIMESTAMP(gpsStamp)) as time  from  LocationHistory where deviceID='27813909' and gpsStamp>'2015-06-30 16:00:00' and gpsStamp<'2015-07-20 15:59:59' and code=3016
2015-07-20 14:29:30,----------------sql:------select sum(UNIX_TIMESTAMP(gpsStamp)) as time  from  LocationHistory where deviceID='6C500CB8' and gpsStamp>'2015-06-30 16:00:00' and gpsStamp<'2015-07-20 15:59:59' and code=3015
2015-07-20 14:29:30,----------------sql:------select sum(UNIX_TIMESTAMP(gpsStamp)) as time  from  LocationHistory where deviceID='6C500CB8' and gpsStamp>'2015-06-30 16:00:00' and gpsStamp<'2015-07-20 15:59:59' and code=3016
2015-07-20 14:29:30,----------------sql:------select deviceID,serverDate,sum(fuel_consumption) as sum_fuel_consumption,sum(driving_dist)*1.03 as sum_distance  from LocationHistory  where deviceID='02796265'  and code=3016  and gpsStamp>'2015-06-30 16:00:00' and gpsStamp<='2015-07-20 15:59:59'  and serverDate=gpsDate group by serverDate order by serverDate
2015-07-20 14:29:30,----------------sql:------select deviceID,gpsDate,gpsTime,serverDate,fuel_consumption as sum_fuel_consumption,driving_dist*1.03 as sum_distance  from LocationHistory  where deviceID='02796265'  and code=3016  and gpsStamp>'2015-06-30 16:00:00' and gpsStamp<='2015-07-20 15:59:59'  and serverDate <> gpsDate  order by serverDate
2015-07-20 14:29:30,----------------sql:------select deviceID,serverDate,sum(fuel_consumption) as sum_fuel_consumption,sum(driving_dist)*1.03 as sum_distance  from LocationHistory  where deviceID='02796265'  and code=3016  and gpsStamp>'2015-06-30 16:00:00' and gpsStamp<='2015-07-20 15:59:59'  and serverDate=gpsDate group by serverDate order by serverDate
2015-07-20 14:29:30,----------------sql:------select deviceID,gpsDate,gpsTime,serverDate,fuel_consumption as sum_fuel_consumption,driving_dist*1.03 as sum_distance  from LocationHistory  where deviceID='02796265'  and code=3016  and gpsStamp>'2015-06-30 16:00:00' and gpsStamp<='2015-07-20 15:59:59'  and serverDate <> gpsDate  order by serverDate
2015-07-20 14:29:52,----------------sql:------select deviceID,serverDate,sum(fuel_consumption) as sum_fuel_consumption,sum(driving_dist)*1.03 as sum_distance  from LocationHistory  where deviceID='05230007'  and code=3016  and gpsStamp>'2015-06-30 16:00:00' and gpsStamp<='2015-07-20 15:59:59'  and serverDate=gpsDate group by serverDate order by serverDate
2015-07-20 14:29:52,----------------sql:------select deviceID,gpsDate,gpsTime,serverDate,fuel_consumption as sum_fuel_consumption,driving_dist*1.03 as sum_distance  from LocationHistory  where deviceID='05230007'  and code=3016  and gpsStamp>'2015-06-30 16:00:00' and gpsStamp<='2015-07-20 15:59:59'  and serverDate <> gpsDate  order by serverDate
2015-07-20 14:29:54,----------------sql:------select deviceID,serverDate,sum(fuel_consumption) as sum_fuel_consumption,sum(driving_dist)*1.03 as sum_distance  from LocationHistory  where deviceID='05230007'  and code=3016  and gpsStamp>'2015-06-30 16:00:00' and gpsStamp<='2015-07-20 15:59:59'  and serverDate=gpsDate group by serverDate order by serverDate
2015-07-20 14:29:54,----------------sql:------select deviceID,gpsDate,gpsTime,serverDate,fuel_consumption as sum_fuel_consumption,driving_dist*1.03 as sum_distance  from LocationHistory  where deviceID='05230007'  and code=3016  and gpsStamp>'2015-06-30 16:00:00' and gpsStamp<='2015-07-20 15:59:59'  and serverDate <> gpsDate  order by serverDate
2015-07-20 14:29:55,----------------sql:------select deviceID,serverDate,sum(fuel_consumption) as sum_fuel_consumption,sum(driving_dist)*1.03 as sum_distance  from LocationHistory  where deviceID='05230007'  and code=3016  and gpsStamp>'2015-06-30 16:00:00' and gpsStamp<='2015-07-20 15:59:59'  and serverDate=gpsDate group by serverDate order by serverDate
2015-07-20 14:29:55,----------------sql:------select deviceID,gpsDate,gpsTime,serverDate,fuel_consumption as sum_fuel_consumption,driving_dist*1.03 as sum_distance  from LocationHistory  where deviceID='05230007'  and code=3016  and gpsStamp>'2015-06-30 16:00:00' and gpsStamp<='2015-07-20 15:59:59'  and serverDate <> gpsDate  order by serverDate
2015-07-20 14:29:57,----------------sql:------select deviceID,serverDate,sum(fuel_consumption) as sum_fuel_consumption,sum(driving_dist)*1.03 as sum_distance  from LocationHistory  where deviceID='05230007'  and code=3016  and gpsStamp>'2015-06-30 16:00:00' and gpsStamp<='2015-07-20 15:59:59'  and serverDate=gpsDate group by serverDate order by serverDate
2015-07-20 14:29:57,----------------sql:------select deviceID,gpsDate,gpsTime,serverDate,fuel_consumption as sum_fuel_consumption,driving_dist*1.03 as sum_distance  from LocationHistory  where deviceID='05230007'  and code=3016  and gpsStamp>'2015-06-30 16:00:00' and gpsStamp<='2015-07-20 15:59:59'  and serverDate <> gpsDate  order by serverDate
2015-07-20 14:30:19,----------------sql:------select vm.ModelName,c.name as customer,d.deviceID,d.d_esn,vi.licenseNumber,sum(fuel_consumption) as sum_fuel_consumption,sum(driving_dist)*1.03/1000 as sum_distance  from provision_obd.Devices d   join  Devices_MT dm on d.deviceID=dm.deviceID left join  VehModelNumber vn on dm.ModelNumID=vn.ModelNumID join  VehicleInfo vi on  dm.vin=vi.vin left join  VehModel vm  on  vn.ModelID=vm.ModelID left join  Customers c on dm.customerID=c.id left join  obd_demo.LocationHistory l  on  (l.deviceID=d.deviceID and  l.code=3016 and  gpsStamp >= '2015-06-30 16:00:00' AND gpsStamp <= '2015-07-31 15:59:59') where  d.deviceID in ( '6C500CB8','02796265','27813909','05230007','12212015052900040','12212015053000035') group by d.deviceID 
2015-07-20 14:30:19,----------------sql:------select deviceID,max(speed) as max_speed  from LocationHistory where  deviceID in ( '6C500CB8','02796265','27813909','05230007','12212015052900040','12212015053000035') and gpsStamp >= '2015-06-30 16:00:00' AND gpsStamp <= '2015-07-31 15:59:59' group by deviceID   
2015-07-20 14:30:19,----------------sql:------select sum(UNIX_TIMESTAMP(gpsStamp)) as time  from  LocationHistory where deviceID='02796265' and gpsStamp>'2015-06-30 16:00:00' and gpsStamp<'2015-07-31 15:59:59' and code=3015
2015-07-20 14:30:19,----------------sql:------select sum(UNIX_TIMESTAMP(gpsStamp)) as time  from  LocationHistory where deviceID='02796265' and gpsStamp>'2015-06-30 16:00:00' and gpsStamp<'2015-07-31 15:59:59' and code=3016
2015-07-20 14:30:19,----------------sql:------select sum(UNIX_TIMESTAMP(gpsStamp)) as time  from  LocationHistory where deviceID='05230007' and gpsStamp>'2015-06-30 16:00:00' and gpsStamp<'2015-07-31 15:59:59' and code=3015
2015-07-20 14:30:19,----------------sql:------select sum(UNIX_TIMESTAMP(gpsStamp)) as time  from  LocationHistory where deviceID='05230007' and gpsStamp>'2015-06-30 16:00:00' and gpsStamp<'2015-07-31 15:59:59' and code=3016
2015-07-20 14:30:19,----------------sql:------select sum(UNIX_TIMESTAMP(gpsStamp)) as time  from  LocationHistory where deviceID='12212015052900040' and gpsStamp>'2015-06-30 16:00:00' and gpsStamp<'2015-07-31 15:59:59' and code=3015
2015-07-20 14:30:19,----------------sql:------select sum(UNIX_TIMESTAMP(gpsStamp)) as time  from  LocationHistory where deviceID='12212015052900040' and gpsStamp>'2015-06-30 16:00:00' and gpsStamp<'2015-07-31 15:59:59' and code=3016
2015-07-20 14:30:19,----------------sql:------select sum(UNIX_TIMESTAMP(gpsStamp)) as time  from  LocationHistory where deviceID='12212015053000035' and gpsStamp>'2015-06-30 16:00:00' and gpsStamp<'2015-07-31 15:59:59' and code=3015
2015-07-20 14:30:19,----------------sql:------select sum(UNIX_TIMESTAMP(gpsStamp)) as time  from  LocationHistory where deviceID='12212015053000035' and gpsStamp>'2015-06-30 16:00:00' and gpsStamp<'2015-07-31 15:59:59' and code=3016
2015-07-20 14:30:19,----------------sql:------select sum(UNIX_TIMESTAMP(gpsStamp)) as time  from  LocationHistory where deviceID='27813909' and gpsStamp>'2015-06-30 16:00:00' and gpsStamp<'2015-07-31 15:59:59' and code=3015
2015-07-20 14:30:19,----------------sql:------select sum(UNIX_TIMESTAMP(gpsStamp)) as time  from  LocationHistory where deviceID='27813909' and gpsStamp>'2015-06-30 16:00:00' and gpsStamp<'2015-07-31 15:59:59' and code=3016
2015-07-20 14:30:19,----------------sql:------select sum(UNIX_TIMESTAMP(gpsStamp)) as time  from  LocationHistory where deviceID='6C500CB8' and gpsStamp>'2015-06-30 16:00:00' and gpsStamp<'2015-07-31 15:59:59' and code=3015
2015-07-20 14:30:19,----------------sql:------select sum(UNIX_TIMESTAMP(gpsStamp)) as time  from  LocationHistory where deviceID='6C500CB8' and gpsStamp>'2015-06-30 16:00:00' and gpsStamp<'2015-07-31 15:59:59' and code=3016
2015-07-20 14:34:56,----------------sql:------select vm.ModelName,c.name as customer,d.deviceID,d.d_esn,vi.licenseNumber,  sum(case when  code =3024 then 1 else 0 end) as hard_accel,sum(case when  code =3025 then 1 else 0 end) as hard_corner
	,sum(case when  code =3026 then 1 else 0 end) as hard_break from provision_obd.Devices d   join  Devices_MT dm on d.deviceID=dm.deviceID left join  VehModelNumber vn on dm.ModelNumID=vn.ModelNumID join  VehicleInfo vi on  dm.vin=vi.vin left join  VehModel vm  on  vn.ModelID=vm.ModelID left join  Customers c on dm.customerID=c.id left join  obd_demo.LocationHistory l  on  (l.deviceID=d.deviceID and  (l.code=3024 or l.code=3025  or l.code=3026 )  and  gpsStamp >= '2015-06-30 16:00:00' AND gpsStamp <= '2015-07-20 15:59:59') where  d.deviceID in ( '6C500CB8','02796265','27813909','05230007','12212015052900040','12212015053000035') group by d.deviceID 
2015-07-20 14:34:56,----------------sql:------select deviceID,serverDate,sum(case when  code =3024 then 1 else 0 end) as hard_accel,sum(case when  code =3025 then 1 else 0 end) as hard_corner
	        ,sum(case when  code =3026 then 1 else 0 end) as hard_break  from LocationHistory  where deviceID='02796265'  and (code=3024 or code=3025 or  code=3026)  and gpsStamp>'2015-06-30 16:00:00' and gpsStamp<='2015-07-20 15:59:59'  and serverDate=gpsDate group by serverDate order by serverDate
2015-07-20 14:34:56,----------------sql:------select deviceID,gpsDate,gpsTime,serverDate,sum(case when  code =3024 then 1 else 0 end) as hard_accel,sum(case when  code =3025 then 1 else 0 end) as hard_corner
	        ,sum(case when  code =3026 then 1 else 0 end) as hard_break from LocationHistory  where deviceID='02796265'  and and (code=3024 or code=3025 or  code=3026)   and gpsStamp>'2015-06-30 16:00:00' and gpsStamp<='2015-07-20 15:59:59'  and serverDate <> gpsDate  order by serverDate
2015-07-20 14:34:56,----------------sql:------select deviceID,serverDate,sum(case when  code =3024 then 1 else 0 end) as hard_accel,sum(case when  code =3025 then 1 else 0 end) as hard_corner
	        ,sum(case when  code =3026 then 1 else 0 end) as hard_break  from LocationHistory  where deviceID='02796265'  and (code=3024 or code=3025 or  code=3026)  and gpsStamp>'2015-06-30 16:00:00' and gpsStamp<='2015-07-20 15:59:59'  and serverDate=gpsDate group by serverDate order by serverDate
2015-07-20 14:34:56,----------------sql:------select deviceID,gpsDate,gpsTime,serverDate,sum(case when  code =3024 then 1 else 0 end) as hard_accel,sum(case when  code =3025 then 1 else 0 end) as hard_corner
	        ,sum(case when  code =3026 then 1 else 0 end) as hard_break from LocationHistory  where deviceID='02796265'  and and (code=3024 or code=3025 or  code=3026)   and gpsStamp>'2015-06-30 16:00:00' and gpsStamp<='2015-07-20 15:59:59'  and serverDate <> gpsDate  order by serverDate
2015-07-20 14:34:58,----------------sql:------select deviceID,serverDate,sum(case when  code =3024 then 1 else 0 end) as hard_accel,sum(case when  code =3025 then 1 else 0 end) as hard_corner
	        ,sum(case when  code =3026 then 1 else 0 end) as hard_break  from LocationHistory  where deviceID='05230007'  and (code=3024 or code=3025 or  code=3026)  and gpsStamp>'2015-06-30 16:00:00' and gpsStamp<='2015-07-20 15:59:59'  and serverDate=gpsDate group by serverDate order by serverDate
2015-07-20 14:34:58,----------------sql:------select deviceID,gpsDate,gpsTime,serverDate,sum(case when  code =3024 then 1 else 0 end) as hard_accel,sum(case when  code =3025 then 1 else 0 end) as hard_corner
	        ,sum(case when  code =3026 then 1 else 0 end) as hard_break from LocationHistory  where deviceID='05230007'  and and (code=3024 or code=3025 or  code=3026)   and gpsStamp>'2015-06-30 16:00:00' and gpsStamp<='2015-07-20 15:59:59'  and serverDate <> gpsDate  order by serverDate
2015-07-20 14:34:58,----------------sql:------select deviceID,serverDate,sum(case when  code =3024 then 1 else 0 end) as hard_accel,sum(case when  code =3025 then 1 else 0 end) as hard_corner
	        ,sum(case when  code =3026 then 1 else 0 end) as hard_break  from LocationHistory  where deviceID='05230007'  and (code=3024 or code=3025 or  code=3026)  and gpsStamp>'2015-06-30 16:00:00' and gpsStamp<='2015-07-20 15:59:59'  and serverDate=gpsDate group by serverDate order by serverDate
2015-07-20 14:34:58,----------------sql:------select deviceID,gpsDate,gpsTime,serverDate,sum(case when  code =3024 then 1 else 0 end) as hard_accel,sum(case when  code =3025 then 1 else 0 end) as hard_corner
	        ,sum(case when  code =3026 then 1 else 0 end) as hard_break from LocationHistory  where deviceID='05230007'  and and (code=3024 or code=3025 or  code=3026)   and gpsStamp>'2015-06-30 16:00:00' and gpsStamp<='2015-07-20 15:59:59'  and serverDate <> gpsDate  order by serverDate
2015-07-20 14:34:58,----------------sql:------select deviceID,serverDate,sum(case when  code =3024 then 1 else 0 end) as hard_accel,sum(case when  code =3025 then 1 else 0 end) as hard_corner
	        ,sum(case when  code =3026 then 1 else 0 end) as hard_break  from LocationHistory  where deviceID='05230007'  and (code=3024 or code=3025 or  code=3026)  and gpsStamp>'2015-06-30 16:00:00' and gpsStamp<='2015-07-20 15:59:59'  and serverDate=gpsDate group by serverDate order by serverDate
2015-07-20 14:34:58,----------------sql:------select deviceID,gpsDate,gpsTime,serverDate,sum(case when  code =3024 then 1 else 0 end) as hard_accel,sum(case when  code =3025 then 1 else 0 end) as hard_corner
	        ,sum(case when  code =3026 then 1 else 0 end) as hard_break from LocationHistory  where deviceID='05230007'  and and (code=3024 or code=3025 or  code=3026)   and gpsStamp>'2015-06-30 16:00:00' and gpsStamp<='2015-07-20 15:59:59'  and serverDate <> gpsDate  order by serverDate
2015-07-20 17:05:32,----------------departments:-----------defDep:1003
2015-07-20 17:05:32,----------------departments:-----------id:1003
2015-07-20 17:05:32,----------------departments:------select * from Opm_Organ where id=1003 and id>1000
2015-07-20 17:05:32,----------------departments:------select count(*)  from Opm_Organ where parentId=1003 and id>1000
2015-07-20 17:05:32,----------------departments:-----------defDep:1003
2015-07-20 17:05:32,----------------departments:-----------id:1003
2015-07-20 17:05:32,----------------departments:------select * from Opm_Organ where id=1003 and id>1000
2015-07-20 17:05:32,----------------departments:------select count(*)  from Opm_Organ where parentId=1003 and id>1000
2015-07-20 17:05:33,----------------departments:-----------defDep:1003
2015-07-20 17:05:33,----------------departments:-----------id:1003
2015-07-20 17:05:33,----------------departments:------select * from Opm_Organ where id=1003 and id>1000
2015-07-20 17:05:33,----------------departments:------select count(*)  from Opm_Organ where parentId=1003 and id>1000
2015-07-20 17:05:33,----------------departments:-----------defDep:1003
2015-07-20 17:05:33,----------------departments:-----------id:1003
2015-07-20 17:05:33,----------------departments:------select * from Opm_Organ where id=1003 and id>1000
2015-07-20 17:05:33,----------------departments:------select count(*)  from Opm_Organ where parentId=1003 and id>1000
2015-07-20 17:05:34,-----------vehicles4dep-----sql:------select oo.name as depName,c.name as customerName,dm.nickName,d.deviceIndex,d.registerKey,d.deviceID,v.vin,d.d_esn,v.licenseNumber,l.ign,l.onlineStatus,l.address_num,l.baidu_latitude as latitude ,l.baidu_longitude as longitude,l.heading,concat( l.gpsDate, ' ', l.gpsTime ) as time ,(l.alertStatus1+l.alertStatus2+l.alertStatus3+l.alertStatus4+l.alertStatus5+l.alertStatus6+l.alertStatus7+l.alertStatus8) as alertStatus from VehicleInfo v ,provision_obd.Devices d,Devices_MT dm,obd_demo.LocationStatus l,Customers c,Opm_Organ oo   where d.deviceID=dm.deviceID and dm.vin=v.vin  and d.depID=oo.id and d.depID  in (null) and d.deviceID=l.deviceID  and dm.customerID=c.id limit 0,10
2015-07-20 17:05:34,-----------vehicles4dep-----sql:------select oo.name as depName,c.name as customerName,dm.nickName,d.deviceIndex,d.registerKey,d.deviceID,v.vin,d.d_esn,v.licenseNumber,l.ign,l.onlineStatus,l.address_num,l.baidu_latitude as latitude ,l.baidu_longitude as longitude,l.heading,concat( l.gpsDate, ' ', l.gpsTime ) as time ,(l.alertStatus1+l.alertStatus2+l.alertStatus3+l.alertStatus4+l.alertStatus5+l.alertStatus6+l.alertStatus7+l.alertStatus8) as alertStatus from VehicleInfo v ,provision_obd.Devices d,Devices_MT dm,obd_demo.LocationStatus l,Customers c,Opm_Organ oo   where d.deviceID=dm.deviceID and dm.vin=v.vin  and d.depID=oo.id and d.depID  in (null) and d.deviceID=l.deviceID  and dm.customerID=c.id limit 0,10
2015-07-20 17:05:34,-----------vehicles4dep-----sql:------select oo.name as depName,c.name as customerName,dm.nickName,d.deviceIndex,d.registerKey,d.deviceID,v.vin,d.d_esn,v.licenseNumber,l.ign,l.onlineStatus,l.address_num,l.baidu_latitude as latitude ,l.baidu_longitude as longitude,l.heading,concat( l.gpsDate, ' ', l.gpsTime ) as time ,(l.alertStatus1+l.alertStatus2+l.alertStatus3+l.alertStatus4+l.alertStatus5+l.alertStatus6+l.alertStatus7+l.alertStatus8) as alertStatus from VehicleInfo v ,provision_obd.Devices d,Devices_MT dm,obd_demo.LocationStatus l,Customers c,Opm_Organ oo   where d.deviceID=dm.deviceID and dm.vin=v.vin  and d.depID=oo.id and d.depID  in (null) and d.deviceID=l.deviceID  and dm.customerID=c.id limit 0,10
2015-07-20 17:05:34,-----------vehicles4dep-----sql:------select oo.name as depName,c.name as customerName,dm.nickName,d.deviceIndex,d.registerKey,d.deviceID,v.vin,d.d_esn,v.licenseNumber,l.ign,l.onlineStatus,l.address_num,l.baidu_latitude as latitude ,l.baidu_longitude as longitude,l.heading,concat( l.gpsDate, ' ', l.gpsTime ) as time ,(l.alertStatus1+l.alertStatus2+l.alertStatus3+l.alertStatus4+l.alertStatus5+l.alertStatus6+l.alertStatus7+l.alertStatus8) as alertStatus from VehicleInfo v ,provision_obd.Devices d,Devices_MT dm,obd_demo.LocationStatus l,Customers c,Opm_Organ oo   where d.deviceID=dm.deviceID and dm.vin=v.vin  and d.depID=oo.id and d.depID  in (null) and d.deviceID=l.deviceID  and dm.customerID=c.id limit 0,10
2015-07-20 17:05:34,-----------vehicles4dep-----sql:------select oo.name as depName,c.name as customerName,dm.nickName,d.deviceIndex,d.registerKey,d.deviceID,v.vin,d.d_esn,v.licenseNumber,l.ign,l.onlineStatus,l.address_num,l.baidu_latitude as latitude ,l.baidu_longitude as longitude,l.heading,concat( l.gpsDate, ' ', l.gpsTime ) as time ,(l.alertStatus1+l.alertStatus2+l.alertStatus3+l.alertStatus4+l.alertStatus5+l.alertStatus6+l.alertStatus7+l.alertStatus8) as alertStatus from VehicleInfo v ,provision_obd.Devices d,Devices_MT dm,obd_demo.LocationStatus l,Customers c,Opm_Organ oo   where d.deviceID=dm.deviceID and dm.vin=v.vin  and d.depID=oo.id and d.depID  in (null) and d.deviceID=l.deviceID  and dm.customerID=c.id limit 0,10
2015-07-20 17:05:34,-----------vehicles4dep-----sql:------select oo.name as depName,c.name as customerName,dm.nickName,d.deviceIndex,d.registerKey,d.deviceID,v.vin,d.d_esn,v.licenseNumber,l.ign,l.onlineStatus,l.address_num,l.baidu_latitude as latitude ,l.baidu_longitude as longitude,l.heading,concat( l.gpsDate, ' ', l.gpsTime ) as time ,(l.alertStatus1+l.alertStatus2+l.alertStatus3+l.alertStatus4+l.alertStatus5+l.alertStatus6+l.alertStatus7+l.alertStatus8) as alertStatus from VehicleInfo v ,provision_obd.Devices d,Devices_MT dm,obd_demo.LocationStatus l,Customers c,Opm_Organ oo   where d.deviceID=dm.deviceID and dm.vin=v.vin  and d.depID=oo.id and d.depID  in (null) and d.deviceID=l.deviceID  and dm.customerID=c.id limit 0,10
2015-07-20 17:05:34,-----------vehicles4dep-----sql:------select oo.name as depName,c.name as customerName,dm.nickName,d.deviceIndex,d.registerKey,d.deviceID,v.vin,d.d_esn,v.licenseNumber,l.ign,l.onlineStatus,l.address_num,l.baidu_latitude as latitude ,l.baidu_longitude as longitude,l.heading,concat( l.gpsDate, ' ', l.gpsTime ) as time ,(l.alertStatus1+l.alertStatus2+l.alertStatus3+l.alertStatus4+l.alertStatus5+l.alertStatus6+l.alertStatus7+l.alertStatus8) as alertStatus from VehicleInfo v ,provision_obd.Devices d,Devices_MT dm,obd_demo.LocationStatus l,Customers c,Opm_Organ oo   where d.deviceID=dm.deviceID and dm.vin=v.vin  and d.depID=oo.id and d.depID  in (null) and d.deviceID=l.deviceID  and dm.customerID=c.id limit 0,10
2015-07-20 17:06:13,----------------departments:-----------defDep:1003
2015-07-20 17:06:13,----------------departments:-----------id:1003
2015-07-20 17:06:13,----------------departments:------select * from Opm_Organ where id=1003 and id>1000
2015-07-20 17:06:13,----------------departments:------select count(*)  from Opm_Organ where parentId=1003 and id>1000
2015-07-20 17:06:15,----------------departments:-----------defDep:1003
2015-07-20 17:06:15,----------------departments:-----------id:1003
2015-07-20 17:06:15,----------------departments:------select * from Opm_Organ where id=1003 and id>1000
2015-07-20 17:06:15,----------------departments:------select count(*)  from Opm_Organ where parentId=1003 and id>1000
2015-07-20 17:06:21,----------------departments:-----------defDep:1003
2015-07-20 17:06:21,----------------departments:-----------id:1003
2015-07-20 17:06:21,----------------departments:------select * from Opm_Organ where id=1003 and id>1000
2015-07-20 17:06:21,----------------departments:------select count(*)  from Opm_Organ where parentId=1003 and id>1000
2015-07-20 17:06:21,-----------vehicles4dep-----sql:------select oo.name as depName,c.name as customerName,dm.nickName,d.deviceIndex,d.registerKey,d.deviceID,v.vin,d.d_esn,v.licenseNumber,l.ign,l.onlineStatus,l.address_num,l.baidu_latitude as latitude ,l.baidu_longitude as longitude,l.heading,concat( l.gpsDate, ' ', l.gpsTime ) as time ,(l.alertStatus1+l.alertStatus2+l.alertStatus3+l.alertStatus4+l.alertStatus5+l.alertStatus6+l.alertStatus7+l.alertStatus8) as alertStatus from VehicleInfo v ,provision_obd.Devices d,Devices_MT dm,obd_demo.LocationStatus l,Customers c,Opm_Organ oo   where d.deviceID=dm.deviceID and dm.vin=v.vin  and d.depID=oo.id and d.depID  in (null) and d.deviceID=l.deviceID  and dm.customerID=c.id limit 0,10
2015-07-20 17:06:21,-----------vehicles4dep-----sql:------select oo.name as depName,c.name as customerName,dm.nickName,d.deviceIndex,d.registerKey,d.deviceID,v.vin,d.d_esn,v.licenseNumber,l.ign,l.onlineStatus,l.address_num,l.baidu_latitude as latitude ,l.baidu_longitude as longitude,l.heading,concat( l.gpsDate, ' ', l.gpsTime ) as time ,(l.alertStatus1+l.alertStatus2+l.alertStatus3+l.alertStatus4+l.alertStatus5+l.alertStatus6+l.alertStatus7+l.alertStatus8) as alertStatus from VehicleInfo v ,provision_obd.Devices d,Devices_MT dm,obd_demo.LocationStatus l,Customers c,Opm_Organ oo   where d.deviceID=dm.deviceID and dm.vin=v.vin  and d.depID=oo.id and d.depID  in (null) and d.deviceID=l.deviceID  and dm.customerID=c.id limit 0,10
2015-07-20 17:06:21,-----------vehicles4dep-----sql:------select oo.name as depName,c.name as customerName,dm.nickName,d.deviceIndex,d.registerKey,d.deviceID,v.vin,d.d_esn,v.licenseNumber,l.ign,l.onlineStatus,l.address_num,l.baidu_latitude as latitude ,l.baidu_longitude as longitude,l.heading,concat( l.gpsDate, ' ', l.gpsTime ) as time ,(l.alertStatus1+l.alertStatus2+l.alertStatus3+l.alertStatus4+l.alertStatus5+l.alertStatus6+l.alertStatus7+l.alertStatus8) as alertStatus from VehicleInfo v ,provision_obd.Devices d,Devices_MT dm,obd_demo.LocationStatus l,Customers c,Opm_Organ oo   where d.deviceID=dm.deviceID and dm.vin=v.vin  and d.depID=oo.id and d.depID  in (null) and d.deviceID=l.deviceID  and dm.customerID=c.id limit 0,10
2015-07-20 17:06:21,-----------vehicles4dep-----sql:------select oo.name as depName,c.name as customerName,dm.nickName,d.deviceIndex,d.registerKey,d.deviceID,v.vin,d.d_esn,v.licenseNumber,l.ign,l.onlineStatus,l.address_num,l.baidu_latitude as latitude ,l.baidu_longitude as longitude,l.heading,concat( l.gpsDate, ' ', l.gpsTime ) as time ,(l.alertStatus1+l.alertStatus2+l.alertStatus3+l.alertStatus4+l.alertStatus5+l.alertStatus6+l.alertStatus7+l.alertStatus8) as alertStatus from VehicleInfo v ,provision_obd.Devices d,Devices_MT dm,obd_demo.LocationStatus l,Customers c,Opm_Organ oo   where d.deviceID=dm.deviceID and dm.vin=v.vin  and d.depID=oo.id and d.depID  in (null) and d.deviceID=l.deviceID  and dm.customerID=c.id limit 0,10
2015-07-20 17:06:21,-----------vehicles4dep-----sql:------select oo.name as depName,c.name as customerName,dm.nickName,d.deviceIndex,d.registerKey,d.deviceID,v.vin,d.d_esn,v.licenseNumber,l.ign,l.onlineStatus,l.address_num,l.baidu_latitude as latitude ,l.baidu_longitude as longitude,l.heading,concat( l.gpsDate, ' ', l.gpsTime ) as time ,(l.alertStatus1+l.alertStatus2+l.alertStatus3+l.alertStatus4+l.alertStatus5+l.alertStatus6+l.alertStatus7+l.alertStatus8) as alertStatus from VehicleInfo v ,provision_obd.Devices d,Devices_MT dm,obd_demo.LocationStatus l,Customers c,Opm_Organ oo   where d.deviceID=dm.deviceID and dm.vin=v.vin  and d.depID=oo.id and d.depID  in (null) and d.deviceID=l.deviceID  and dm.customerID=c.id limit 0,10
2015-07-20 17:06:21,-----------vehicles4dep-----sql:------select oo.name as depName,c.name as customerName,dm.nickName,d.deviceIndex,d.registerKey,d.deviceID,v.vin,d.d_esn,v.licenseNumber,l.ign,l.onlineStatus,l.address_num,l.baidu_latitude as latitude ,l.baidu_longitude as longitude,l.heading,concat( l.gpsDate, ' ', l.gpsTime ) as time ,(l.alertStatus1+l.alertStatus2+l.alertStatus3+l.alertStatus4+l.alertStatus5+l.alertStatus6+l.alertStatus7+l.alertStatus8) as alertStatus from VehicleInfo v ,provision_obd.Devices d,Devices_MT dm,obd_demo.LocationStatus l,Customers c,Opm_Organ oo   where d.deviceID=dm.deviceID and dm.vin=v.vin  and d.depID=oo.id and d.depID  in (null) and d.deviceID=l.deviceID  and dm.customerID=c.id limit 0,10
2015-07-20 17:06:21,----------------departments:-----------defDep:1003
2015-07-20 17:06:21,----------------departments:-----------id:1003
2015-07-20 17:06:21,----------------departments:------select * from Opm_Organ where id=1003 and id>1000
2015-07-20 17:06:21,----------------departments:------select count(*)  from Opm_Organ where parentId=1003 and id>1000
2015-07-20 17:06:21,-----------vehicles4dep-----sql:------select oo.name as depName,c.name as customerName,dm.nickName,d.deviceIndex,d.registerKey,d.deviceID,v.vin,d.d_esn,v.licenseNumber,l.ign,l.onlineStatus,l.address_num,l.baidu_latitude as latitude ,l.baidu_longitude as longitude,l.heading,concat( l.gpsDate, ' ', l.gpsTime ) as time ,(l.alertStatus1+l.alertStatus2+l.alertStatus3+l.alertStatus4+l.alertStatus5+l.alertStatus6+l.alertStatus7+l.alertStatus8) as alertStatus from VehicleInfo v ,provision_obd.Devices d,Devices_MT dm,obd_demo.LocationStatus l,Customers c,Opm_Organ oo   where d.deviceID=dm.deviceID and dm.vin=v.vin  and d.depID=oo.id and d.depID  in (null) and d.deviceID=l.deviceID  and dm.customerID=c.id limit 0,10
2015-07-20 17:40:59,----------------departments:-----------defDep:1003
2015-07-20 17:40:59,----------------departments:-----------id:1003
2015-07-20 17:40:59,----------------departments:------select * from Opm_Organ where id=1003 and id>1000
2015-07-20 17:40:59,----------------departments:------select count(*)  from Opm_Organ where parentId=1003 and id>1000
2015-07-20 17:41:00,----------------departments:-----------defDep:1003
2015-07-20 17:41:00,----------------departments:-----------id:1003
2015-07-20 17:41:00,----------------departments:------select * from Opm_Organ where id=1003 and id>1000
2015-07-20 17:41:00,----------------departments:------select count(*)  from Opm_Organ where parentId=1003 and id>1000
2015-07-20 17:41:00,----------------departments:-----------defDep:1003
2015-07-20 17:41:00,----------------departments:-----------id:1003
2015-07-20 17:41:00,----------------departments:------select * from Opm_Organ where id=1003 and id>1000
2015-07-20 17:41:00,----------------departments:------select count(*)  from Opm_Organ where parentId=1003 and id>1000
2015-07-20 17:41:00,----------------departments:-----------defDep:1003
2015-07-20 17:41:00,----------------departments:-----------id:1003
2015-07-20 17:41:00,----------------departments:------select * from Opm_Organ where id=1003 and id>1000
2015-07-20 17:41:00,----------------departments:------select count(*)  from Opm_Organ where parentId=1003 and id>1000
2015-07-20 17:41:12,----------------departments:-----------defDep:1003
2015-07-20 17:41:12,----------------departments:-----------id:1003
2015-07-20 17:41:12,----------------departments:------select * from Opm_Organ where id=1003 and id>1000
2015-07-20 17:41:12,----------------departments:------select count(*)  from Opm_Organ where parentId=1003 and id>1000
2015-07-20 17:41:12,----------------departments:-----------defDep:1003
2015-07-20 17:41:12,----------------departments:-----------id:1003
2015-07-20 17:41:12,----------------departments:------select * from Opm_Organ where id=1003 and id>1000
2015-07-20 17:41:12,----------------departments:------select count(*)  from Opm_Organ where parentId=1003 and id>1000
2015-07-20 17:41:12,----------------sql:------select ua.userID,ua.email,ua.username,ua.smsNum,ua.fullname,role.name as roleName,role.id as roleId,oo.name as depName from  Users_Admin  ua,Opm_User_Role our,Opm_Role role,Opm_Organ oo  where ua.userID=our.userID and our.roleId=role.id and ua.organId=1003 and ua.isCustomer=0 and our.organId=oo.id
2015-07-20 17:41:14,----------------departments:-----------defDep:1003
2015-07-20 17:41:14,----------------departments:-----------id:1003
2015-07-20 17:41:14,----------------departments:------select * from Opm_Organ where id=1003 and id>1000
2015-07-20 17:41:14,----------------departments:------select count(*)  from Opm_Organ where parentId=1003 and id>1000
2015-07-20 17:41:15,----------------departments:-----------defDep:1003
2015-07-20 17:41:15,----------------departments:-----------id:1003
2015-07-20 17:41:15,----------------departments:------select * from Opm_Organ where id=1003 and id>1000
2015-07-20 17:41:15,----------------departments:------select count(*)  from Opm_Organ where parentId=1003 and id>1000
2015-07-20 17:41:17,----------------departments:-----------defDep:1003
2015-07-20 17:41:17,----------------departments:-----------defDep:1003
2015-07-20 17:41:17,----------------departments:-----------id:1003
2015-07-20 17:41:17,----------------departments:-----------id:1003
2015-07-20 17:41:17,----------------departments:------select * from Opm_Organ where id=1003 and id>1000
2015-07-20 17:41:17,----------------departments:------select * from Opm_Organ where id=1003 and id>1000
2015-07-20 17:41:17,----------------departments:------select count(*)  from Opm_Organ where parentId=1003 and id>1000
2015-07-20 17:41:17,----------------departments:------select count(*)  from Opm_Organ where parentId=1003 and id>1000
2015-07-20 17:41:17,----------------departments:-----------defDep:1003
2015-07-20 17:41:17,----------------departments:-----------id:1003
2015-07-20 17:41:17,----------------departments:------select * from Opm_Organ where id=1003 and id>1000
2015-07-20 17:41:17,----------------departments:------select count(*)  from Opm_Organ where parentId=1003 and id>1000
2015-07-20 17:41:17,----------------sql:------select ot.*,oo.name as depName  from organ_time ot,Opm_Organ oo  where oo.id=organId and oo.id='1003' 
2015-07-20 17:41:23,----------------departments:-----------defDep:1003
2015-07-20 17:41:23,----------------departments:-----------id:1003
2015-07-20 17:41:23,----------------departments:------select * from Opm_Organ where id=1003 and id>1000
2015-07-20 17:41:23,----------------departments:------select count(*)  from Opm_Organ where parentId=1003 and id>1000
2015-07-20 17:41:24,----------------departments:-----------defDep:1003
2015-07-20 17:41:24,----------------departments:-----------id:1003
2015-07-20 17:41:24,----------------departments:------select * from Opm_Organ where id=1003 and id>1000
2015-07-20 17:41:24,----------------departments:------select count(*)  from Opm_Organ where parentId=1003 and id>1000
2015-07-20 17:41:24,----------------departments:-----------defDep:1003
2015-07-20 17:41:24,----------------departments:-----------id:1003
2015-07-20 17:41:24,----------------departments:------select * from Opm_Organ where id=1003 and id>1000
2015-07-20 17:41:24,----------------departments:------select count(*)  from Opm_Organ where parentId=1003 and id>1000
2015-07-20 17:41:24,----------------sql:------select   op.status,op.id,op.organId,oo1.name as depName, oo.id as provinceId ,oo.name as provinceName from outOfProvince op,Opm_Organ oo ,Opm_Organ oo1 where op.organId =oo1.id  and  op.provinceId =oo.id and op.organId='1003' order by op.id
2015-07-20 17:41:27,----------------departments:-----------defDep:1003
2015-07-20 17:41:27,----------------departments:-----------id:1003
2015-07-20 17:41:27,----------------departments:------select * from Opm_Organ where id=1003 and id>1000 and type=1
2015-07-20 17:41:27,----------------departments:------select count(*)  from Opm_Organ where parentId=1003 and id>1000 and type=1
2015-07-20 17:41:27,----------------departments:-----------defDep:1003
2015-07-20 17:41:27,----------------departments:-----------id:1003
2015-07-20 17:41:27,----------------departments:------select * from Opm_Organ where id=1003 and id>1000 and type=1
2015-07-20 17:41:27,----------------departments:------select count(*)  from Opm_Organ where parentId=1003 and id>1000 and type=1
2015-07-20 17:41:31,----------------departments:-----------defDep:1003
2015-07-20 17:41:31,----------------departments:-----------id:1003
2015-07-20 17:41:31,----------------departments:------select * from Opm_Organ where id=1003 and id>1000
2015-07-20 17:41:31,----------------departments:------select count(*)  from Opm_Organ where parentId=1003 and id>1000
2015-07-20 17:41:31,----------------departments:-----------defDep:1003
2015-07-20 17:41:31,----------------departments:-----------id:1003
2015-07-20 17:41:31,----------------departments:------select * from Opm_Organ where id=1003 and id>1000
2015-07-20 17:41:31,----------------departments:------select count(*)  from Opm_Organ where parentId=1003 and id>1000
2015-07-20 17:41:31,----------------departments:-----------defDep:1003
2015-07-20 17:41:31,----------------departments:-----------id:1003
2015-07-20 17:41:31,----------------departments:------select * from Opm_Organ where id=1003 and id>1000
2015-07-20 17:41:31,----------------departments:------select count(*)  from Opm_Organ where parentId=1003 and id>1000
2015-07-20 17:41:31,----------------sql:------select ot.*,oo.name as depName  from organ_time ot,Opm_Organ oo  where oo.id=organId and oo.id='1003' 
2015-07-20 17:41:43,----------------departments:-----------defDep:1003
2015-07-20 17:41:43,----------------departments:-----------id:1003
2015-07-20 17:41:43,----------------departments:------select * from Opm_Organ where id=1003 and id>1000
2015-07-20 17:41:43,----------------departments:------select count(*)  from Opm_Organ where parentId=1003 and id>1000
2015-07-20 17:41:43,----------------departments:-----------defDep:1003
2015-07-20 17:41:43,----------------departments:-----------id:1003
2015-07-20 17:41:43,----------------departments:------select * from Opm_Organ where id=1003 and id>1000
2015-07-20 17:41:43,----------------departments:------select count(*)  from Opm_Organ where parentId=1003 and id>1000
2015-07-20 17:41:45,----------------departments:-----------defDep:1003
2015-07-20 17:41:45,----------------departments:-----------id:1003
2015-07-20 17:41:45,----------------departments:------select * from Opm_Organ where  parentId=1003 and id>1000
2015-07-20 17:41:45,----------------departments:------select count(*)  from Opm_Organ where parentId=1192 and id>1000
2015-07-20 17:41:45,----------------departments:------select count(*)  from Opm_Organ where parentId=1206 and id>1000
2015-07-20 17:41:45,----------------departments:------select count(*)  from Opm_Organ where parentId=1207 and id>1000
2015-07-20 17:41:46,-----------vehicles4dep-----sql:------select oo.name as depName,c.name as customerName,dm.nickName,d.deviceIndex,d.registerKey,d.deviceID,v.vin,d.d_esn,v.licenseNumber,l.ign,l.onlineStatus,l.address_num,l.baidu_latitude as latitude ,l.baidu_longitude as longitude,l.heading,concat( l.gpsDate, ' ', l.gpsTime ) as time ,(l.alertStatus1+l.alertStatus2+l.alertStatus3+l.alertStatus4+l.alertStatus5+l.alertStatus6+l.alertStatus7+l.alertStatus8) as alertStatus from VehicleInfo v ,provision_obd.Devices d,Devices_MT dm,obd_demo.LocationStatus l,Customers c,Opm_Organ oo   where d.deviceID=dm.deviceID and dm.vin=v.vin  and d.depID=oo.id and d.depID  in (1206) and d.deviceID=l.deviceID  and dm.customerID=c.id limit 0,10
