2015-06-09 09:17:34,----------------departments:-----------defDep:1003
2015-06-09 09:17:34,----------------departments:-----------id:1003
2015-06-09 09:17:34,----------------departments:------select * from Opm_Organ where id=1003 and id>1000
2015-06-09 09:17:34,----------------departments:------select count(*)  from Opm_Organ where parentId=1003 and id>1000
2015-06-09 09:17:34,----------------departments:-----------defDep:1003
2015-06-09 09:17:34,----------------departments:-----------id:1003
2015-06-09 09:17:34,----------------departments:------select * from Opm_Organ where id=1003 and id>1000
2015-06-09 09:17:34,----------------departments:------select count(*)  from Opm_Organ where parentId=1003 and id>1000
2015-06-09 09:17:34,----------------departments:-----------defDep:1003
2015-06-09 09:17:34,----------------departments:-----------id:1003
2015-06-09 09:17:34,----------------departments:------select * from Opm_Organ where id=1003 and id>1000
2015-06-09 09:17:34,----------------departments:------select count(*)  from Opm_Organ where parentId=1003 and id>1000
2015-06-09 09:17:34,----------------departments:-----------defDep:1003
2015-06-09 09:17:34,----------------departments:-----------id:1003
2015-06-09 09:17:34,----------------departments:------select * from Opm_Organ where id=1003 and id>1000
2015-06-09 09:17:34,----------------departments:------select count(*)  from Opm_Organ where parentId=1003 and id>1000
2015-06-09 09:17:37,----------------departments:-----------defDep:1003
2015-06-09 09:17:37,----------------departments:-----------id:1003
2015-06-09 09:17:37,----------------departments:------select * from Opm_Organ where  parentId=1003 and id>1000
2015-06-09 09:17:37,----------------departments:------select count(*)  from Opm_Organ where parentId=1192 and id>1000
2015-06-09 09:17:37,----------------departments:------select count(*)  from Opm_Organ where parentId=1206 and id>1000
2015-06-09 09:17:51,-----------vehicles4dep-----sql:------select oo.name as depName,c.name as customerName,dm.nickName,d.deviceIndex,d.registerKey,d.deviceID,v.vin,d.d_esn,v.licenseNumber,l.ign,l.onlineStatus,l.address_num,l.baidu_latitude as latitude ,l.baidu_longitude as longitude,l.heading,concat( l.gpsDate, ' ', l.gpsTime ) as time ,(l.alertStatus1+l.alertStatus2+l.alertStatus3+l.alertStatus4+l.alertStatus5+l.alertStatus6+l.alertStatus7+l.alertStatus8) as alertStatus from VehicleInfo v ,provision_obd.Devices d,Devices_MT dm,obd_demo.LocationStatus l,Customers c,Opm_Organ oo   where d.deviceID=dm.deviceID and dm.vin=v.vin  and d.depID=oo.id and d.depID  in (1206) and d.deviceID=l.deviceID  and dm.customerID=c.id limit 0,10
2015-06-09 09:18:00,----------------departments:-----------defDep:1003
2015-06-09 09:18:00,----------------departments:-----------id:1003
2015-06-09 09:18:00,----------------departments:------select * from Opm_Organ where id=1003 and id>1000
2015-06-09 09:18:00,----------------departments:------select count(*)  from Opm_Organ where parentId=1003 and id>1000
2015-06-09 09:18:00,----------------departments:-----------defDep:1003
2015-06-09 09:18:00,----------------departments:-----------id:1003
2015-06-09 09:18:00,----------------departments:------select * from Opm_Organ where id=1003 and id>1000
2015-06-09 09:18:00,----------------departments:------select count(*)  from Opm_Organ where parentId=1003 and id>1000
2015-06-09 09:18:00,----------------sql:------select ua.userID,ua.email,ua.username,ua.smsNum,ua.fullname,role.name as roleName,role.id as roleId,oo.name as depName from  Users_Admin  ua,Opm_User_Role our,Opm_Role role,Opm_Organ oo  where ua.userID=our.userID and our.roleId=role.id and ua.organId=1003 and ua.isCustomer=0 and our.organId=oo.id
2015-06-09 09:18:02,----------------departments:-----------defDep:1003
2015-06-09 09:18:02,----------------departments:-----------id:1003
2015-06-09 09:18:02,----------------departments:------select * from Opm_Organ where id=1003 and id>1000
2015-06-09 09:18:02,----------------departments:------select count(*)  from Opm_Organ where parentId=1003 and id>1000
2015-06-09 09:18:03,----------------departments:-----------defDep:1003
2015-06-09 09:18:03,----------------departments:-----------id:1003
2015-06-09 09:18:03,----------------departments:------select * from Opm_Organ where id=1003 and id>1000
2015-06-09 09:18:03,----------------departments:------select count(*)  from Opm_Organ where parentId=1003 and id>1000
2015-06-09 09:18:03,----------------departments:-----------defDep:1003
2015-06-09 09:18:03,----------------departments:-----------id:1003
2015-06-09 09:18:03,----------------departments:------select * from Opm_Organ where id=1003 and id>1000
2015-06-09 09:18:03,----------------departments:-----------defDep:1003
2015-06-09 09:18:03,----------------departments:------select count(*)  from Opm_Organ where parentId=1003 and id>1000
2015-06-09 09:18:03,----------------departments:-----------id:1003
2015-06-09 09:18:03,----------------departments:------select * from Opm_Organ where id=1003 and id>1000
2015-06-09 09:18:03,----------------departments:------select count(*)  from Opm_Organ where parentId=1003 and id>1000
2015-06-09 09:18:12,----------------departments:-----------defDep:1003
2015-06-09 09:18:12,----------------departments:-----------id:1003
2015-06-09 09:18:12,----------------departments:------select * from Opm_Organ where  parentId=1003 and id>1000
2015-06-09 09:18:12,----------------departments:------select count(*)  from Opm_Organ where parentId=1192 and id>1000
2015-06-09 09:18:12,----------------departments:------select count(*)  from Opm_Organ where parentId=1206 and id>1000
2015-06-09 09:18:13,-----------vehicles4dep-----sql:------select oo.name as depName,c.name as customerName,dm.nickName,d.deviceIndex,d.registerKey,d.deviceID,v.vin,d.d_esn,v.licenseNumber,l.ign,l.onlineStatus,l.address_num,l.baidu_latitude as latitude ,l.baidu_longitude as longitude,l.heading,concat( l.gpsDate, ' ', l.gpsTime ) as time ,(l.alertStatus1+l.alertStatus2+l.alertStatus3+l.alertStatus4+l.alertStatus5+l.alertStatus6+l.alertStatus7+l.alertStatus8) as alertStatus from VehicleInfo v ,provision_obd.Devices d,Devices_MT dm,obd_demo.LocationStatus l,Customers c,Opm_Organ oo   where d.deviceID=dm.deviceID and dm.vin=v.vin  and d.depID=oo.id and d.depID  in (1206) and d.deviceID=l.deviceID  and dm.customerID=c.id limit 0,10
2015-06-09 09:18:18,----------------departments:-----------defDep:1003
2015-06-09 09:18:18,----------------departments:-----------id:1003
2015-06-09 09:18:18,----------------departments:------select * from Opm_Organ where id=1003 and id>1000 and type=1
2015-06-09 09:18:18,----------------departments:------select count(*)  from Opm_Organ where parentId=1003 and id>1000 and type=1
2015-06-09 09:18:18,----------------departments:-----------defDep:1003
2015-06-09 09:18:18,----------------departments:-----------id:1003
2015-06-09 09:18:18,----------------departments:------select * from Opm_Organ where id=1003 and id>1000 and type=1
2015-06-09 09:18:18,----------------departments:------select count(*)  from Opm_Organ where parentId=1003 and id>1000 and type=1
2015-06-09 09:18:19,----------------departments:-----------defDep:1003
2015-06-09 09:18:19,----------------departments:-----------id:1003
2015-06-09 09:18:19,----------------departments:------select * from Opm_Organ where  parentId=1003 and id>1000 and type=1
2015-06-09 09:18:19,----------------departments:------select count(*)  from Opm_Organ where parentId=1192 and id>1000 and type=1
2015-06-09 09:18:19,----------------departments:------select count(*)  from Opm_Organ where parentId=1206 and id>1000 and type=1
2015-06-09 09:18:24,----------------departments:-----------defDep:1003
2015-06-09 09:18:24,----------------departments:-----------id:1003
2015-06-09 09:18:24,----------------departments:------select * from Opm_Organ where id=1003 and id>1000 and type=1
2015-06-09 09:18:24,----------------departments:------select count(*)  from Opm_Organ where parentId=1003 and id>1000 and type=1
2015-06-09 09:18:24,----------------departments:-----------defDep:1003
2015-06-09 09:18:24,----------------departments:-----------id:1003
2015-06-09 09:18:24,----------------departments:------select * from Opm_Organ where id=1003 and id>1000 and type=1
2015-06-09 09:18:24,----------------departments:------select count(*)  from Opm_Organ where parentId=1003 and id>1000 and type=1
2015-06-09 09:18:29,----------------departments:-----------defDep:1003
2015-06-09 09:18:29,----------------departments:-----------id:1003
2015-06-09 09:18:29,----------------departments:------select * from Opm_Organ where  parentId=1003 and id>1000 and type=1
2015-06-09 09:18:29,----------------departments:------select count(*)  from Opm_Organ where parentId=1192 and id>1000 and type=1
2015-06-09 09:18:29,----------------departments:------select count(*)  from Opm_Organ where parentId=1206 and id>1000 and type=1
2015-06-09 09:19:14,----------------departments:-----------defDep:1003
2015-06-09 09:19:14,----------------departments:-----------defDep:1003
2015-06-09 09:19:14,----------------departments:-----------id:1003
2015-06-09 09:19:14,----------------departments:-----------id:1003
2015-06-09 09:19:14,----------------departments:------select * from Opm_Organ where id=1003 and id>1000
2015-06-09 09:19:14,----------------departments:------select * from Opm_Organ where id=1003 and id>1000 and type=1
2015-06-09 09:19:14,----------------departments:------select count(*)  from Opm_Organ where parentId=1003 and id>1000
2015-06-09 09:19:14,----------------departments:------select count(*)  from Opm_Organ where parentId=1003 and id>1000 and type=1
2015-06-09 09:19:14,----------------departments:-----------defDep:1003
2015-06-09 09:19:14,----------------departments:-----------id:1003
2015-06-09 09:19:14,----------------departments:------select * from Opm_Organ where id=1003 and id>1000
2015-06-09 09:19:14,----------------departments:------select count(*)  from Opm_Organ where parentId=1003 and id>1000
2015-06-09 09:19:14,----------------departments:-----------defDep:1003
2015-06-09 09:19:14,----------------departments:-----------defDep:1003
2015-06-09 09:19:14,----------------departments:-----------id:1003
2015-06-09 09:19:14,----------------departments:-----------id:1003
2015-06-09 09:19:14,----------------departments:------select * from Opm_Organ where id=1003 and id>1000
2015-06-09 09:19:14,----------------departments:------select * from Opm_Organ where id=1003 and id>1000
2015-06-09 09:19:14,----------------departments:------select count(*)  from Opm_Organ where parentId=1003 and id>1000
2015-06-09 09:19:14,----------------departments:------select count(*)  from Opm_Organ where parentId=1003 and id>1000
2015-06-09 09:19:15,----------------departments:-----------defDep:1003
2015-06-09 09:19:15,----------------departments:-----------defDep:1003
2015-06-09 09:19:15,----------------departments:-----------id:1003
2015-06-09 09:19:15,----------------departments:-----------id:1003
2015-06-09 09:19:15,----------------departments:------select * from Opm_Organ where id=1003 and id>1000 and type=1
2015-06-09 09:19:15,----------------departments:------select * from Opm_Organ where id=1003 and id>1000 and type=1
2015-06-09 09:19:15,----------------departments:------select count(*)  from Opm_Organ where parentId=1003 and id>1000 and type=1
2015-06-09 09:19:15,----------------departments:------select count(*)  from Opm_Organ where parentId=1003 and id>1000 and type=1
2015-06-09 09:19:15,----------------departments:-----------defDep:1003
2015-06-09 09:19:15,----------------departments:-----------id:1003
2015-06-09 09:19:15,----------------departments:------select * from Opm_Organ where id=1003 and id>1000 and type=1
2015-06-09 09:19:15,----------------departments:------select count(*)  from Opm_Organ where parentId=1003 and id>1000 and type=1
2015-06-09 09:19:15,----------------departments:-----------defDep:1003
2015-06-09 09:19:15,----------------departments:-----------id:1003
2015-06-09 09:19:15,----------------departments:------select * from Opm_Organ where id=1003 and id>1000 and type=1
2015-06-09 09:19:15,----------------departments:------select count(*)  from Opm_Organ where parentId=1003 and id>1000 and type=1
2015-06-09 09:19:17,----------------departments:-----------defDep:1003
2015-06-09 09:19:17,----------------departments:-----------id:1003
2015-06-09 09:19:17,----------------departments:------select * from Opm_Organ where  parentId=1003 and id>1000 and type=1
2015-06-09 09:19:17,----------------departments:------select count(*)  from Opm_Organ where parentId=1192 and id>1000 and type=1
2015-06-09 09:19:17,----------------departments:------select count(*)  from Opm_Organ where parentId=1206 and id>1000 and type=1
2015-06-09 09:19:17,----------------departments:------select count(*)  from Opm_Organ where parentId=1207 and id>1000 and type=1
2015-06-09 09:19:54,----------------departments:-----------defDep:1003
2015-06-09 09:19:54,----------------departments:-----------id:1003
2015-06-09 09:19:54,----------------departments:------select * from Opm_Organ where id=1003 and id>1000 and type=1
2015-06-09 09:19:54,----------------departments:------select count(*)  from Opm_Organ where parentId=1003 and id>1000 and type=1
2015-06-09 09:19:56,----------------departments:-----------defDep:1003
2015-06-09 09:19:56,----------------departments:-----------id:1003
2015-06-09 09:19:56,----------------departments:------select * from Opm_Organ where  parentId=1003 and id>1000 and type=1
2015-06-09 09:19:56,----------------departments:------select count(*)  from Opm_Organ where parentId=1192 and id>1000 and type=1
2015-06-09 09:19:56,----------------departments:------select count(*)  from Opm_Organ where parentId=1206 and id>1000 and type=1
2015-06-09 09:19:56,----------------departments:------select count(*)  from Opm_Organ where parentId=1207 and id>1000 and type=1
2015-06-09 09:20:00,----------------departments:-----------defDep:1003
2015-06-09 09:20:00,----------------departments:-----------id:1003
2015-06-09 09:20:00,----------------departments:------select * from Opm_Organ where id=1003 and id>1000
2015-06-09 09:20:00,----------------departments:------select count(*)  from Opm_Organ where parentId=1003 and id>1000
2015-06-09 09:20:00,----------------departments:-----------defDep:1003
2015-06-09 09:20:00,----------------departments:-----------id:1003
2015-06-09 09:20:00,----------------departments:------select * from Opm_Organ where id=1003 and id>1000
2015-06-09 09:20:00,----------------departments:------select count(*)  from Opm_Organ where parentId=1003 and id>1000
2015-06-09 09:20:00,----------------departments:-----------defDep:1003
2015-06-09 09:20:00,----------------departments:-----------id:1003
2015-06-09 09:20:00,----------------departments:------select * from Opm_Organ where id=1003 and id>1000
2015-06-09 09:20:00,----------------departments:------select count(*)  from Opm_Organ where parentId=1003 and id>1000
2015-06-09 09:20:00,----------------departments:-----------defDep:1003
2015-06-09 09:20:00,----------------departments:-----------id:1003
2015-06-09 09:20:00,----------------departments:------select * from Opm_Organ where id=1003 and id>1000
2015-06-09 09:20:00,----------------departments:------select count(*)  from Opm_Organ where parentId=1003 and id>1000
2015-06-09 09:20:16,----------------departments:-----------defDep:1003
2015-06-09 09:20:16,----------------departments:-----------id:1003
2015-06-09 09:20:16,----------------departments:------select * from Opm_Organ where id=1003 and id>1000
2015-06-09 09:20:16,----------------departments:------select count(*)  from Opm_Organ where parentId=1003 and id>1000
2015-06-09 09:20:16,----------------departments:-----------defDep:1003
2015-06-09 09:20:16,----------------departments:-----------id:1003
2015-06-09 09:20:16,----------------departments:------select * from Opm_Organ where id=1003 and id>1000
2015-06-09 09:20:16,----------------departments:------select count(*)  from Opm_Organ where parentId=1003 and id>1000
2015-06-09 09:20:17,----------------departments:-----------defDep:1003
2015-06-09 09:20:17,----------------departments:-----------id:1003
2015-06-09 09:20:17,----------------departments:------select * from Opm_Organ where id=1003 and id>1000
2015-06-09 09:20:17,----------------departments:------select count(*)  from Opm_Organ where parentId=1003 and id>1000
2015-06-09 09:20:17,----------------departments:-----------defDep:1003
2015-06-09 09:20:17,----------------departments:-----------id:1003
2015-06-09 09:20:17,----------------departments:------select * from Opm_Organ where id=1003 and id>1000
2015-06-09 09:20:17,----------------departments:------select count(*)  from Opm_Organ where parentId=1003 and id>1000
2015-06-09 09:20:19,----------------departments:-----------defDep:1003
2015-06-09 09:20:19,----------------departments:-----------id:1003
2015-06-09 09:20:19,----------------departments:------select * from Opm_Organ where  parentId=1003 and id>1000
2015-06-09 09:20:19,----------------departments:------select count(*)  from Opm_Organ where parentId=1192 and id>1000
2015-06-09 09:20:19,----------------departments:------select count(*)  from Opm_Organ where parentId=1206 and id>1000
2015-06-09 09:20:19,----------------departments:------select count(*)  from Opm_Organ where parentId=1207 and id>1000
2015-06-09 09:20:20,-----------vehicles4dep-----sql:------select oo.name as depName,c.name as customerName,dm.nickName,d.deviceIndex,d.registerKey,d.deviceID,v.vin,d.d_esn,v.licenseNumber,l.ign,l.onlineStatus,l.address_num,l.baidu_latitude as latitude ,l.baidu_longitude as longitude,l.heading,concat( l.gpsDate, ' ', l.gpsTime ) as time ,(l.alertStatus1+l.alertStatus2+l.alertStatus3+l.alertStatus4+l.alertStatus5+l.alertStatus6+l.alertStatus7+l.alertStatus8) as alertStatus from VehicleInfo v ,provision_obd.Devices d,Devices_MT dm,obd_demo.LocationStatus l,Customers c,Opm_Organ oo   where d.deviceID=dm.deviceID and dm.vin=v.vin  and d.depID=oo.id and d.depID  in (1207) and d.deviceID=l.deviceID  and dm.customerID=c.id limit 0,10
2015-06-09 09:28:08,----------------departments:-----------defDep:1003
2015-06-09 09:28:08,----------------departments:-----------id:1003
2015-06-09 09:28:08,----------------departments:------select * from Opm_Organ where id=1003 and id>1000
2015-06-09 09:28:08,----------------departments:------select count(*)  from Opm_Organ where parentId=1003 and id>1000
2015-06-09 09:28:08,----------------departments:-----------defDep:1003
2015-06-09 09:28:08,----------------departments:-----------id:1003
2015-06-09 09:28:08,----------------departments:------select * from Opm_Organ where id=1003 and id>1000
2015-06-09 09:28:08,----------------departments:------select count(*)  from Opm_Organ where parentId=1003 and id>1000
2015-06-09 09:28:08,----------------departments:-----------defDep:1003
2015-06-09 09:28:08,----------------departments:-----------id:1003
2015-06-09 09:28:08,----------------departments:------select * from Opm_Organ where id=1003 and id>1000
2015-06-09 09:28:08,----------------departments:------select count(*)  from Opm_Organ where parentId=1003 and id>1000
2015-06-09 09:28:08,----------------departments:-----------defDep:1003
2015-06-09 09:28:08,----------------departments:-----------id:1003
2015-06-09 09:28:08,----------------departments:------select * from Opm_Organ where id=1003 and id>1000
2015-06-09 09:28:08,----------------departments:------select count(*)  from Opm_Organ where parentId=1003 and id>1000
2015-06-09 09:33:53,----------------departments:-----------defDep:1003
2015-06-09 09:33:53,----------------departments:-----------id:1003
2015-06-09 09:33:53,----------------departments:------select * from Opm_Organ where id=1003 and id>1000
2015-06-09 09:33:53,----------------departments:------select count(*)  from Opm_Organ where parentId=1003 and id>1000
2015-06-09 09:33:54,----------------departments:-----------defDep:1003
2015-06-09 09:33:54,----------------departments:-----------id:1003
2015-06-09 09:33:54,----------------departments:------select * from Opm_Organ where id=1003 and id>1000
2015-06-09 09:33:54,----------------departments:------select count(*)  from Opm_Organ where parentId=1003 and id>1000
2015-06-09 09:33:54,----------------departments:-----------defDep:1003
2015-06-09 09:33:54,----------------departments:-----------id:1003
2015-06-09 09:33:54,----------------departments:------select * from Opm_Organ where id=1003 and id>1000
2015-06-09 09:33:54,----------------departments:------select count(*)  from Opm_Organ where parentId=1003 and id>1000
2015-06-09 09:33:54,----------------departments:-----------defDep:1003
2015-06-09 09:33:54,----------------departments:-----------id:1003
2015-06-09 09:33:54,----------------departments:------select * from Opm_Organ where id=1003 and id>1000
2015-06-09 09:33:54,----------------departments:------select count(*)  from Opm_Organ where parentId=1003 and id>1000
2015-06-09 09:33:56,----------------departments:-----------defDep:1003
2015-06-09 09:33:56,----------------departments:-----------id:1003
2015-06-09 09:33:56,----------------departments:------select * from Opm_Organ where  parentId=1003 and id>1000
2015-06-09 09:33:56,----------------departments:------select count(*)  from Opm_Organ where parentId=1192 and id>1000
2015-06-09 09:33:56,----------------departments:------select count(*)  from Opm_Organ where parentId=1206 and id>1000
2015-06-09 09:33:56,----------------departments:------select count(*)  from Opm_Organ where parentId=1207 and id>1000
2015-06-09 09:33:59,-----------vehicles4dep-----sql:------select oo.name as depName,c.name as customerName,dm.nickName,d.deviceIndex,d.registerKey,d.deviceID,v.vin,d.d_esn,v.licenseNumber,l.ign,l.onlineStatus,l.address_num,l.baidu_latitude as latitude ,l.baidu_longitude as longitude,l.heading,concat( l.gpsDate, ' ', l.gpsTime ) as time ,(l.alertStatus1+l.alertStatus2+l.alertStatus3+l.alertStatus4+l.alertStatus5+l.alertStatus6+l.alertStatus7+l.alertStatus8) as alertStatus from VehicleInfo v ,provision_obd.Devices d,Devices_MT dm,obd_demo.LocationStatus l,Customers c,Opm_Organ oo   where d.deviceID=dm.deviceID and dm.vin=v.vin  and d.depID=oo.id and d.depID  in (1207) and d.deviceID=l.deviceID  and dm.customerID=c.id limit 0,10
2015-06-09 09:36:03,----------------sql:------select ua.userID,ua.email,ua.username,ua.smsNum,ua.fullname,role.name as roleName,role.id as roleId, oo.name as depName from  Users_Admin  ua, Opm_User_Role ou, Opm_Role role, Customers oo   where ua.userID=ou.userID and ou.roleId=role.id and ua.organId=1077 and ua.organId=oo.id and ua.iscustomer=1
2015-06-09 09:36:05,----------------departments:-----------defDep:1003
2015-06-09 09:36:05,----------------departments:-----------id:1003
2015-06-09 09:36:05,----------------departments:------select * from Opm_Organ where id=1003 and id>1000
2015-06-09 09:36:05,----------------departments:------select count(*)  from Opm_Organ where parentId=1003 and id>1000
2015-06-09 09:36:05,----------------departments:-----------defDep:1003
2015-06-09 09:36:05,----------------departments:-----------id:1003
2015-06-09 09:36:05,----------------departments:------select * from Opm_Organ where id=1003 and id>1000
2015-06-09 09:36:05,----------------departments:------select count(*)  from Opm_Organ where parentId=1003 and id>1000
2015-06-09 09:36:05,----------------departments:-----------defDep:1003
2015-06-09 09:36:05,----------------departments:-----------defDep:1003
2015-06-09 09:36:05,----------------departments:-----------id:1003
2015-06-09 09:36:05,----------------departments:-----------id:1003
2015-06-09 09:36:05,----------------departments:------select * from Opm_Organ where id=1003 and id>1000
2015-06-09 09:36:05,----------------departments:------select * from Opm_Organ where id=1003 and id>1000
2015-06-09 09:36:05,----------------departments:------select count(*)  from Opm_Organ where parentId=1003 and id>1000
2015-06-09 09:36:05,----------------departments:------select count(*)  from Opm_Organ where parentId=1003 and id>1000
2015-06-09 09:36:08,----------------departments:-----------defDep:1003
2015-06-09 09:36:08,----------------departments:-----------id:1003
2015-06-09 09:36:08,----------------departments:------select * from Opm_Organ where id=1003 and id>1000
2015-06-09 09:36:08,----------------departments:------select count(*)  from Opm_Organ where parentId=1003 and id>1000
2015-06-09 09:36:08,----------------departments:-----------defDep:1003
2015-06-09 09:36:08,----------------departments:-----------id:1003
2015-06-09 09:36:08,----------------departments:------select * from Opm_Organ where id=1003 and id>1000
2015-06-09 09:36:08,----------------departments:------select count(*)  from Opm_Organ where parentId=1003 and id>1000
2015-06-09 09:36:08,----------------departments:-----------defDep:1003
2015-06-09 09:36:08,----------------departments:-----------id:1003
2015-06-09 09:36:08,----------------departments:------select * from Opm_Organ where id=1003 and id>1000
2015-06-09 09:36:08,----------------departments:-----------defDep:1003
2015-06-09 09:36:08,----------------departments:------select count(*)  from Opm_Organ where parentId=1003 and id>1000
2015-06-09 09:36:08,----------------departments:-----------id:1003
2015-06-09 09:36:08,----------------departments:------select * from Opm_Organ where id=1003 and id>1000
2015-06-09 09:36:08,----------------departments:------select count(*)  from Opm_Organ where parentId=1003 and id>1000
2015-06-09 09:36:21,----------------departments:-----------defDep:1003
2015-06-09 09:36:21,----------------departments:-----------id:1003
2015-06-09 09:36:21,----------------departments:------select * from Opm_Organ where id=1003 and id>1000
2015-06-09 09:36:21,----------------departments:------select count(*)  from Opm_Organ where parentId=1003 and id>1000
2015-06-09 09:36:21,----------------departments:-----------defDep:1003
2015-06-09 09:36:21,----------------departments:-----------id:1003
2015-06-09 09:36:21,----------------departments:------select * from Opm_Organ where id=1003 and id>1000
2015-06-09 09:36:21,----------------departments:------select count(*)  from Opm_Organ where parentId=1003 and id>1000
2015-06-09 09:36:21,----------------departments:-----------defDep:1003
2015-06-09 09:36:21,----------------departments:-----------id:1003
2015-06-09 09:36:21,----------------departments:------select * from Opm_Organ where id=1003 and id>1000
2015-06-09 09:36:21,----------------departments:------select count(*)  from Opm_Organ where parentId=1003 and id>1000
2015-06-09 09:36:21,----------------departments:-----------defDep:1003
2015-06-09 09:36:21,----------------departments:-----------id:1003
2015-06-09 09:36:21,----------------departments:------select * from Opm_Organ where id=1003 and id>1000
2015-06-09 09:36:21,----------------departments:------select count(*)  from Opm_Organ where parentId=1003 and id>1000
2015-06-09 09:36:23,----------------departments:-----------defDep:1003
2015-06-09 09:36:23,----------------departments:-----------id:1003
2015-06-09 09:36:23,----------------departments:------select * from Opm_Organ where  parentId=1003 and id>1000
2015-06-09 09:36:23,----------------departments:------select count(*)  from Opm_Organ where parentId=1192 and id>1000
2015-06-09 09:36:23,----------------departments:------select count(*)  from Opm_Organ where parentId=1206 and id>1000
2015-06-09 09:36:23,----------------departments:------select count(*)  from Opm_Organ where parentId=1207 and id>1000
2015-06-09 09:36:26,-----------vehicles4dep-----sql:------select oo.name as depName,c.name as customerName,dm.nickName,d.deviceIndex,d.registerKey,d.deviceID,v.vin,d.d_esn,v.licenseNumber,l.ign,l.onlineStatus,l.address_num,l.baidu_latitude as latitude ,l.baidu_longitude as longitude,l.heading,concat( l.gpsDate, ' ', l.gpsTime ) as time ,(l.alertStatus1+l.alertStatus2+l.alertStatus3+l.alertStatus4+l.alertStatus5+l.alertStatus6+l.alertStatus7+l.alertStatus8) as alertStatus from VehicleInfo v ,provision_obd.Devices d,Devices_MT dm,obd_demo.LocationStatus l,Customers c,Opm_Organ oo   where d.deviceID=dm.deviceID and dm.vin=v.vin  and d.depID=oo.id and d.depID  in (1207) and d.deviceID=l.deviceID  and dm.customerID=c.id limit 0,10
2015-06-09 09:42:16,----------------departments:-----------defDep:1003
2015-06-09 09:42:16,----------------departments:-----------defDep:1003
2015-06-09 09:42:16,----------------departments:-----------id:1003
2015-06-09 09:42:16,----------------departments:-----------id:1003
2015-06-09 09:42:16,----------------departments:------select * from Opm_Organ where id=1003 and id>1000
2015-06-09 09:42:16,----------------departments:------select * from Opm_Organ where id=1003 and id>1000
2015-06-09 09:42:16,----------------departments:------select count(*)  from Opm_Organ where parentId=1003 and id>1000
2015-06-09 09:42:16,----------------departments:------select count(*)  from Opm_Organ where parentId=1003 and id>1000
2015-06-09 09:42:16,----------------departments:-----------defDep:1003
2015-06-09 09:42:16,----------------departments:-----------id:1003
2015-06-09 09:42:16,----------------departments:------select * from Opm_Organ where id=1003 and id>1000
2015-06-09 09:42:16,----------------departments:------select count(*)  from Opm_Organ where parentId=1003 and id>1000
2015-06-09 09:42:16,----------------departments:-----------defDep:1003
2015-06-09 09:42:16,----------------departments:-----------id:1003
2015-06-09 09:42:16,----------------departments:------select * from Opm_Organ where id=1003 and id>1000
2015-06-09 09:42:16,----------------departments:------select count(*)  from Opm_Organ where parentId=1003 and id>1000
2015-06-09 09:42:32,----------------departments:-----------defDep:1003
2015-06-09 09:42:32,----------------departments:-----------id:1003
2015-06-09 09:42:32,----------------departments:------select * from Opm_Organ where  parentId=1003 and id>1000
2015-06-09 09:42:32,----------------departments:------select count(*)  from Opm_Organ where parentId=1192 and id>1000
2015-06-09 09:42:32,----------------departments:------select count(*)  from Opm_Organ where parentId=1206 and id>1000
2015-06-09 09:42:32,----------------departments:------select count(*)  from Opm_Organ where parentId=1207 and id>1000
2015-06-09 09:42:37,----------------departments:-----------defDep:1003
2015-06-09 09:42:37,----------------departments:-----------id:1003
2015-06-09 09:42:37,----------------departments:------select * from Opm_Organ where id=1003 and id>1000
2015-06-09 09:42:37,----------------departments:------select count(*)  from Opm_Organ where parentId=1003 and id>1000
2015-06-09 09:42:38,----------------departments:-----------defDep:1003
2015-06-09 09:42:38,----------------departments:-----------id:1003
2015-06-09 09:42:38,----------------departments:------select * from Opm_Organ where id=1003 and id>1000
2015-06-09 09:42:38,----------------departments:------select count(*)  from Opm_Organ where parentId=1003 and id>1000
2015-06-09 09:42:38,----------------departments:-----------defDep:1003
2015-06-09 09:42:38,----------------departments:-----------id:1003
2015-06-09 09:42:38,----------------departments:------select * from Opm_Organ where id=1003 and id>1000
2015-06-09 09:42:38,----------------departments:------select count(*)  from Opm_Organ where parentId=1003 and id>1000
2015-06-09 09:42:38,----------------departments:-----------defDep:1003
2015-06-09 09:42:38,----------------departments:-----------id:1003
2015-06-09 09:42:38,----------------departments:------select * from Opm_Organ where id=1003 and id>1000
2015-06-09 09:42:38,----------------departments:------select count(*)  from Opm_Organ where parentId=1003 and id>1000
2015-06-09 09:44:37,----------------departments:-----------defDep:1003
2015-06-09 09:44:37,----------------departments:-----------id:1003
2015-06-09 09:44:37,----------------departments:------select * from Opm_Organ where id=1003 and id>1000
2015-06-09 09:44:37,----------------departments:------select count(*)  from Opm_Organ where parentId=1003 and id>1000
2015-06-09 09:44:37,----------------departments:-----------defDep:1003
2015-06-09 09:44:37,----------------departments:-----------id:1003
2015-06-09 09:44:37,----------------departments:------select * from Opm_Organ where id=1003 and id>1000
2015-06-09 09:44:37,----------------departments:------select count(*)  from Opm_Organ where parentId=1003 and id>1000
2015-06-09 09:44:37,----------------departments:-----------defDep:1003
2015-06-09 09:44:37,----------------departments:-----------id:1003
2015-06-09 09:44:37,----------------departments:------select * from Opm_Organ where id=1003 and id>1000
2015-06-09 09:44:37,----------------departments:------select count(*)  from Opm_Organ where parentId=1003 and id>1000
2015-06-09 09:44:37,----------------departments:-----------defDep:1003
2015-06-09 09:44:37,----------------departments:-----------id:1003
2015-06-09 09:44:37,----------------departments:------select * from Opm_Organ where id=1003 and id>1000
2015-06-09 09:44:37,----------------departments:------select count(*)  from Opm_Organ where parentId=1003 and id>1000
2015-06-09 09:46:36,----------------departments:-----------defDep:1003
2015-06-09 09:46:36,----------------departments:-----------id:1003
2015-06-09 09:46:36,----------------departments:------select * from Opm_Organ where id=1003 and id>1000
2015-06-09 09:46:36,----------------departments:------select count(*)  from Opm_Organ where parentId=1003 and id>1000
2015-06-09 09:46:37,----------------departments:-----------defDep:1003
2015-06-09 09:46:37,----------------departments:-----------id:1003
2015-06-09 09:46:37,----------------departments:------select * from Opm_Organ where id=1003 and id>1000
2015-06-09 09:46:37,----------------departments:------select count(*)  from Opm_Organ where parentId=1003 and id>1000
2015-06-09 09:46:37,----------------departments:-----------defDep:1003
2015-06-09 09:46:37,----------------departments:-----------id:1003
2015-06-09 09:46:37,----------------departments:------select * from Opm_Organ where id=1003 and id>1000
2015-06-09 09:46:37,----------------departments:------select count(*)  from Opm_Organ where parentId=1003 and id>1000
2015-06-09 09:46:37,----------------departments:-----------defDep:1003
2015-06-09 09:46:37,----------------departments:-----------id:1003
2015-06-09 09:46:37,----------------departments:------select * from Opm_Organ where id=1003 and id>1000
2015-06-09 09:46:37,----------------departments:------select count(*)  from Opm_Organ where parentId=1003 and id>1000
2015-06-09 09:46:56,----------------departments:-----------defDep:1003
2015-06-09 09:46:56,----------------departments:-----------id:1003
2015-06-09 09:46:56,----------------departments:------select * from Opm_Organ where  parentId=1003 and id>1000
2015-06-09 09:46:56,----------------departments:------select count(*)  from Opm_Organ where parentId=1192 and id>1000
2015-06-09 09:46:56,----------------departments:------select count(*)  from Opm_Organ where parentId=1206 and id>1000
2015-06-09 09:46:56,----------------departments:------select count(*)  from Opm_Organ where parentId=1207 and id>1000
2015-06-09 09:46:57,-----------vehicles4dep-----sql:------select oo.name as depName,c.name as customerName,dm.nickName,d.deviceIndex,d.registerKey,d.deviceID,v.vin,d.d_esn,v.licenseNumber,l.ign,l.onlineStatus,l.address_num,l.baidu_latitude as latitude ,l.baidu_longitude as longitude,l.heading,concat( l.gpsDate, ' ', l.gpsTime ) as time ,(l.alertStatus1+l.alertStatus2+l.alertStatus3+l.alertStatus4+l.alertStatus5+l.alertStatus6+l.alertStatus7+l.alertStatus8) as alertStatus from VehicleInfo v ,provision_obd.Devices d,Devices_MT dm,obd_demo.LocationStatus l,Customers c,Opm_Organ oo   where d.deviceID=dm.deviceID and dm.vin=v.vin  and d.depID=oo.id and d.depID  in (1206) and d.deviceID=l.deviceID  and dm.customerID=c.id limit 0,10
2015-06-09 09:48:05,----------------departments:-----------defDep:1003
2015-06-09 09:48:05,----------------departments:-----------id:1003
2015-06-09 09:48:05,----------------departments:------select * from Opm_Organ where id=1003 and id>1000
2015-06-09 09:48:05,----------------departments:------select count(*)  from Opm_Organ where parentId=1003 and id>1000
2015-06-09 09:48:05,----------------departments:-----------defDep:1003
2015-06-09 09:48:05,----------------departments:-----------id:1003
2015-06-09 09:48:05,----------------departments:------select * from Opm_Organ where id=1003 and id>1000
2015-06-09 09:48:05,----------------departments:------select count(*)  from Opm_Organ where parentId=1003 and id>1000
2015-06-09 09:48:05,----------------sql:------select ua.userID,ua.email,ua.username,ua.smsNum,ua.fullname,role.name as roleName,role.id as roleId,oo.name as depName from  Users_Admin  ua,Opm_User_Role our,Opm_Role role,Opm_Organ oo  where ua.userID=our.userID and our.roleId=role.id and ua.organId=1003 and ua.isCustomer=0 and our.organId=oo.id
2015-06-09 09:48:07,----------------departments:-----------defDep:1003
2015-06-09 09:48:07,----------------departments:-----------id:1003
2015-06-09 09:48:07,----------------departments:------select * from Opm_Organ where id=1003 and id>1000
2015-06-09 09:48:07,----------------departments:------select count(*)  from Opm_Organ where parentId=1003 and id>1000
2015-06-09 09:48:07,----------------departments:-----------defDep:1003
2015-06-09 09:48:07,----------------departments:-----------id:1003
2015-06-09 09:48:07,----------------departments:------select * from Opm_Organ where id=1003 and id>1000
2015-06-09 09:48:07,----------------departments:------select count(*)  from Opm_Organ where parentId=1003 and id>1000
2015-06-09 09:48:07,----------------departments:-----------defDep:1003
2015-06-09 09:48:07,----------------departments:-----------id:1003
2015-06-09 09:48:07,----------------departments:------select * from Opm_Organ where id=1003 and id>1000
2015-06-09 09:48:07,----------------departments:------select count(*)  from Opm_Organ where parentId=1003 and id>1000
2015-06-09 09:48:07,----------------departments:-----------defDep:1003
2015-06-09 09:48:07,----------------departments:-----------id:1003
2015-06-09 09:48:07,----------------departments:------select * from Opm_Organ where id=1003 and id>1000
2015-06-09 09:48:07,----------------departments:------select count(*)  from Opm_Organ where parentId=1003 and id>1000
2015-06-09 09:48:11,----------------departments:-----------defDep:1003
2015-06-09 09:48:11,----------------departments:-----------id:1003
2015-06-09 09:48:11,----------------departments:------select * from Opm_Organ where  parentId=1003 and id>1000
2015-06-09 09:48:11,----------------departments:------select count(*)  from Opm_Organ where parentId=1192 and id>1000
2015-06-09 09:48:11,----------------departments:------select count(*)  from Opm_Organ where parentId=1206 and id>1000
2015-06-09 09:48:11,----------------departments:------select count(*)  from Opm_Organ where parentId=1207 and id>1000
2015-06-09 09:48:12,-----------vehicles4dep-----sql:------select oo.name as depName,c.name as customerName,dm.nickName,d.deviceIndex,d.registerKey,d.deviceID,v.vin,d.d_esn,v.licenseNumber,l.ign,l.onlineStatus,l.address_num,l.baidu_latitude as latitude ,l.baidu_longitude as longitude,l.heading,concat( l.gpsDate, ' ', l.gpsTime ) as time ,(l.alertStatus1+l.alertStatus2+l.alertStatus3+l.alertStatus4+l.alertStatus5+l.alertStatus6+l.alertStatus7+l.alertStatus8) as alertStatus from VehicleInfo v ,provision_obd.Devices d,Devices_MT dm,obd_demo.LocationStatus l,Customers c,Opm_Organ oo   where d.deviceID=dm.deviceID and dm.vin=v.vin  and d.depID=oo.id and d.depID  in (1207) and d.deviceID=l.deviceID  and dm.customerID=c.id limit 0,10
2015-06-09 09:48:58,----------------departments:-----------defDep:1003
2015-06-09 09:48:58,----------------departments:-----------id:1003
2015-06-09 09:48:58,----------------departments:------select * from Opm_Organ where id=1003 and id>1000
2015-06-09 09:48:58,----------------departments:------select count(*)  from Opm_Organ where parentId=1003 and id>1000
2015-06-09 09:48:58,----------------departments:-----------defDep:1003
2015-06-09 09:48:58,----------------departments:-----------id:1003
2015-06-09 09:48:58,----------------departments:------select * from Opm_Organ where id=1003 and id>1000
2015-06-09 09:48:58,----------------departments:------select count(*)  from Opm_Organ where parentId=1003 and id>1000
2015-06-09 09:48:58,----------------departments:-----------defDep:1003
2015-06-09 09:48:58,----------------departments:-----------id:1003
2015-06-09 09:48:58,----------------departments:------select * from Opm_Organ where id=1003 and id>1000
2015-06-09 09:48:58,----------------departments:------select count(*)  from Opm_Organ where parentId=1003 and id>1000
2015-06-09 09:48:58,----------------departments:-----------defDep:1003
2015-06-09 09:48:58,----------------departments:-----------id:1003
2015-06-09 09:48:58,----------------departments:------select * from Opm_Organ where id=1003 and id>1000
2015-06-09 09:48:58,----------------departments:------select count(*)  from Opm_Organ where parentId=1003 and id>1000
2015-06-09 09:50:44,----------------departments:-----------defDep:1003
2015-06-09 09:50:44,----------------departments:-----------id:1003
2015-06-09 09:50:44,----------------departments:------select * from Opm_Organ where id=1003 and id>1000
2015-06-09 09:50:44,----------------departments:------select count(*)  from Opm_Organ where parentId=1003 and id>1000
2015-06-09 09:50:44,----------------departments:-----------defDep:1003
2015-06-09 09:50:44,----------------departments:-----------id:1003
2015-06-09 09:50:44,----------------departments:------select * from Opm_Organ where id=1003 and id>1000
2015-06-09 09:50:44,----------------departments:------select count(*)  from Opm_Organ where parentId=1003 and id>1000
2015-06-09 09:50:44,----------------departments:-----------defDep:1003
2015-06-09 09:50:44,----------------departments:-----------id:1003
2015-06-09 09:50:44,----------------departments:------select * from Opm_Organ where id=1003 and id>1000
2015-06-09 09:50:44,----------------departments:------select count(*)  from Opm_Organ where parentId=1003 and id>1000
2015-06-09 09:50:44,----------------departments:-----------defDep:1003
2015-06-09 09:50:44,----------------departments:-----------id:1003
2015-06-09 09:50:44,----------------departments:------select * from Opm_Organ where id=1003 and id>1000
2015-06-09 09:50:44,----------------departments:------select count(*)  from Opm_Organ where parentId=1003 and id>1000
2015-06-09 09:50:46,----------------departments:-----------defDep:1003
2015-06-09 09:50:46,----------------departments:-----------id:1003
2015-06-09 09:50:46,----------------departments:------select * from Opm_Organ where  parentId=1003 and id>1000
2015-06-09 09:50:46,----------------departments:------select count(*)  from Opm_Organ where parentId=1192 and id>1000
2015-06-09 09:50:46,----------------departments:------select count(*)  from Opm_Organ where parentId=1206 and id>1000
2015-06-09 09:50:46,----------------departments:------select count(*)  from Opm_Organ where parentId=1207 and id>1000
2015-06-09 09:50:47,-----------vehicles4dep-----sql:------select oo.name as depName,c.name as customerName,dm.nickName,d.deviceIndex,d.registerKey,d.deviceID,v.vin,d.d_esn,v.licenseNumber,l.ign,l.onlineStatus,l.address_num,l.baidu_latitude as latitude ,l.baidu_longitude as longitude,l.heading,concat( l.gpsDate, ' ', l.gpsTime ) as time ,(l.alertStatus1+l.alertStatus2+l.alertStatus3+l.alertStatus4+l.alertStatus5+l.alertStatus6+l.alertStatus7+l.alertStatus8) as alertStatus from VehicleInfo v ,provision_obd.Devices d,Devices_MT dm,obd_demo.LocationStatus l,Customers c,Opm_Organ oo   where d.deviceID=dm.deviceID and dm.vin=v.vin  and d.depID=oo.id and d.depID  in (1206) and d.deviceID=l.deviceID  and dm.customerID=c.id limit 0,10
2015-06-09 09:51:28,-----------vehicles4dep-----sql:------select oo.name as depName,c.name as customerName,dm.nickName,d.deviceIndex,d.registerKey,d.deviceID,v.vin,d.d_esn,v.licenseNumber,l.ign,l.onlineStatus,l.address_num,l.baidu_latitude as latitude ,l.baidu_longitude as longitude,l.heading,concat( l.gpsDate, ' ', l.gpsTime ) as time ,(l.alertStatus1+l.alertStatus2+l.alertStatus3+l.alertStatus4+l.alertStatus5+l.alertStatus6+l.alertStatus7+l.alertStatus8) as alertStatus from VehicleInfo v ,provision_obd.Devices d,Devices_MT dm,obd_demo.LocationStatus l,Customers c,Opm_Organ oo   where d.deviceID=dm.deviceID and dm.vin=v.vin  and d.depID=oo.id and d.depID  in (1206,1207) and d.deviceID=l.deviceID  and dm.customerID=c.id limit 0,10
2015-06-09 09:51:28,-----------vehicles4dep-----sql:------select oo.name as depName,c.name as customerName,dm.nickName,d.deviceIndex,d.registerKey,d.deviceID,v.vin,d.d_esn,v.licenseNumber,l.ign,l.onlineStatus,l.address_num,l.baidu_latitude as latitude ,l.baidu_longitude as longitude,l.heading,concat( l.gpsDate, ' ', l.gpsTime ) as time ,(l.alertStatus1+l.alertStatus2+l.alertStatus3+l.alertStatus4+l.alertStatus5+l.alertStatus6+l.alertStatus7+l.alertStatus8) as alertStatus from VehicleInfo v ,provision_obd.Devices d,Devices_MT dm,obd_demo.LocationStatus l,Customers c,Opm_Organ oo   where d.deviceID=dm.deviceID and dm.vin=v.vin  and d.depID=oo.id and d.depID  in (1207) and d.deviceID=l.deviceID  and dm.customerID=c.id limit 0,10
2015-06-09 09:52:40,-----------vehicles4dep-----sql:------select oo.name as depName,c.name as customerName,dm.nickName,d.deviceIndex,d.registerKey,d.deviceID,v.vin,d.d_esn,v.licenseNumber,l.ign,l.onlineStatus,l.address_num,l.baidu_latitude as latitude ,l.baidu_longitude as longitude,l.heading,concat( l.gpsDate, ' ', l.gpsTime ) as time ,(l.alertStatus1+l.alertStatus2+l.alertStatus3+l.alertStatus4+l.alertStatus5+l.alertStatus6+l.alertStatus7+l.alertStatus8) as alertStatus from VehicleInfo v ,provision_obd.Devices d,Devices_MT dm,obd_demo.LocationStatus l,Customers c,Opm_Organ oo   where d.deviceID=dm.deviceID and dm.vin=v.vin  and d.depID=oo.id and d.depID  in (1206,1207) and d.deviceID=l.deviceID  and dm.customerID=c.id limit 0,10
2015-06-09 09:52:43,----------------departments:-----------defDep:1003
2015-06-09 09:52:43,----------------departments:-----------id:1003
2015-06-09 09:52:43,----------------departments:------select * from Opm_Organ where id=1003 and id>1000
2015-06-09 09:52:43,----------------departments:------select count(*)  from Opm_Organ where parentId=1003 and id>1000
2015-06-09 09:52:43,----------------departments:-----------defDep:1003
2015-06-09 09:52:43,----------------departments:-----------id:1003
2015-06-09 09:52:43,----------------departments:------select * from Opm_Organ where id=1003 and id>1000
2015-06-09 09:52:43,----------------departments:------select count(*)  from Opm_Organ where parentId=1003 and id>1000
2015-06-09 09:52:45,----------------departments:-----------defDep:1003
2015-06-09 09:52:45,----------------departments:-----------id:1003
2015-06-09 09:52:45,----------------departments:------select * from Opm_Organ where  parentId=1003 and id>1000
2015-06-09 09:52:45,----------------departments:------select count(*)  from Opm_Organ where parentId=1192 and id>1000
2015-06-09 09:52:45,----------------departments:------select count(*)  from Opm_Organ where parentId=1206 and id>1000
2015-06-09 09:52:45,----------------departments:------select count(*)  from Opm_Organ where parentId=1207 and id>1000
2015-06-09 09:52:46,-----------vehicles4dep-----sql:------select oo.name as depName,c.name as customerName,dm.nickName,d.deviceIndex,d.registerKey,d.deviceID,v.vin,d.d_esn,v.licenseNumber,l.ign,l.onlineStatus,l.address_num,l.baidu_latitude as latitude ,l.baidu_longitude as longitude,l.heading,concat( l.gpsDate, ' ', l.gpsTime ) as time ,(l.alertStatus1+l.alertStatus2+l.alertStatus3+l.alertStatus4+l.alertStatus5+l.alertStatus6+l.alertStatus7+l.alertStatus8) as alertStatus from VehicleInfo v ,provision_obd.Devices d,Devices_MT dm,obd_demo.LocationStatus l,Customers c,Opm_Organ oo   where d.deviceID=dm.deviceID and dm.vin=v.vin  and d.depID=oo.id and d.depID  in (1206) and d.deviceID=l.deviceID  and dm.customerID=c.id limit 0,10
2015-06-09 09:53:10,----------------departments:-----------defDep:1003
2015-06-09 09:53:10,----------------departments:-----------id:1003
2015-06-09 09:53:10,----------------departments:------select * from Opm_Organ where id=1003 and id>1000
2015-06-09 09:53:10,----------------departments:------select count(*)  from Opm_Organ where parentId=1003 and id>1000
2015-06-09 09:53:10,----------------departments:-----------defDep:1003
2015-06-09 09:53:10,----------------departments:-----------id:1003
2015-06-09 09:53:10,----------------departments:------select * from Opm_Organ where id=1003 and id>1000
2015-06-09 09:53:10,----------------departments:------select count(*)  from Opm_Organ where parentId=1003 and id>1000
2015-06-09 09:53:11,----------------departments:-----------defDep:1003
2015-06-09 09:53:11,----------------departments:-----------id:1003
2015-06-09 09:53:11,----------------departments:------select * from Opm_Organ where id=1003 and id>1000
2015-06-09 09:53:11,----------------departments:------select count(*)  from Opm_Organ where parentId=1003 and id>1000
2015-06-09 09:53:11,----------------departments:-----------defDep:1003
2015-06-09 09:53:11,----------------departments:-----------id:1003
2015-06-09 09:53:11,----------------departments:------select * from Opm_Organ where id=1003 and id>1000
2015-06-09 09:53:11,----------------departments:------select count(*)  from Opm_Organ where parentId=1003 and id>1000
2015-06-09 09:53:14,----------------departments:-----------defDep:1003
2015-06-09 09:53:14,----------------departments:-----------id:1003
2015-06-09 09:53:14,----------------departments:------select * from Opm_Organ where  parentId=1003 and id>1000
2015-06-09 09:53:14,----------------departments:------select count(*)  from Opm_Organ where parentId=1192 and id>1000
2015-06-09 09:53:14,----------------departments:------select count(*)  from Opm_Organ where parentId=1206 and id>1000
2015-06-09 09:53:14,----------------departments:------select count(*)  from Opm_Organ where parentId=1207 and id>1000
2015-06-09 09:53:15,-----------vehicles4dep-----sql:------select oo.name as depName,c.name as customerName,dm.nickName,d.deviceIndex,d.registerKey,d.deviceID,v.vin,d.d_esn,v.licenseNumber,l.ign,l.onlineStatus,l.address_num,l.baidu_latitude as latitude ,l.baidu_longitude as longitude,l.heading,concat( l.gpsDate, ' ', l.gpsTime ) as time ,(l.alertStatus1+l.alertStatus2+l.alertStatus3+l.alertStatus4+l.alertStatus5+l.alertStatus6+l.alertStatus7+l.alertStatus8) as alertStatus from VehicleInfo v ,provision_obd.Devices d,Devices_MT dm,obd_demo.LocationStatus l,Customers c,Opm_Organ oo   where d.deviceID=dm.deviceID and dm.vin=v.vin  and d.depID=oo.id and d.depID  in (1206) and d.deviceID=l.deviceID  and dm.customerID=c.id limit 0,10
2015-06-09 09:54:02,----------------departments:-----------defDep:1003
2015-06-09 09:54:02,----------------departments:-----------id:1003
2015-06-09 09:54:02,----------------departments:------select * from Opm_Organ where id=1003 and id>1000
2015-06-09 09:54:02,----------------departments:------select count(*)  from Opm_Organ where parentId=1003 and id>1000
2015-06-09 09:54:02,----------------departments:-----------defDep:1003
2015-06-09 09:54:02,----------------departments:-----------id:1003
2015-06-09 09:54:02,----------------departments:------select * from Opm_Organ where id=1003 and id>1000
2015-06-09 09:54:02,----------------departments:------select count(*)  from Opm_Organ where parentId=1003 and id>1000
2015-06-09 09:54:02,----------------departments:-----------defDep:1003
2015-06-09 09:54:02,----------------departments:-----------id:1003
2015-06-09 09:54:02,----------------departments:------select * from Opm_Organ where id=1003 and id>1000
2015-06-09 09:54:02,----------------departments:------select count(*)  from Opm_Organ where parentId=1003 and id>1000
2015-06-09 09:54:03,----------------departments:-----------defDep:1003
2015-06-09 09:54:03,----------------departments:-----------id:1003
2015-06-09 09:54:03,----------------departments:------select * from Opm_Organ where id=1003 and id>1000
2015-06-09 09:54:03,----------------departments:------select count(*)  from Opm_Organ where parentId=1003 and id>1000
2015-06-09 09:54:04,----------------departments:-----------defDep:1003
2015-06-09 09:54:04,----------------departments:-----------id:1003
2015-06-09 09:54:04,----------------departments:------select * from Opm_Organ where id=1003 and id>1000
2015-06-09 09:54:04,----------------departments:------select count(*)  from Opm_Organ where parentId=1003 and id>1000
2015-06-09 09:54:04,----------------departments:-----------defDep:1003
2015-06-09 09:54:04,----------------departments:-----------id:1003
2015-06-09 09:54:04,----------------departments:------select * from Opm_Organ where id=1003 and id>1000
2015-06-09 09:54:04,----------------departments:------select count(*)  from Opm_Organ where parentId=1003 and id>1000
2015-06-09 09:54:04,----------------sql:------select ua.userID,ua.email,ua.username,ua.smsNum,ua.fullname,role.name as roleName,role.id as roleId,oo.name as depName from  Users_Admin  ua,Opm_User_Role our,Opm_Role role,Opm_Organ oo  where ua.userID=our.userID and our.roleId=role.id and ua.organId=1003 and ua.isCustomer=0 and our.organId=oo.id
2015-06-09 09:54:10,----------------departments:-----------defDep:1003
2015-06-09 09:54:10,----------------departments:-----------id:1003
2015-06-09 09:54:10,----------------departments:------select * from Opm_Organ where id=1003 and id>1000
2015-06-09 09:54:10,----------------departments:------select count(*)  from Opm_Organ where parentId=1003 and id>1000
2015-06-09 09:54:10,----------------departments:-----------defDep:1003
2015-06-09 09:54:10,----------------departments:-----------id:1003
2015-06-09 09:54:10,----------------departments:------select * from Opm_Organ where id=1003 and id>1000
2015-06-09 09:54:10,----------------departments:------select count(*)  from Opm_Organ where parentId=1003 and id>1000
2015-06-09 09:54:10,----------------departments:-----------defDep:1003
2015-06-09 09:54:10,----------------departments:-----------id:1003
2015-06-09 09:54:10,----------------departments:------select * from Opm_Organ where id=1003 and id>1000
2015-06-09 09:54:10,----------------departments:------select count(*)  from Opm_Organ where parentId=1003 and id>1000
2015-06-09 09:54:10,----------------departments:-----------defDep:1003
2015-06-09 09:54:10,----------------departments:-----------id:1003
2015-06-09 09:54:10,----------------departments:------select * from Opm_Organ where id=1003 and id>1000
2015-06-09 09:54:10,----------------departments:------select count(*)  from Opm_Organ where parentId=1003 and id>1000
2015-06-09 09:54:12,----------------departments:-----------defDep:1003
2015-06-09 09:54:12,----------------departments:-----------id:1003
2015-06-09 09:54:12,----------------departments:------select * from Opm_Organ where id=1003 and id>1000
2015-06-09 09:54:12,----------------departments:------select count(*)  from Opm_Organ where parentId=1003 and id>1000
2015-06-09 09:54:12,----------------sql1:------select d.deviceID,v.vin,d.d_esn,v.licenseNumber,l.ign,l.onlineStatus,l.address_num,l.heading,l.baidu_latitude as latitude ,l.baidu_longitude as longitude,concat( l.gpsDate, ' ', l.gpsTime ) as time,(l.alertStatus1+l.alertStatus2+l.alertStatus3+l.alertStatus4+l.alertStatus5+l.alertStatus6+l.alertStatus7+l.alertStatus8) as alertStatus from VehicleInfo v ,provision_obd.Devices d,Devices_MT dm,obd_demo.LocationStatus l  where d.deviceID=dm.deviceID and dm.vin=v.vin and v.vin  in (707,725,726,727,732,733,728,729,731) and d.deviceID=l.deviceID  
2015-06-09 09:54:12,----------------departments:-----------defDep:1003
2015-06-09 09:54:12,----------------departments:-----------id:1003
2015-06-09 09:54:12,----------------departments:------select * from Opm_Organ where id=1003 and id>1000
2015-06-09 09:54:12,----------------departments:------select count(*)  from Opm_Organ where parentId=1003 and id>1000
2015-06-09 09:54:12,----------------departments:-----------defDep:1003
2015-06-09 09:54:12,----------------departments:-----------id:1003
2015-06-09 09:54:12,----------------departments:------select * from Opm_Organ where id=1003 and id>1000
2015-06-09 09:54:12,----------------departments:------select count(*)  from Opm_Organ where parentId=1003 and id>1000
2015-06-09 09:54:12,----------------departments:-----------defDep:1003
2015-06-09 09:54:12,----------------departments:-----------id:1003
2015-06-09 09:54:12,----------------departments:------select * from Opm_Organ where id=1003 and id>1000
2015-06-09 09:54:12,----------------departments:------select count(*)  from Opm_Organ where parentId=1003 and id>1000
2015-06-09 09:54:14,----------------departments:-----------defDep:1003
2015-06-09 09:54:14,----------------departments:-----------id:1003
2015-06-09 09:54:14,----------------departments:------select * from Opm_Organ where  parentId=1003 and id>1000
2015-06-09 09:54:14,----------------departments:------select count(*)  from Opm_Organ where parentId=1192 and id>1000
2015-06-09 09:54:14,----------------departments:------select count(*)  from Opm_Organ where parentId=1206 and id>1000
2015-06-09 09:54:14,----------------departments:------select count(*)  from Opm_Organ where parentId=1207 and id>1000
2015-06-09 09:54:15,-----------vehicles4dep-----sql:------select oo.name as depName,c.name as customerName,dm.nickName,d.deviceIndex,d.registerKey,d.deviceID,v.vin,d.d_esn,v.licenseNumber,l.ign,l.onlineStatus,l.address_num,l.baidu_latitude as latitude ,l.baidu_longitude as longitude,l.heading,concat( l.gpsDate, ' ', l.gpsTime ) as time ,(l.alertStatus1+l.alertStatus2+l.alertStatus3+l.alertStatus4+l.alertStatus5+l.alertStatus6+l.alertStatus7+l.alertStatus8) as alertStatus from VehicleInfo v ,provision_obd.Devices d,Devices_MT dm,obd_demo.LocationStatus l,Customers c,Opm_Organ oo   where d.deviceID=dm.deviceID and dm.vin=v.vin  and d.depID=oo.id and d.depID  in (1206) and d.deviceID=l.deviceID  and dm.customerID=c.id limit 0,10
2015-06-09 09:55:12,----------------sql1:------select d.deviceID,v.vin,d.d_esn,v.licenseNumber,l.ign,l.onlineStatus,l.address_num,l.heading,l.baidu_latitude as latitude ,l.baidu_longitude as longitude,concat( l.gpsDate, ' ', l.gpsTime ) as time,(l.alertStatus1+l.alertStatus2+l.alertStatus3+l.alertStatus4+l.alertStatus5+l.alertStatus6+l.alertStatus7+l.alertStatus8) as alertStatus from VehicleInfo v ,provision_obd.Devices d,Devices_MT dm,obd_demo.LocationStatus l  where d.deviceID=dm.deviceID and dm.vin=v.vin and v.vin  in (707,725,726,727,728,729,731,732,733) and d.deviceID=l.deviceID  
2015-06-09 09:56:12,----------------sql1:------select d.deviceID,v.vin,d.d_esn,v.licenseNumber,l.ign,l.onlineStatus,l.address_num,l.heading,l.baidu_latitude as latitude ,l.baidu_longitude as longitude,concat( l.gpsDate, ' ', l.gpsTime ) as time,(l.alertStatus1+l.alertStatus2+l.alertStatus3+l.alertStatus4+l.alertStatus5+l.alertStatus6+l.alertStatus7+l.alertStatus8) as alertStatus from VehicleInfo v ,provision_obd.Devices d,Devices_MT dm,obd_demo.LocationStatus l  where d.deviceID=dm.deviceID and dm.vin=v.vin and v.vin  in (707,725,726,727,728,729,731,732,733) and d.deviceID=l.deviceID  
2015-06-09 09:57:07,----------------departments:-----------defDep:1003
2015-06-09 09:57:07,----------------departments:-----------id:1003
2015-06-09 09:57:07,----------------departments:------select * from Opm_Organ where id=1003 and id>1000
2015-06-09 09:57:07,----------------departments:------select count(*)  from Opm_Organ where parentId=1003 and id>1000
2015-06-09 09:57:07,----------------departments:-----------defDep:1003
2015-06-09 09:57:07,----------------departments:-----------id:1003
2015-06-09 09:57:07,----------------departments:------select * from Opm_Organ where id=1003 and id>1000
2015-06-09 09:57:07,----------------departments:------select count(*)  from Opm_Organ where parentId=1003 and id>1000
2015-06-09 09:57:07,----------------sql:------select ua.userID,ua.email,ua.username,ua.smsNum,ua.fullname,role.name as roleName,role.id as roleId,oo.name as depName from  Users_Admin  ua,Opm_User_Role our,Opm_Role role,Opm_Organ oo  where ua.userID=our.userID and our.roleId=role.id and ua.organId=1003 and ua.isCustomer=0 and our.organId=oo.id
2015-06-09 09:57:09,----------------departments:-----------defDep:1003
2015-06-09 09:57:09,----------------departments:-----------id:1003
2015-06-09 09:57:09,----------------departments:------select * from Opm_Organ where  parentId=1003 and id>1000
2015-06-09 09:57:09,----------------departments:------select count(*)  from Opm_Organ where parentId=1192 and id>1000
2015-06-09 09:57:09,----------------departments:------select count(*)  from Opm_Organ where parentId=1206 and id>1000
2015-06-09 09:57:09,----------------departments:------select count(*)  from Opm_Organ where parentId=1207 and id>1000
2015-06-09 09:57:11,----------------sql:------select ua.userID,ua.email,ua.username,ua.smsNum,ua.fullname,role.name as roleName,role.id as roleId,oo.name as depName from  Users_Admin  ua,Opm_User_Role our,Opm_Role role,Opm_Organ oo  where ua.userID=our.userID and our.roleId=role.id and ua.organId=1207 and ua.isCustomer=0 and our.organId=oo.id
2015-06-09 09:57:13,----------------departments:-----------defDep:1003
2015-06-09 09:57:13,----------------departments:-----------id:1003
2015-06-09 09:57:13,----------------departments:------select * from Opm_Organ where id=1003 and id>1000
2015-06-09 09:57:13,----------------departments:------select count(*)  from Opm_Organ where parentId=1003 and id>1000
2015-06-09 09:57:13,----------------departments:-----------defDep:1003
2015-06-09 09:57:13,----------------departments:-----------id:1003
2015-06-09 09:57:13,----------------departments:------select * from Opm_Organ where id=1003 and id>1000
2015-06-09 09:57:13,----------------departments:------select count(*)  from Opm_Organ where parentId=1003 and id>1000
2015-06-09 09:57:13,----------------departments:-----------defDep:1003
2015-06-09 09:57:13,----------------departments:-----------id:1003
2015-06-09 09:57:13,----------------departments:------select * from Opm_Organ where id=1003 and id>1000
2015-06-09 09:57:13,----------------departments:------select count(*)  from Opm_Organ where parentId=1003 and id>1000
2015-06-09 09:57:13,----------------departments:-----------defDep:1003
2015-06-09 09:57:13,----------------departments:-----------id:1003
2015-06-09 09:57:13,----------------departments:------select * from Opm_Organ where id=1003 and id>1000
2015-06-09 09:57:13,----------------departments:------select count(*)  from Opm_Organ where parentId=1003 and id>1000
2015-06-09 09:57:16,----------------sql1:------select d.deviceID,v.vin,d.d_esn,v.licenseNumber,l.ign,l.onlineStatus,l.address_num,l.heading,l.baidu_latitude as latitude ,l.baidu_longitude as longitude,concat( l.gpsDate, ' ', l.gpsTime ) as time,(l.alertStatus1+l.alertStatus2+l.alertStatus3+l.alertStatus4+l.alertStatus5+l.alertStatus6+l.alertStatus7+l.alertStatus8) as alertStatus from VehicleInfo v ,provision_obd.Devices d,Devices_MT dm,obd_demo.LocationStatus l  where d.deviceID=dm.deviceID and dm.vin=v.vin and v.vin  in (707,725,726,729,731,732,733,727,728) and d.deviceID=l.deviceID  
2015-06-09 09:58:17,----------------sql1:------select d.deviceID,v.vin,d.d_esn,v.licenseNumber,l.ign,l.onlineStatus,l.address_num,l.heading,l.baidu_latitude as latitude ,l.baidu_longitude as longitude,concat( l.gpsDate, ' ', l.gpsTime ) as time,(l.alertStatus1+l.alertStatus2+l.alertStatus3+l.alertStatus4+l.alertStatus5+l.alertStatus6+l.alertStatus7+l.alertStatus8) as alertStatus from VehicleInfo v ,provision_obd.Devices d,Devices_MT dm,obd_demo.LocationStatus l  where d.deviceID=dm.deviceID and dm.vin=v.vin and v.vin  in (707,725,726,728,729,731,732,733,727) and d.deviceID=l.deviceID  
2015-06-09 09:59:09,----------------departments:-----------defDep:1003
2015-06-09 09:59:09,----------------departments:-----------id:1003
2015-06-09 09:59:09,----------------departments:------select * from Opm_Organ where  parentId=1003 and id>1000
2015-06-09 09:59:09,----------------departments:------select count(*)  from Opm_Organ where parentId=1192 and id>1000
2015-06-09 09:59:09,----------------departments:------select count(*)  from Opm_Organ where parentId=1206 and id>1000
2015-06-09 09:59:09,----------------departments:------select count(*)  from Opm_Organ where parentId=1207 and id>1000
2015-06-09 09:59:10,-----------vehicles4dep-----sql:------select oo.name as depName,c.name as customerName,dm.nickName,d.deviceIndex,d.registerKey,d.deviceID,v.vin,d.d_esn,v.licenseNumber,l.ign,l.onlineStatus,l.address_num,l.baidu_latitude as latitude ,l.baidu_longitude as longitude,l.heading,concat( l.gpsDate, ' ', l.gpsTime ) as time ,(l.alertStatus1+l.alertStatus2+l.alertStatus3+l.alertStatus4+l.alertStatus5+l.alertStatus6+l.alertStatus7+l.alertStatus8) as alertStatus from VehicleInfo v ,provision_obd.Devices d,Devices_MT dm,obd_demo.LocationStatus l,Customers c,Opm_Organ oo   where d.deviceID=dm.deviceID and dm.vin=v.vin  and d.depID=oo.id and d.depID  in (1207) and d.deviceID=l.deviceID  and dm.customerID=c.id limit 0,10
2015-06-09 09:59:18,----------------sql1:------select d.deviceID,v.vin,d.d_esn,v.licenseNumber,l.ign,l.onlineStatus,l.address_num,l.heading,l.baidu_latitude as latitude ,l.baidu_longitude as longitude,concat( l.gpsDate, ' ', l.gpsTime ) as time,(l.alertStatus1+l.alertStatus2+l.alertStatus3+l.alertStatus4+l.alertStatus5+l.alertStatus6+l.alertStatus7+l.alertStatus8) as alertStatus from VehicleInfo v ,provision_obd.Devices d,Devices_MT dm,obd_demo.LocationStatus l  where d.deviceID=dm.deviceID and dm.vin=v.vin and v.vin  in (707,725,726,727,728,729,731,732,733) and d.deviceID=l.deviceID  
2015-06-09 09:59:56,-----------vehicles4dep-----sql:------select oo.name as depName,c.name as customerName,dm.nickName,d.deviceIndex,d.registerKey,d.deviceID,v.vin,d.d_esn,v.licenseNumber,l.ign,l.onlineStatus,l.address_num,l.baidu_latitude as latitude ,l.baidu_longitude as longitude,l.heading,concat( l.gpsDate, ' ', l.gpsTime ) as time ,(l.alertStatus1+l.alertStatus2+l.alertStatus3+l.alertStatus4+l.alertStatus5+l.alertStatus6+l.alertStatus7+l.alertStatus8) as alertStatus from VehicleInfo v ,provision_obd.Devices d,Devices_MT dm,obd_demo.LocationStatus l,Customers c,Opm_Organ oo   where d.deviceID=dm.deviceID and dm.vin=v.vin  and d.depID=oo.id and d.depID  in (1206,1207) and d.deviceID=l.deviceID  and dm.customerID=c.id limit 0,10
2015-06-09 09:59:58,-----------vehicles4dep-----sql:------select oo.name as depName,c.name as customerName,dm.nickName,d.deviceIndex,d.registerKey,d.deviceID,v.vin,d.d_esn,v.licenseNumber,l.ign,l.onlineStatus,l.address_num,l.baidu_latitude as latitude ,l.baidu_longitude as longitude,l.heading,concat( l.gpsDate, ' ', l.gpsTime ) as time ,(l.alertStatus1+l.alertStatus2+l.alertStatus3+l.alertStatus4+l.alertStatus5+l.alertStatus6+l.alertStatus7+l.alertStatus8) as alertStatus from VehicleInfo v ,provision_obd.Devices d,Devices_MT dm,obd_demo.LocationStatus l,Customers c,Opm_Organ oo   where d.deviceID=dm.deviceID and dm.vin=v.vin  and d.depID=oo.id and d.depID  in (1207) and d.deviceID=l.deviceID  and dm.customerID=c.id limit 0,10
