2015-06-25 08:51:15,----------------departments:-----------defDep:1003
2015-06-25 08:51:15,----------------departments:-----------id:1003
2015-06-25 08:51:15,----------------departments:------select * from Opm_Organ where id=1003 and id>1000
2015-06-25 08:51:15,----------------departments:------select count(*)  from Opm_Organ where parentId=1003 and id>1000
2015-06-25 08:51:15,----------------departments:-----------defDep:1003
2015-06-25 08:51:15,----------------departments:-----------id:1003
2015-06-25 08:51:15,----------------departments:------select * from Opm_Organ where id=1003 and id>1000
2015-06-25 08:51:15,----------------departments:------select count(*)  from Opm_Organ where parentId=1003 and id>1000
2015-06-25 08:51:16,----------------departments:-----------defDep:1003
2015-06-25 08:51:16,----------------departments:-----------id:1003
2015-06-25 08:51:16,----------------departments:------select * from Opm_Organ where id=1003 and id>1000
2015-06-25 08:51:16,----------------departments:------select count(*)  from Opm_Organ where parentId=1003 and id>1000
2015-06-25 08:51:17,----------------departments:-----------defDep:1003
2015-06-25 08:51:17,----------------departments:-----------id:1003
2015-06-25 08:51:17,----------------departments:------select * from Opm_Organ where id=1003 and id>1000
2015-06-25 08:51:17,----------------departments:------select count(*)  from Opm_Organ where parentId=1003 and id>1000
2015-06-25 08:51:21,----------------departments:-----------defDep:1003
2015-06-25 08:51:21,----------------departments:-----------id:1003
2015-06-25 08:51:21,----------------departments:------select * from Opm_Organ where  parentId=1003 and id>1000
2015-06-25 08:51:21,----------------departments:------select count(*)  from Opm_Organ where parentId=1192 and id>1000
2015-06-25 08:51:21,----------------departments:------select count(*)  from Opm_Organ where parentId=1206 and id>1000
2015-06-25 08:51:21,----------------departments:------select count(*)  from Opm_Organ where parentId=1207 and id>1000
2015-06-25 08:51:23,----------------departments:-----------defDep:1003
2015-06-25 08:51:23,----------------departments:-----------id:1192
2015-06-25 08:51:23,----------------departments:------select * from Opm_Organ where  parentId=1192 and id>1000
2015-06-25 08:51:23,----------------departments:------select count(*)  from Opm_Organ where parentId=1198 and id>1000
2015-06-25 08:51:23,----------------departments:------select count(*)  from Opm_Organ where parentId=1202 and id>1000
2015-06-25 08:51:23,----------------departments:------select count(*)  from Opm_Organ where parentId=1203 and id>1000
2015-06-25 08:51:27,-----------vehicles4dep-----sql:------select oo.name as depName,c.name as customerName,dm.nickName,d.deviceIndex,d.registerKey,d.deviceID,v.vin,d.d_esn,v.licenseNumber,l.ign,l.onlineStatus,l.address_num,l.baidu_latitude as latitude ,l.baidu_longitude as longitude,l.heading,concat( l.gpsDate, ' ', l.gpsTime ) as time ,(l.alertStatus1+l.alertStatus2+l.alertStatus3+l.alertStatus4+l.alertStatus5+l.alertStatus6+l.alertStatus7+l.alertStatus8) as alertStatus from VehicleInfo v ,provision_obd.Devices d,Devices_MT dm,obd_demo.LocationStatus l,Customers c,Opm_Organ oo   where d.deviceID=dm.deviceID and dm.vin=v.vin  and d.depID=oo.id and d.depID  in (1202) and d.deviceID=l.deviceID  and dm.customerID=c.id limit 0,10
2015-06-25 08:51:29,-----------vehicles4dep-----sql:------select oo.name as depName,c.name as customerName,dm.nickName,d.deviceIndex,d.registerKey,d.deviceID,v.vin,d.d_esn,v.licenseNumber,l.ign,l.onlineStatus,l.address_num,l.baidu_latitude as latitude ,l.baidu_longitude as longitude,l.heading,concat( l.gpsDate, ' ', l.gpsTime ) as time ,(l.alertStatus1+l.alertStatus2+l.alertStatus3+l.alertStatus4+l.alertStatus5+l.alertStatus6+l.alertStatus7+l.alertStatus8) as alertStatus from VehicleInfo v ,provision_obd.Devices d,Devices_MT dm,obd_demo.LocationStatus l,Customers c,Opm_Organ oo   where d.deviceID=dm.deviceID and dm.vin=v.vin  and d.depID=oo.id and d.depID  in (-1) and d.deviceID=l.deviceID  and dm.customerID=c.id limit 0,10
2015-06-25 08:51:30,-----------vehicles4dep-----sql:------select oo.name as depName,c.name as customerName,dm.nickName,d.deviceIndex,d.registerKey,d.deviceID,v.vin,d.d_esn,v.licenseNumber,l.ign,l.onlineStatus,l.address_num,l.baidu_latitude as latitude ,l.baidu_longitude as longitude,l.heading,concat( l.gpsDate, ' ', l.gpsTime ) as time ,(l.alertStatus1+l.alertStatus2+l.alertStatus3+l.alertStatus4+l.alertStatus5+l.alertStatus6+l.alertStatus7+l.alertStatus8) as alertStatus from VehicleInfo v ,provision_obd.Devices d,Devices_MT dm,obd_demo.LocationStatus l,Customers c,Opm_Organ oo   where d.deviceID=dm.deviceID and dm.vin=v.vin  and d.depID=oo.id and d.depID  in (1203) and d.deviceID=l.deviceID  and dm.customerID=c.id limit 0,10
2015-06-25 08:51:32,-----------vehicles4dep-----sql:------select oo.name as depName,c.name as customerName,dm.nickName,d.deviceIndex,d.registerKey,d.deviceID,v.vin,d.d_esn,v.licenseNumber,l.ign,l.onlineStatus,l.address_num,l.baidu_latitude as latitude ,l.baidu_longitude as longitude,l.heading,concat( l.gpsDate, ' ', l.gpsTime ) as time ,(l.alertStatus1+l.alertStatus2+l.alertStatus3+l.alertStatus4+l.alertStatus5+l.alertStatus6+l.alertStatus7+l.alertStatus8) as alertStatus from VehicleInfo v ,provision_obd.Devices d,Devices_MT dm,obd_demo.LocationStatus l,Customers c,Opm_Organ oo   where d.deviceID=dm.deviceID and dm.vin=v.vin  and d.depID=oo.id and d.depID  in (-1) and d.deviceID=l.deviceID  and dm.customerID=c.id limit 0,10
2015-06-25 08:51:33,-----------vehicles4dep-----sql:------select oo.name as depName,c.name as customerName,dm.nickName,d.deviceIndex,d.registerKey,d.deviceID,v.vin,d.d_esn,v.licenseNumber,l.ign,l.onlineStatus,l.address_num,l.baidu_latitude as latitude ,l.baidu_longitude as longitude,l.heading,concat( l.gpsDate, ' ', l.gpsTime ) as time ,(l.alertStatus1+l.alertStatus2+l.alertStatus3+l.alertStatus4+l.alertStatus5+l.alertStatus6+l.alertStatus7+l.alertStatus8) as alertStatus from VehicleInfo v ,provision_obd.Devices d,Devices_MT dm,obd_demo.LocationStatus l,Customers c,Opm_Organ oo   where d.deviceID=dm.deviceID and dm.vin=v.vin  and d.depID=oo.id and d.depID  in (1202) and d.deviceID=l.deviceID  and dm.customerID=c.id limit 0,10
2015-06-25 08:51:36,-----------vehicles4dep-----sql:------select oo.name as depName,c.name as customerName,dm.nickName,d.deviceIndex,d.registerKey,d.deviceID,v.vin,d.d_esn,v.licenseNumber,l.ign,l.onlineStatus,l.address_num,l.baidu_latitude as latitude ,l.baidu_longitude as longitude,l.heading,concat( l.gpsDate, ' ', l.gpsTime ) as time ,(l.alertStatus1+l.alertStatus2+l.alertStatus3+l.alertStatus4+l.alertStatus5+l.alertStatus6+l.alertStatus7+l.alertStatus8) as alertStatus from VehicleInfo v ,provision_obd.Devices d,Devices_MT dm,obd_demo.LocationStatus l,Customers c,Opm_Organ oo   where d.deviceID=dm.deviceID and dm.vin=v.vin  and d.depID=oo.id and d.depID  in (1202) and d.deviceID=l.deviceID  and dm.customerID=c.id limit 10,10
2015-06-25 08:51:41,----------------departments:-----------defDep:1003
2015-06-25 08:51:41,----------------departments:-----------id:1003
2015-06-25 08:51:41,----------------departments:------select * from Opm_Organ where id=1003 and id>1000
2015-06-25 08:51:41,----------------departments:------select count(*)  from Opm_Organ where parentId=1003 and id>1000
2015-06-25 08:51:41,----------------departments:-----------defDep:1003
2015-06-25 08:51:41,----------------departments:-----------id:1003
2015-06-25 08:51:41,----------------departments:------select * from Opm_Organ where id=1003 and id>1000
2015-06-25 08:51:41,----------------departments:------select count(*)  from Opm_Organ where parentId=1003 and id>1000
2015-06-25 08:51:41,----------------deviceIDS:------ '6C50056A','6C50056C','6C50056D','6C50056F','6C500570','6C500571','6C500572','6C50057E'
2015-06-25 08:51:41,----------------sql:------select  l.*,iv.licenseNumber  from  LocationStatus l,IOV_demo.Devices_MT dm,IOV_demo.VehicleInfo iv  where l.deviceID=dm.deviceID and dm.vin=iv.vin and l.deviceID in ( '6C50056A','6C50056C','6C50056D','6C50056F','6C500570','6C500571','6C500572','6C50057E')
2015-06-25 08:51:50,-----------vehicles4dep-----sql:------select oo.name as depName,c.name as customerName,dm.nickName,d.deviceIndex,d.registerKey,d.deviceID,v.vin,d.d_esn,v.licenseNumber,l.ign,l.onlineStatus,l.address_num,l.baidu_latitude as latitude ,l.baidu_longitude as longitude,l.heading,concat( l.gpsDate, ' ', l.gpsTime ) as time ,(l.alertStatus1+l.alertStatus2+l.alertStatus3+l.alertStatus4+l.alertStatus5+l.alertStatus6+l.alertStatus7+l.alertStatus8) as alertStatus from VehicleInfo v ,provision_obd.Devices d,Devices_MT dm,obd_demo.LocationStatus l,Customers c,Opm_Organ oo   where d.deviceID=dm.deviceID and dm.vin=v.vin  and d.depID=oo.id and d.depID  in (1202) and d.deviceID=l.deviceID  and dm.customerID=c.id limit 0,10
2015-06-25 08:51:59,----------------departments:-----------defDep:1003
2015-06-25 08:51:59,----------------departments:-----------id:1003
2015-06-25 08:51:59,----------------departments:------select * from Opm_Organ where id=1003 and id>1000
2015-06-25 08:51:59,----------------departments:------select count(*)  from Opm_Organ where parentId=1003 and id>1000
2015-06-25 08:51:59,----------------departments:-----------defDep:1003
2015-06-25 08:51:59,----------------departments:-----------id:1003
2015-06-25 08:51:59,----------------departments:------select * from Opm_Organ where id=1003 and id>1000
2015-06-25 08:51:59,----------------departments:------select count(*)  from Opm_Organ where parentId=1003 and id>1000
2015-06-25 08:51:59,----------------deviceIDS:------ '6C50055D','6C50055E','6C50055F','6C500560','6C500561','6C500563','6C500564','6C500565'
2015-06-25 08:51:59,----------------sql:------select  l.*,iv.licenseNumber  from  LocationStatus l,IOV_demo.Devices_MT dm,IOV_demo.VehicleInfo iv  where l.deviceID=dm.deviceID and dm.vin=iv.vin and l.deviceID in ( '6C50055D','6C50055E','6C50055F','6C500560','6C500561','6C500563','6C500564','6C500565')
2015-06-25 08:52:13,----------------departments:-----------defDep:1003
2015-06-25 08:52:13,----------------departments:-----------id:1003
2015-06-25 08:52:13,----------------departments:------select * from Opm_Organ where id=1003 and id>1000
2015-06-25 08:52:13,----------------departments:------select count(*)  from Opm_Organ where parentId=1003 and id>1000
2015-06-25 08:52:14,----------------departments:-----------defDep:1003
2015-06-25 08:52:14,----------------departments:-----------id:1003
2015-06-25 08:52:14,----------------departments:------select * from Opm_Organ where id=1003 and id>1000
2015-06-25 08:52:14,----------------departments:------select count(*)  from Opm_Organ where parentId=1003 and id>1000
2015-06-25 08:52:14,----------------deviceIDS:------ '6C50055D','6C50055E','6C50055F','6C500560','6C500561','6C500563','6C500564','6C500565'
2015-06-25 08:52:14,----------------sql:------select  l.*,iv.licenseNumber  from  LocationStatus l,IOV_demo.Devices_MT dm,IOV_demo.VehicleInfo iv  where l.deviceID=dm.deviceID and dm.vin=iv.vin and l.deviceID in ( '6C50055D','6C50055E','6C50055F','6C500560','6C500561','6C500563','6C500564','6C500565')
2015-06-25 08:52:24,----------------departments:-----------defDep:1003
2015-06-25 08:52:24,----------------departments:-----------id:1003
2015-06-25 08:52:24,----------------departments:------select * from Opm_Organ where id=1003 and id>1000
2015-06-25 08:52:24,----------------departments:------select count(*)  from Opm_Organ where parentId=1003 and id>1000
2015-06-25 08:52:25,----------------departments:-----------defDep:1003
2015-06-25 08:52:25,----------------departments:-----------id:1003
2015-06-25 08:52:25,----------------departments:------select * from Opm_Organ where id=1003 and id>1000
2015-06-25 08:52:25,----------------departments:------select count(*)  from Opm_Organ where parentId=1003 and id>1000
2015-06-25 08:52:25,----------------deviceIDS:------ '6C50055D','6C50055E','6C50055F','6C500561','6C500563','6C500564','6C500565','6C500566'
2015-06-25 08:52:25,----------------sql:------select  l.*,iv.licenseNumber  from  LocationStatus l,IOV_demo.Devices_MT dm,IOV_demo.VehicleInfo iv  where l.deviceID=dm.deviceID and dm.vin=iv.vin and l.deviceID in ( '6C50055D','6C50055E','6C50055F','6C500561','6C500563','6C500564','6C500565','6C500566')
2015-06-25 08:52:31,----------------sql1:------select d.deviceID,v.vin,d.d_esn,v.licenseNumber,l.ign,l.onlineStatus,l.address_num,l.heading,l.baidu_latitude as latitude ,l.baidu_longitude as longitude,concat( l.gpsDate, ' ', l.gpsTime ) as time,(l.alertStatus1+l.alertStatus2+l.alertStatus3+l.alertStatus4+l.alertStatus5+l.alertStatus6+l.alertStatus7+l.alertStatus8) as alertStatus from VehicleInfo v ,provision_obd.Devices d,Devices_MT dm,obd_demo.LocationStatus l  where d.deviceID=dm.deviceID and dm.vin=v.vin and v.vin  in (665,667,668,670,671,672,673,685,690,693,652,653,654,656,658,659,660,661) and d.deviceID=l.deviceID  
2015-06-25 08:53:33,----------------sql1:------select d.deviceID,v.vin,d.d_esn,v.licenseNumber,l.ign,l.onlineStatus,l.address_num,l.heading,l.baidu_latitude as latitude ,l.baidu_longitude as longitude,concat( l.gpsDate, ' ', l.gpsTime ) as time,(l.alertStatus1+l.alertStatus2+l.alertStatus3+l.alertStatus4+l.alertStatus5+l.alertStatus6+l.alertStatus7+l.alertStatus8) as alertStatus from VehicleInfo v ,provision_obd.Devices d,Devices_MT dm,obd_demo.LocationStatus l  where d.deviceID=dm.deviceID and dm.vin=v.vin and v.vin  in (652,653,654,656,658,659,660,661,665,667,668,670,671,672,673,685,690,693) and d.deviceID=l.deviceID  
2015-06-25 08:53:56,-----------vehicles4dep-----sql:------select oo.name as depName,c.name as customerName,dm.nickName,d.deviceIndex,d.registerKey,d.deviceID,v.vin,d.d_esn,v.licenseNumber,l.ign,l.onlineStatus,l.address_num,l.baidu_latitude as latitude ,l.baidu_longitude as longitude,l.heading,concat( l.gpsDate, ' ', l.gpsTime ) as time ,(l.alertStatus1+l.alertStatus2+l.alertStatus3+l.alertStatus4+l.alertStatus5+l.alertStatus6+l.alertStatus7+l.alertStatus8) as alertStatus from VehicleInfo v ,provision_obd.Devices d,Devices_MT dm,obd_demo.LocationStatus l,Customers c,Opm_Organ oo   where d.deviceID=dm.deviceID and dm.vin=v.vin  and d.depID=oo.id and d.depID  in (1202,1206) and d.deviceID=l.deviceID  and dm.customerID=c.id limit 0,10
2015-06-25 08:53:57,-----------vehicles4dep-----sql:------select oo.name as depName,c.name as customerName,dm.nickName,d.deviceIndex,d.registerKey,d.deviceID,v.vin,d.d_esn,v.licenseNumber,l.ign,l.onlineStatus,l.address_num,l.baidu_latitude as latitude ,l.baidu_longitude as longitude,l.heading,concat( l.gpsDate, ' ', l.gpsTime ) as time ,(l.alertStatus1+l.alertStatus2+l.alertStatus3+l.alertStatus4+l.alertStatus5+l.alertStatus6+l.alertStatus7+l.alertStatus8) as alertStatus from VehicleInfo v ,provision_obd.Devices d,Devices_MT dm,obd_demo.LocationStatus l,Customers c,Opm_Organ oo   where d.deviceID=dm.deviceID and dm.vin=v.vin  and d.depID=oo.id and d.depID  in (1202,1206,1207) and d.deviceID=l.deviceID  and dm.customerID=c.id limit 0,10
2015-06-25 08:53:57,-----------vehicles4dep-----sql:------select oo.name as depName,c.name as customerName,dm.nickName,d.deviceIndex,d.registerKey,d.deviceID,v.vin,d.d_esn,v.licenseNumber,l.ign,l.onlineStatus,l.address_num,l.baidu_latitude as latitude ,l.baidu_longitude as longitude,l.heading,concat( l.gpsDate, ' ', l.gpsTime ) as time ,(l.alertStatus1+l.alertStatus2+l.alertStatus3+l.alertStatus4+l.alertStatus5+l.alertStatus6+l.alertStatus7+l.alertStatus8) as alertStatus from VehicleInfo v ,provision_obd.Devices d,Devices_MT dm,obd_demo.LocationStatus l,Customers c,Opm_Organ oo   where d.deviceID=dm.deviceID and dm.vin=v.vin  and d.depID=oo.id and d.depID  in (1202,1203,1206,1207) and d.deviceID=l.deviceID  and dm.customerID=c.id limit 0,10
2015-06-25 08:54:06,----------------departments:-----------defDep:1003
2015-06-25 08:54:06,----------------departments:-----------id:1003
2015-06-25 08:54:06,----------------departments:------select * from Opm_Organ where id=1003 and id>1000
2015-06-25 08:54:06,----------------departments:------select count(*)  from Opm_Organ where parentId=1003 and id>1000
2015-06-25 08:54:07,----------------departments:-----------defDep:1003
2015-06-25 08:54:07,----------------departments:-----------id:1003
2015-06-25 08:54:07,----------------departments:------select * from Opm_Organ where id=1003 and id>1000
2015-06-25 08:54:07,----------------departments:------select count(*)  from Opm_Organ where parentId=1003 and id>1000
2015-06-25 08:54:07,----------------deviceIDS:------ '6C50054F','6C500553','6C500554','6C500555','6C500557','6C500558','6C500559','6C50055A'
2015-06-25 08:54:07,----------------sql:------select  l.*,iv.licenseNumber  from  LocationStatus l,IOV_demo.Devices_MT dm,IOV_demo.VehicleInfo iv  where l.deviceID=dm.deviceID and dm.vin=iv.vin and l.deviceID in ( '6C50054F','6C500553','6C500554','6C500555','6C500557','6C500558','6C500559','6C50055A')
2015-06-25 09:02:07,----------------departments:-----------defDep:1003
2015-06-25 09:02:07,----------------departments:-----------id:1003
2015-06-25 09:02:07,----------------departments:------select * from Opm_Organ where id=1003 and id>1000
2015-06-25 09:02:07,----------------departments:------select count(*)  from Opm_Organ where parentId=1003 and id>1000
2015-06-25 09:02:08,----------------departments:-----------defDep:1003
2015-06-25 09:02:08,----------------departments:-----------id:1003
2015-06-25 09:02:08,----------------departments:------select * from Opm_Organ where id=1003 and id>1000
2015-06-25 09:02:08,----------------departments:------select count(*)  from Opm_Organ where parentId=1003 and id>1000
2015-06-25 09:02:19,----------------departments:-----------defDep:1003
2015-06-25 09:02:19,----------------departments:-----------id:1003
2015-06-25 09:02:19,----------------departments:------select * from Opm_Organ where  parentId=1003 and id>1000
2015-06-25 09:02:19,----------------departments:------select count(*)  from Opm_Organ where parentId=1192 and id>1000
2015-06-25 09:02:19,----------------departments:------select count(*)  from Opm_Organ where parentId=1206 and id>1000
2015-06-25 09:02:19,----------------departments:------select count(*)  from Opm_Organ where parentId=1207 and id>1000
2015-06-25 09:02:21,----------------departments:-----------defDep:1003
2015-06-25 09:02:21,----------------departments:-----------id:1192
2015-06-25 09:02:21,----------------departments:------select * from Opm_Organ where  parentId=1192 and id>1000
2015-06-25 09:02:21,----------------departments:------select count(*)  from Opm_Organ where parentId=1198 and id>1000
2015-06-25 09:02:21,----------------departments:------select count(*)  from Opm_Organ where parentId=1202 and id>1000
2015-06-25 09:02:21,----------------departments:------select count(*)  from Opm_Organ where parentId=1203 and id>1000
2015-06-25 09:02:23,-----------vehicles4dep-----sql:------select oo.name as depName,c.name as customerName,dm.nickName,d.deviceIndex,d.registerKey,d.deviceID,v.vin,d.d_esn,v.licenseNumber,l.ign,l.onlineStatus,l.address_num,l.baidu_latitude as latitude ,l.baidu_longitude as longitude,l.heading,concat( l.gpsDate, ' ', l.gpsTime ) as time ,(l.alertStatus1+l.alertStatus2+l.alertStatus3+l.alertStatus4+l.alertStatus5+l.alertStatus6+l.alertStatus7+l.alertStatus8) as alertStatus from VehicleInfo v ,provision_obd.Devices d,Devices_MT dm,obd_demo.LocationStatus l,Customers c,Opm_Organ oo   where d.deviceID=dm.deviceID and dm.vin=v.vin  and d.depID=oo.id and d.depID  in (1202) and d.deviceID=l.deviceID  and dm.customerID=c.id limit 0,10
2015-06-25 09:03:10,----------------sql1:------select d.deviceID,v.vin,d.d_esn,v.licenseNumber,l.ign,l.onlineStatus,l.address_num,l.heading,l.baidu_latitude as latitude ,l.baidu_longitude as longitude,concat( l.gpsDate, ' ', l.gpsTime ) as time,(l.alertStatus1+l.alertStatus2+l.alertStatus3+l.alertStatus4+l.alertStatus5+l.alertStatus6+l.alertStatus7+l.alertStatus8) as alertStatus from VehicleInfo v ,provision_obd.Devices d,Devices_MT dm,obd_demo.LocationStatus l  where d.deviceID=dm.deviceID and dm.vin=v.vin and v.vin  in (653,654,655,656,658,659,660,661,663,652) and d.deviceID=l.deviceID  
2015-06-25 09:04:16,----------------sql1:------select d.deviceID,v.vin,d.d_esn,v.licenseNumber,l.ign,l.onlineStatus,l.address_num,l.heading,l.baidu_latitude as latitude ,l.baidu_longitude as longitude,concat( l.gpsDate, ' ', l.gpsTime ) as time,(l.alertStatus1+l.alertStatus2+l.alertStatus3+l.alertStatus4+l.alertStatus5+l.alertStatus6+l.alertStatus7+l.alertStatus8) as alertStatus from VehicleInfo v ,provision_obd.Devices d,Devices_MT dm,obd_demo.LocationStatus l  where d.deviceID=dm.deviceID and dm.vin=v.vin and v.vin  in (652,653,654,655,656,658,659,660,661,663) and d.deviceID=l.deviceID  
2015-06-25 09:04:31,----------------departments:-----------defDep:1003
2015-06-25 09:04:31,----------------departments:-----------id:1003
2015-06-25 09:04:31,----------------departments:------select * from Opm_Organ where id=1003 and id>1000
2015-06-25 09:04:31,----------------departments:------select count(*)  from Opm_Organ where parentId=1003 and id>1000
2015-06-25 09:04:31,----------------departments:-----------defDep:1003
2015-06-25 09:04:31,----------------departments:-----------id:1003
2015-06-25 09:04:31,----------------departments:------select * from Opm_Organ where id=1003 and id>1000
2015-06-25 09:04:31,----------------departments:------select count(*)  from Opm_Organ where parentId=1003 and id>1000
2015-06-25 09:04:31,----------------deviceIDS:------ '6C50055D','6C50055E','6C500561','6C500563','6C500564','6C500565','6C500566','6C500568'
2015-06-25 09:04:31,----------------sql:------select  l.*,iv.licenseNumber  from  LocationStatus l,IOV_demo.Devices_MT dm,IOV_demo.VehicleInfo iv  where l.deviceID=dm.deviceID and dm.vin=iv.vin and l.deviceID in ( '6C50055D','6C50055E','6C500561','6C500563','6C500564','6C500565','6C500566','6C500568')
2015-06-25 09:05:18,----------------sql1:------select d.deviceID,v.vin,d.d_esn,v.licenseNumber,l.ign,l.onlineStatus,l.address_num,l.heading,l.baidu_latitude as latitude ,l.baidu_longitude as longitude,concat( l.gpsDate, ' ', l.gpsTime ) as time,(l.alertStatus1+l.alertStatus2+l.alertStatus3+l.alertStatus4+l.alertStatus5+l.alertStatus6+l.alertStatus7+l.alertStatus8) as alertStatus from VehicleInfo v ,provision_obd.Devices d,Devices_MT dm,obd_demo.LocationStatus l  where d.deviceID=dm.deviceID and dm.vin=v.vin and v.vin  in (652,653,656,658,659,660,661,663) and d.deviceID=l.deviceID  
2015-06-25 09:05:35,----------------departments:-----------defDep:1003
2015-06-25 09:05:35,----------------departments:-----------id:1003
2015-06-25 09:05:35,----------------departments:------select * from Opm_Organ where id=1003 and id>1000
2015-06-25 09:05:35,----------------departments:------select count(*)  from Opm_Organ where parentId=1003 and id>1000
2015-06-25 09:05:36,----------------departments:-----------defDep:1003
2015-06-25 09:05:36,----------------departments:-----------id:1003
2015-06-25 09:05:36,----------------departments:------select * from Opm_Organ where id=1003 and id>1000
2015-06-25 09:05:36,----------------departments:------select count(*)  from Opm_Organ where parentId=1003 and id>1000
2015-06-25 09:05:41,----------------departments:-----------defDep:1003
2015-06-25 09:05:41,----------------departments:-----------id:1003
2015-06-25 09:05:41,----------------departments:------select * from Opm_Organ where  parentId=1003 and id>1000
2015-06-25 09:05:41,----------------departments:------select count(*)  from Opm_Organ where parentId=1192 and id>1000
2015-06-25 09:05:41,----------------departments:------select count(*)  from Opm_Organ where parentId=1206 and id>1000
2015-06-25 09:05:41,----------------departments:------select count(*)  from Opm_Organ where parentId=1207 and id>1000
2015-06-25 09:05:42,----------------departments:-----------defDep:1003
2015-06-25 09:05:42,----------------departments:-----------id:1192
2015-06-25 09:05:42,----------------departments:------select * from Opm_Organ where  parentId=1192 and id>1000
2015-06-25 09:05:42,----------------departments:------select count(*)  from Opm_Organ where parentId=1198 and id>1000
2015-06-25 09:05:42,----------------departments:------select count(*)  from Opm_Organ where parentId=1202 and id>1000
2015-06-25 09:05:42,----------------departments:------select count(*)  from Opm_Organ where parentId=1203 and id>1000
2015-06-25 09:05:45,----------------departments:-----------defDep:1003
2015-06-25 09:05:45,----------------departments:-----------id:1198
2015-06-25 09:05:45,----------------departments:------select * from Opm_Organ where  parentId=1198 and id>1000
2015-06-25 09:05:45,----------------departments:------select count(*)  from Opm_Organ where parentId=1199 and id>1000
2015-06-25 09:05:45,----------------departments:------select count(*)  from Opm_Organ where parentId=1200 and id>1000
2015-06-25 09:05:45,----------------departments:------select count(*)  from Opm_Organ where parentId=1201 and id>1000
2015-06-25 09:05:49,-----------vehicles4dep-----sql:------select oo.name as depName,c.name as customerName,dm.nickName,d.deviceIndex,d.registerKey,d.deviceID,v.vin,d.d_esn,v.licenseNumber,l.ign,l.onlineStatus,l.address_num,l.baidu_latitude as latitude ,l.baidu_longitude as longitude,l.heading,concat( l.gpsDate, ' ', l.gpsTime ) as time ,(l.alertStatus1+l.alertStatus2+l.alertStatus3+l.alertStatus4+l.alertStatus5+l.alertStatus6+l.alertStatus7+l.alertStatus8) as alertStatus from VehicleInfo v ,provision_obd.Devices d,Devices_MT dm,obd_demo.LocationStatus l,Customers c,Opm_Organ oo   where d.deviceID=dm.deviceID and dm.vin=v.vin  and d.depID=oo.id and d.depID  in (1202) and d.deviceID=l.deviceID  and dm.customerID=c.id limit 0,10
2015-06-25 09:06:02,----------------sql:------select vm.ModelName,c.name as customer,d.deviceID,d.d_esn,vi.licenseNumber,sum(fuel_consumption) as sum_fuel_consumption,sum(driving_dist)*1.03/1000 as sum_distance  from provision_obd.Devices d   join  Devices_MT dm on d.deviceID=dm.deviceID left join  VehModelNumber vn on dm.ModelNumID=vn.ModelNumID join  VehicleInfo vi on  dm.vin=vi.vin left join  VehModel vm  on  vn.ModelID=vm.ModelID left join  Customers c on dm.customerID=c.id left join  obd_demo.LocationHistory l  on  (l.deviceID=d.deviceID and  l.code=3016 and  gpsStamp >= '2015-05-31 16:00:00' AND gpsStamp <= '2015-06-25 15:59:59') where  d.deviceID in ( '6C50055D','6C50055E','6C50055F','6C500560','6C500561','6C500563','6C500564','6C500565','6C500566','6C500568') group by d.deviceID 
2015-06-25 09:06:02,----------------sql:------select deviceID,max(speed) as max_speed  from LocationHistory where  deviceID in ( '6C50055D','6C50055E','6C50055F','6C500560','6C500561','6C500563','6C500564','6C500565','6C500566','6C500568') and gpsStamp >= '2015-05-31 16:00:00' AND gpsStamp <= '2015-06-25 15:59:59' group by deviceID   
2015-06-25 09:06:06,----------------sql:------select sum(UNIX_TIMESTAMP(gpsStamp)) as time  from  LocationHistory where deviceID='6C50055D' and gpsStamp>'2015-05-31 16:00:00' and gpsStamp<'2015-06-25 15:59:59' and code=3015
2015-06-25 09:06:06,----------------sql:------select sum(UNIX_TIMESTAMP(gpsStamp)) as time  from  LocationHistory where deviceID='6C50055D' and gpsStamp>'2015-05-31 16:00:00' and gpsStamp<'2015-06-25 15:59:59' and code=3016
2015-06-25 09:06:06,----------------sql:------select sum(UNIX_TIMESTAMP(gpsStamp)) as time  from  LocationHistory where deviceID='6C50055E' and gpsStamp>'2015-05-31 16:00:00' and gpsStamp<'2015-06-25 15:59:59' and code=3015
2015-06-25 09:06:06,----------------sql:------select sum(UNIX_TIMESTAMP(gpsStamp)) as time  from  LocationHistory where deviceID='6C50055E' and gpsStamp>'2015-05-31 16:00:00' and gpsStamp<'2015-06-25 15:59:59' and code=3016
2015-06-25 09:06:06,----------------sql:------select sum(UNIX_TIMESTAMP(gpsStamp)) as time  from  LocationHistory where deviceID='6C50055F' and gpsStamp>'2015-05-31 16:00:00' and gpsStamp<'2015-06-25 15:59:59' and code=3015
2015-06-25 09:06:06,----------------sql:------select sum(UNIX_TIMESTAMP(gpsStamp)) as time  from  LocationHistory where deviceID='6C50055F' and gpsStamp>'2015-05-31 16:00:00' and gpsStamp<'2015-06-25 15:59:59' and code=3016
2015-06-25 09:06:06,----------------sql:------select sum(UNIX_TIMESTAMP(gpsStamp)) as time  from  LocationHistory where deviceID='6C500560' and gpsStamp>'2015-05-31 16:00:00' and gpsStamp<'2015-06-25 15:59:59' and code=3015
2015-06-25 09:06:06,----------------sql:------select sum(UNIX_TIMESTAMP(gpsStamp)) as time  from  LocationHistory where deviceID='6C500560' and gpsStamp>'2015-05-31 16:00:00' and gpsStamp<'2015-06-25 15:59:59' and code=3016
2015-06-25 09:06:06,----------------sql:------select sum(UNIX_TIMESTAMP(gpsStamp)) as time  from  LocationHistory where deviceID='6C500561' and gpsStamp>'2015-05-31 16:00:00' and gpsStamp<'2015-06-25 15:59:59' and code=3015
2015-06-25 09:06:06,----------------sql:------select sum(UNIX_TIMESTAMP(gpsStamp)) as time  from  LocationHistory where deviceID='6C500561' and gpsStamp>'2015-05-31 16:00:00' and gpsStamp<'2015-06-25 15:59:59' and code=3016
2015-06-25 09:06:06,----------------sql:------select sum(UNIX_TIMESTAMP(gpsStamp)) as time  from  LocationHistory where deviceID='6C500563' and gpsStamp>'2015-05-31 16:00:00' and gpsStamp<'2015-06-25 15:59:59' and code=3015
2015-06-25 09:06:06,----------------sql:------select sum(UNIX_TIMESTAMP(gpsStamp)) as time  from  LocationHistory where deviceID='6C500563' and gpsStamp>'2015-05-31 16:00:00' and gpsStamp<'2015-06-25 15:59:59' and code=3016
2015-06-25 09:06:06,----------------sql:------select sum(UNIX_TIMESTAMP(gpsStamp)) as time  from  LocationHistory where deviceID='6C500564' and gpsStamp>'2015-05-31 16:00:00' and gpsStamp<'2015-06-25 15:59:59' and code=3015
2015-06-25 09:06:06,----------------sql:------select sum(UNIX_TIMESTAMP(gpsStamp)) as time  from  LocationHistory where deviceID='6C500564' and gpsStamp>'2015-05-31 16:00:00' and gpsStamp<'2015-06-25 15:59:59' and code=3016
2015-06-25 09:06:06,----------------sql:------select sum(UNIX_TIMESTAMP(gpsStamp)) as time  from  LocationHistory where deviceID='6C500565' and gpsStamp>'2015-05-31 16:00:00' and gpsStamp<'2015-06-25 15:59:59' and code=3015
2015-06-25 09:06:06,----------------sql:------select sum(UNIX_TIMESTAMP(gpsStamp)) as time  from  LocationHistory where deviceID='6C500565' and gpsStamp>'2015-05-31 16:00:00' and gpsStamp<'2015-06-25 15:59:59' and code=3016
2015-06-25 09:06:06,----------------sql:------select sum(UNIX_TIMESTAMP(gpsStamp)) as time  from  LocationHistory where deviceID='6C500566' and gpsStamp>'2015-05-31 16:00:00' and gpsStamp<'2015-06-25 15:59:59' and code=3015
2015-06-25 09:06:06,----------------sql:------select sum(UNIX_TIMESTAMP(gpsStamp)) as time  from  LocationHistory where deviceID='6C500566' and gpsStamp>'2015-05-31 16:00:00' and gpsStamp<'2015-06-25 15:59:59' and code=3016
2015-06-25 09:06:06,----------------sql:------select sum(UNIX_TIMESTAMP(gpsStamp)) as time  from  LocationHistory where deviceID='6C500568' and gpsStamp>'2015-05-31 16:00:00' and gpsStamp<'2015-06-25 15:59:59' and code=3015
2015-06-25 09:06:06,----------------sql:------select sum(UNIX_TIMESTAMP(gpsStamp)) as time  from  LocationHistory where deviceID='6C500568' and gpsStamp>'2015-05-31 16:00:00' and gpsStamp<'2015-06-25 15:59:59' and code=3016
2015-06-25 09:06:07,----------------sql:------select deviceID,serverDate,sum(fuel_consumption) as sum_fuel_consumption,sum(driving_dist)*1.03 as sum_distance  from LocationHistory  where deviceID='6C50055D'  and code=3016  and gpsStamp>'2015-05-31 16:00:00' and gpsStamp<='2015-06-25 15:59:59'  and serverDate=gpsDate group by serverDate order by serverDate
2015-06-25 09:06:07,----------------sql:------select deviceID,gpsDate,gpsTime,serverDate,fuel_consumption as sum_fuel_consumption,driving_dist*1.03 as sum_distance  from LocationHistory  where deviceID='6C50055D'  and code=3016  and gpsStamp>'2015-05-31 16:00:00' and gpsStamp<='2015-06-25 15:59:59'  and serverDate <> gpsDate  order by serverDate
2015-06-25 09:06:07,----------------sql:------select deviceID,serverDate,sum(fuel_consumption) as sum_fuel_consumption,sum(driving_dist)*1.03 as sum_distance  from LocationHistory  where deviceID='6C50055D'  and code=3016  and gpsStamp>'2015-05-31 16:00:00' and gpsStamp<='2015-06-25 15:59:59'  and serverDate=gpsDate group by serverDate order by serverDate
2015-06-25 09:06:07,----------------sql:------select deviceID,gpsDate,gpsTime,serverDate,fuel_consumption as sum_fuel_consumption,driving_dist*1.03 as sum_distance  from LocationHistory  where deviceID='6C50055D'  and code=3016  and gpsStamp>'2015-05-31 16:00:00' and gpsStamp<='2015-06-25 15:59:59'  and serverDate <> gpsDate  order by serverDate
2015-06-25 09:11:38,----------------sql:------select vm.ModelName,c.name as customer,d.deviceID,d.d_esn,vi.licenseNumber,  sum(case when  code =3024 then 1 else 0 end) as hard_accel,sum(case when  code =3025 then 1 else 0 end) as hard_corner
	,sum(case when  code =3026 then 1 else 0 end) as hard_break from provision_obd.Devices d   join  Devices_MT dm on d.deviceID=dm.deviceID left join  VehModelNumber vn on dm.ModelNumID=vn.ModelNumID join  VehicleInfo vi on  dm.vin=vi.vin left join  VehModel vm  on  vn.ModelID=vm.ModelID left join  Customers c on dm.customerID=c.id left join  obd_demo.LocationHistory l  on  (l.deviceID=d.deviceID and  (l.code=3024 or l.code=3025  or l.code=3026 )  and  gpsStamp >= '2015-05-31 16:00:00' AND gpsStamp <= '2015-06-25 15:59:59') where  d.deviceID in ( '6C50055D','6C50055E','6C50055F','6C500560','6C500561','6C500563','6C500564','6C500565','6C500566','6C500568') group by d.deviceID 
2015-06-25 09:11:39,----------------sql:------select deviceID,serverDate,sum(case when  code =3024 then 1 else 0 end) as hard_accel,sum(case when  code =3025 then 1 else 0 end) as hard_corner
	        ,sum(case when  code =3026 then 1 else 0 end) as hard_break  from LocationHistory  where deviceID='6C50055D'  and (code=3024 or code=3025 or  code=3026)  and gpsStamp>'2015-05-31 16:00:00' and gpsStamp<='2015-06-25 15:59:59'  and serverDate=gpsDate group by serverDate order by serverDate
2015-06-25 09:11:39,----------------sql:------select deviceID,gpsDate,gpsTime,serverDate,sum(case when  code =3024 then 1 else 0 end) as hard_accel,sum(case when  code =3025 then 1 else 0 end) as hard_corner
	        ,sum(case when  code =3026 then 1 else 0 end) as hard_break from LocationHistory  where deviceID='6C50055D'  and and (code=3024 or code=3025 or  code=3026)   and gpsStamp>'2015-05-31 16:00:00' and gpsStamp<='2015-06-25 15:59:59'  and serverDate <> gpsDate  order by serverDate
2015-06-25 09:11:39,----------------sql:------select deviceID,serverDate,sum(case when  code =3024 then 1 else 0 end) as hard_accel,sum(case when  code =3025 then 1 else 0 end) as hard_corner
	        ,sum(case when  code =3026 then 1 else 0 end) as hard_break  from LocationHistory  where deviceID='6C50055D'  and (code=3024 or code=3025 or  code=3026)  and gpsStamp>'2015-05-31 16:00:00' and gpsStamp<='2015-06-25 15:59:59'  and serverDate=gpsDate group by serverDate order by serverDate
2015-06-25 09:11:39,----------------sql:------select deviceID,gpsDate,gpsTime,serverDate,sum(case when  code =3024 then 1 else 0 end) as hard_accel,sum(case when  code =3025 then 1 else 0 end) as hard_corner
	        ,sum(case when  code =3026 then 1 else 0 end) as hard_break from LocationHistory  where deviceID='6C50055D'  and and (code=3024 or code=3025 or  code=3026)   and gpsStamp>'2015-05-31 16:00:00' and gpsStamp<='2015-06-25 15:59:59'  and serverDate <> gpsDate  order by serverDate
2015-06-25 09:11:43,----------------sql:------select deviceID,serverDate,sum(case when  code =3024 then 1 else 0 end) as hard_accel,sum(case when  code =3025 then 1 else 0 end) as hard_corner
	        ,sum(case when  code =3026 then 1 else 0 end) as hard_break  from LocationHistory  where deviceID='6C500561'  and (code=3024 or code=3025 or  code=3026)  and gpsStamp>'2015-05-31 16:00:00' and gpsStamp<='2015-06-25 15:59:59'  and serverDate=gpsDate group by serverDate order by serverDate
2015-06-25 09:11:43,----------------sql:------select deviceID,gpsDate,gpsTime,serverDate,sum(case when  code =3024 then 1 else 0 end) as hard_accel,sum(case when  code =3025 then 1 else 0 end) as hard_corner
	        ,sum(case when  code =3026 then 1 else 0 end) as hard_break from LocationHistory  where deviceID='6C500561'  and and (code=3024 or code=3025 or  code=3026)   and gpsStamp>'2015-05-31 16:00:00' and gpsStamp<='2015-06-25 15:59:59'  and serverDate <> gpsDate  order by serverDate
2015-06-25 09:11:44,----------------sql:------select deviceID,serverDate,sum(case when  code =3024 then 1 else 0 end) as hard_accel,sum(case when  code =3025 then 1 else 0 end) as hard_corner
	        ,sum(case when  code =3026 then 1 else 0 end) as hard_break  from LocationHistory  where deviceID='6C500561'  and (code=3024 or code=3025 or  code=3026)  and gpsStamp>'2015-05-31 16:00:00' and gpsStamp<='2015-06-25 15:59:59'  and serverDate=gpsDate group by serverDate order by serverDate
2015-06-25 09:11:44,----------------sql:------select deviceID,gpsDate,gpsTime,serverDate,sum(case when  code =3024 then 1 else 0 end) as hard_accel,sum(case when  code =3025 then 1 else 0 end) as hard_corner
	        ,sum(case when  code =3026 then 1 else 0 end) as hard_break from LocationHistory  where deviceID='6C500561'  and and (code=3024 or code=3025 or  code=3026)   and gpsStamp>'2015-05-31 16:00:00' and gpsStamp<='2015-06-25 15:59:59'  and serverDate <> gpsDate  order by serverDate
2015-06-25 09:13:34,----------------sql:------select deviceID,serverDate,sum(case when  code =3024 then 1 else 0 end) as hard_accel,sum(case when  code =3025 then 1 else 0 end) as hard_corner
	        ,sum(case when  code =3026 then 1 else 0 end) as hard_break  from LocationHistory  where deviceID='6C500560'  and (code=3024 or code=3025 or  code=3026)  and gpsStamp>'2015-05-31 16:00:00' and gpsStamp<='2015-06-25 15:59:59'  and serverDate=gpsDate group by serverDate order by serverDate
2015-06-25 09:13:34,----------------sql:------select deviceID,gpsDate,gpsTime,serverDate,sum(case when  code =3024 then 1 else 0 end) as hard_accel,sum(case when  code =3025 then 1 else 0 end) as hard_corner
	        ,sum(case when  code =3026 then 1 else 0 end) as hard_break from LocationHistory  where deviceID='6C500560'  and and (code=3024 or code=3025 or  code=3026)   and gpsStamp>'2015-05-31 16:00:00' and gpsStamp<='2015-06-25 15:59:59'  and serverDate <> gpsDate  order by serverDate
2015-06-25 09:13:36,----------------sql:------select deviceID,serverDate,sum(case when  code =3024 then 1 else 0 end) as hard_accel,sum(case when  code =3025 then 1 else 0 end) as hard_corner
	        ,sum(case when  code =3026 then 1 else 0 end) as hard_break  from LocationHistory  where deviceID='6C500560'  and (code=3024 or code=3025 or  code=3026)  and gpsStamp>'2015-05-31 16:00:00' and gpsStamp<='2015-06-25 15:59:59'  and serverDate=gpsDate group by serverDate order by serverDate
2015-06-25 09:13:36,----------------sql:------select deviceID,gpsDate,gpsTime,serverDate,sum(case when  code =3024 then 1 else 0 end) as hard_accel,sum(case when  code =3025 then 1 else 0 end) as hard_corner
	        ,sum(case when  code =3026 then 1 else 0 end) as hard_break from LocationHistory  where deviceID='6C500560'  and and (code=3024 or code=3025 or  code=3026)   and gpsStamp>'2015-05-31 16:00:00' and gpsStamp<='2015-06-25 15:59:59'  and serverDate <> gpsDate  order by serverDate
2015-06-25 09:13:37,----------------sql:------select deviceID,serverDate,sum(case when  code =3024 then 1 else 0 end) as hard_accel,sum(case when  code =3025 then 1 else 0 end) as hard_corner
	        ,sum(case when  code =3026 then 1 else 0 end) as hard_break  from LocationHistory  where deviceID='6C500560'  and (code=3024 or code=3025 or  code=3026)  and gpsStamp>'2015-05-31 16:00:00' and gpsStamp<='2015-06-25 15:59:59'  and serverDate=gpsDate group by serverDate order by serverDate
2015-06-25 09:13:37,----------------sql:------select deviceID,gpsDate,gpsTime,serverDate,sum(case when  code =3024 then 1 else 0 end) as hard_accel,sum(case when  code =3025 then 1 else 0 end) as hard_corner
	        ,sum(case when  code =3026 then 1 else 0 end) as hard_break from LocationHistory  where deviceID='6C500560'  and and (code=3024 or code=3025 or  code=3026)   and gpsStamp>'2015-05-31 16:00:00' and gpsStamp<='2015-06-25 15:59:59'  and serverDate <> gpsDate  order by serverDate
2015-06-25 09:13:38,----------------sql:------select deviceID,serverDate,sum(case when  code =3024 then 1 else 0 end) as hard_accel,sum(case when  code =3025 then 1 else 0 end) as hard_corner
	        ,sum(case when  code =3026 then 1 else 0 end) as hard_break  from LocationHistory  where deviceID='6C500560'  and (code=3024 or code=3025 or  code=3026)  and gpsStamp>'2015-05-31 16:00:00' and gpsStamp<='2015-06-25 15:59:59'  and serverDate=gpsDate group by serverDate order by serverDate
2015-06-25 09:13:38,----------------sql:------select deviceID,gpsDate,gpsTime,serverDate,sum(case when  code =3024 then 1 else 0 end) as hard_accel,sum(case when  code =3025 then 1 else 0 end) as hard_corner
	        ,sum(case when  code =3026 then 1 else 0 end) as hard_break from LocationHistory  where deviceID='6C500560'  and and (code=3024 or code=3025 or  code=3026)   and gpsStamp>'2015-05-31 16:00:00' and gpsStamp<='2015-06-25 15:59:59'  and serverDate <> gpsDate  order by serverDate
2015-06-25 09:13:38,----------------sql:------select deviceID,serverDate,sum(case when  code =3024 then 1 else 0 end) as hard_accel,sum(case when  code =3025 then 1 else 0 end) as hard_corner
	        ,sum(case when  code =3026 then 1 else 0 end) as hard_break  from LocationHistory  where deviceID='6C500560'  and (code=3024 or code=3025 or  code=3026)  and gpsStamp>'2015-05-31 16:00:00' and gpsStamp<='2015-06-25 15:59:59'  and serverDate=gpsDate group by serverDate order by serverDate
2015-06-25 09:13:38,----------------sql:------select deviceID,gpsDate,gpsTime,serverDate,sum(case when  code =3024 then 1 else 0 end) as hard_accel,sum(case when  code =3025 then 1 else 0 end) as hard_corner
	        ,sum(case when  code =3026 then 1 else 0 end) as hard_break from LocationHistory  where deviceID='6C500560'  and and (code=3024 or code=3025 or  code=3026)   and gpsStamp>'2015-05-31 16:00:00' and gpsStamp<='2015-06-25 15:59:59'  and serverDate <> gpsDate  order by serverDate
2015-06-25 09:13:39,----------------sql:------select deviceID,serverDate,sum(case when  code =3024 then 1 else 0 end) as hard_accel,sum(case when  code =3025 then 1 else 0 end) as hard_corner
	        ,sum(case when  code =3026 then 1 else 0 end) as hard_break  from LocationHistory  where deviceID='6C500560'  and (code=3024 or code=3025 or  code=3026)  and gpsStamp>'2015-05-31 16:00:00' and gpsStamp<='2015-06-25 15:59:59'  and serverDate=gpsDate group by serverDate order by serverDate
2015-06-25 09:13:39,----------------sql:------select deviceID,gpsDate,gpsTime,serverDate,sum(case when  code =3024 then 1 else 0 end) as hard_accel,sum(case when  code =3025 then 1 else 0 end) as hard_corner
	        ,sum(case when  code =3026 then 1 else 0 end) as hard_break from LocationHistory  where deviceID='6C500560'  and and (code=3024 or code=3025 or  code=3026)   and gpsStamp>'2015-05-31 16:00:00' and gpsStamp<='2015-06-25 15:59:59'  and serverDate <> gpsDate  order by serverDate
2015-06-25 09:13:39,----------------sql:------select deviceID,serverDate,sum(case when  code =3024 then 1 else 0 end) as hard_accel,sum(case when  code =3025 then 1 else 0 end) as hard_corner
	        ,sum(case when  code =3026 then 1 else 0 end) as hard_break  from LocationHistory  where deviceID='6C500560'  and (code=3024 or code=3025 or  code=3026)  and gpsStamp>'2015-05-31 16:00:00' and gpsStamp<='2015-06-25 15:59:59'  and serverDate=gpsDate group by serverDate order by serverDate
2015-06-25 09:13:39,----------------sql:------select deviceID,gpsDate,gpsTime,serverDate,sum(case when  code =3024 then 1 else 0 end) as hard_accel,sum(case when  code =3025 then 1 else 0 end) as hard_corner
	        ,sum(case when  code =3026 then 1 else 0 end) as hard_break from LocationHistory  where deviceID='6C500560'  and and (code=3024 or code=3025 or  code=3026)   and gpsStamp>'2015-05-31 16:00:00' and gpsStamp<='2015-06-25 15:59:59'  and serverDate <> gpsDate  order by serverDate
2015-06-25 09:15:38,----------------departments:-----------defDep:1003
2015-06-25 09:15:38,----------------departments:-----------id:1003
2015-06-25 09:15:38,----------------departments:------select * from Opm_Organ where id=1003 and id>1000
2015-06-25 09:15:38,----------------departments:------select count(*)  from Opm_Organ where parentId=1003 and id>1000
2015-06-25 09:15:39,----------------departments:-----------defDep:1003
2015-06-25 09:15:39,----------------departments:-----------id:1003
2015-06-25 09:15:39,----------------departments:------select * from Opm_Organ where id=1003 and id>1000
2015-06-25 09:15:39,----------------departments:------select count(*)  from Opm_Organ where parentId=1003 and id>1000
2015-06-25 09:15:39,----------------departments:-----------defDep:1003
2015-06-25 09:15:39,----------------departments:-----------id:1003
2015-06-25 09:15:39,----------------departments:------select * from Opm_Organ where id=1003 and id>1000
2015-06-25 09:15:39,----------------departments:------select count(*)  from Opm_Organ where parentId=1003 and id>1000
2015-06-25 09:15:39,----------------departments:-----------defDep:1003
2015-06-25 09:15:39,----------------departments:-----------id:1003
2015-06-25 09:15:39,----------------departments:------select * from Opm_Organ where id=1003 and id>1000
2015-06-25 09:15:39,----------------departments:------select count(*)  from Opm_Organ where parentId=1003 and id>1000
2015-06-25 09:15:42,----------------departments:-----------defDep:1003
2015-06-25 09:15:42,----------------departments:-----------id:1003
2015-06-25 09:15:42,----------------departments:------select * from Opm_Organ where id=1003 and id>1000
2015-06-25 09:15:42,----------------departments:------select count(*)  from Opm_Organ where parentId=1003 and id>1000
2015-06-25 09:15:43,----------------departments:-----------defDep:1003
2015-06-25 09:15:43,----------------departments:-----------id:1003
2015-06-25 09:15:43,----------------departments:------select * from Opm_Organ where id=1003 and id>1000
2015-06-25 09:15:43,----------------departments:------select count(*)  from Opm_Organ where parentId=1003 and id>1000
2015-06-25 09:15:50,----------------departments:-----------defDep:1003
2015-06-25 09:15:50,----------------departments:-----------id:1003
2015-06-25 09:15:50,----------------departments:------select * from Opm_Organ where  parentId=1003 and id>1000
2015-06-25 09:15:50,----------------departments:------select count(*)  from Opm_Organ where parentId=1192 and id>1000
2015-06-25 09:15:50,----------------departments:------select count(*)  from Opm_Organ where parentId=1206 and id>1000
2015-06-25 09:15:50,----------------departments:------select count(*)  from Opm_Organ where parentId=1207 and id>1000
2015-06-25 09:15:52,----------------departments:-----------defDep:1003
2015-06-25 09:15:52,----------------departments:-----------id:1192
2015-06-25 09:15:52,----------------departments:------select * from Opm_Organ where  parentId=1192 and id>1000
2015-06-25 09:15:52,----------------departments:------select count(*)  from Opm_Organ where parentId=1198 and id>1000
2015-06-25 09:15:52,----------------departments:------select count(*)  from Opm_Organ where parentId=1202 and id>1000
2015-06-25 09:15:52,----------------departments:------select count(*)  from Opm_Organ where parentId=1203 and id>1000
2015-06-25 09:15:54,-----------vehicles4dep-----sql:------select oo.name as depName,c.name as customerName,dm.nickName,d.deviceIndex,d.registerKey,d.deviceID,v.vin,d.d_esn,v.licenseNumber,l.ign,l.onlineStatus,l.address_num,l.baidu_latitude as latitude ,l.baidu_longitude as longitude,l.heading,concat( l.gpsDate, ' ', l.gpsTime ) as time ,(l.alertStatus1+l.alertStatus2+l.alertStatus3+l.alertStatus4+l.alertStatus5+l.alertStatus6+l.alertStatus7+l.alertStatus8) as alertStatus from VehicleInfo v ,provision_obd.Devices d,Devices_MT dm,obd_demo.LocationStatus l,Customers c,Opm_Organ oo   where d.deviceID=dm.deviceID and dm.vin=v.vin  and d.depID=oo.id and d.depID  in (1202) and d.deviceID=l.deviceID  and dm.customerID=c.id limit 0,10
