2015-05-20 08:20:22,----------------departments:-----------defDep:1003
2015-05-20 08:20:22,----------------departments:-----------id:1003
2015-05-20 08:20:22,----------------departments:------select * from Opm_Organ where id=1003 and id>1000
2015-05-20 08:20:22,----------------departments:------select count(*)  from Opm_Organ where parentId=1003 and id>1000
2015-05-20 08:20:23,----------------departments:-----------defDep:1003
2015-05-20 08:20:23,----------------departments:-----------id:1003
2015-05-20 08:20:23,----------------departments:------select * from Opm_Organ where id=1003 and id>1000
2015-05-20 08:20:23,----------------departments:------select count(*)  from Opm_Organ where parentId=1003 and id>1000
2015-05-20 08:20:24,----------------departments:-----------defDep:1003
2015-05-20 08:20:24,----------------departments:-----------id:1003
2015-05-20 08:20:24,----------------departments:------select * from Opm_Organ where id=1003 and id>1000
2015-05-20 08:20:24,----------------departments:------select count(*)  from Opm_Organ where parentId=1003 and id>1000
2015-05-20 08:20:24,----------------departments:-----------defDep:1003
2015-05-20 08:20:24,----------------departments:-----------id:1003
2015-05-20 08:20:24,----------------departments:------select * from Opm_Organ where id=1003 and id>1000
2015-05-20 08:20:24,----------------departments:------select count(*)  from Opm_Organ where parentId=1003 and id>1000
2015-05-20 08:20:26,----------------departments:-----------defDep:1003
2015-05-20 08:20:26,----------------departments:-----------id:1003
2015-05-20 08:20:26,----------------departments:------select * from Opm_Organ where  parentId=1003 and id>1000
2015-05-20 08:20:26,----------------departments:------select count(*)  from Opm_Organ where parentId=1192 and id>1000
2015-05-20 08:20:26,----------------departments:------select count(*)  from Opm_Organ where parentId=1206 and id>1000
2015-05-20 08:20:28,-----------vehicles4dep-----sql:------select oo.name as depName,c.name as customerName,dm.nickName,d.deviceIndex,d.registerKey,d.deviceID,v.vin,d.d_esn,v.licenseNumber,l.ign,l.onlineStatus,l.address_num,l.baidu_latitude as latitude ,l.baidu_longitude as longitude,l.heading,concat( l.gpsDate, ' ', l.gpsTime ) as time ,(l.alertStatus1+l.alertStatus2+l.alertStatus3+l.alertStatus4+l.alertStatus5+l.alertStatus6+l.alertStatus7+l.alertStatus8) as alertStatus from VehicleInfo v ,provision_obd.Devices d,Devices_MT dm,obd_demo.LocationStatus l,Customers c,Opm_Organ oo   where d.deviceID=dm.deviceID and dm.vin=v.vin  and d.depID=oo.id and d.depID  in (1206) and d.deviceID=l.deviceID  and dm.customerID=c.id limit 0,10
2015-05-20 08:21:25,----------------sql1:------select d.deviceID,v.vin,d.d_esn,v.licenseNumber,l.ign,l.onlineStatus,l.address_num,l.heading,l.baidu_latitude as latitude ,l.baidu_longitude as longitude,concat( l.gpsDate, ' ', l.gpsTime ) as time,(l.alertStatus1+l.alertStatus2+l.alertStatus3+l.alertStatus4+l.alertStatus5+l.alertStatus6+l.alertStatus7+l.alertStatus8) as alertStatus from VehicleInfo v ,provision_obd.Devices d,Devices_MT dm,obd_demo.LocationStatus l  where d.deviceID=dm.deviceID and dm.vin=v.vin and v.vin  in (728) and d.deviceID=l.deviceID  
2015-05-20 08:22:25,----------------sql1:------select d.deviceID,v.vin,d.d_esn,v.licenseNumber,l.ign,l.onlineStatus,l.address_num,l.heading,l.baidu_latitude as latitude ,l.baidu_longitude as longitude,concat( l.gpsDate, ' ', l.gpsTime ) as time,(l.alertStatus1+l.alertStatus2+l.alertStatus3+l.alertStatus4+l.alertStatus5+l.alertStatus6+l.alertStatus7+l.alertStatus8) as alertStatus from VehicleInfo v ,provision_obd.Devices d,Devices_MT dm,obd_demo.LocationStatus l  where d.deviceID=dm.deviceID and dm.vin=v.vin and v.vin  in (728) and d.deviceID=l.deviceID  
2015-05-20 08:23:25,----------------sql1:------select d.deviceID,v.vin,d.d_esn,v.licenseNumber,l.ign,l.onlineStatus,l.address_num,l.heading,l.baidu_latitude as latitude ,l.baidu_longitude as longitude,concat( l.gpsDate, ' ', l.gpsTime ) as time,(l.alertStatus1+l.alertStatus2+l.alertStatus3+l.alertStatus4+l.alertStatus5+l.alertStatus6+l.alertStatus7+l.alertStatus8) as alertStatus from VehicleInfo v ,provision_obd.Devices d,Devices_MT dm,obd_demo.LocationStatus l  where d.deviceID=dm.deviceID and dm.vin=v.vin and v.vin  in (728) and d.deviceID=l.deviceID  
2015-05-20 08:24:25,----------------sql1:------select d.deviceID,v.vin,d.d_esn,v.licenseNumber,l.ign,l.onlineStatus,l.address_num,l.heading,l.baidu_latitude as latitude ,l.baidu_longitude as longitude,concat( l.gpsDate, ' ', l.gpsTime ) as time,(l.alertStatus1+l.alertStatus2+l.alertStatus3+l.alertStatus4+l.alertStatus5+l.alertStatus6+l.alertStatus7+l.alertStatus8) as alertStatus from VehicleInfo v ,provision_obd.Devices d,Devices_MT dm,obd_demo.LocationStatus l  where d.deviceID=dm.deviceID and dm.vin=v.vin and v.vin  in (728) and d.deviceID=l.deviceID  
2015-05-20 08:25:25,----------------sql1:------select d.deviceID,v.vin,d.d_esn,v.licenseNumber,l.ign,l.onlineStatus,l.address_num,l.heading,l.baidu_latitude as latitude ,l.baidu_longitude as longitude,concat( l.gpsDate, ' ', l.gpsTime ) as time,(l.alertStatus1+l.alertStatus2+l.alertStatus3+l.alertStatus4+l.alertStatus5+l.alertStatus6+l.alertStatus7+l.alertStatus8) as alertStatus from VehicleInfo v ,provision_obd.Devices d,Devices_MT dm,obd_demo.LocationStatus l  where d.deviceID=dm.deviceID and dm.vin=v.vin and v.vin  in (728) and d.deviceID=l.deviceID  
2015-05-20 08:26:25,----------------sql1:------select d.deviceID,v.vin,d.d_esn,v.licenseNumber,l.ign,l.onlineStatus,l.address_num,l.heading,l.baidu_latitude as latitude ,l.baidu_longitude as longitude,concat( l.gpsDate, ' ', l.gpsTime ) as time,(l.alertStatus1+l.alertStatus2+l.alertStatus3+l.alertStatus4+l.alertStatus5+l.alertStatus6+l.alertStatus7+l.alertStatus8) as alertStatus from VehicleInfo v ,provision_obd.Devices d,Devices_MT dm,obd_demo.LocationStatus l  where d.deviceID=dm.deviceID and dm.vin=v.vin and v.vin  in (728) and d.deviceID=l.deviceID  
2015-05-20 08:27:25,----------------sql1:------select d.deviceID,v.vin,d.d_esn,v.licenseNumber,l.ign,l.onlineStatus,l.address_num,l.heading,l.baidu_latitude as latitude ,l.baidu_longitude as longitude,concat( l.gpsDate, ' ', l.gpsTime ) as time,(l.alertStatus1+l.alertStatus2+l.alertStatus3+l.alertStatus4+l.alertStatus5+l.alertStatus6+l.alertStatus7+l.alertStatus8) as alertStatus from VehicleInfo v ,provision_obd.Devices d,Devices_MT dm,obd_demo.LocationStatus l  where d.deviceID=dm.deviceID and dm.vin=v.vin and v.vin  in (728) and d.deviceID=l.deviceID  
2015-05-20 08:37:13,----------------departments:-----------defDep:1003
2015-05-20 08:37:13,----------------departments:-----------id:1003
2015-05-20 08:37:13,----------------departments:------select * from Opm_Organ where id=1003 and id>1000
2015-05-20 08:37:13,----------------departments:------select count(*)  from Opm_Organ where parentId=1003 and id>1000
2015-05-20 08:37:13,----------------departments:-----------defDep:1003
2015-05-20 08:37:13,----------------departments:-----------id:1003
2015-05-20 08:37:13,----------------departments:------select * from Opm_Organ where id=1003 and id>1000
2015-05-20 08:37:13,----------------departments:------select count(*)  from Opm_Organ where parentId=1003 and id>1000
2015-05-20 08:37:14,----------------departments:-----------defDep:1003
2015-05-20 08:37:14,----------------departments:-----------id:1003
2015-05-20 08:37:14,----------------departments:------select * from Opm_Organ where id=1003 and id>1000
2015-05-20 08:37:14,----------------departments:------select count(*)  from Opm_Organ where parentId=1003 and id>1000
2015-05-20 08:37:14,----------------departments:-----------defDep:1003
2015-05-20 08:37:14,----------------departments:-----------id:1003
2015-05-20 08:37:14,----------------departments:------select * from Opm_Organ where id=1003 and id>1000
2015-05-20 08:37:14,----------------departments:------select count(*)  from Opm_Organ where parentId=1003 and id>1000
2015-05-20 08:37:16,----------------departments:-----------defDep:1003
2015-05-20 08:37:16,----------------departments:-----------id:1003
2015-05-20 08:37:16,----------------departments:------select * from Opm_Organ where  parentId=1003 and id>1000
2015-05-20 08:37:16,----------------departments:------select count(*)  from Opm_Organ where parentId=1192 and id>1000
2015-05-20 08:37:16,----------------departments:------select count(*)  from Opm_Organ where parentId=1206 and id>1000
2015-05-20 08:37:17,-----------vehicles4dep-----sql:------select oo.name as depName,c.name as customerName,dm.nickName,d.deviceIndex,d.registerKey,d.deviceID,v.vin,d.d_esn,v.licenseNumber,l.ign,l.onlineStatus,l.address_num,l.baidu_latitude as latitude ,l.baidu_longitude as longitude,l.heading,concat( l.gpsDate, ' ', l.gpsTime ) as time ,(l.alertStatus1+l.alertStatus2+l.alertStatus3+l.alertStatus4+l.alertStatus5+l.alertStatus6+l.alertStatus7+l.alertStatus8) as alertStatus from VehicleInfo v ,provision_obd.Devices d,Devices_MT dm,obd_demo.LocationStatus l,Customers c,Opm_Organ oo   where d.deviceID=dm.deviceID and dm.vin=v.vin  and d.depID=oo.id and d.depID  in (1206) and d.deviceID=l.deviceID  and dm.customerID=c.id limit 0,10
2015-05-20 08:37:25,----------------departments:-----------defDep:1003
2015-05-20 08:37:25,----------------departments:-----------id:1003
2015-05-20 08:37:25,----------------departments:------select * from Opm_Organ where id=1003 and id>1000
2015-05-20 08:37:25,----------------departments:------select count(*)  from Opm_Organ where parentId=1003 and id>1000
2015-05-20 08:37:28,-----------vehicles4dep-----sql:------select oo.name as depName,c.name as customerName,dm.nickName,d.deviceIndex,d.registerKey,d.deviceID,v.vin,d.d_esn,v.licenseNumber,l.ign,l.onlineStatus,l.address_num,l.baidu_latitude as latitude ,l.baidu_longitude as longitude,l.heading,concat( l.gpsDate, ' ', l.gpsTime ) as time ,(l.alertStatus1+l.alertStatus2+l.alertStatus3+l.alertStatus4+l.alertStatus5+l.alertStatus6+l.alertStatus7+l.alertStatus8) as alertStatus from VehicleInfo v ,provision_obd.Devices d,Devices_MT dm,obd_demo.LocationStatus l,Customers c,Opm_Organ oo   where d.deviceID=dm.deviceID and dm.vin=v.vin  and d.depID=oo.id and d.depID  in (null) and d.deviceID=l.deviceID  and dm.customerID=c.id limit 0,10
2015-05-20 08:37:28,-----------vehicles4dep-----sql:------select oo.name as depName,c.name as customerName,dm.nickName,d.deviceIndex,d.registerKey,d.deviceID,v.vin,d.d_esn,v.licenseNumber,l.ign,l.onlineStatus,l.address_num,l.baidu_latitude as latitude ,l.baidu_longitude as longitude,l.heading,concat( l.gpsDate, ' ', l.gpsTime ) as time ,(l.alertStatus1+l.alertStatus2+l.alertStatus3+l.alertStatus4+l.alertStatus5+l.alertStatus6+l.alertStatus7+l.alertStatus8) as alertStatus from VehicleInfo v ,provision_obd.Devices d,Devices_MT dm,obd_demo.LocationStatus l,Customers c,Opm_Organ oo   where d.deviceID=dm.deviceID and dm.vin=v.vin  and d.depID=oo.id and d.depID  in (null) and d.deviceID=l.deviceID  and dm.customerID=c.id limit 0,10
2015-05-20 08:37:28,-----------vehicles4dep-----sql:------select oo.name as depName,c.name as customerName,dm.nickName,d.deviceIndex,d.registerKey,d.deviceID,v.vin,d.d_esn,v.licenseNumber,l.ign,l.onlineStatus,l.address_num,l.baidu_latitude as latitude ,l.baidu_longitude as longitude,l.heading,concat( l.gpsDate, ' ', l.gpsTime ) as time ,(l.alertStatus1+l.alertStatus2+l.alertStatus3+l.alertStatus4+l.alertStatus5+l.alertStatus6+l.alertStatus7+l.alertStatus8) as alertStatus from VehicleInfo v ,provision_obd.Devices d,Devices_MT dm,obd_demo.LocationStatus l,Customers c,Opm_Organ oo   where d.deviceID=dm.deviceID and dm.vin=v.vin  and d.depID=oo.id and d.depID  in (null) and d.deviceID=l.deviceID  and dm.customerID=c.id limit 0,10
2015-05-20 08:37:28,-----------vehicles4dep-----sql:------select oo.name as depName,c.name as customerName,dm.nickName,d.deviceIndex,d.registerKey,d.deviceID,v.vin,d.d_esn,v.licenseNumber,l.ign,l.onlineStatus,l.address_num,l.baidu_latitude as latitude ,l.baidu_longitude as longitude,l.heading,concat( l.gpsDate, ' ', l.gpsTime ) as time ,(l.alertStatus1+l.alertStatus2+l.alertStatus3+l.alertStatus4+l.alertStatus5+l.alertStatus6+l.alertStatus7+l.alertStatus8) as alertStatus from VehicleInfo v ,provision_obd.Devices d,Devices_MT dm,obd_demo.LocationStatus l,Customers c,Opm_Organ oo   where d.deviceID=dm.deviceID and dm.vin=v.vin  and d.depID=oo.id and d.depID  in (null) and d.deviceID=l.deviceID  and dm.customerID=c.id limit 0,10
2015-05-20 08:37:28,-----------vehicles4dep-----sql:------select oo.name as depName,c.name as customerName,dm.nickName,d.deviceIndex,d.registerKey,d.deviceID,v.vin,d.d_esn,v.licenseNumber,l.ign,l.onlineStatus,l.address_num,l.baidu_latitude as latitude ,l.baidu_longitude as longitude,l.heading,concat( l.gpsDate, ' ', l.gpsTime ) as time ,(l.alertStatus1+l.alertStatus2+l.alertStatus3+l.alertStatus4+l.alertStatus5+l.alertStatus6+l.alertStatus7+l.alertStatus8) as alertStatus from VehicleInfo v ,provision_obd.Devices d,Devices_MT dm,obd_demo.LocationStatus l,Customers c,Opm_Organ oo   where d.deviceID=dm.deviceID and dm.vin=v.vin  and d.depID=oo.id and d.depID  in (null) and d.deviceID=l.deviceID  and dm.customerID=c.id limit 0,10
2015-05-20 08:37:28,-----------vehicles4dep-----sql:------select oo.name as depName,c.name as customerName,dm.nickName,d.deviceIndex,d.registerKey,d.deviceID,v.vin,d.d_esn,v.licenseNumber,l.ign,l.onlineStatus,l.address_num,l.baidu_latitude as latitude ,l.baidu_longitude as longitude,l.heading,concat( l.gpsDate, ' ', l.gpsTime ) as time ,(l.alertStatus1+l.alertStatus2+l.alertStatus3+l.alertStatus4+l.alertStatus5+l.alertStatus6+l.alertStatus7+l.alertStatus8) as alertStatus from VehicleInfo v ,provision_obd.Devices d,Devices_MT dm,obd_demo.LocationStatus l,Customers c,Opm_Organ oo   where d.deviceID=dm.deviceID and dm.vin=v.vin  and d.depID=oo.id and d.depID  in (null) and d.deviceID=l.deviceID  and dm.customerID=c.id limit 0,10
2015-05-20 08:37:30,----------------departments:-----------defDep:1003
2015-05-20 08:37:30,----------------departments:-----------id:1003
2015-05-20 08:37:30,----------------departments:------select * from Opm_Organ where id=1003 and id>1000
2015-05-20 08:37:30,----------------departments:------select count(*)  from Opm_Organ where parentId=1003 and id>1000
2015-05-20 08:37:32,-----------vehicles4dep-----sql:------select oo.name as depName,c.name as customerName,dm.nickName,d.deviceIndex,d.registerKey,d.deviceID,v.vin,d.d_esn,v.licenseNumber,l.ign,l.onlineStatus,l.address_num,l.baidu_latitude as latitude ,l.baidu_longitude as longitude,l.heading,concat( l.gpsDate, ' ', l.gpsTime ) as time ,(l.alertStatus1+l.alertStatus2+l.alertStatus3+l.alertStatus4+l.alertStatus5+l.alertStatus6+l.alertStatus7+l.alertStatus8) as alertStatus from VehicleInfo v ,provision_obd.Devices d,Devices_MT dm,obd_demo.LocationStatus l,Customers c,Opm_Organ oo   where d.deviceID=dm.deviceID and dm.vin=v.vin  and d.depID=oo.id and d.depID  in (null) and d.deviceID=l.deviceID  and dm.customerID=c.id limit 0,10
2015-05-20 08:37:34,----------------departments:-----------defDep:1003
2015-05-20 08:37:34,----------------departments:-----------id:1003
2015-05-20 08:37:34,----------------departments:------select * from Opm_Organ where id=1003 and id>1000
2015-05-20 08:37:34,----------------departments:------select count(*)  from Opm_Organ where parentId=1003 and id>1000
2015-05-20 08:37:35,----------------departments:-----------defDep:1003
2015-05-20 08:37:35,----------------departments:-----------id:1003
2015-05-20 08:37:35,----------------departments:------select * from Opm_Organ where id=1003 and id>1000
2015-05-20 08:37:35,----------------departments:------select count(*)  from Opm_Organ where parentId=1003 and id>1000
2015-05-20 08:37:35,-----------vehicles4dep-----sql:------select oo.name as depName,c.name as customerName,dm.nickName,d.deviceIndex,d.registerKey,d.deviceID,v.vin,d.d_esn,v.licenseNumber,l.ign,l.onlineStatus,l.address_num,l.baidu_latitude as latitude ,l.baidu_longitude as longitude,l.heading,concat( l.gpsDate, ' ', l.gpsTime ) as time ,(l.alertStatus1+l.alertStatus2+l.alertStatus3+l.alertStatus4+l.alertStatus5+l.alertStatus6+l.alertStatus7+l.alertStatus8) as alertStatus from VehicleInfo v ,provision_obd.Devices d,Devices_MT dm,obd_demo.LocationStatus l,Customers c,Opm_Organ oo   where d.deviceID=dm.deviceID and dm.vin=v.vin  and d.depID=oo.id and d.depID  in (null) and d.deviceID=l.deviceID  and dm.customerID=c.id limit 0,10
2015-05-20 08:37:35,-----------vehicles4dep-----sql:------select oo.name as depName,c.name as customerName,dm.nickName,d.deviceIndex,d.registerKey,d.deviceID,v.vin,d.d_esn,v.licenseNumber,l.ign,l.onlineStatus,l.address_num,l.baidu_latitude as latitude ,l.baidu_longitude as longitude,l.heading,concat( l.gpsDate, ' ', l.gpsTime ) as time ,(l.alertStatus1+l.alertStatus2+l.alertStatus3+l.alertStatus4+l.alertStatus5+l.alertStatus6+l.alertStatus7+l.alertStatus8) as alertStatus from VehicleInfo v ,provision_obd.Devices d,Devices_MT dm,obd_demo.LocationStatus l,Customers c,Opm_Organ oo   where d.deviceID=dm.deviceID and dm.vin=v.vin  and d.depID=oo.id and d.depID  in (null) and d.deviceID=l.deviceID  and dm.customerID=c.id limit 0,10
2015-05-20 08:37:35,-----------vehicles4dep-----sql:------select oo.name as depName,c.name as customerName,dm.nickName,d.deviceIndex,d.registerKey,d.deviceID,v.vin,d.d_esn,v.licenseNumber,l.ign,l.onlineStatus,l.address_num,l.baidu_latitude as latitude ,l.baidu_longitude as longitude,l.heading,concat( l.gpsDate, ' ', l.gpsTime ) as time ,(l.alertStatus1+l.alertStatus2+l.alertStatus3+l.alertStatus4+l.alertStatus5+l.alertStatus6+l.alertStatus7+l.alertStatus8) as alertStatus from VehicleInfo v ,provision_obd.Devices d,Devices_MT dm,obd_demo.LocationStatus l,Customers c,Opm_Organ oo   where d.deviceID=dm.deviceID and dm.vin=v.vin  and d.depID=oo.id and d.depID  in (null) and d.deviceID=l.deviceID  and dm.customerID=c.id limit 0,10
2015-05-20 08:37:35,-----------vehicles4dep-----sql:------select oo.name as depName,c.name as customerName,dm.nickName,d.deviceIndex,d.registerKey,d.deviceID,v.vin,d.d_esn,v.licenseNumber,l.ign,l.onlineStatus,l.address_num,l.baidu_latitude as latitude ,l.baidu_longitude as longitude,l.heading,concat( l.gpsDate, ' ', l.gpsTime ) as time ,(l.alertStatus1+l.alertStatus2+l.alertStatus3+l.alertStatus4+l.alertStatus5+l.alertStatus6+l.alertStatus7+l.alertStatus8) as alertStatus from VehicleInfo v ,provision_obd.Devices d,Devices_MT dm,obd_demo.LocationStatus l,Customers c,Opm_Organ oo   where d.deviceID=dm.deviceID and dm.vin=v.vin  and d.depID=oo.id and d.depID  in (null) and d.deviceID=l.deviceID  and dm.customerID=c.id limit 0,10
2015-05-20 08:37:35,-----------vehicles4dep-----sql:------select oo.name as depName,c.name as customerName,dm.nickName,d.deviceIndex,d.registerKey,d.deviceID,v.vin,d.d_esn,v.licenseNumber,l.ign,l.onlineStatus,l.address_num,l.baidu_latitude as latitude ,l.baidu_longitude as longitude,l.heading,concat( l.gpsDate, ' ', l.gpsTime ) as time ,(l.alertStatus1+l.alertStatus2+l.alertStatus3+l.alertStatus4+l.alertStatus5+l.alertStatus6+l.alertStatus7+l.alertStatus8) as alertStatus from VehicleInfo v ,provision_obd.Devices d,Devices_MT dm,obd_demo.LocationStatus l,Customers c,Opm_Organ oo   where d.deviceID=dm.deviceID and dm.vin=v.vin  and d.depID=oo.id and d.depID  in (null) and d.deviceID=l.deviceID  and dm.customerID=c.id limit 0,10
2015-05-20 08:37:35,-----------vehicles4dep-----sql:------select oo.name as depName,c.name as customerName,dm.nickName,d.deviceIndex,d.registerKey,d.deviceID,v.vin,d.d_esn,v.licenseNumber,l.ign,l.onlineStatus,l.address_num,l.baidu_latitude as latitude ,l.baidu_longitude as longitude,l.heading,concat( l.gpsDate, ' ', l.gpsTime ) as time ,(l.alertStatus1+l.alertStatus2+l.alertStatus3+l.alertStatus4+l.alertStatus5+l.alertStatus6+l.alertStatus7+l.alertStatus8) as alertStatus from VehicleInfo v ,provision_obd.Devices d,Devices_MT dm,obd_demo.LocationStatus l,Customers c,Opm_Organ oo   where d.deviceID=dm.deviceID and dm.vin=v.vin  and d.depID=oo.id and d.depID  in (null) and d.deviceID=l.deviceID  and dm.customerID=c.id limit 0,10
2015-05-20 08:37:35,-----------vehicles4dep-----sql:------select oo.name as depName,c.name as customerName,dm.nickName,d.deviceIndex,d.registerKey,d.deviceID,v.vin,d.d_esn,v.licenseNumber,l.ign,l.onlineStatus,l.address_num,l.baidu_latitude as latitude ,l.baidu_longitude as longitude,l.heading,concat( l.gpsDate, ' ', l.gpsTime ) as time ,(l.alertStatus1+l.alertStatus2+l.alertStatus3+l.alertStatus4+l.alertStatus5+l.alertStatus6+l.alertStatus7+l.alertStatus8) as alertStatus from VehicleInfo v ,provision_obd.Devices d,Devices_MT dm,obd_demo.LocationStatus l,Customers c,Opm_Organ oo   where d.deviceID=dm.deviceID and dm.vin=v.vin  and d.depID=oo.id and d.depID  in (null) and d.deviceID=l.deviceID  and dm.customerID=c.id limit 0,10
2015-05-20 08:37:37,----------------departments:-----------defDep:1003
2015-05-20 08:37:37,----------------departments:-----------id:1003
2015-05-20 08:37:37,----------------departments:------select * from Opm_Organ where  parentId=1003 and id>1000
2015-05-20 08:37:37,----------------departments:------select count(*)  from Opm_Organ where parentId=1192 and id>1000
2015-05-20 08:37:37,----------------departments:------select count(*)  from Opm_Organ where parentId=1206 and id>1000
2015-05-20 08:37:38,-----------vehicles4dep-----sql:------select oo.name as depName,c.name as customerName,dm.nickName,d.deviceIndex,d.registerKey,d.deviceID,v.vin,d.d_esn,v.licenseNumber,l.ign,l.onlineStatus,l.address_num,l.baidu_latitude as latitude ,l.baidu_longitude as longitude,l.heading,concat( l.gpsDate, ' ', l.gpsTime ) as time ,(l.alertStatus1+l.alertStatus2+l.alertStatus3+l.alertStatus4+l.alertStatus5+l.alertStatus6+l.alertStatus7+l.alertStatus8) as alertStatus from VehicleInfo v ,provision_obd.Devices d,Devices_MT dm,obd_demo.LocationStatus l,Customers c,Opm_Organ oo   where d.deviceID=dm.deviceID and dm.vin=v.vin  and d.depID=oo.id and d.depID  in (1206) and d.deviceID=l.deviceID  and dm.customerID=c.id limit 0,10
2015-05-20 08:37:42,----------------departments:-----------defDep:1003
2015-05-20 08:37:42,----------------departments:-----------id:1003
2015-05-20 08:37:42,----------------departments:------select * from Opm_Organ where id=1003 and id>1000
2015-05-20 08:37:42,----------------departments:------select count(*)  from Opm_Organ where parentId=1003 and id>1000
2015-05-20 08:37:42,----------------departments:-----------defDep:1003
2015-05-20 08:37:42,----------------departments:-----------id:1003
2015-05-20 08:37:42,----------------departments:------select * from Opm_Organ where id=1003 and id>1000
2015-05-20 08:37:42,----------------departments:------select count(*)  from Opm_Organ where parentId=1003 and id>1000
2015-05-20 08:37:43,----------------deviceIDS:------ '21984686'
2015-05-20 08:37:43,----------------sql:------select  l.*,iv.licenseNumber  from  LocationStatus l,IOV_demo.Devices_MT dm,IOV_demo.VehicleInfo iv  where l.deviceID=dm.deviceID and dm.vin=iv.vin and l.deviceID in ( '21984686')
2015-05-20 08:37:43,-----------vehicles4dep-----sql:------select oo.name as depName,c.name as customerName,dm.nickName,d.deviceIndex,d.registerKey,d.deviceID,v.vin,d.d_esn,v.licenseNumber,l.ign,l.onlineStatus,l.address_num,l.baidu_latitude as latitude ,l.baidu_longitude as longitude,l.heading,concat( l.gpsDate, ' ', l.gpsTime ) as time ,(l.alertStatus1+l.alertStatus2+l.alertStatus3+l.alertStatus4+l.alertStatus5+l.alertStatus6+l.alertStatus7+l.alertStatus8) as alertStatus from VehicleInfo v ,provision_obd.Devices d,Devices_MT dm,obd_demo.LocationStatus l,Customers c,Opm_Organ oo   where d.deviceID=dm.deviceID and dm.vin=v.vin  and d.depID=oo.id and d.depID  in (null) and d.deviceID=l.deviceID  and dm.customerID=c.id limit 0,10
2015-05-20 08:37:43,-----------vehicles4dep-----sql:------select oo.name as depName,c.name as customerName,dm.nickName,d.deviceIndex,d.registerKey,d.deviceID,v.vin,d.d_esn,v.licenseNumber,l.ign,l.onlineStatus,l.address_num,l.baidu_latitude as latitude ,l.baidu_longitude as longitude,l.heading,concat( l.gpsDate, ' ', l.gpsTime ) as time ,(l.alertStatus1+l.alertStatus2+l.alertStatus3+l.alertStatus4+l.alertStatus5+l.alertStatus6+l.alertStatus7+l.alertStatus8) as alertStatus from VehicleInfo v ,provision_obd.Devices d,Devices_MT dm,obd_demo.LocationStatus l,Customers c,Opm_Organ oo   where d.deviceID=dm.deviceID and dm.vin=v.vin  and d.depID=oo.id and d.depID  in (null) and d.deviceID=l.deviceID  and dm.customerID=c.id limit 0,10
2015-05-20 08:37:43,-----------vehicles4dep-----sql:------select oo.name as depName,c.name as customerName,dm.nickName,d.deviceIndex,d.registerKey,d.deviceID,v.vin,d.d_esn,v.licenseNumber,l.ign,l.onlineStatus,l.address_num,l.baidu_latitude as latitude ,l.baidu_longitude as longitude,l.heading,concat( l.gpsDate, ' ', l.gpsTime ) as time ,(l.alertStatus1+l.alertStatus2+l.alertStatus3+l.alertStatus4+l.alertStatus5+l.alertStatus6+l.alertStatus7+l.alertStatus8) as alertStatus from VehicleInfo v ,provision_obd.Devices d,Devices_MT dm,obd_demo.LocationStatus l,Customers c,Opm_Organ oo   where d.deviceID=dm.deviceID and dm.vin=v.vin  and d.depID=oo.id and d.depID  in (null) and d.deviceID=l.deviceID  and dm.customerID=c.id limit 0,10
2015-05-20 08:37:52,----------------deviceIDS:------ '21984686'
2015-05-20 08:37:52,----------------sql:------select  l.*,iv.licenseNumber  from  LocationStatus l,IOV_demo.Devices_MT dm,IOV_demo.VehicleInfo iv  where l.deviceID=dm.deviceID and dm.vin=iv.vin and l.deviceID in ( '21984686')
2015-05-20 08:38:02,----------------deviceIDS:------ '21984686'
2015-05-20 08:38:02,----------------sql:------select  l.*,iv.licenseNumber  from  LocationStatus l,IOV_demo.Devices_MT dm,IOV_demo.VehicleInfo iv  where l.deviceID=dm.deviceID and dm.vin=iv.vin and l.deviceID in ( '21984686')
2015-05-20 08:38:12,----------------deviceIDS:------ '21984686'
2015-05-20 08:38:12,----------------sql:------select  l.*,iv.licenseNumber  from  LocationStatus l,IOV_demo.Devices_MT dm,IOV_demo.VehicleInfo iv  where l.deviceID=dm.deviceID and dm.vin=iv.vin and l.deviceID in ( '21984686')
2015-05-20 08:38:22,----------------deviceIDS:------ '21984686'
2015-05-20 08:38:22,----------------sql:------select  l.*,iv.licenseNumber  from  LocationStatus l,IOV_demo.Devices_MT dm,IOV_demo.VehicleInfo iv  where l.deviceID=dm.deviceID and dm.vin=iv.vin and l.deviceID in ( '21984686')
2015-05-20 08:38:32,----------------deviceIDS:------ '21984686'
2015-05-20 08:38:32,----------------sql:------select  l.*,iv.licenseNumber  from  LocationStatus l,IOV_demo.Devices_MT dm,IOV_demo.VehicleInfo iv  where l.deviceID=dm.deviceID and dm.vin=iv.vin and l.deviceID in ( '21984686')
2015-05-20 08:38:35,----------------sql1:------select d.deviceID,v.vin,d.d_esn,v.licenseNumber,l.ign,l.onlineStatus,l.address_num,l.heading,l.baidu_latitude as latitude ,l.baidu_longitude as longitude,concat( l.gpsDate, ' ', l.gpsTime ) as time,(l.alertStatus1+l.alertStatus2+l.alertStatus3+l.alertStatus4+l.alertStatus5+l.alertStatus6+l.alertStatus7+l.alertStatus8) as alertStatus from VehicleInfo v ,provision_obd.Devices d,Devices_MT dm,obd_demo.LocationStatus l  where d.deviceID=dm.deviceID and dm.vin=v.vin and v.vin  in (728) and d.deviceID=l.deviceID  
2015-05-20 08:38:42,----------------deviceIDS:------ '21984686'
2015-05-20 08:38:42,----------------sql:------select  l.*,iv.licenseNumber  from  LocationStatus l,IOV_demo.Devices_MT dm,IOV_demo.VehicleInfo iv  where l.deviceID=dm.deviceID and dm.vin=iv.vin and l.deviceID in ( '21984686')
2015-05-20 08:38:52,----------------deviceIDS:------ '21984686'
2015-05-20 08:38:52,----------------sql:------select  l.*,iv.licenseNumber  from  LocationStatus l,IOV_demo.Devices_MT dm,IOV_demo.VehicleInfo iv  where l.deviceID=dm.deviceID and dm.vin=iv.vin and l.deviceID in ( '21984686')
2015-05-20 08:39:02,----------------deviceIDS:------ '21984686'
2015-05-20 08:39:02,----------------sql:------select  l.*,iv.licenseNumber  from  LocationStatus l,IOV_demo.Devices_MT dm,IOV_demo.VehicleInfo iv  where l.deviceID=dm.deviceID and dm.vin=iv.vin and l.deviceID in ( '21984686')
2015-05-20 08:39:12,----------------deviceIDS:------ '21984686'
2015-05-20 08:39:12,----------------sql:------select  l.*,iv.licenseNumber  from  LocationStatus l,IOV_demo.Devices_MT dm,IOV_demo.VehicleInfo iv  where l.deviceID=dm.deviceID and dm.vin=iv.vin and l.deviceID in ( '21984686')
2015-05-20 08:39:22,----------------deviceIDS:------ '21984686'
2015-05-20 08:39:22,----------------sql:------select  l.*,iv.licenseNumber  from  LocationStatus l,IOV_demo.Devices_MT dm,IOV_demo.VehicleInfo iv  where l.deviceID=dm.deviceID and dm.vin=iv.vin and l.deviceID in ( '21984686')
2015-05-20 08:39:32,----------------deviceIDS:------ '21984686'
2015-05-20 08:39:32,----------------sql:------select  l.*,iv.licenseNumber  from  LocationStatus l,IOV_demo.Devices_MT dm,IOV_demo.VehicleInfo iv  where l.deviceID=dm.deviceID and dm.vin=iv.vin and l.deviceID in ( '21984686')
2015-05-20 08:39:35,----------------sql1:------select d.deviceID,v.vin,d.d_esn,v.licenseNumber,l.ign,l.onlineStatus,l.address_num,l.heading,l.baidu_latitude as latitude ,l.baidu_longitude as longitude,concat( l.gpsDate, ' ', l.gpsTime ) as time,(l.alertStatus1+l.alertStatus2+l.alertStatus3+l.alertStatus4+l.alertStatus5+l.alertStatus6+l.alertStatus7+l.alertStatus8) as alertStatus from VehicleInfo v ,provision_obd.Devices d,Devices_MT dm,obd_demo.LocationStatus l  where d.deviceID=dm.deviceID and dm.vin=v.vin and v.vin  in (728) and d.deviceID=l.deviceID  
2015-05-20 08:39:42,----------------deviceIDS:------ '21984686'
2015-05-20 08:39:42,----------------sql:------select  l.*,iv.licenseNumber  from  LocationStatus l,IOV_demo.Devices_MT dm,IOV_demo.VehicleInfo iv  where l.deviceID=dm.deviceID and dm.vin=iv.vin and l.deviceID in ( '21984686')
2015-05-20 08:39:52,----------------deviceIDS:------ '21984686'
2015-05-20 08:39:52,----------------sql:------select  l.*,iv.licenseNumber  from  LocationStatus l,IOV_demo.Devices_MT dm,IOV_demo.VehicleInfo iv  where l.deviceID=dm.deviceID and dm.vin=iv.vin and l.deviceID in ( '21984686')
2015-05-20 08:40:02,----------------deviceIDS:------ '21984686'
2015-05-20 08:40:02,----------------sql:------select  l.*,iv.licenseNumber  from  LocationStatus l,IOV_demo.Devices_MT dm,IOV_demo.VehicleInfo iv  where l.deviceID=dm.deviceID and dm.vin=iv.vin and l.deviceID in ( '21984686')
2015-05-20 08:40:12,----------------deviceIDS:------ '21984686'
2015-05-20 08:40:12,----------------sql:------select  l.*,iv.licenseNumber  from  LocationStatus l,IOV_demo.Devices_MT dm,IOV_demo.VehicleInfo iv  where l.deviceID=dm.deviceID and dm.vin=iv.vin and l.deviceID in ( '21984686')
2015-05-20 08:40:22,----------------deviceIDS:------ '21984686'
2015-05-20 08:40:22,----------------sql:------select  l.*,iv.licenseNumber  from  LocationStatus l,IOV_demo.Devices_MT dm,IOV_demo.VehicleInfo iv  where l.deviceID=dm.deviceID and dm.vin=iv.vin and l.deviceID in ( '21984686')
2015-05-20 08:40:32,----------------deviceIDS:------ '21984686'
2015-05-20 08:40:32,----------------sql:------select  l.*,iv.licenseNumber  from  LocationStatus l,IOV_demo.Devices_MT dm,IOV_demo.VehicleInfo iv  where l.deviceID=dm.deviceID and dm.vin=iv.vin and l.deviceID in ( '21984686')
2015-05-20 20:56:12,----------------departments:-----------defDep:1003
2015-05-20 20:56:12,----------------departments:-----------id:1003
2015-05-20 20:56:12,----------------departments:------select * from Opm_Organ where id=1003 and id>1000
2015-05-20 20:56:12,----------------departments:------select count(*)  from Opm_Organ where parentId=1003 and id>1000
2015-05-20 20:56:12,----------------departments:-----------defDep:1003
2015-05-20 20:56:12,----------------departments:-----------id:1003
2015-05-20 20:56:12,----------------departments:------select * from Opm_Organ where id=1003 and id>1000
2015-05-20 20:56:12,----------------departments:------select count(*)  from Opm_Organ where parentId=1003 and id>1000
2015-05-20 20:56:14,----------------departments:-----------defDep:1003
2015-05-20 20:56:14,----------------departments:-----------id:1003
2015-05-20 20:56:14,----------------departments:------select * from Opm_Organ where id=1003 and id>1000
2015-05-20 20:56:14,----------------departments:------select count(*)  from Opm_Organ where parentId=1003 and id>1000
2015-05-20 20:56:14,----------------departments:-----------defDep:1003
2015-05-20 20:56:14,----------------departments:-----------id:1003
2015-05-20 20:56:14,----------------departments:------select * from Opm_Organ where id=1003 and id>1000
2015-05-20 20:56:14,----------------departments:------select count(*)  from Opm_Organ where parentId=1003 and id>1000
2015-05-20 20:56:17,----------------departments:-----------defDep:1003
2015-05-20 20:56:17,----------------departments:-----------id:1003
2015-05-20 20:56:17,----------------departments:------select * from Opm_Organ where  parentId=1003 and id>1000
2015-05-20 20:56:17,----------------departments:------select count(*)  from Opm_Organ where parentId=1192 and id>1000
2015-05-20 20:56:17,----------------departments:------select count(*)  from Opm_Organ where parentId=1206 and id>1000
2015-05-20 20:56:18,-----------vehicles4dep-----sql:------select oo.name as depName,c.name as customerName,dm.nickName,d.deviceIndex,d.registerKey,d.deviceID,v.vin,d.d_esn,v.licenseNumber,l.ign,l.onlineStatus,l.address_num,l.baidu_latitude as latitude ,l.baidu_longitude as longitude,l.heading,concat( l.gpsDate, ' ', l.gpsTime ) as time ,(l.alertStatus1+l.alertStatus2+l.alertStatus3+l.alertStatus4+l.alertStatus5+l.alertStatus6+l.alertStatus7+l.alertStatus8) as alertStatus from VehicleInfo v ,provision_obd.Devices d,Devices_MT dm,obd_demo.LocationStatus l,Customers c,Opm_Organ oo   where d.deviceID=dm.deviceID and dm.vin=v.vin  and d.depID=oo.id and d.depID  in (1206) and d.deviceID=l.deviceID  and dm.customerID=c.id limit 0,10
2015-05-20 20:58:15,----------------sql1:------select d.deviceID,v.vin,d.d_esn,v.licenseNumber,l.ign,l.onlineStatus,l.address_num,l.heading,l.baidu_latitude as latitude ,l.baidu_longitude as longitude,concat( l.gpsDate, ' ', l.gpsTime ) as time,(l.alertStatus1+l.alertStatus2+l.alertStatus3+l.alertStatus4+l.alertStatus5+l.alertStatus6+l.alertStatus7+l.alertStatus8) as alertStatus from VehicleInfo v ,provision_obd.Devices d,Devices_MT dm,obd_demo.LocationStatus l  where d.deviceID=dm.deviceID and dm.vin=v.vin and v.vin  in (728) and d.deviceID=l.deviceID  
2015-05-20 20:58:58,----------------sql1:------select d.deviceID,v.vin,d.d_esn,v.licenseNumber,l.ign,l.onlineStatus,l.address_num,l.heading,l.baidu_latitude as latitude ,l.baidu_longitude as longitude,concat( l.gpsDate, ' ', l.gpsTime ) as time,(l.alertStatus1+l.alertStatus2+l.alertStatus3+l.alertStatus4+l.alertStatus5+l.alertStatus6+l.alertStatus7+l.alertStatus8) as alertStatus from VehicleInfo v ,provision_obd.Devices d,Devices_MT dm,obd_demo.LocationStatus l  where d.deviceID=dm.deviceID and dm.vin=v.vin and v.vin  in () and d.deviceID=l.deviceID  
2015-05-20 20:58:58,----------------departments:-----------defDep:1003
2015-05-20 20:58:58,----------------departments:-----------id:1003
2015-05-20 20:58:58,----------------departments:------select * from Opm_Organ where id=1003 and id>1000
2015-05-20 20:58:58,----------------departments:------select count(*)  from Opm_Organ where parentId=1003 and id>1000
2015-05-20 20:58:58,-----------vehicles4dep-----sql:------select oo.name as depName,c.name as customerName,dm.nickName,d.deviceIndex,d.registerKey,d.deviceID,v.vin,d.d_esn,v.licenseNumber,l.ign,l.onlineStatus,l.address_num,l.baidu_latitude as latitude ,l.baidu_longitude as longitude,l.heading,concat( l.gpsDate, ' ', l.gpsTime ) as time ,(l.alertStatus1+l.alertStatus2+l.alertStatus3+l.alertStatus4+l.alertStatus5+l.alertStatus6+l.alertStatus7+l.alertStatus8) as alertStatus from VehicleInfo v ,provision_obd.Devices d,Devices_MT dm,obd_demo.LocationStatus l,Customers c,Opm_Organ oo   where d.deviceID=dm.deviceID and dm.vin=v.vin  and d.depID=oo.id and d.depID  in (null) and d.deviceID=l.deviceID  and dm.customerID=c.id limit 0,10
2015-05-20 20:58:58,-----------vehicles4dep-----sql:------select oo.name as depName,c.name as customerName,dm.nickName,d.deviceIndex,d.registerKey,d.deviceID,v.vin,d.d_esn,v.licenseNumber,l.ign,l.onlineStatus,l.address_num,l.baidu_latitude as latitude ,l.baidu_longitude as longitude,l.heading,concat( l.gpsDate, ' ', l.gpsTime ) as time ,(l.alertStatus1+l.alertStatus2+l.alertStatus3+l.alertStatus4+l.alertStatus5+l.alertStatus6+l.alertStatus7+l.alertStatus8) as alertStatus from VehicleInfo v ,provision_obd.Devices d,Devices_MT dm,obd_demo.LocationStatus l,Customers c,Opm_Organ oo   where d.deviceID=dm.deviceID and dm.vin=v.vin  and d.depID=oo.id and d.depID  in (null) and d.deviceID=l.deviceID  and dm.customerID=c.id limit 0,10
2015-05-20 20:58:58,-----------vehicles4dep-----sql:------select oo.name as depName,c.name as customerName,dm.nickName,d.deviceIndex,d.registerKey,d.deviceID,v.vin,d.d_esn,v.licenseNumber,l.ign,l.onlineStatus,l.address_num,l.baidu_latitude as latitude ,l.baidu_longitude as longitude,l.heading,concat( l.gpsDate, ' ', l.gpsTime ) as time ,(l.alertStatus1+l.alertStatus2+l.alertStatus3+l.alertStatus4+l.alertStatus5+l.alertStatus6+l.alertStatus7+l.alertStatus8) as alertStatus from VehicleInfo v ,provision_obd.Devices d,Devices_MT dm,obd_demo.LocationStatus l,Customers c,Opm_Organ oo   where d.deviceID=dm.deviceID and dm.vin=v.vin  and d.depID=oo.id and d.depID  in (null) and d.deviceID=l.deviceID  and dm.customerID=c.id limit 0,10
2015-05-20 20:58:58,-----------vehicles4dep-----sql:------select oo.name as depName,c.name as customerName,dm.nickName,d.deviceIndex,d.registerKey,d.deviceID,v.vin,d.d_esn,v.licenseNumber,l.ign,l.onlineStatus,l.address_num,l.baidu_latitude as latitude ,l.baidu_longitude as longitude,l.heading,concat( l.gpsDate, ' ', l.gpsTime ) as time ,(l.alertStatus1+l.alertStatus2+l.alertStatus3+l.alertStatus4+l.alertStatus5+l.alertStatus6+l.alertStatus7+l.alertStatus8) as alertStatus from VehicleInfo v ,provision_obd.Devices d,Devices_MT dm,obd_demo.LocationStatus l,Customers c,Opm_Organ oo   where d.deviceID=dm.deviceID and dm.vin=v.vin  and d.depID=oo.id and d.depID  in (null) and d.deviceID=l.deviceID  and dm.customerID=c.id limit 0,10
2015-05-20 20:58:58,-----------vehicles4dep-----sql:------select oo.name as depName,c.name as customerName,dm.nickName,d.deviceIndex,d.registerKey,d.deviceID,v.vin,d.d_esn,v.licenseNumber,l.ign,l.onlineStatus,l.address_num,l.baidu_latitude as latitude ,l.baidu_longitude as longitude,l.heading,concat( l.gpsDate, ' ', l.gpsTime ) as time ,(l.alertStatus1+l.alertStatus2+l.alertStatus3+l.alertStatus4+l.alertStatus5+l.alertStatus6+l.alertStatus7+l.alertStatus8) as alertStatus from VehicleInfo v ,provision_obd.Devices d,Devices_MT dm,obd_demo.LocationStatus l,Customers c,Opm_Organ oo   where d.deviceID=dm.deviceID and dm.vin=v.vin  and d.depID=oo.id and d.depID  in (null) and d.deviceID=l.deviceID  and dm.customerID=c.id limit 0,10
2015-05-20 20:58:58,-----------vehicles4dep-----sql:------select oo.name as depName,c.name as customerName,dm.nickName,d.deviceIndex,d.registerKey,d.deviceID,v.vin,d.d_esn,v.licenseNumber,l.ign,l.onlineStatus,l.address_num,l.baidu_latitude as latitude ,l.baidu_longitude as longitude,l.heading,concat( l.gpsDate, ' ', l.gpsTime ) as time ,(l.alertStatus1+l.alertStatus2+l.alertStatus3+l.alertStatus4+l.alertStatus5+l.alertStatus6+l.alertStatus7+l.alertStatus8) as alertStatus from VehicleInfo v ,provision_obd.Devices d,Devices_MT dm,obd_demo.LocationStatus l,Customers c,Opm_Organ oo   where d.deviceID=dm.deviceID and dm.vin=v.vin  and d.depID=oo.id and d.depID  in (null) and d.deviceID=l.deviceID  and dm.customerID=c.id limit 0,10
2015-05-20 20:59:03,----------------departments:-----------defDep:1003
2015-05-20 20:59:03,----------------departments:-----------id:1003
2015-05-20 20:59:03,----------------departments:------select * from Opm_Organ where id=1003 and id>1000
2015-05-20 20:59:03,----------------departments:------select count(*)  from Opm_Organ where parentId=1003 and id>1000
2015-05-20 20:59:05,-----------vehicles4dep-----sql:------select oo.name as depName,c.name as customerName,dm.nickName,d.deviceIndex,d.registerKey,d.deviceID,v.vin,d.d_esn,v.licenseNumber,l.ign,l.onlineStatus,l.address_num,l.baidu_latitude as latitude ,l.baidu_longitude as longitude,l.heading,concat( l.gpsDate, ' ', l.gpsTime ) as time ,(l.alertStatus1+l.alertStatus2+l.alertStatus3+l.alertStatus4+l.alertStatus5+l.alertStatus6+l.alertStatus7+l.alertStatus8) as alertStatus from VehicleInfo v ,provision_obd.Devices d,Devices_MT dm,obd_demo.LocationStatus l,Customers c,Opm_Organ oo   where d.deviceID=dm.deviceID and dm.vin=v.vin  and d.depID=oo.id and d.depID  in (null) and d.deviceID=l.deviceID  and dm.customerID=c.id limit 0,10
2015-05-20 20:59:07,----------------departments:-----------defDep:1003
2015-05-20 20:59:07,----------------departments:-----------id:1003
2015-05-20 20:59:07,----------------departments:------select * from Opm_Organ where  parentId=1003 and id>1000
2015-05-20 20:59:07,----------------departments:------select count(*)  from Opm_Organ where parentId=1192 and id>1000
2015-05-20 20:59:07,----------------departments:------select count(*)  from Opm_Organ where parentId=1206 and id>1000
2015-05-20 20:59:08,-----------vehicles4dep-----sql:------select oo.name as depName,c.name as customerName,dm.nickName,d.deviceIndex,d.registerKey,d.deviceID,v.vin,d.d_esn,v.licenseNumber,l.ign,l.onlineStatus,l.address_num,l.baidu_latitude as latitude ,l.baidu_longitude as longitude,l.heading,concat( l.gpsDate, ' ', l.gpsTime ) as time ,(l.alertStatus1+l.alertStatus2+l.alertStatus3+l.alertStatus4+l.alertStatus5+l.alertStatus6+l.alertStatus7+l.alertStatus8) as alertStatus from VehicleInfo v ,provision_obd.Devices d,Devices_MT dm,obd_demo.LocationStatus l,Customers c,Opm_Organ oo   where d.deviceID=dm.deviceID and dm.vin=v.vin  and d.depID=oo.id and d.depID  in (1206) and d.deviceID=l.deviceID  and dm.customerID=c.id limit 0,10
2015-05-20 20:59:17,----------------sql:------select vm.ModelName,c.name as customer,d.deviceID,d.d_esn,vi.licenseNumber,  sum(case when  code =3024 then 1 else 0 end) as hard_accel,sum(case when  code =3025 then 1 else 0 end) as hard_corner
	,sum(case when  code =3026 then 1 else 0 end) as hard_break from provision_obd.Devices d   join  Devices_MT dm on d.deviceID=dm.deviceID left join  VehModelNumber vn on dm.ModelNumID=vn.ModelNumID join  VehicleInfo vi on  dm.vin=vi.vin left join  VehModel vm  on  vn.ModelID=vm.ModelID left join  Customers c on dm.customerID=c.id left join  obd_demo.LocationHistory l  on  (l.deviceID=d.deviceID and  (l.code=3024 or l.code=3025  or l.code=3026 )  and  gpsStamp >= '2015-04-30 16:00:00' AND gpsStamp <= '2015-05-20 15:59:59') where  d.deviceID in ( '21984686') group by d.deviceID 
2015-05-20 20:59:17,----------------sql:------select deviceID,serverDate,sum(case when  code =3024 then 1 else 0 end) as hard_accel,sum(case when  code =3025 then 1 else 0 end) as hard_corner
	        ,sum(case when  code =3026 then 1 else 0 end) as hard_break  from LocationHistory  where deviceID='21984686'  and (code=3024 or code=3025 or  code=3026)  and gpsStamp>'2015-04-30 16:00:00' and gpsStamp<='2015-05-20 15:59:59'  and serverDate=gpsDate group by serverDate order by serverDate
2015-05-20 20:59:17,----------------sql:------select deviceID,serverDate,sum(case when  code =3024 then 1 else 0 end) as hard_accel,sum(case when  code =3025 then 1 else 0 end) as hard_corner
	        ,sum(case when  code =3026 then 1 else 0 end) as hard_break  from LocationHistory  where deviceID='21984686'  and (code=3024 or code=3025 or  code=3026)  and gpsStamp>'2015-04-30 16:00:00' and gpsStamp<='2015-05-20 15:59:59'  and serverDate=gpsDate group by serverDate order by serverDate
2015-05-20 20:59:17,----------------sql:------select deviceID,gpsDate,gpsTime,serverDate,sum(case when  code =3024 then 1 else 0 end) as hard_accel,sum(case when  code =3025 then 1 else 0 end) as hard_corner
	        ,sum(case when  code =3026 then 1 else 0 end) as hard_break from LocationHistory  where deviceID='21984686'  and and (code=3024 or code=3025 or  code=3026)   and gpsStamp>'2015-04-30 16:00:00' and gpsStamp<='2015-05-20 15:59:59'  and serverDate <> gpsDate  order by serverDate
2015-05-20 20:59:17,----------------sql:------select deviceID,gpsDate,gpsTime,serverDate,sum(case when  code =3024 then 1 else 0 end) as hard_accel,sum(case when  code =3025 then 1 else 0 end) as hard_corner
	        ,sum(case when  code =3026 then 1 else 0 end) as hard_break from LocationHistory  where deviceID='21984686'  and and (code=3024 or code=3025 or  code=3026)   and gpsStamp>'2015-04-30 16:00:00' and gpsStamp<='2015-05-20 15:59:59'  and serverDate <> gpsDate  order by serverDate
