2015-06-12 00:08:07,-----------vehicles4dep-----sql:------select oo.name as depName,c.name as customerName,dm.nickName,d.deviceIndex,d.registerKey,d.deviceID,v.vin,d.d_esn,v.licenseNumber,l.ign,l.onlineStatus,l.address_num,l.baidu_latitude as latitude ,l.baidu_longitude as longitude,l.heading,concat( l.gpsDate, ' ', l.gpsTime ) as time ,(l.alertStatus1+l.alertStatus2+l.alertStatus3+l.alertStatus4+l.alertStatus5+l.alertStatus6+l.alertStatus7+l.alertStatus8) as alertStatus from VehicleInfo v ,provision_obd.Devices d,Devices_MT dm,obd_demo.LocationStatus l,Customers c,Opm_Organ oo   where d.deviceID=dm.deviceID and dm.vin=v.vin  and d.depID=oo.id and d.depID  in (-1) and d.deviceID=l.deviceID  and dm.customerID=c.id limit 0,10
2015-06-12 00:13:58,-----------vehicles4dep-----sql:------select oo.name as depName,c.name as customerName,dm.nickName,d.deviceIndex,d.registerKey,d.deviceID,v.vin,d.d_esn,v.licenseNumber,l.ign,l.onlineStatus,l.address_num,l.baidu_latitude as latitude ,l.baidu_longitude as longitude,l.heading,concat( l.gpsDate, ' ', l.gpsTime ) as time ,(l.alertStatus1+l.alertStatus2+l.alertStatus3+l.alertStatus4+l.alertStatus5+l.alertStatus6+l.alertStatus7+l.alertStatus8) as alertStatus from VehicleInfo v ,provision_obd.Devices d,Devices_MT dm,obd_demo.LocationStatus l,Customers c,Opm_Organ oo   where d.deviceID=dm.deviceID and dm.vin=v.vin  and d.depID=oo.id and d.depID  in (-1) and d.deviceID=l.deviceID  and dm.customerID=c.id limit 0,10
2015-06-12 00:14:42,-----------vehicles4dep-----sql:------select oo.name as depName,c.name as customerName,dm.nickName,d.deviceIndex,d.registerKey,d.deviceID,v.vin,d.d_esn,v.licenseNumber,l.ign,l.onlineStatus,l.address_num,l.baidu_latitude as latitude ,l.baidu_longitude as longitude,l.heading,concat( l.gpsDate, ' ', l.gpsTime ) as time ,(l.alertStatus1+l.alertStatus2+l.alertStatus3+l.alertStatus4+l.alertStatus5+l.alertStatus6+l.alertStatus7+l.alertStatus8) as alertStatus from VehicleInfo v ,provision_obd.Devices d,Devices_MT dm,obd_demo.LocationStatus l,Customers c,Opm_Organ oo   where d.deviceID=dm.deviceID and dm.vin=v.vin  and d.depID=oo.id and d.depID  in (-1) and d.deviceID=l.deviceID  and dm.customerID=c.id limit 0,10
2015-06-12 06:48:34,----------------departments:-----------defDep:1003
2015-06-12 06:48:34,----------------departments:-----------id:1003
2015-06-12 06:48:34,----------------departments:------select * from Opm_Organ where id=1003 and id>1000
2015-06-12 06:48:34,----------------departments:------select count(*)  from Opm_Organ where parentId=1003 and id>1000
2015-06-12 06:48:34,----------------departments:-----------defDep:1003
2015-06-12 06:48:34,----------------departments:-----------id:1003
2015-06-12 06:48:34,----------------departments:------select * from Opm_Organ where id=1003 and id>1000
2015-06-12 06:48:34,----------------departments:------select count(*)  from Opm_Organ where parentId=1003 and id>1000
2015-06-12 06:48:35,----------------departments:-----------defDep:1003
2015-06-12 06:48:35,----------------departments:-----------id:1003
2015-06-12 06:48:35,----------------departments:------select * from Opm_Organ where id=1003 and id>1000
2015-06-12 06:48:35,----------------departments:------select count(*)  from Opm_Organ where parentId=1003 and id>1000
2015-06-12 06:48:35,----------------departments:-----------defDep:1003
2015-06-12 06:48:35,----------------departments:-----------id:1003
2015-06-12 06:48:35,----------------departments:------select * from Opm_Organ where id=1003 and id>1000
2015-06-12 06:48:35,----------------departments:------select count(*)  from Opm_Organ where parentId=1003 and id>1000
2015-06-12 06:48:36,-----------vehicles4dep-----sql:------select oo.name as depName,c.name as customerName,dm.nickName,d.deviceIndex,d.registerKey,d.deviceID,v.vin,d.d_esn,v.licenseNumber,l.ign,l.onlineStatus,l.address_num,l.baidu_latitude as latitude ,l.baidu_longitude as longitude,l.heading,concat( l.gpsDate, ' ', l.gpsTime ) as time ,(l.alertStatus1+l.alertStatus2+l.alertStatus3+l.alertStatus4+l.alertStatus5+l.alertStatus6+l.alertStatus7+l.alertStatus8) as alertStatus from VehicleInfo v ,provision_obd.Devices d,Devices_MT dm,obd_demo.LocationStatus l,Customers c,Opm_Organ oo   where d.deviceID=dm.deviceID and dm.vin=v.vin  and d.depID=oo.id and d.depID  in (null) and d.deviceID=l.deviceID  and dm.customerID=c.id limit 0,10
2015-06-12 06:48:36,-----------vehicles4dep-----sql:------select oo.name as depName,c.name as customerName,dm.nickName,d.deviceIndex,d.registerKey,d.deviceID,v.vin,d.d_esn,v.licenseNumber,l.ign,l.onlineStatus,l.address_num,l.baidu_latitude as latitude ,l.baidu_longitude as longitude,l.heading,concat( l.gpsDate, ' ', l.gpsTime ) as time ,(l.alertStatus1+l.alertStatus2+l.alertStatus3+l.alertStatus4+l.alertStatus5+l.alertStatus6+l.alertStatus7+l.alertStatus8) as alertStatus from VehicleInfo v ,provision_obd.Devices d,Devices_MT dm,obd_demo.LocationStatus l,Customers c,Opm_Organ oo   where d.deviceID=dm.deviceID and dm.vin=v.vin  and d.depID=oo.id and d.depID  in (null) and d.deviceID=l.deviceID  and dm.customerID=c.id limit 0,10
2015-06-12 06:48:36,-----------vehicles4dep-----sql:------select oo.name as depName,c.name as customerName,dm.nickName,d.deviceIndex,d.registerKey,d.deviceID,v.vin,d.d_esn,v.licenseNumber,l.ign,l.onlineStatus,l.address_num,l.baidu_latitude as latitude ,l.baidu_longitude as longitude,l.heading,concat( l.gpsDate, ' ', l.gpsTime ) as time ,(l.alertStatus1+l.alertStatus2+l.alertStatus3+l.alertStatus4+l.alertStatus5+l.alertStatus6+l.alertStatus7+l.alertStatus8) as alertStatus from VehicleInfo v ,provision_obd.Devices d,Devices_MT dm,obd_demo.LocationStatus l,Customers c,Opm_Organ oo   where d.deviceID=dm.deviceID and dm.vin=v.vin  and d.depID=oo.id and d.depID  in (null) and d.deviceID=l.deviceID  and dm.customerID=c.id limit 0,10
2015-06-12 06:48:36,-----------vehicles4dep-----sql:------select oo.name as depName,c.name as customerName,dm.nickName,d.deviceIndex,d.registerKey,d.deviceID,v.vin,d.d_esn,v.licenseNumber,l.ign,l.onlineStatus,l.address_num,l.baidu_latitude as latitude ,l.baidu_longitude as longitude,l.heading,concat( l.gpsDate, ' ', l.gpsTime ) as time ,(l.alertStatus1+l.alertStatus2+l.alertStatus3+l.alertStatus4+l.alertStatus5+l.alertStatus6+l.alertStatus7+l.alertStatus8) as alertStatus from VehicleInfo v ,provision_obd.Devices d,Devices_MT dm,obd_demo.LocationStatus l,Customers c,Opm_Organ oo   where d.deviceID=dm.deviceID and dm.vin=v.vin  and d.depID=oo.id and d.depID  in (null) and d.deviceID=l.deviceID  and dm.customerID=c.id limit 0,10
2015-06-12 06:48:36,-----------vehicles4dep-----sql:------select oo.name as depName,c.name as customerName,dm.nickName,d.deviceIndex,d.registerKey,d.deviceID,v.vin,d.d_esn,v.licenseNumber,l.ign,l.onlineStatus,l.address_num,l.baidu_latitude as latitude ,l.baidu_longitude as longitude,l.heading,concat( l.gpsDate, ' ', l.gpsTime ) as time ,(l.alertStatus1+l.alertStatus2+l.alertStatus3+l.alertStatus4+l.alertStatus5+l.alertStatus6+l.alertStatus7+l.alertStatus8) as alertStatus from VehicleInfo v ,provision_obd.Devices d,Devices_MT dm,obd_demo.LocationStatus l,Customers c,Opm_Organ oo   where d.deviceID=dm.deviceID and dm.vin=v.vin  and d.depID=oo.id and d.depID  in (null) and d.deviceID=l.deviceID  and dm.customerID=c.id limit 0,10
2015-06-12 06:48:36,-----------vehicles4dep-----sql:------select oo.name as depName,c.name as customerName,dm.nickName,d.deviceIndex,d.registerKey,d.deviceID,v.vin,d.d_esn,v.licenseNumber,l.ign,l.onlineStatus,l.address_num,l.baidu_latitude as latitude ,l.baidu_longitude as longitude,l.heading,concat( l.gpsDate, ' ', l.gpsTime ) as time ,(l.alertStatus1+l.alertStatus2+l.alertStatus3+l.alertStatus4+l.alertStatus5+l.alertStatus6+l.alertStatus7+l.alertStatus8) as alertStatus from VehicleInfo v ,provision_obd.Devices d,Devices_MT dm,obd_demo.LocationStatus l,Customers c,Opm_Organ oo   where d.deviceID=dm.deviceID and dm.vin=v.vin  and d.depID=oo.id and d.depID  in (null) and d.deviceID=l.deviceID  and dm.customerID=c.id limit 0,10
2015-06-12 06:48:36,-----------vehicles4dep-----sql:------select oo.name as depName,c.name as customerName,dm.nickName,d.deviceIndex,d.registerKey,d.deviceID,v.vin,d.d_esn,v.licenseNumber,l.ign,l.onlineStatus,l.address_num,l.baidu_latitude as latitude ,l.baidu_longitude as longitude,l.heading,concat( l.gpsDate, ' ', l.gpsTime ) as time ,(l.alertStatus1+l.alertStatus2+l.alertStatus3+l.alertStatus4+l.alertStatus5+l.alertStatus6+l.alertStatus7+l.alertStatus8) as alertStatus from VehicleInfo v ,provision_obd.Devices d,Devices_MT dm,obd_demo.LocationStatus l,Customers c,Opm_Organ oo   where d.deviceID=dm.deviceID and dm.vin=v.vin  and d.depID=oo.id and d.depID  in (null) and d.deviceID=l.deviceID  and dm.customerID=c.id limit 0,10
2015-06-12 06:48:37,----------------departments:-----------defDep:1003
2015-06-12 06:48:37,----------------departments:-----------id:1003
2015-06-12 06:48:37,----------------departments:------select * from Opm_Organ where  parentId=1003 and id>1000
2015-06-12 06:48:37,----------------departments:------select count(*)  from Opm_Organ where parentId=1192 and id>1000
2015-06-12 06:48:37,----------------departments:------select count(*)  from Opm_Organ where parentId=1206 and id>1000
2015-06-12 06:48:37,----------------departments:------select count(*)  from Opm_Organ where parentId=1207 and id>1000
2015-06-12 06:48:39,-----------vehicles4dep-----sql:------select oo.name as depName,c.name as customerName,dm.nickName,d.deviceIndex,d.registerKey,d.deviceID,v.vin,d.d_esn,v.licenseNumber,l.ign,l.onlineStatus,l.address_num,l.baidu_latitude as latitude ,l.baidu_longitude as longitude,l.heading,concat( l.gpsDate, ' ', l.gpsTime ) as time ,(l.alertStatus1+l.alertStatus2+l.alertStatus3+l.alertStatus4+l.alertStatus5+l.alertStatus6+l.alertStatus7+l.alertStatus8) as alertStatus from VehicleInfo v ,provision_obd.Devices d,Devices_MT dm,obd_demo.LocationStatus l,Customers c,Opm_Organ oo   where d.deviceID=dm.deviceID and dm.vin=v.vin  and d.depID=oo.id and d.depID  in (1207) and d.deviceID=l.deviceID  and dm.customerID=c.id limit 0,10
2015-06-12 06:49:36,----------------sql1:------select d.deviceID,v.vin,d.d_esn,v.licenseNumber,l.ign,l.onlineStatus,l.address_num,l.heading,l.baidu_latitude as latitude ,l.baidu_longitude as longitude,concat( l.gpsDate, ' ', l.gpsTime ) as time,(l.alertStatus1+l.alertStatus2+l.alertStatus3+l.alertStatus4+l.alertStatus5+l.alertStatus6+l.alertStatus7+l.alertStatus8) as alertStatus from VehicleInfo v ,provision_obd.Devices d,Devices_MT dm,obd_demo.LocationStatus l  where d.deviceID=dm.deviceID and dm.vin=v.vin and v.vin  in (741) and d.deviceID=l.deviceID  
2015-06-12 06:50:36,----------------sql1:------select d.deviceID,v.vin,d.d_esn,v.licenseNumber,l.ign,l.onlineStatus,l.address_num,l.heading,l.baidu_latitude as latitude ,l.baidu_longitude as longitude,concat( l.gpsDate, ' ', l.gpsTime ) as time,(l.alertStatus1+l.alertStatus2+l.alertStatus3+l.alertStatus4+l.alertStatus5+l.alertStatus6+l.alertStatus7+l.alertStatus8) as alertStatus from VehicleInfo v ,provision_obd.Devices d,Devices_MT dm,obd_demo.LocationStatus l  where d.deviceID=dm.deviceID and dm.vin=v.vin and v.vin  in (741) and d.deviceID=l.deviceID  
2015-06-12 07:55:08,----------------departments:-----------defDep:1003
2015-06-12 07:55:08,----------------departments:-----------id:1003
2015-06-12 07:55:08,----------------departments:------select * from Opm_Organ where id=1003 and id>1000
2015-06-12 07:55:08,----------------departments:------select count(*)  from Opm_Organ where parentId=1003 and id>1000
2015-06-12 07:55:09,----------------departments:-----------defDep:1003
2015-06-12 07:55:09,----------------departments:-----------id:1003
2015-06-12 07:55:09,----------------departments:------select * from Opm_Organ where id=1003 and id>1000
2015-06-12 07:55:09,----------------departments:------select count(*)  from Opm_Organ where parentId=1003 and id>1000
2015-06-12 07:55:09,----------------departments:-----------defDep:1003
2015-06-12 07:55:09,----------------departments:-----------id:1003
2015-06-12 07:55:09,----------------departments:------select * from Opm_Organ where id=1003 and id>1000
2015-06-12 07:55:09,----------------departments:------select count(*)  from Opm_Organ where parentId=1003 and id>1000
2015-06-12 07:55:09,----------------departments:-----------defDep:1003
2015-06-12 07:55:09,----------------departments:-----------id:1003
2015-06-12 07:55:09,----------------departments:------select * from Opm_Organ where id=1003 and id>1000
2015-06-12 07:55:09,----------------departments:------select count(*)  from Opm_Organ where parentId=1003 and id>1000
2015-06-12 07:55:10,----------------departments:-----------defDep:1003
2015-06-12 07:55:10,----------------departments:-----------id:1003
2015-06-12 07:55:10,----------------departments:-----------defDep:1003
2015-06-12 07:55:10,----------------departments:------select * from Opm_Organ where id=1003 and id>1000
2015-06-12 07:55:10,----------------departments:-----------id:1003
2015-06-12 07:55:10,----------------departments:------select * from Opm_Organ where id=1003 and id>1000
2015-06-12 07:55:10,----------------departments:------select count(*)  from Opm_Organ where parentId=1003 and id>1000
2015-06-12 07:55:10,----------------departments:------select count(*)  from Opm_Organ where parentId=1003 and id>1000
2015-06-12 07:55:11,----------------sql:------select ua.userID,ua.email,ua.username,ua.smsNum,ua.fullname,role.name as roleName,role.id as roleId,oo.name as depName from  Users_Admin  ua,Opm_User_Role our,Opm_Role role,Opm_Organ oo  where ua.userID=our.userID and our.roleId=role.id and ua.organId=1003 and ua.isCustomer=0 and our.organId=oo.id
2015-06-12 07:55:11,----------------departments:-----------defDep:1003
2015-06-12 07:55:11,----------------departments:-----------id:1003
2015-06-12 07:55:11,----------------departments:------select * from Opm_Organ where id=1003 and id>1000
2015-06-12 07:55:11,----------------departments:------select count(*)  from Opm_Organ where parentId=1003 and id>1000
2015-06-12 07:55:11,----------------departments:-----------defDep:1003
2015-06-12 07:55:11,----------------departments:-----------id:1003
2015-06-12 07:55:11,----------------departments:------select * from Opm_Organ where id=1003 and id>1000
2015-06-12 07:55:11,----------------departments:------select count(*)  from Opm_Organ where parentId=1003 and id>1000
2015-06-12 07:55:11,----------------departments:-----------defDep:1003
2015-06-12 07:55:11,----------------departments:-----------id:1003
2015-06-12 07:55:11,----------------departments:------select * from Opm_Organ where id=1003 and id>1000
2015-06-12 07:55:11,----------------departments:------select count(*)  from Opm_Organ where parentId=1003 and id>1000
2015-06-12 07:55:11,----------------departments:-----------defDep:1003
2015-06-12 07:55:11,----------------departments:-----------id:1003
2015-06-12 07:55:11,----------------departments:------select * from Opm_Organ where id=1003 and id>1000
2015-06-12 07:55:11,----------------departments:------select count(*)  from Opm_Organ where parentId=1003 and id>1000
2015-06-12 18:14:23,----------------departments:-----------defDep:1003
2015-06-12 18:14:23,----------------departments:-----------id:1003
2015-06-12 18:14:23,----------------departments:------select * from Opm_Organ where id=1003 and id>1000
2015-06-12 18:14:23,----------------departments:------select count(*)  from Opm_Organ where parentId=1003 and id>1000
2015-06-12 18:14:23,----------------departments:-----------defDep:1003
2015-06-12 18:14:23,----------------departments:-----------id:1003
2015-06-12 18:14:23,----------------departments:------select * from Opm_Organ where id=1003 and id>1000
2015-06-12 18:14:23,----------------departments:------select count(*)  from Opm_Organ where parentId=1003 and id>1000
2015-06-12 18:14:25,----------------departments:-----------defDep:1003
2015-06-12 18:14:25,----------------departments:-----------id:1003
2015-06-12 18:14:25,----------------departments:------select * from Opm_Organ where id=1003 and id>1000
2015-06-12 18:14:25,----------------departments:------select count(*)  from Opm_Organ where parentId=1003 and id>1000
2015-06-12 18:14:25,----------------departments:-----------defDep:1003
2015-06-12 18:14:25,----------------departments:-----------id:1003
2015-06-12 18:14:25,----------------departments:------select * from Opm_Organ where id=1003 and id>1000
2015-06-12 18:14:25,----------------departments:------select count(*)  from Opm_Organ where parentId=1003 and id>1000
2015-06-12 18:14:26,-----------vehicles4dep-----sql:------select oo.name as depName,c.name as customerName,dm.nickName,d.deviceIndex,d.registerKey,d.deviceID,v.vin,d.d_esn,v.licenseNumber,l.ign,l.onlineStatus,l.address_num,l.baidu_latitude as latitude ,l.baidu_longitude as longitude,l.heading,concat( l.gpsDate, ' ', l.gpsTime ) as time ,(l.alertStatus1+l.alertStatus2+l.alertStatus3+l.alertStatus4+l.alertStatus5+l.alertStatus6+l.alertStatus7+l.alertStatus8) as alertStatus from VehicleInfo v ,provision_obd.Devices d,Devices_MT dm,obd_demo.LocationStatus l,Customers c,Opm_Organ oo   where d.deviceID=dm.deviceID and dm.vin=v.vin  and d.depID=oo.id and d.depID  in (null) and d.deviceID=l.deviceID  and dm.customerID=c.id limit 0,10
2015-06-12 18:14:26,-----------vehicles4dep-----sql:------select oo.name as depName,c.name as customerName,dm.nickName,d.deviceIndex,d.registerKey,d.deviceID,v.vin,d.d_esn,v.licenseNumber,l.ign,l.onlineStatus,l.address_num,l.baidu_latitude as latitude ,l.baidu_longitude as longitude,l.heading,concat( l.gpsDate, ' ', l.gpsTime ) as time ,(l.alertStatus1+l.alertStatus2+l.alertStatus3+l.alertStatus4+l.alertStatus5+l.alertStatus6+l.alertStatus7+l.alertStatus8) as alertStatus from VehicleInfo v ,provision_obd.Devices d,Devices_MT dm,obd_demo.LocationStatus l,Customers c,Opm_Organ oo   where d.deviceID=dm.deviceID and dm.vin=v.vin  and d.depID=oo.id and d.depID  in (null) and d.deviceID=l.deviceID  and dm.customerID=c.id limit 0,10
2015-06-12 18:14:26,-----------vehicles4dep-----sql:------select oo.name as depName,c.name as customerName,dm.nickName,d.deviceIndex,d.registerKey,d.deviceID,v.vin,d.d_esn,v.licenseNumber,l.ign,l.onlineStatus,l.address_num,l.baidu_latitude as latitude ,l.baidu_longitude as longitude,l.heading,concat( l.gpsDate, ' ', l.gpsTime ) as time ,(l.alertStatus1+l.alertStatus2+l.alertStatus3+l.alertStatus4+l.alertStatus5+l.alertStatus6+l.alertStatus7+l.alertStatus8) as alertStatus from VehicleInfo v ,provision_obd.Devices d,Devices_MT dm,obd_demo.LocationStatus l,Customers c,Opm_Organ oo   where d.deviceID=dm.deviceID and dm.vin=v.vin  and d.depID=oo.id and d.depID  in (null) and d.deviceID=l.deviceID  and dm.customerID=c.id limit 0,10
2015-06-12 18:14:26,-----------vehicles4dep-----sql:------select oo.name as depName,c.name as customerName,dm.nickName,d.deviceIndex,d.registerKey,d.deviceID,v.vin,d.d_esn,v.licenseNumber,l.ign,l.onlineStatus,l.address_num,l.baidu_latitude as latitude ,l.baidu_longitude as longitude,l.heading,concat( l.gpsDate, ' ', l.gpsTime ) as time ,(l.alertStatus1+l.alertStatus2+l.alertStatus3+l.alertStatus4+l.alertStatus5+l.alertStatus6+l.alertStatus7+l.alertStatus8) as alertStatus from VehicleInfo v ,provision_obd.Devices d,Devices_MT dm,obd_demo.LocationStatus l,Customers c,Opm_Organ oo   where d.deviceID=dm.deviceID and dm.vin=v.vin  and d.depID=oo.id and d.depID  in (null) and d.deviceID=l.deviceID  and dm.customerID=c.id limit 0,10
2015-06-12 18:14:26,-----------vehicles4dep-----sql:------select oo.name as depName,c.name as customerName,dm.nickName,d.deviceIndex,d.registerKey,d.deviceID,v.vin,d.d_esn,v.licenseNumber,l.ign,l.onlineStatus,l.address_num,l.baidu_latitude as latitude ,l.baidu_longitude as longitude,l.heading,concat( l.gpsDate, ' ', l.gpsTime ) as time ,(l.alertStatus1+l.alertStatus2+l.alertStatus3+l.alertStatus4+l.alertStatus5+l.alertStatus6+l.alertStatus7+l.alertStatus8) as alertStatus from VehicleInfo v ,provision_obd.Devices d,Devices_MT dm,obd_demo.LocationStatus l,Customers c,Opm_Organ oo   where d.deviceID=dm.deviceID and dm.vin=v.vin  and d.depID=oo.id and d.depID  in (null) and d.deviceID=l.deviceID  and dm.customerID=c.id limit 0,10
2015-06-12 18:14:26,-----------vehicles4dep-----sql:------select oo.name as depName,c.name as customerName,dm.nickName,d.deviceIndex,d.registerKey,d.deviceID,v.vin,d.d_esn,v.licenseNumber,l.ign,l.onlineStatus,l.address_num,l.baidu_latitude as latitude ,l.baidu_longitude as longitude,l.heading,concat( l.gpsDate, ' ', l.gpsTime ) as time ,(l.alertStatus1+l.alertStatus2+l.alertStatus3+l.alertStatus4+l.alertStatus5+l.alertStatus6+l.alertStatus7+l.alertStatus8) as alertStatus from VehicleInfo v ,provision_obd.Devices d,Devices_MT dm,obd_demo.LocationStatus l,Customers c,Opm_Organ oo   where d.deviceID=dm.deviceID and dm.vin=v.vin  and d.depID=oo.id and d.depID  in (null) and d.deviceID=l.deviceID  and dm.customerID=c.id limit 0,10
2015-06-12 18:14:26,-----------vehicles4dep-----sql:------select oo.name as depName,c.name as customerName,dm.nickName,d.deviceIndex,d.registerKey,d.deviceID,v.vin,d.d_esn,v.licenseNumber,l.ign,l.onlineStatus,l.address_num,l.baidu_latitude as latitude ,l.baidu_longitude as longitude,l.heading,concat( l.gpsDate, ' ', l.gpsTime ) as time ,(l.alertStatus1+l.alertStatus2+l.alertStatus3+l.alertStatus4+l.alertStatus5+l.alertStatus6+l.alertStatus7+l.alertStatus8) as alertStatus from VehicleInfo v ,provision_obd.Devices d,Devices_MT dm,obd_demo.LocationStatus l,Customers c,Opm_Organ oo   where d.deviceID=dm.deviceID and dm.vin=v.vin  and d.depID=oo.id and d.depID  in (null) and d.deviceID=l.deviceID  and dm.customerID=c.id limit 0,10
2015-06-12 18:14:26,----------------departments:-----------defDep:1003
2015-06-12 18:14:26,----------------departments:-----------id:1003
2015-06-12 18:14:26,----------------departments:------select * from Opm_Organ where  parentId=1003 and id>1000
2015-06-12 18:14:26,----------------departments:------select count(*)  from Opm_Organ where parentId=1192 and id>1000
2015-06-12 18:14:26,----------------departments:------select count(*)  from Opm_Organ where parentId=1206 and id>1000
2015-06-12 18:14:26,----------------departments:------select count(*)  from Opm_Organ where parentId=1207 and id>1000
2015-06-12 18:14:28,-----------vehicles4dep-----sql:------select oo.name as depName,c.name as customerName,dm.nickName,d.deviceIndex,d.registerKey,d.deviceID,v.vin,d.d_esn,v.licenseNumber,l.ign,l.onlineStatus,l.address_num,l.baidu_latitude as latitude ,l.baidu_longitude as longitude,l.heading,concat( l.gpsDate, ' ', l.gpsTime ) as time ,(l.alertStatus1+l.alertStatus2+l.alertStatus3+l.alertStatus4+l.alertStatus5+l.alertStatus6+l.alertStatus7+l.alertStatus8) as alertStatus from VehicleInfo v ,provision_obd.Devices d,Devices_MT dm,obd_demo.LocationStatus l,Customers c,Opm_Organ oo   where d.deviceID=dm.deviceID and dm.vin=v.vin  and d.depID=oo.id and d.depID  in (1207) and d.deviceID=l.deviceID  and dm.customerID=c.id limit 0,10
2015-06-12 18:15:26,----------------sql1:------select d.deviceID,v.vin,d.d_esn,v.licenseNumber,l.ign,l.onlineStatus,l.address_num,l.heading,l.baidu_latitude as latitude ,l.baidu_longitude as longitude,concat( l.gpsDate, ' ', l.gpsTime ) as time,(l.alertStatus1+l.alertStatus2+l.alertStatus3+l.alertStatus4+l.alertStatus5+l.alertStatus6+l.alertStatus7+l.alertStatus8) as alertStatus from VehicleInfo v ,provision_obd.Devices d,Devices_MT dm,obd_demo.LocationStatus l  where d.deviceID=dm.deviceID and dm.vin=v.vin and v.vin  in (745) and d.deviceID=l.deviceID  
