2015-05-07 08:24:09,----------------departments:-----------defDep:1003
2015-05-07 08:24:09,----------------departments:-----------id:1003
2015-05-07 08:24:09,----------------departments:------select * from Opm_Organ where id=1003 and id>1000
2015-05-07 08:24:09,----------------departments:------select count(*)  from Opm_Organ where parentId=1003 and id>1000
2015-05-07 08:24:09,----------------departments:-----------defDep:1003
2015-05-07 08:24:09,----------------departments:-----------id:1003
2015-05-07 08:24:09,----------------departments:------select * from Opm_Organ where id=1003 and id>1000
2015-05-07 08:24:09,----------------departments:------select count(*)  from Opm_Organ where parentId=1003 and id>1000
2015-05-07 08:24:10,----------------departments:-----------defDep:1003
2015-05-07 08:24:10,----------------departments:-----------id:1003
2015-05-07 08:24:10,----------------departments:------select * from Opm_Organ where id=1003 and id>1000
2015-05-07 08:24:10,----------------departments:------select count(*)  from Opm_Organ where parentId=1003 and id>1000
2015-05-07 08:24:10,----------------departments:-----------defDep:1003
2015-05-07 08:24:10,----------------departments:-----------id:1003
2015-05-07 08:24:10,----------------departments:------select * from Opm_Organ where id=1003 and id>1000
2015-05-07 08:24:10,----------------departments:------select count(*)  from Opm_Organ where parentId=1003 and id>1000
2015-05-07 08:24:12,----------------departments:-----------defDep:1003
2015-05-07 08:24:12,----------------departments:-----------id:1003
2015-05-07 08:24:12,----------------departments:------select * from Opm_Organ where  parentId=1003 and id>1000
2015-05-07 08:24:12,----------------departments:------select count(*)  from Opm_Organ where parentId=1192 and id>1000
2015-05-07 08:24:12,----------------departments:------select count(*)  from Opm_Organ where parentId=1206 and id>1000
2015-05-07 08:24:16,-----------vehicles4dep-----sql:------select oo.name as depName,c.name as customerName,dm.nickName,d.deviceIndex,d.registerKey,d.deviceID,v.vin,d.d_esn,v.licenseNumber,l.ign,l.onlineStatus,l.address_num,l.baidu_latitude as latitude ,l.baidu_longitude as longitude,l.heading,concat( l.gpsDate, ' ', l.gpsTime ) as time ,(l.alertStatus1+l.alertStatus2+l.alertStatus3+l.alertStatus4+l.alertStatus5+l.alertStatus6+l.alertStatus7+l.alertStatus8) as alertStatus from VehicleInfo v ,provision_obd.Devices d,Devices_MT dm,obd_demo.LocationStatus l,Customers c,Opm_Organ oo   where d.deviceID=dm.deviceID and dm.vin=v.vin  and d.depID=oo.id and d.depID  in (1206) and d.deviceID=l.deviceID  and dm.customerID=c.id limit 0,10
2015-05-07 08:25:11,----------------sql1:------select d.deviceID,v.vin,d.d_esn,v.licenseNumber,l.ign,l.onlineStatus,l.address_num,l.heading,l.baidu_latitude as latitude ,l.baidu_longitude as longitude,concat( l.gpsDate, ' ', l.gpsTime ) as time,(l.alertStatus1+l.alertStatus2+l.alertStatus3+l.alertStatus4+l.alertStatus5+l.alertStatus6+l.alertStatus7+l.alertStatus8) as alertStatus from VehicleInfo v ,provision_obd.Devices d,Devices_MT dm,obd_demo.LocationStatus l  where d.deviceID=dm.deviceID and dm.vin=v.vin and v.vin  in (707) and d.deviceID=l.deviceID  
2015-05-07 08:26:11,----------------sql1:------select d.deviceID,v.vin,d.d_esn,v.licenseNumber,l.ign,l.onlineStatus,l.address_num,l.heading,l.baidu_latitude as latitude ,l.baidu_longitude as longitude,concat( l.gpsDate, ' ', l.gpsTime ) as time,(l.alertStatus1+l.alertStatus2+l.alertStatus3+l.alertStatus4+l.alertStatus5+l.alertStatus6+l.alertStatus7+l.alertStatus8) as alertStatus from VehicleInfo v ,provision_obd.Devices d,Devices_MT dm,obd_demo.LocationStatus l  where d.deviceID=dm.deviceID and dm.vin=v.vin and v.vin  in (707) and d.deviceID=l.deviceID  
2015-05-07 08:27:11,----------------sql1:------select d.deviceID,v.vin,d.d_esn,v.licenseNumber,l.ign,l.onlineStatus,l.address_num,l.heading,l.baidu_latitude as latitude ,l.baidu_longitude as longitude,concat( l.gpsDate, ' ', l.gpsTime ) as time,(l.alertStatus1+l.alertStatus2+l.alertStatus3+l.alertStatus4+l.alertStatus5+l.alertStatus6+l.alertStatus7+l.alertStatus8) as alertStatus from VehicleInfo v ,provision_obd.Devices d,Devices_MT dm,obd_demo.LocationStatus l  where d.deviceID=dm.deviceID and dm.vin=v.vin and v.vin  in (707) and d.deviceID=l.deviceID  
2015-05-07 08:28:11,----------------sql1:------select d.deviceID,v.vin,d.d_esn,v.licenseNumber,l.ign,l.onlineStatus,l.address_num,l.heading,l.baidu_latitude as latitude ,l.baidu_longitude as longitude,concat( l.gpsDate, ' ', l.gpsTime ) as time,(l.alertStatus1+l.alertStatus2+l.alertStatus3+l.alertStatus4+l.alertStatus5+l.alertStatus6+l.alertStatus7+l.alertStatus8) as alertStatus from VehicleInfo v ,provision_obd.Devices d,Devices_MT dm,obd_demo.LocationStatus l  where d.deviceID=dm.deviceID and dm.vin=v.vin and v.vin  in (707) and d.deviceID=l.deviceID  
2015-05-07 08:29:11,----------------sql1:------select d.deviceID,v.vin,d.d_esn,v.licenseNumber,l.ign,l.onlineStatus,l.address_num,l.heading,l.baidu_latitude as latitude ,l.baidu_longitude as longitude,concat( l.gpsDate, ' ', l.gpsTime ) as time,(l.alertStatus1+l.alertStatus2+l.alertStatus3+l.alertStatus4+l.alertStatus5+l.alertStatus6+l.alertStatus7+l.alertStatus8) as alertStatus from VehicleInfo v ,provision_obd.Devices d,Devices_MT dm,obd_demo.LocationStatus l  where d.deviceID=dm.deviceID and dm.vin=v.vin and v.vin  in (707) and d.deviceID=l.deviceID  
2015-05-07 08:30:11,----------------sql1:------select d.deviceID,v.vin,d.d_esn,v.licenseNumber,l.ign,l.onlineStatus,l.address_num,l.heading,l.baidu_latitude as latitude ,l.baidu_longitude as longitude,concat( l.gpsDate, ' ', l.gpsTime ) as time,(l.alertStatus1+l.alertStatus2+l.alertStatus3+l.alertStatus4+l.alertStatus5+l.alertStatus6+l.alertStatus7+l.alertStatus8) as alertStatus from VehicleInfo v ,provision_obd.Devices d,Devices_MT dm,obd_demo.LocationStatus l  where d.deviceID=dm.deviceID and dm.vin=v.vin and v.vin  in (707) and d.deviceID=l.deviceID  
2015-05-07 08:31:11,----------------sql1:------select d.deviceID,v.vin,d.d_esn,v.licenseNumber,l.ign,l.onlineStatus,l.address_num,l.heading,l.baidu_latitude as latitude ,l.baidu_longitude as longitude,concat( l.gpsDate, ' ', l.gpsTime ) as time,(l.alertStatus1+l.alertStatus2+l.alertStatus3+l.alertStatus4+l.alertStatus5+l.alertStatus6+l.alertStatus7+l.alertStatus8) as alertStatus from VehicleInfo v ,provision_obd.Devices d,Devices_MT dm,obd_demo.LocationStatus l  where d.deviceID=dm.deviceID and dm.vin=v.vin and v.vin  in (707) and d.deviceID=l.deviceID  
2015-05-07 08:32:11,----------------sql1:------select d.deviceID,v.vin,d.d_esn,v.licenseNumber,l.ign,l.onlineStatus,l.address_num,l.heading,l.baidu_latitude as latitude ,l.baidu_longitude as longitude,concat( l.gpsDate, ' ', l.gpsTime ) as time,(l.alertStatus1+l.alertStatus2+l.alertStatus3+l.alertStatus4+l.alertStatus5+l.alertStatus6+l.alertStatus7+l.alertStatus8) as alertStatus from VehicleInfo v ,provision_obd.Devices d,Devices_MT dm,obd_demo.LocationStatus l  where d.deviceID=dm.deviceID and dm.vin=v.vin and v.vin  in (707) and d.deviceID=l.deviceID  
2015-05-07 08:33:06,----------------departments:-----------defDep:1003
2015-05-07 08:33:06,----------------departments:-----------id:1003
2015-05-07 08:33:06,----------------departments:------select * from Opm_Organ where id=1003 and id>1000
2015-05-07 08:33:06,----------------departments:------select count(*)  from Opm_Organ where parentId=1003 and id>1000
2015-05-07 08:33:06,----------------departments:-----------defDep:1003
2015-05-07 08:33:06,----------------departments:-----------id:1003
2015-05-07 08:33:06,----------------departments:------select * from Opm_Organ where id=1003 and id>1000
2015-05-07 08:33:06,----------------departments:------select count(*)  from Opm_Organ where parentId=1003 and id>1000
2015-05-07 08:33:07,----------------departments:-----------defDep:1003
2015-05-07 08:33:07,----------------departments:-----------id:1003
2015-05-07 08:33:07,----------------departments:------select * from Opm_Organ where id=1003 and id>1000
2015-05-07 08:33:07,----------------departments:------select count(*)  from Opm_Organ where parentId=1003 and id>1000
2015-05-07 08:33:07,----------------departments:-----------defDep:1003
2015-05-07 08:33:07,----------------departments:-----------id:1003
2015-05-07 08:33:07,----------------departments:------select * from Opm_Organ where id=1003 and id>1000
2015-05-07 08:33:07,----------------departments:------select count(*)  from Opm_Organ where parentId=1003 and id>1000
2015-05-07 08:33:08,----------------departments:-----------defDep:1003
2015-05-07 08:33:08,----------------departments:-----------id:1003
2015-05-07 08:33:08,----------------departments:------select * from Opm_Organ where  parentId=1003 and id>1000
2015-05-07 08:33:08,----------------departments:------select count(*)  from Opm_Organ where parentId=1192 and id>1000
2015-05-07 08:33:08,----------------departments:------select count(*)  from Opm_Organ where parentId=1206 and id>1000
2015-05-07 08:33:10,-----------vehicles4dep-----sql:------select oo.name as depName,c.name as customerName,dm.nickName,d.deviceIndex,d.registerKey,d.deviceID,v.vin,d.d_esn,v.licenseNumber,l.ign,l.onlineStatus,l.address_num,l.baidu_latitude as latitude ,l.baidu_longitude as longitude,l.heading,concat( l.gpsDate, ' ', l.gpsTime ) as time ,(l.alertStatus1+l.alertStatus2+l.alertStatus3+l.alertStatus4+l.alertStatus5+l.alertStatus6+l.alertStatus7+l.alertStatus8) as alertStatus from VehicleInfo v ,provision_obd.Devices d,Devices_MT dm,obd_demo.LocationStatus l,Customers c,Opm_Organ oo   where d.deviceID=dm.deviceID and dm.vin=v.vin  and d.depID=oo.id and d.depID  in (1206) and d.deviceID=l.deviceID  and dm.customerID=c.id limit 0,10
2015-05-07 08:33:11,----------------sql1:------select d.deviceID,v.vin,d.d_esn,v.licenseNumber,l.ign,l.onlineStatus,l.address_num,l.heading,l.baidu_latitude as latitude ,l.baidu_longitude as longitude,concat( l.gpsDate, ' ', l.gpsTime ) as time,(l.alertStatus1+l.alertStatus2+l.alertStatus3+l.alertStatus4+l.alertStatus5+l.alertStatus6+l.alertStatus7+l.alertStatus8) as alertStatus from VehicleInfo v ,provision_obd.Devices d,Devices_MT dm,obd_demo.LocationStatus l  where d.deviceID=dm.deviceID and dm.vin=v.vin and v.vin  in (707) and d.deviceID=l.deviceID  
2015-05-07 08:33:12,----------------departments:-----------defDep:1003
2015-05-07 08:33:12,----------------departments:-----------id:1192
2015-05-07 08:33:12,----------------departments:------select * from Opm_Organ where  parentId=1192 and id>1000
2015-05-07 08:33:12,----------------departments:------select count(*)  from Opm_Organ where parentId=1198 and id>1000
2015-05-07 08:33:12,----------------departments:------select count(*)  from Opm_Organ where parentId=1202 and id>1000
2015-05-07 08:33:12,----------------departments:------select count(*)  from Opm_Organ where parentId=1203 and id>1000
2015-05-07 08:34:08,----------------sql1:------select d.deviceID,v.vin,d.d_esn,v.licenseNumber,l.ign,l.onlineStatus,l.address_num,l.heading,l.baidu_latitude as latitude ,l.baidu_longitude as longitude,concat( l.gpsDate, ' ', l.gpsTime ) as time,(l.alertStatus1+l.alertStatus2+l.alertStatus3+l.alertStatus4+l.alertStatus5+l.alertStatus6+l.alertStatus7+l.alertStatus8) as alertStatus from VehicleInfo v ,provision_obd.Devices d,Devices_MT dm,obd_demo.LocationStatus l  where d.deviceID=dm.deviceID and dm.vin=v.vin and v.vin  in (707) and d.deviceID=l.deviceID  
2015-05-07 08:34:11,----------------sql1:------select d.deviceID,v.vin,d.d_esn,v.licenseNumber,l.ign,l.onlineStatus,l.address_num,l.heading,l.baidu_latitude as latitude ,l.baidu_longitude as longitude,concat( l.gpsDate, ' ', l.gpsTime ) as time,(l.alertStatus1+l.alertStatus2+l.alertStatus3+l.alertStatus4+l.alertStatus5+l.alertStatus6+l.alertStatus7+l.alertStatus8) as alertStatus from VehicleInfo v ,provision_obd.Devices d,Devices_MT dm,obd_demo.LocationStatus l  where d.deviceID=dm.deviceID and dm.vin=v.vin and v.vin  in (707) and d.deviceID=l.deviceID  
2015-05-07 08:35:08,----------------sql1:------select d.deviceID,v.vin,d.d_esn,v.licenseNumber,l.ign,l.onlineStatus,l.address_num,l.heading,l.baidu_latitude as latitude ,l.baidu_longitude as longitude,concat( l.gpsDate, ' ', l.gpsTime ) as time,(l.alertStatus1+l.alertStatus2+l.alertStatus3+l.alertStatus4+l.alertStatus5+l.alertStatus6+l.alertStatus7+l.alertStatus8) as alertStatus from VehicleInfo v ,provision_obd.Devices d,Devices_MT dm,obd_demo.LocationStatus l  where d.deviceID=dm.deviceID and dm.vin=v.vin and v.vin  in (707,725) and d.deviceID=l.deviceID  
2015-05-07 08:35:11,----------------sql1:------select d.deviceID,v.vin,d.d_esn,v.licenseNumber,l.ign,l.onlineStatus,l.address_num,l.heading,l.baidu_latitude as latitude ,l.baidu_longitude as longitude,concat( l.gpsDate, ' ', l.gpsTime ) as time,(l.alertStatus1+l.alertStatus2+l.alertStatus3+l.alertStatus4+l.alertStatus5+l.alertStatus6+l.alertStatus7+l.alertStatus8) as alertStatus from VehicleInfo v ,provision_obd.Devices d,Devices_MT dm,obd_demo.LocationStatus l  where d.deviceID=dm.deviceID and dm.vin=v.vin and v.vin  in (707) and d.deviceID=l.deviceID  
2015-05-07 08:36:11,----------------sql1:------select d.deviceID,v.vin,d.d_esn,v.licenseNumber,l.ign,l.onlineStatus,l.address_num,l.heading,l.baidu_latitude as latitude ,l.baidu_longitude as longitude,concat( l.gpsDate, ' ', l.gpsTime ) as time,(l.alertStatus1+l.alertStatus2+l.alertStatus3+l.alertStatus4+l.alertStatus5+l.alertStatus6+l.alertStatus7+l.alertStatus8) as alertStatus from VehicleInfo v ,provision_obd.Devices d,Devices_MT dm,obd_demo.LocationStatus l  where d.deviceID=dm.deviceID and dm.vin=v.vin and v.vin  in (707) and d.deviceID=l.deviceID  
2015-05-07 08:36:13,----------------sql1:------select d.deviceID,v.vin,d.d_esn,v.licenseNumber,l.ign,l.onlineStatus,l.address_num,l.heading,l.baidu_latitude as latitude ,l.baidu_longitude as longitude,concat( l.gpsDate, ' ', l.gpsTime ) as time,(l.alertStatus1+l.alertStatus2+l.alertStatus3+l.alertStatus4+l.alertStatus5+l.alertStatus6+l.alertStatus7+l.alertStatus8) as alertStatus from VehicleInfo v ,provision_obd.Devices d,Devices_MT dm,obd_demo.LocationStatus l  where d.deviceID=dm.deviceID and dm.vin=v.vin and v.vin  in (707,725) and d.deviceID=l.deviceID  
2015-05-07 08:37:14,----------------sql1:------select d.deviceID,v.vin,d.d_esn,v.licenseNumber,l.ign,l.onlineStatus,l.address_num,l.heading,l.baidu_latitude as latitude ,l.baidu_longitude as longitude,concat( l.gpsDate, ' ', l.gpsTime ) as time,(l.alertStatus1+l.alertStatus2+l.alertStatus3+l.alertStatus4+l.alertStatus5+l.alertStatus6+l.alertStatus7+l.alertStatus8) as alertStatus from VehicleInfo v ,provision_obd.Devices d,Devices_MT dm,obd_demo.LocationStatus l  where d.deviceID=dm.deviceID and dm.vin=v.vin and v.vin  in (707) and d.deviceID=l.deviceID  
2015-05-07 08:37:14,----------------sql1:------select d.deviceID,v.vin,d.d_esn,v.licenseNumber,l.ign,l.onlineStatus,l.address_num,l.heading,l.baidu_latitude as latitude ,l.baidu_longitude as longitude,concat( l.gpsDate, ' ', l.gpsTime ) as time,(l.alertStatus1+l.alertStatus2+l.alertStatus3+l.alertStatus4+l.alertStatus5+l.alertStatus6+l.alertStatus7+l.alertStatus8) as alertStatus from VehicleInfo v ,provision_obd.Devices d,Devices_MT dm,obd_demo.LocationStatus l  where d.deviceID=dm.deviceID and dm.vin=v.vin and v.vin  in (707,725) and d.deviceID=l.deviceID  
2015-05-07 08:38:11,----------------sql1:------select d.deviceID,v.vin,d.d_esn,v.licenseNumber,l.ign,l.onlineStatus,l.address_num,l.heading,l.baidu_latitude as latitude ,l.baidu_longitude as longitude,concat( l.gpsDate, ' ', l.gpsTime ) as time,(l.alertStatus1+l.alertStatus2+l.alertStatus3+l.alertStatus4+l.alertStatus5+l.alertStatus6+l.alertStatus7+l.alertStatus8) as alertStatus from VehicleInfo v ,provision_obd.Devices d,Devices_MT dm,obd_demo.LocationStatus l  where d.deviceID=dm.deviceID and dm.vin=v.vin and v.vin  in (707) and d.deviceID=l.deviceID  
2015-05-07 08:38:21,----------------sql1:------select d.deviceID,v.vin,d.d_esn,v.licenseNumber,l.ign,l.onlineStatus,l.address_num,l.heading,l.baidu_latitude as latitude ,l.baidu_longitude as longitude,concat( l.gpsDate, ' ', l.gpsTime ) as time,(l.alertStatus1+l.alertStatus2+l.alertStatus3+l.alertStatus4+l.alertStatus5+l.alertStatus6+l.alertStatus7+l.alertStatus8) as alertStatus from VehicleInfo v ,provision_obd.Devices d,Devices_MT dm,obd_demo.LocationStatus l  where d.deviceID=dm.deviceID and dm.vin=v.vin and v.vin  in (707,725) and d.deviceID=l.deviceID  
2015-05-07 08:39:11,----------------sql1:------select d.deviceID,v.vin,d.d_esn,v.licenseNumber,l.ign,l.onlineStatus,l.address_num,l.heading,l.baidu_latitude as latitude ,l.baidu_longitude as longitude,concat( l.gpsDate, ' ', l.gpsTime ) as time,(l.alertStatus1+l.alertStatus2+l.alertStatus3+l.alertStatus4+l.alertStatus5+l.alertStatus6+l.alertStatus7+l.alertStatus8) as alertStatus from VehicleInfo v ,provision_obd.Devices d,Devices_MT dm,obd_demo.LocationStatus l  where d.deviceID=dm.deviceID and dm.vin=v.vin and v.vin  in (707) and d.deviceID=l.deviceID  
2015-05-07 08:39:29,----------------sql1:------select d.deviceID,v.vin,d.d_esn,v.licenseNumber,l.ign,l.onlineStatus,l.address_num,l.heading,l.baidu_latitude as latitude ,l.baidu_longitude as longitude,concat( l.gpsDate, ' ', l.gpsTime ) as time,(l.alertStatus1+l.alertStatus2+l.alertStatus3+l.alertStatus4+l.alertStatus5+l.alertStatus6+l.alertStatus7+l.alertStatus8) as alertStatus from VehicleInfo v ,provision_obd.Devices d,Devices_MT dm,obd_demo.LocationStatus l  where d.deviceID=dm.deviceID and dm.vin=v.vin and v.vin  in (707,725) and d.deviceID=l.deviceID  
2015-05-07 08:40:11,----------------sql1:------select d.deviceID,v.vin,d.d_esn,v.licenseNumber,l.ign,l.onlineStatus,l.address_num,l.heading,l.baidu_latitude as latitude ,l.baidu_longitude as longitude,concat( l.gpsDate, ' ', l.gpsTime ) as time,(l.alertStatus1+l.alertStatus2+l.alertStatus3+l.alertStatus4+l.alertStatus5+l.alertStatus6+l.alertStatus7+l.alertStatus8) as alertStatus from VehicleInfo v ,provision_obd.Devices d,Devices_MT dm,obd_demo.LocationStatus l  where d.deviceID=dm.deviceID and dm.vin=v.vin and v.vin  in (707) and d.deviceID=l.deviceID  
2015-05-07 08:40:35,----------------sql1:------select d.deviceID,v.vin,d.d_esn,v.licenseNumber,l.ign,l.onlineStatus,l.address_num,l.heading,l.baidu_latitude as latitude ,l.baidu_longitude as longitude,concat( l.gpsDate, ' ', l.gpsTime ) as time,(l.alertStatus1+l.alertStatus2+l.alertStatus3+l.alertStatus4+l.alertStatus5+l.alertStatus6+l.alertStatus7+l.alertStatus8) as alertStatus from VehicleInfo v ,provision_obd.Devices d,Devices_MT dm,obd_demo.LocationStatus l  where d.deviceID=dm.deviceID and dm.vin=v.vin and v.vin  in (707,725) and d.deviceID=l.deviceID  
2015-05-07 08:41:11,----------------sql1:------select d.deviceID,v.vin,d.d_esn,v.licenseNumber,l.ign,l.onlineStatus,l.address_num,l.heading,l.baidu_latitude as latitude ,l.baidu_longitude as longitude,concat( l.gpsDate, ' ', l.gpsTime ) as time,(l.alertStatus1+l.alertStatus2+l.alertStatus3+l.alertStatus4+l.alertStatus5+l.alertStatus6+l.alertStatus7+l.alertStatus8) as alertStatus from VehicleInfo v ,provision_obd.Devices d,Devices_MT dm,obd_demo.LocationStatus l  where d.deviceID=dm.deviceID and dm.vin=v.vin and v.vin  in (707) and d.deviceID=l.deviceID  
2015-05-07 08:41:38,----------------sql1:------select d.deviceID,v.vin,d.d_esn,v.licenseNumber,l.ign,l.onlineStatus,l.address_num,l.heading,l.baidu_latitude as latitude ,l.baidu_longitude as longitude,concat( l.gpsDate, ' ', l.gpsTime ) as time,(l.alertStatus1+l.alertStatus2+l.alertStatus3+l.alertStatus4+l.alertStatus5+l.alertStatus6+l.alertStatus7+l.alertStatus8) as alertStatus from VehicleInfo v ,provision_obd.Devices d,Devices_MT dm,obd_demo.LocationStatus l  where d.deviceID=dm.deviceID and dm.vin=v.vin and v.vin  in (707,725) and d.deviceID=l.deviceID  
2015-05-07 08:42:11,----------------sql1:------select d.deviceID,v.vin,d.d_esn,v.licenseNumber,l.ign,l.onlineStatus,l.address_num,l.heading,l.baidu_latitude as latitude ,l.baidu_longitude as longitude,concat( l.gpsDate, ' ', l.gpsTime ) as time,(l.alertStatus1+l.alertStatus2+l.alertStatus3+l.alertStatus4+l.alertStatus5+l.alertStatus6+l.alertStatus7+l.alertStatus8) as alertStatus from VehicleInfo v ,provision_obd.Devices d,Devices_MT dm,obd_demo.LocationStatus l  where d.deviceID=dm.deviceID and dm.vin=v.vin and v.vin  in (707) and d.deviceID=l.deviceID  
2015-05-07 08:42:53,----------------sql1:------select d.deviceID,v.vin,d.d_esn,v.licenseNumber,l.ign,l.onlineStatus,l.address_num,l.heading,l.baidu_latitude as latitude ,l.baidu_longitude as longitude,concat( l.gpsDate, ' ', l.gpsTime ) as time,(l.alertStatus1+l.alertStatus2+l.alertStatus3+l.alertStatus4+l.alertStatus5+l.alertStatus6+l.alertStatus7+l.alertStatus8) as alertStatus from VehicleInfo v ,provision_obd.Devices d,Devices_MT dm,obd_demo.LocationStatus l  where d.deviceID=dm.deviceID and dm.vin=v.vin and v.vin  in (707,725) and d.deviceID=l.deviceID  
2015-05-07 08:43:11,----------------sql1:------select d.deviceID,v.vin,d.d_esn,v.licenseNumber,l.ign,l.onlineStatus,l.address_num,l.heading,l.baidu_latitude as latitude ,l.baidu_longitude as longitude,concat( l.gpsDate, ' ', l.gpsTime ) as time,(l.alertStatus1+l.alertStatus2+l.alertStatus3+l.alertStatus4+l.alertStatus5+l.alertStatus6+l.alertStatus7+l.alertStatus8) as alertStatus from VehicleInfo v ,provision_obd.Devices d,Devices_MT dm,obd_demo.LocationStatus l  where d.deviceID=dm.deviceID and dm.vin=v.vin and v.vin  in (707) and d.deviceID=l.deviceID  
2015-05-07 08:43:27,----------------departments:-----------defDep:1003
2015-05-07 08:43:27,----------------departments:-----------id:1003
2015-05-07 08:43:27,----------------departments:------select * from Opm_Organ where id=1003 and id>1000
2015-05-07 08:43:27,----------------departments:------select count(*)  from Opm_Organ where parentId=1003 and id>1000
2015-05-07 08:43:27,----------------departments:-----------defDep:1003
2015-05-07 08:43:27,----------------departments:-----------id:1003
2015-05-07 08:43:27,----------------departments:------select * from Opm_Organ where id=1003 and id>1000
2015-05-07 08:43:27,----------------departments:------select count(*)  from Opm_Organ where parentId=1003 and id>1000
2015-05-07 08:43:27,----------------sql:------select ua.userID,ua.email,ua.username,ua.smsNum,ua.fullname,role.name as roleName,role.id as roleId,oo.name as depName from  Users_Admin  ua,Opm_User_Role our,Opm_Role role,Opm_Organ oo  where ua.userID=our.userID and our.roleId=role.id and ua.organId=1003 and ua.isCustomer=0 and our.organId=oo.id
2015-05-07 08:43:30,----------------departments:-----------defDep:1003
2015-05-07 08:43:30,----------------departments:-----------id:1003
2015-05-07 08:43:30,----------------departments:------select * from Opm_Organ where id=1003 and id>1000
2015-05-07 08:43:30,----------------departments:------select count(*)  from Opm_Organ where parentId=1003 and id>1000
2015-05-07 08:43:30,----------------departments:-----------defDep:1003
2015-05-07 08:43:30,----------------departments:-----------id:1003
2015-05-07 08:43:30,----------------departments:------select * from Opm_Organ where id=1003 and id>1000
2015-05-07 08:43:30,----------------departments:------select count(*)  from Opm_Organ where parentId=1003 and id>1000
2015-05-07 08:43:30,----------------sql:------select ua.userID,ua.email,ua.username,ua.smsNum,ua.fullname,role.name as roleName,role.id as roleId,oo.name as depName from  Users_Admin  ua,Opm_User_Role our,Opm_Role role,Opm_Organ oo  where ua.userID=our.userID and our.roleId=role.id and ua.organId=1003 and ua.isCustomer=0 and our.organId=oo.id
2015-05-07 08:43:31,----------------departments:-----------defDep:1003
2015-05-07 08:43:31,----------------departments:-----------id:1003
2015-05-07 08:43:31,----------------departments:------select * from Opm_Organ where id=1003 and id>1000
2015-05-07 08:43:31,----------------departments:------select count(*)  from Opm_Organ where parentId=1003 and id>1000
2015-05-07 08:43:32,-----------vehicles4dep-----sql:------select oo.name as depName,c.name as customerName,dm.nickName,d.deviceIndex,d.registerKey,d.deviceID,v.vin,d.d_esn,v.licenseNumber,l.ign,l.onlineStatus,l.address_num,l.baidu_latitude as latitude ,l.baidu_longitude as longitude,l.heading,concat( l.gpsDate, ' ', l.gpsTime ) as time ,(l.alertStatus1+l.alertStatus2+l.alertStatus3+l.alertStatus4+l.alertStatus5+l.alertStatus6+l.alertStatus7+l.alertStatus8) as alertStatus from VehicleInfo v ,provision_obd.Devices d,Devices_MT dm,obd_demo.LocationStatus l,Customers c,Opm_Organ oo   where d.deviceID=dm.deviceID and dm.vin=v.vin  and d.depID=oo.id and d.depID  in (null) and d.deviceID=l.deviceID  and dm.customerID=c.id limit 0,10
2015-05-07 08:43:32,-----------vehicles4dep-----sql:------select oo.name as depName,c.name as customerName,dm.nickName,d.deviceIndex,d.registerKey,d.deviceID,v.vin,d.d_esn,v.licenseNumber,l.ign,l.onlineStatus,l.address_num,l.baidu_latitude as latitude ,l.baidu_longitude as longitude,l.heading,concat( l.gpsDate, ' ', l.gpsTime ) as time ,(l.alertStatus1+l.alertStatus2+l.alertStatus3+l.alertStatus4+l.alertStatus5+l.alertStatus6+l.alertStatus7+l.alertStatus8) as alertStatus from VehicleInfo v ,provision_obd.Devices d,Devices_MT dm,obd_demo.LocationStatus l,Customers c,Opm_Organ oo   where d.deviceID=dm.deviceID and dm.vin=v.vin  and d.depID=oo.id and d.depID  in (null) and d.deviceID=l.deviceID  and dm.customerID=c.id limit 0,10
2015-05-07 08:43:32,-----------vehicles4dep-----sql:------select oo.name as depName,c.name as customerName,dm.nickName,d.deviceIndex,d.registerKey,d.deviceID,v.vin,d.d_esn,v.licenseNumber,l.ign,l.onlineStatus,l.address_num,l.baidu_latitude as latitude ,l.baidu_longitude as longitude,l.heading,concat( l.gpsDate, ' ', l.gpsTime ) as time ,(l.alertStatus1+l.alertStatus2+l.alertStatus3+l.alertStatus4+l.alertStatus5+l.alertStatus6+l.alertStatus7+l.alertStatus8) as alertStatus from VehicleInfo v ,provision_obd.Devices d,Devices_MT dm,obd_demo.LocationStatus l,Customers c,Opm_Organ oo   where d.deviceID=dm.deviceID and dm.vin=v.vin  and d.depID=oo.id and d.depID  in (null) and d.deviceID=l.deviceID  and dm.customerID=c.id limit 0,10
2015-05-07 08:43:32,-----------vehicles4dep-----sql:------select oo.name as depName,c.name as customerName,dm.nickName,d.deviceIndex,d.registerKey,d.deviceID,v.vin,d.d_esn,v.licenseNumber,l.ign,l.onlineStatus,l.address_num,l.baidu_latitude as latitude ,l.baidu_longitude as longitude,l.heading,concat( l.gpsDate, ' ', l.gpsTime ) as time ,(l.alertStatus1+l.alertStatus2+l.alertStatus3+l.alertStatus4+l.alertStatus5+l.alertStatus6+l.alertStatus7+l.alertStatus8) as alertStatus from VehicleInfo v ,provision_obd.Devices d,Devices_MT dm,obd_demo.LocationStatus l,Customers c,Opm_Organ oo   where d.deviceID=dm.deviceID and dm.vin=v.vin  and d.depID=oo.id and d.depID  in (null) and d.deviceID=l.deviceID  and dm.customerID=c.id limit 0,10
2015-05-07 08:43:32,-----------vehicles4dep-----sql:------select oo.name as depName,c.name as customerName,dm.nickName,d.deviceIndex,d.registerKey,d.deviceID,v.vin,d.d_esn,v.licenseNumber,l.ign,l.onlineStatus,l.address_num,l.baidu_latitude as latitude ,l.baidu_longitude as longitude,l.heading,concat( l.gpsDate, ' ', l.gpsTime ) as time ,(l.alertStatus1+l.alertStatus2+l.alertStatus3+l.alertStatus4+l.alertStatus5+l.alertStatus6+l.alertStatus7+l.alertStatus8) as alertStatus from VehicleInfo v ,provision_obd.Devices d,Devices_MT dm,obd_demo.LocationStatus l,Customers c,Opm_Organ oo   where d.deviceID=dm.deviceID and dm.vin=v.vin  and d.depID=oo.id and d.depID  in (null) and d.deviceID=l.deviceID  and dm.customerID=c.id limit 0,10
2015-05-07 08:43:32,-----------vehicles4dep-----sql:------select oo.name as depName,c.name as customerName,dm.nickName,d.deviceIndex,d.registerKey,d.deviceID,v.vin,d.d_esn,v.licenseNumber,l.ign,l.onlineStatus,l.address_num,l.baidu_latitude as latitude ,l.baidu_longitude as longitude,l.heading,concat( l.gpsDate, ' ', l.gpsTime ) as time ,(l.alertStatus1+l.alertStatus2+l.alertStatus3+l.alertStatus4+l.alertStatus5+l.alertStatus6+l.alertStatus7+l.alertStatus8) as alertStatus from VehicleInfo v ,provision_obd.Devices d,Devices_MT dm,obd_demo.LocationStatus l,Customers c,Opm_Organ oo   where d.deviceID=dm.deviceID and dm.vin=v.vin  and d.depID=oo.id and d.depID  in (null) and d.deviceID=l.deviceID  and dm.customerID=c.id limit 0,10
2015-05-07 08:43:32,-----------vehicles4dep-----sql:------select oo.name as depName,c.name as customerName,dm.nickName,d.deviceIndex,d.registerKey,d.deviceID,v.vin,d.d_esn,v.licenseNumber,l.ign,l.onlineStatus,l.address_num,l.baidu_latitude as latitude ,l.baidu_longitude as longitude,l.heading,concat( l.gpsDate, ' ', l.gpsTime ) as time ,(l.alertStatus1+l.alertStatus2+l.alertStatus3+l.alertStatus4+l.alertStatus5+l.alertStatus6+l.alertStatus7+l.alertStatus8) as alertStatus from VehicleInfo v ,provision_obd.Devices d,Devices_MT dm,obd_demo.LocationStatus l,Customers c,Opm_Organ oo   where d.deviceID=dm.deviceID and dm.vin=v.vin  and d.depID=oo.id and d.depID  in (null) and d.deviceID=l.deviceID  and dm.customerID=c.id limit 0,10
2015-05-07 08:43:34,----------------departments:-----------defDep:1003
2015-05-07 08:43:34,----------------departments:-----------id:1003
2015-05-07 08:43:34,----------------departments:------select * from Opm_Organ where id=1003 and id>1000
2015-05-07 08:43:34,----------------departments:------select count(*)  from Opm_Organ where parentId=1003 and id>1000
2015-05-07 08:43:36,----------------departments:-----------defDep:1003
2015-05-07 08:43:36,----------------departments:-----------id:1003
2015-05-07 08:43:36,----------------departments:------select * from Opm_Organ where  parentId=1003 and id>1000
2015-05-07 08:43:36,----------------departments:------select count(*)  from Opm_Organ where parentId=1192 and id>1000
2015-05-07 08:43:36,----------------departments:------select count(*)  from Opm_Organ where parentId=1206 and id>1000
2015-05-07 08:43:38,-----------vehicles4dep-----sql:------select oo.name as depName,c.name as customerName,dm.nickName,d.deviceIndex,d.registerKey,d.deviceID,v.vin,d.d_esn,v.licenseNumber,l.ign,l.onlineStatus,l.address_num,l.baidu_latitude as latitude ,l.baidu_longitude as longitude,l.heading,concat( l.gpsDate, ' ', l.gpsTime ) as time ,(l.alertStatus1+l.alertStatus2+l.alertStatus3+l.alertStatus4+l.alertStatus5+l.alertStatus6+l.alertStatus7+l.alertStatus8) as alertStatus from VehicleInfo v ,provision_obd.Devices d,Devices_MT dm,obd_demo.LocationStatus l,Customers c,Opm_Organ oo   where d.deviceID=dm.deviceID and dm.vin=v.vin  and d.depID=oo.id and d.depID  in (1206) and d.deviceID=l.deviceID  and dm.customerID=c.id limit 0,10
2015-05-07 08:43:47,----------------departments:-----------defDep:1003
2015-05-07 08:43:47,----------------departments:-----------id:1003
2015-05-07 08:43:47,----------------departments:------select * from Opm_Organ where id=1003 and id>1000
2015-05-07 08:43:47,----------------departments:------select count(*)  from Opm_Organ where parentId=1003 and id>1000
2015-05-07 08:43:47,----------------departments:-----------defDep:1003
2015-05-07 08:43:47,----------------departments:-----------id:1003
2015-05-07 08:43:47,----------------departments:------select * from Opm_Organ where id=1003 and id>1000
2015-05-07 08:43:47,----------------departments:------select count(*)  from Opm_Organ where parentId=1003 and id>1000
2015-05-07 08:43:47,----------------sql:------select ua.userID,ua.email,ua.username,ua.smsNum,ua.fullname,role.name as roleName,role.id as roleId,oo.name as depName from  Users_Admin  ua,Opm_User_Role our,Opm_Role role,Opm_Organ oo  where ua.userID=our.userID and our.roleId=role.id and ua.organId=1003 and ua.isCustomer=0 and our.organId=oo.id
2015-05-07 08:43:48,----------------departments:-----------defDep:1003
2015-05-07 08:43:48,----------------departments:-----------defDep:1003
2015-05-07 08:43:48,----------------departments:-----------id:1003
2015-05-07 08:43:48,----------------departments:-----------id:1003
2015-05-07 08:43:48,----------------departments:------select * from Opm_Organ where id=1003 and id>1000
2015-05-07 08:43:48,----------------departments:------select * from Opm_Organ where id=1003 and id>1000
2015-05-07 08:43:48,----------------departments:------select count(*)  from Opm_Organ where parentId=1003 and id>1000
2015-05-07 08:43:48,----------------departments:------select count(*)  from Opm_Organ where parentId=1003 and id>1000
2015-05-07 08:43:48,----------------departments:-----------defDep:1003
2015-05-07 08:43:48,----------------departments:-----------id:1003
2015-05-07 08:43:48,----------------departments:------select * from Opm_Organ where id=1003 and id>1000
2015-05-07 08:43:48,----------------departments:------select count(*)  from Opm_Organ where parentId=1003 and id>1000
2015-05-07 08:43:48,----------------departments:-----------defDep:1003
2015-05-07 08:43:48,----------------departments:-----------id:1003
2015-05-07 08:43:48,----------------departments:------select * from Opm_Organ where id=1003 and id>1000
2015-05-07 08:43:48,----------------departments:------select count(*)  from Opm_Organ where parentId=1003 and id>1000
2015-05-07 08:44:01,----------------sql1:------select d.deviceID,v.vin,d.d_esn,v.licenseNumber,l.ign,l.onlineStatus,l.address_num,l.heading,l.baidu_latitude as latitude ,l.baidu_longitude as longitude,concat( l.gpsDate, ' ', l.gpsTime ) as time,(l.alertStatus1+l.alertStatus2+l.alertStatus3+l.alertStatus4+l.alertStatus5+l.alertStatus6+l.alertStatus7+l.alertStatus8) as alertStatus from VehicleInfo v ,provision_obd.Devices d,Devices_MT dm,obd_demo.LocationStatus l  where d.deviceID=dm.deviceID and dm.vin=v.vin and v.vin  in (707,725) and d.deviceID=l.deviceID  
2015-05-07 08:45:08,----------------sql1:------select d.deviceID,v.vin,d.d_esn,v.licenseNumber,l.ign,l.onlineStatus,l.address_num,l.heading,l.baidu_latitude as latitude ,l.baidu_longitude as longitude,concat( l.gpsDate, ' ', l.gpsTime ) as time,(l.alertStatus1+l.alertStatus2+l.alertStatus3+l.alertStatus4+l.alertStatus5+l.alertStatus6+l.alertStatus7+l.alertStatus8) as alertStatus from VehicleInfo v ,provision_obd.Devices d,Devices_MT dm,obd_demo.LocationStatus l  where d.deviceID=dm.deviceID and dm.vin=v.vin and v.vin  in (707,725) and d.deviceID=l.deviceID  
2015-05-07 08:46:08,----------------sql1:------select d.deviceID,v.vin,d.d_esn,v.licenseNumber,l.ign,l.onlineStatus,l.address_num,l.heading,l.baidu_latitude as latitude ,l.baidu_longitude as longitude,concat( l.gpsDate, ' ', l.gpsTime ) as time,(l.alertStatus1+l.alertStatus2+l.alertStatus3+l.alertStatus4+l.alertStatus5+l.alertStatus6+l.alertStatus7+l.alertStatus8) as alertStatus from VehicleInfo v ,provision_obd.Devices d,Devices_MT dm,obd_demo.LocationStatus l  where d.deviceID=dm.deviceID and dm.vin=v.vin and v.vin  in (725,707) and d.deviceID=l.deviceID  
2015-05-07 08:47:08,----------------sql1:------select d.deviceID,v.vin,d.d_esn,v.licenseNumber,l.ign,l.onlineStatus,l.address_num,l.heading,l.baidu_latitude as latitude ,l.baidu_longitude as longitude,concat( l.gpsDate, ' ', l.gpsTime ) as time,(l.alertStatus1+l.alertStatus2+l.alertStatus3+l.alertStatus4+l.alertStatus5+l.alertStatus6+l.alertStatus7+l.alertStatus8) as alertStatus from VehicleInfo v ,provision_obd.Devices d,Devices_MT dm,obd_demo.LocationStatus l  where d.deviceID=dm.deviceID and dm.vin=v.vin and v.vin  in (707,725) and d.deviceID=l.deviceID  
2015-05-07 08:48:08,----------------sql1:------select d.deviceID,v.vin,d.d_esn,v.licenseNumber,l.ign,l.onlineStatus,l.address_num,l.heading,l.baidu_latitude as latitude ,l.baidu_longitude as longitude,concat( l.gpsDate, ' ', l.gpsTime ) as time,(l.alertStatus1+l.alertStatus2+l.alertStatus3+l.alertStatus4+l.alertStatus5+l.alertStatus6+l.alertStatus7+l.alertStatus8) as alertStatus from VehicleInfo v ,provision_obd.Devices d,Devices_MT dm,obd_demo.LocationStatus l  where d.deviceID=dm.deviceID and dm.vin=v.vin and v.vin  in (707,725) and d.deviceID=l.deviceID  
2015-05-07 08:49:08,----------------sql1:------select d.deviceID,v.vin,d.d_esn,v.licenseNumber,l.ign,l.onlineStatus,l.address_num,l.heading,l.baidu_latitude as latitude ,l.baidu_longitude as longitude,concat( l.gpsDate, ' ', l.gpsTime ) as time,(l.alertStatus1+l.alertStatus2+l.alertStatus3+l.alertStatus4+l.alertStatus5+l.alertStatus6+l.alertStatus7+l.alertStatus8) as alertStatus from VehicleInfo v ,provision_obd.Devices d,Devices_MT dm,obd_demo.LocationStatus l  where d.deviceID=dm.deviceID and dm.vin=v.vin and v.vin  in (707,725) and d.deviceID=l.deviceID  
2015-05-07 08:50:08,----------------sql1:------select d.deviceID,v.vin,d.d_esn,v.licenseNumber,l.ign,l.onlineStatus,l.address_num,l.heading,l.baidu_latitude as latitude ,l.baidu_longitude as longitude,concat( l.gpsDate, ' ', l.gpsTime ) as time,(l.alertStatus1+l.alertStatus2+l.alertStatus3+l.alertStatus4+l.alertStatus5+l.alertStatus6+l.alertStatus7+l.alertStatus8) as alertStatus from VehicleInfo v ,provision_obd.Devices d,Devices_MT dm,obd_demo.LocationStatus l  where d.deviceID=dm.deviceID and dm.vin=v.vin and v.vin  in (707,725) and d.deviceID=l.deviceID  
2015-05-07 08:51:08,----------------sql1:------select d.deviceID,v.vin,d.d_esn,v.licenseNumber,l.ign,l.onlineStatus,l.address_num,l.heading,l.baidu_latitude as latitude ,l.baidu_longitude as longitude,concat( l.gpsDate, ' ', l.gpsTime ) as time,(l.alertStatus1+l.alertStatus2+l.alertStatus3+l.alertStatus4+l.alertStatus5+l.alertStatus6+l.alertStatus7+l.alertStatus8) as alertStatus from VehicleInfo v ,provision_obd.Devices d,Devices_MT dm,obd_demo.LocationStatus l  where d.deviceID=dm.deviceID and dm.vin=v.vin and v.vin  in (707,725) and d.deviceID=l.deviceID  
2015-05-07 08:52:08,----------------sql1:------select d.deviceID,v.vin,d.d_esn,v.licenseNumber,l.ign,l.onlineStatus,l.address_num,l.heading,l.baidu_latitude as latitude ,l.baidu_longitude as longitude,concat( l.gpsDate, ' ', l.gpsTime ) as time,(l.alertStatus1+l.alertStatus2+l.alertStatus3+l.alertStatus4+l.alertStatus5+l.alertStatus6+l.alertStatus7+l.alertStatus8) as alertStatus from VehicleInfo v ,provision_obd.Devices d,Devices_MT dm,obd_demo.LocationStatus l  where d.deviceID=dm.deviceID and dm.vin=v.vin and v.vin  in (707,725) and d.deviceID=l.deviceID  
2015-05-07 08:53:08,----------------sql1:------select d.deviceID,v.vin,d.d_esn,v.licenseNumber,l.ign,l.onlineStatus,l.address_num,l.heading,l.baidu_latitude as latitude ,l.baidu_longitude as longitude,concat( l.gpsDate, ' ', l.gpsTime ) as time,(l.alertStatus1+l.alertStatus2+l.alertStatus3+l.alertStatus4+l.alertStatus5+l.alertStatus6+l.alertStatus7+l.alertStatus8) as alertStatus from VehicleInfo v ,provision_obd.Devices d,Devices_MT dm,obd_demo.LocationStatus l  where d.deviceID=dm.deviceID and dm.vin=v.vin and v.vin  in (707,725) and d.deviceID=l.deviceID  
2015-05-07 08:54:09,----------------sql1:------select d.deviceID,v.vin,d.d_esn,v.licenseNumber,l.ign,l.onlineStatus,l.address_num,l.heading,l.baidu_latitude as latitude ,l.baidu_longitude as longitude,concat( l.gpsDate, ' ', l.gpsTime ) as time,(l.alertStatus1+l.alertStatus2+l.alertStatus3+l.alertStatus4+l.alertStatus5+l.alertStatus6+l.alertStatus7+l.alertStatus8) as alertStatus from VehicleInfo v ,provision_obd.Devices d,Devices_MT dm,obd_demo.LocationStatus l  where d.deviceID=dm.deviceID and dm.vin=v.vin and v.vin  in (707,725) and d.deviceID=l.deviceID  
2015-05-07 08:55:09,----------------sql1:------select d.deviceID,v.vin,d.d_esn,v.licenseNumber,l.ign,l.onlineStatus,l.address_num,l.heading,l.baidu_latitude as latitude ,l.baidu_longitude as longitude,concat( l.gpsDate, ' ', l.gpsTime ) as time,(l.alertStatus1+l.alertStatus2+l.alertStatus3+l.alertStatus4+l.alertStatus5+l.alertStatus6+l.alertStatus7+l.alertStatus8) as alertStatus from VehicleInfo v ,provision_obd.Devices d,Devices_MT dm,obd_demo.LocationStatus l  where d.deviceID=dm.deviceID and dm.vin=v.vin and v.vin  in (707,725) and d.deviceID=l.deviceID  
2015-05-07 08:56:19,----------------sql1:------select d.deviceID,v.vin,d.d_esn,v.licenseNumber,l.ign,l.onlineStatus,l.address_num,l.heading,l.baidu_latitude as latitude ,l.baidu_longitude as longitude,concat( l.gpsDate, ' ', l.gpsTime ) as time,(l.alertStatus1+l.alertStatus2+l.alertStatus3+l.alertStatus4+l.alertStatus5+l.alertStatus6+l.alertStatus7+l.alertStatus8) as alertStatus from VehicleInfo v ,provision_obd.Devices d,Devices_MT dm,obd_demo.LocationStatus l  where d.deviceID=dm.deviceID and dm.vin=v.vin and v.vin  in (707,725) and d.deviceID=l.deviceID  
2015-05-07 08:57:30,----------------sql1:------select d.deviceID,v.vin,d.d_esn,v.licenseNumber,l.ign,l.onlineStatus,l.address_num,l.heading,l.baidu_latitude as latitude ,l.baidu_longitude as longitude,concat( l.gpsDate, ' ', l.gpsTime ) as time,(l.alertStatus1+l.alertStatus2+l.alertStatus3+l.alertStatus4+l.alertStatus5+l.alertStatus6+l.alertStatus7+l.alertStatus8) as alertStatus from VehicleInfo v ,provision_obd.Devices d,Devices_MT dm,obd_demo.LocationStatus l  where d.deviceID=dm.deviceID and dm.vin=v.vin and v.vin  in (707,725) and d.deviceID=l.deviceID  
2015-05-07 08:58:39,----------------sql1:------select d.deviceID,v.vin,d.d_esn,v.licenseNumber,l.ign,l.onlineStatus,l.address_num,l.heading,l.baidu_latitude as latitude ,l.baidu_longitude as longitude,concat( l.gpsDate, ' ', l.gpsTime ) as time,(l.alertStatus1+l.alertStatus2+l.alertStatus3+l.alertStatus4+l.alertStatus5+l.alertStatus6+l.alertStatus7+l.alertStatus8) as alertStatus from VehicleInfo v ,provision_obd.Devices d,Devices_MT dm,obd_demo.LocationStatus l  where d.deviceID=dm.deviceID and dm.vin=v.vin and v.vin  in (707,725) and d.deviceID=l.deviceID  
2015-05-07 08:59:41,----------------sql1:------select d.deviceID,v.vin,d.d_esn,v.licenseNumber,l.ign,l.onlineStatus,l.address_num,l.heading,l.baidu_latitude as latitude ,l.baidu_longitude as longitude,concat( l.gpsDate, ' ', l.gpsTime ) as time,(l.alertStatus1+l.alertStatus2+l.alertStatus3+l.alertStatus4+l.alertStatus5+l.alertStatus6+l.alertStatus7+l.alertStatus8) as alertStatus from VehicleInfo v ,provision_obd.Devices d,Devices_MT dm,obd_demo.LocationStatus l  where d.deviceID=dm.deviceID and dm.vin=v.vin and v.vin  in (707,725) and d.deviceID=l.deviceID  
2015-05-07 09:00:43,----------------sql1:------select d.deviceID,v.vin,d.d_esn,v.licenseNumber,l.ign,l.onlineStatus,l.address_num,l.heading,l.baidu_latitude as latitude ,l.baidu_longitude as longitude,concat( l.gpsDate, ' ', l.gpsTime ) as time,(l.alertStatus1+l.alertStatus2+l.alertStatus3+l.alertStatus4+l.alertStatus5+l.alertStatus6+l.alertStatus7+l.alertStatus8) as alertStatus from VehicleInfo v ,provision_obd.Devices d,Devices_MT dm,obd_demo.LocationStatus l  where d.deviceID=dm.deviceID and dm.vin=v.vin and v.vin  in (707,725) and d.deviceID=l.deviceID  
2015-05-07 09:01:46,----------------sql1:------select d.deviceID,v.vin,d.d_esn,v.licenseNumber,l.ign,l.onlineStatus,l.address_num,l.heading,l.baidu_latitude as latitude ,l.baidu_longitude as longitude,concat( l.gpsDate, ' ', l.gpsTime ) as time,(l.alertStatus1+l.alertStatus2+l.alertStatus3+l.alertStatus4+l.alertStatus5+l.alertStatus6+l.alertStatus7+l.alertStatus8) as alertStatus from VehicleInfo v ,provision_obd.Devices d,Devices_MT dm,obd_demo.LocationStatus l  where d.deviceID=dm.deviceID and dm.vin=v.vin and v.vin  in (707,725) and d.deviceID=l.deviceID  
2015-05-07 09:02:48,----------------sql1:------select d.deviceID,v.vin,d.d_esn,v.licenseNumber,l.ign,l.onlineStatus,l.address_num,l.heading,l.baidu_latitude as latitude ,l.baidu_longitude as longitude,concat( l.gpsDate, ' ', l.gpsTime ) as time,(l.alertStatus1+l.alertStatus2+l.alertStatus3+l.alertStatus4+l.alertStatus5+l.alertStatus6+l.alertStatus7+l.alertStatus8) as alertStatus from VehicleInfo v ,provision_obd.Devices d,Devices_MT dm,obd_demo.LocationStatus l  where d.deviceID=dm.deviceID and dm.vin=v.vin and v.vin  in (707,725) and d.deviceID=l.deviceID  
2015-05-07 09:03:54,----------------sql1:------select d.deviceID,v.vin,d.d_esn,v.licenseNumber,l.ign,l.onlineStatus,l.address_num,l.heading,l.baidu_latitude as latitude ,l.baidu_longitude as longitude,concat( l.gpsDate, ' ', l.gpsTime ) as time,(l.alertStatus1+l.alertStatus2+l.alertStatus3+l.alertStatus4+l.alertStatus5+l.alertStatus6+l.alertStatus7+l.alertStatus8) as alertStatus from VehicleInfo v ,provision_obd.Devices d,Devices_MT dm,obd_demo.LocationStatus l  where d.deviceID=dm.deviceID and dm.vin=v.vin and v.vin  in (707,725) and d.deviceID=l.deviceID  
2015-05-07 09:05:00,----------------sql1:------select d.deviceID,v.vin,d.d_esn,v.licenseNumber,l.ign,l.onlineStatus,l.address_num,l.heading,l.baidu_latitude as latitude ,l.baidu_longitude as longitude,concat( l.gpsDate, ' ', l.gpsTime ) as time,(l.alertStatus1+l.alertStatus2+l.alertStatus3+l.alertStatus4+l.alertStatus5+l.alertStatus6+l.alertStatus7+l.alertStatus8) as alertStatus from VehicleInfo v ,provision_obd.Devices d,Devices_MT dm,obd_demo.LocationStatus l  where d.deviceID=dm.deviceID and dm.vin=v.vin and v.vin  in (707,725) and d.deviceID=l.deviceID  
2015-05-07 09:06:06,----------------sql1:------select d.deviceID,v.vin,d.d_esn,v.licenseNumber,l.ign,l.onlineStatus,l.address_num,l.heading,l.baidu_latitude as latitude ,l.baidu_longitude as longitude,concat( l.gpsDate, ' ', l.gpsTime ) as time,(l.alertStatus1+l.alertStatus2+l.alertStatus3+l.alertStatus4+l.alertStatus5+l.alertStatus6+l.alertStatus7+l.alertStatus8) as alertStatus from VehicleInfo v ,provision_obd.Devices d,Devices_MT dm,obd_demo.LocationStatus l  where d.deviceID=dm.deviceID and dm.vin=v.vin and v.vin  in (707,725) and d.deviceID=l.deviceID  
2015-05-07 17:14:55,----------------departments:-----------defDep:1003
2015-05-07 17:14:55,----------------departments:-----------id:1003
2015-05-07 17:14:55,----------------departments:------select * from Opm_Organ where id=1003 and id>1000
2015-05-07 17:14:55,----------------departments:------select count(*)  from Opm_Organ where parentId=1003 and id>1000
2015-05-07 17:14:55,----------------departments:-----------defDep:1003
2015-05-07 17:14:55,----------------departments:-----------id:1003
2015-05-07 17:14:55,----------------departments:------select * from Opm_Organ where id=1003 and id>1000
2015-05-07 17:14:55,----------------departments:------select count(*)  from Opm_Organ where parentId=1003 and id>1000
2015-05-07 17:14:57,----------------departments:-----------defDep:1003
2015-05-07 17:14:57,----------------departments:-----------id:1003
2015-05-07 17:14:57,----------------departments:------select * from Opm_Organ where id=1003 and id>1000
2015-05-07 17:14:57,----------------departments:------select count(*)  from Opm_Organ where parentId=1003 and id>1000
2015-05-07 17:14:57,----------------departments:-----------defDep:1003
2015-05-07 17:14:57,----------------departments:-----------id:1003
2015-05-07 17:14:57,----------------departments:------select * from Opm_Organ where id=1003 and id>1000
2015-05-07 17:14:57,----------------departments:------select count(*)  from Opm_Organ where parentId=1003 and id>1000
2015-05-07 17:14:59,-----------vehicles4dep-----sql:------select oo.name as depName,c.name as customerName,dm.nickName,d.deviceIndex,d.registerKey,d.deviceID,v.vin,d.d_esn,v.licenseNumber,l.ign,l.onlineStatus,l.address_num,l.baidu_latitude as latitude ,l.baidu_longitude as longitude,l.heading,concat( l.gpsDate, ' ', l.gpsTime ) as time ,(l.alertStatus1+l.alertStatus2+l.alertStatus3+l.alertStatus4+l.alertStatus5+l.alertStatus6+l.alertStatus7+l.alertStatus8) as alertStatus from VehicleInfo v ,provision_obd.Devices d,Devices_MT dm,obd_demo.LocationStatus l,Customers c,Opm_Organ oo   where d.deviceID=dm.deviceID and dm.vin=v.vin  and d.depID=oo.id and d.depID  in (null) and d.deviceID=l.deviceID  and dm.customerID=c.id limit 0,10
2015-05-07 17:14:59,-----------vehicles4dep-----sql:------select oo.name as depName,c.name as customerName,dm.nickName,d.deviceIndex,d.registerKey,d.deviceID,v.vin,d.d_esn,v.licenseNumber,l.ign,l.onlineStatus,l.address_num,l.baidu_latitude as latitude ,l.baidu_longitude as longitude,l.heading,concat( l.gpsDate, ' ', l.gpsTime ) as time ,(l.alertStatus1+l.alertStatus2+l.alertStatus3+l.alertStatus4+l.alertStatus5+l.alertStatus6+l.alertStatus7+l.alertStatus8) as alertStatus from VehicleInfo v ,provision_obd.Devices d,Devices_MT dm,obd_demo.LocationStatus l,Customers c,Opm_Organ oo   where d.deviceID=dm.deviceID and dm.vin=v.vin  and d.depID=oo.id and d.depID  in (null) and d.deviceID=l.deviceID  and dm.customerID=c.id limit 0,10
2015-05-07 17:14:59,-----------vehicles4dep-----sql:------select oo.name as depName,c.name as customerName,dm.nickName,d.deviceIndex,d.registerKey,d.deviceID,v.vin,d.d_esn,v.licenseNumber,l.ign,l.onlineStatus,l.address_num,l.baidu_latitude as latitude ,l.baidu_longitude as longitude,l.heading,concat( l.gpsDate, ' ', l.gpsTime ) as time ,(l.alertStatus1+l.alertStatus2+l.alertStatus3+l.alertStatus4+l.alertStatus5+l.alertStatus6+l.alertStatus7+l.alertStatus8) as alertStatus from VehicleInfo v ,provision_obd.Devices d,Devices_MT dm,obd_demo.LocationStatus l,Customers c,Opm_Organ oo   where d.deviceID=dm.deviceID and dm.vin=v.vin  and d.depID=oo.id and d.depID  in (null) and d.deviceID=l.deviceID  and dm.customerID=c.id limit 0,10
2015-05-07 17:14:59,-----------vehicles4dep-----sql:------select oo.name as depName,c.name as customerName,dm.nickName,d.deviceIndex,d.registerKey,d.deviceID,v.vin,d.d_esn,v.licenseNumber,l.ign,l.onlineStatus,l.address_num,l.baidu_latitude as latitude ,l.baidu_longitude as longitude,l.heading,concat( l.gpsDate, ' ', l.gpsTime ) as time ,(l.alertStatus1+l.alertStatus2+l.alertStatus3+l.alertStatus4+l.alertStatus5+l.alertStatus6+l.alertStatus7+l.alertStatus8) as alertStatus from VehicleInfo v ,provision_obd.Devices d,Devices_MT dm,obd_demo.LocationStatus l,Customers c,Opm_Organ oo   where d.deviceID=dm.deviceID and dm.vin=v.vin  and d.depID=oo.id and d.depID  in (null) and d.deviceID=l.deviceID  and dm.customerID=c.id limit 0,10
2015-05-07 17:14:59,-----------vehicles4dep-----sql:------select oo.name as depName,c.name as customerName,dm.nickName,d.deviceIndex,d.registerKey,d.deviceID,v.vin,d.d_esn,v.licenseNumber,l.ign,l.onlineStatus,l.address_num,l.baidu_latitude as latitude ,l.baidu_longitude as longitude,l.heading,concat( l.gpsDate, ' ', l.gpsTime ) as time ,(l.alertStatus1+l.alertStatus2+l.alertStatus3+l.alertStatus4+l.alertStatus5+l.alertStatus6+l.alertStatus7+l.alertStatus8) as alertStatus from VehicleInfo v ,provision_obd.Devices d,Devices_MT dm,obd_demo.LocationStatus l,Customers c,Opm_Organ oo   where d.deviceID=dm.deviceID and dm.vin=v.vin  and d.depID=oo.id and d.depID  in (null) and d.deviceID=l.deviceID  and dm.customerID=c.id limit 0,10
2015-05-07 17:14:59,-----------vehicles4dep-----sql:------select oo.name as depName,c.name as customerName,dm.nickName,d.deviceIndex,d.registerKey,d.deviceID,v.vin,d.d_esn,v.licenseNumber,l.ign,l.onlineStatus,l.address_num,l.baidu_latitude as latitude ,l.baidu_longitude as longitude,l.heading,concat( l.gpsDate, ' ', l.gpsTime ) as time ,(l.alertStatus1+l.alertStatus2+l.alertStatus3+l.alertStatus4+l.alertStatus5+l.alertStatus6+l.alertStatus7+l.alertStatus8) as alertStatus from VehicleInfo v ,provision_obd.Devices d,Devices_MT dm,obd_demo.LocationStatus l,Customers c,Opm_Organ oo   where d.deviceID=dm.deviceID and dm.vin=v.vin  and d.depID=oo.id and d.depID  in (null) and d.deviceID=l.deviceID  and dm.customerID=c.id limit 0,10
2015-05-07 17:14:59,-----------vehicles4dep-----sql:------select oo.name as depName,c.name as customerName,dm.nickName,d.deviceIndex,d.registerKey,d.deviceID,v.vin,d.d_esn,v.licenseNumber,l.ign,l.onlineStatus,l.address_num,l.baidu_latitude as latitude ,l.baidu_longitude as longitude,l.heading,concat( l.gpsDate, ' ', l.gpsTime ) as time ,(l.alertStatus1+l.alertStatus2+l.alertStatus3+l.alertStatus4+l.alertStatus5+l.alertStatus6+l.alertStatus7+l.alertStatus8) as alertStatus from VehicleInfo v ,provision_obd.Devices d,Devices_MT dm,obd_demo.LocationStatus l,Customers c,Opm_Organ oo   where d.deviceID=dm.deviceID and dm.vin=v.vin  and d.depID=oo.id and d.depID  in (null) and d.deviceID=l.deviceID  and dm.customerID=c.id limit 0,10
2015-05-07 17:14:59,----------------departments:-----------defDep:1003
2015-05-07 17:14:59,----------------departments:-----------id:1003
2015-05-07 17:14:59,----------------departments:------select * from Opm_Organ where  parentId=1003 and id>1000
2015-05-07 17:14:59,----------------departments:------select count(*)  from Opm_Organ where parentId=1192 and id>1000
2015-05-07 17:14:59,----------------departments:------select count(*)  from Opm_Organ where parentId=1206 and id>1000
2015-05-07 17:15:02,-----------vehicles4dep-----sql:------select oo.name as depName,c.name as customerName,dm.nickName,d.deviceIndex,d.registerKey,d.deviceID,v.vin,d.d_esn,v.licenseNumber,l.ign,l.onlineStatus,l.address_num,l.baidu_latitude as latitude ,l.baidu_longitude as longitude,l.heading,concat( l.gpsDate, ' ', l.gpsTime ) as time ,(l.alertStatus1+l.alertStatus2+l.alertStatus3+l.alertStatus4+l.alertStatus5+l.alertStatus6+l.alertStatus7+l.alertStatus8) as alertStatus from VehicleInfo v ,provision_obd.Devices d,Devices_MT dm,obd_demo.LocationStatus l,Customers c,Opm_Organ oo   where d.deviceID=dm.deviceID and dm.vin=v.vin  and d.depID=oo.id and d.depID  in (1206) and d.deviceID=l.deviceID  and dm.customerID=c.id limit 0,10
2015-05-07 17:15:58,----------------sql1:------select d.deviceID,v.vin,d.d_esn,v.licenseNumber,l.ign,l.onlineStatus,l.address_num,l.heading,l.baidu_latitude as latitude ,l.baidu_longitude as longitude,concat( l.gpsDate, ' ', l.gpsTime ) as time,(l.alertStatus1+l.alertStatus2+l.alertStatus3+l.alertStatus4+l.alertStatus5+l.alertStatus6+l.alertStatus7+l.alertStatus8) as alertStatus from VehicleInfo v ,provision_obd.Devices d,Devices_MT dm,obd_demo.LocationStatus l  where d.deviceID=dm.deviceID and dm.vin=v.vin and v.vin  in (725) and d.deviceID=l.deviceID  
2015-05-07 17:17:01,----------------sql1:------select d.deviceID,v.vin,d.d_esn,v.licenseNumber,l.ign,l.onlineStatus,l.address_num,l.heading,l.baidu_latitude as latitude ,l.baidu_longitude as longitude,concat( l.gpsDate, ' ', l.gpsTime ) as time,(l.alertStatus1+l.alertStatus2+l.alertStatus3+l.alertStatus4+l.alertStatus5+l.alertStatus6+l.alertStatus7+l.alertStatus8) as alertStatus from VehicleInfo v ,provision_obd.Devices d,Devices_MT dm,obd_demo.LocationStatus l  where d.deviceID=dm.deviceID and dm.vin=v.vin and v.vin  in (725) and d.deviceID=l.deviceID  
2015-05-07 17:17:58,----------------sql1:------select d.deviceID,v.vin,d.d_esn,v.licenseNumber,l.ign,l.onlineStatus,l.address_num,l.heading,l.baidu_latitude as latitude ,l.baidu_longitude as longitude,concat( l.gpsDate, ' ', l.gpsTime ) as time,(l.alertStatus1+l.alertStatus2+l.alertStatus3+l.alertStatus4+l.alertStatus5+l.alertStatus6+l.alertStatus7+l.alertStatus8) as alertStatus from VehicleInfo v ,provision_obd.Devices d,Devices_MT dm,obd_demo.LocationStatus l  where d.deviceID=dm.deviceID and dm.vin=v.vin and v.vin  in (725) and d.deviceID=l.deviceID  
2015-05-07 17:18:43,----------------departments:-----------defDep:1003
2015-05-07 17:18:43,----------------departments:-----------id:1003
2015-05-07 17:18:43,----------------departments:------select * from Opm_Organ where id=1003 and id>1000
2015-05-07 17:18:43,----------------departments:------select count(*)  from Opm_Organ where parentId=1003 and id>1000
2015-05-07 17:18:44,----------------departments:-----------defDep:1003
2015-05-07 17:18:44,----------------departments:-----------id:1003
2015-05-07 17:18:44,----------------departments:------select * from Opm_Organ where id=1003 and id>1000
2015-05-07 17:18:44,----------------departments:------select count(*)  from Opm_Organ where parentId=1003 and id>1000
2015-05-07 17:18:45,----------------departments:-----------defDep:1003
2015-05-07 17:18:45,----------------departments:-----------id:1003
2015-05-07 17:18:45,----------------departments:------select * from Opm_Organ where id=1003 and id>1000
2015-05-07 17:18:45,----------------departments:------select count(*)  from Opm_Organ where parentId=1003 and id>1000
2015-05-07 17:18:45,----------------departments:-----------defDep:1003
2015-05-07 17:18:45,----------------departments:-----------id:1003
2015-05-07 17:18:45,----------------departments:------select * from Opm_Organ where id=1003 and id>1000
2015-05-07 17:18:45,----------------departments:------select count(*)  from Opm_Organ where parentId=1003 and id>1000
2015-05-07 17:18:47,----------------departments:-----------defDep:1003
2015-05-07 17:18:47,----------------departments:-----------id:1003
2015-05-07 17:18:47,----------------departments:------select * from Opm_Organ where  parentId=1003 and id>1000
2015-05-07 17:18:47,----------------departments:------select count(*)  from Opm_Organ where parentId=1192 and id>1000
2015-05-07 17:18:47,----------------departments:------select count(*)  from Opm_Organ where parentId=1206 and id>1000
2015-05-07 17:18:49,-----------vehicles4dep-----sql:------select oo.name as depName,c.name as customerName,dm.nickName,d.deviceIndex,d.registerKey,d.deviceID,v.vin,d.d_esn,v.licenseNumber,l.ign,l.onlineStatus,l.address_num,l.baidu_latitude as latitude ,l.baidu_longitude as longitude,l.heading,concat( l.gpsDate, ' ', l.gpsTime ) as time ,(l.alertStatus1+l.alertStatus2+l.alertStatus3+l.alertStatus4+l.alertStatus5+l.alertStatus6+l.alertStatus7+l.alertStatus8) as alertStatus from VehicleInfo v ,provision_obd.Devices d,Devices_MT dm,obd_demo.LocationStatus l,Customers c,Opm_Organ oo   where d.deviceID=dm.deviceID and dm.vin=v.vin  and d.depID=oo.id and d.depID  in (1206) and d.deviceID=l.deviceID  and dm.customerID=c.id limit 0,10
