2015-06-05 08:12:03,----------------departments:-----------defDep:1003
2015-06-05 08:12:03,----------------departments:-----------id:1003
2015-06-05 08:12:03,----------------departments:------select * from Opm_Organ where id=1003 and id>1000
2015-06-05 08:12:03,----------------departments:------select count(*)  from Opm_Organ where parentId=1003 and id>1000
2015-06-05 08:12:03,----------------departments:-----------defDep:1003
2015-06-05 08:12:03,----------------departments:-----------id:1003
2015-06-05 08:12:03,----------------departments:------select * from Opm_Organ where id=1003 and id>1000
2015-06-05 08:12:03,----------------departments:------select count(*)  from Opm_Organ where parentId=1003 and id>1000
2015-06-05 08:12:04,----------------departments:-----------defDep:1003
2015-06-05 08:12:04,----------------departments:-----------id:1003
2015-06-05 08:12:04,----------------departments:------select * from Opm_Organ where id=1003 and id>1000
2015-06-05 08:12:04,----------------departments:------select count(*)  from Opm_Organ where parentId=1003 and id>1000
2015-06-05 08:12:04,----------------departments:-----------defDep:1003
2015-06-05 08:12:04,----------------departments:-----------id:1003
2015-06-05 08:12:04,----------------departments:------select * from Opm_Organ where id=1003 and id>1000
2015-06-05 08:12:04,----------------departments:------select count(*)  from Opm_Organ where parentId=1003 and id>1000
2015-06-05 08:12:07,----------------departments:-----------defDep:1003
2015-06-05 08:12:07,----------------departments:-----------id:1003
2015-06-05 08:12:07,----------------departments:------select * from Opm_Organ where  parentId=1003 and id>1000
2015-06-05 08:12:07,----------------departments:------select count(*)  from Opm_Organ where parentId=1192 and id>1000
2015-06-05 08:12:07,----------------departments:------select count(*)  from Opm_Organ where parentId=1206 and id>1000
2015-06-05 08:12:08,-----------vehicles4dep-----sql:------select oo.name as depName,c.name as customerName,dm.nickName,d.deviceIndex,d.registerKey,d.deviceID,v.vin,d.d_esn,v.licenseNumber,l.ign,l.onlineStatus,l.address_num,l.baidu_latitude as latitude ,l.baidu_longitude as longitude,l.heading,concat( l.gpsDate, ' ', l.gpsTime ) as time ,(l.alertStatus1+l.alertStatus2+l.alertStatus3+l.alertStatus4+l.alertStatus5+l.alertStatus6+l.alertStatus7+l.alertStatus8) as alertStatus from VehicleInfo v ,provision_obd.Devices d,Devices_MT dm,obd_demo.LocationStatus l,Customers c,Opm_Organ oo   where d.deviceID=dm.deviceID and dm.vin=v.vin  and d.depID=oo.id and d.depID  in (1206) and d.deviceID=l.deviceID  and dm.customerID=c.id limit 0,10
2015-06-05 08:13:05,----------------sql1:------select d.deviceID,v.vin,d.d_esn,v.licenseNumber,l.ign,l.onlineStatus,l.address_num,l.heading,l.baidu_latitude as latitude ,l.baidu_longitude as longitude,concat( l.gpsDate, ' ', l.gpsTime ) as time,(l.alertStatus1+l.alertStatus2+l.alertStatus3+l.alertStatus4+l.alertStatus5+l.alertStatus6+l.alertStatus7+l.alertStatus8) as alertStatus from VehicleInfo v ,provision_obd.Devices d,Devices_MT dm,obd_demo.LocationStatus l  where d.deviceID=dm.deviceID and dm.vin=v.vin and v.vin  in (727) and d.deviceID=l.deviceID  
2015-06-05 08:14:05,----------------sql1:------select d.deviceID,v.vin,d.d_esn,v.licenseNumber,l.ign,l.onlineStatus,l.address_num,l.heading,l.baidu_latitude as latitude ,l.baidu_longitude as longitude,concat( l.gpsDate, ' ', l.gpsTime ) as time,(l.alertStatus1+l.alertStatus2+l.alertStatus3+l.alertStatus4+l.alertStatus5+l.alertStatus6+l.alertStatus7+l.alertStatus8) as alertStatus from VehicleInfo v ,provision_obd.Devices d,Devices_MT dm,obd_demo.LocationStatus l  where d.deviceID=dm.deviceID and dm.vin=v.vin and v.vin  in (727) and d.deviceID=l.deviceID  
2015-06-05 13:34:41,----------------departments:-----------defDep:1003
2015-06-05 13:34:41,----------------departments:-----------id:1003
2015-06-05 13:34:41,----------------departments:------select * from Opm_Organ where id=1003 and id>1000
2015-06-05 13:34:41,----------------departments:------select count(*)  from Opm_Organ where parentId=1003 and id>1000
2015-06-05 13:34:42,----------------departments:-----------defDep:1003
2015-06-05 13:34:42,----------------departments:-----------id:1003
2015-06-05 13:34:42,----------------departments:------select * from Opm_Organ where id=1003 and id>1000
2015-06-05 13:34:42,----------------departments:------select count(*)  from Opm_Organ where parentId=1003 and id>1000
2015-06-05 13:34:42,----------------departments:-----------defDep:1003
2015-06-05 13:34:42,----------------departments:-----------id:1003
2015-06-05 13:34:42,----------------departments:------select * from Opm_Organ where id=1003 and id>1000
2015-06-05 13:34:42,----------------departments:------select count(*)  from Opm_Organ where parentId=1003 and id>1000
2015-06-05 13:34:42,----------------departments:-----------defDep:1003
2015-06-05 13:34:42,----------------departments:-----------id:1003
2015-06-05 13:34:42,----------------departments:------select * from Opm_Organ where id=1003 and id>1000
2015-06-05 13:34:42,----------------departments:------select count(*)  from Opm_Organ where parentId=1003 and id>1000
2015-06-05 13:34:43,----------------departments:-----------defDep:1003
2015-06-05 13:34:43,----------------departments:-----------id:1003
2015-06-05 13:34:43,----------------departments:------select * from Opm_Organ where id=1003 and id>1000
2015-06-05 13:34:43,----------------departments:------select count(*)  from Opm_Organ where parentId=1003 and id>1000
2015-06-05 13:34:43,----------------departments:-----------defDep:1003
2015-06-05 13:34:43,----------------departments:-----------id:1003
2015-06-05 13:34:43,----------------departments:------select * from Opm_Organ where id=1003 and id>1000
2015-06-05 13:34:43,----------------departments:------select count(*)  from Opm_Organ where parentId=1003 and id>1000
2015-06-05 13:34:49,----------------departments:-----------defDep:1003
2015-06-05 13:34:49,----------------departments:-----------id:1003
2015-06-05 13:34:49,----------------departments:------select * from Opm_Organ where id=1003 and id>1000
2015-06-05 13:34:49,----------------departments:------select count(*)  from Opm_Organ where parentId=1003 and id>1000
2015-06-05 13:34:49,----------------departments:-----------defDep:1003
2015-06-05 13:34:49,----------------departments:-----------id:1003
2015-06-05 13:34:49,----------------departments:------select * from Opm_Organ where id=1003 and id>1000
2015-06-05 13:34:49,----------------departments:------select count(*)  from Opm_Organ where parentId=1003 and id>1000
2015-06-05 13:34:49,----------------sql:------select ua.userID,ua.email,ua.username,ua.smsNum,ua.fullname,role.name as roleName,role.id as roleId,oo.name as depName from  Users_Admin  ua,Opm_User_Role our,Opm_Role role,Opm_Organ oo  where ua.userID=our.userID and our.roleId=role.id and ua.organId=1003 and ua.isCustomer=0 and our.organId=oo.id
2015-06-05 13:34:52,----------------departments:-----------defDep:1003
2015-06-05 13:34:52,----------------departments:-----------id:1003
2015-06-05 13:34:52,----------------departments:------select * from Opm_Organ where id=1003 and id>1000
2015-06-05 13:34:52,----------------departments:-----------defDep:1003
2015-06-05 13:34:52,----------------departments:------select count(*)  from Opm_Organ where parentId=1003 and id>1000
2015-06-05 13:34:52,----------------departments:-----------id:1003
2015-06-05 13:34:52,----------------departments:------select * from Opm_Organ where id=1003 and id>1000
2015-06-05 13:34:52,----------------departments:------select count(*)  from Opm_Organ where parentId=1003 and id>1000
2015-06-05 13:34:52,----------------departments:-----------defDep:1003
2015-06-05 13:34:52,----------------departments:-----------id:1003
2015-06-05 13:34:52,----------------departments:------select * from Opm_Organ where id=1003 and id>1000
2015-06-05 13:34:52,----------------departments:------select count(*)  from Opm_Organ where parentId=1003 and id>1000
2015-06-05 13:34:52,----------------departments:-----------defDep:1003
2015-06-05 13:34:52,----------------departments:-----------id:1003
2015-06-05 13:34:52,----------------departments:------select * from Opm_Organ where id=1003 and id>1000
2015-06-05 13:34:52,----------------departments:------select count(*)  from Opm_Organ where parentId=1003 and id>1000
2015-06-05 13:43:04,----------------departments:-----------defDep:1003
2015-06-05 13:43:04,----------------departments:-----------id:1003
2015-06-05 13:43:04,----------------departments:------select * from Opm_Organ where  parentId=1003 and id>1000
2015-06-05 13:43:04,----------------departments:------select count(*)  from Opm_Organ where parentId=1192 and id>1000
2015-06-05 13:43:04,----------------departments:------select count(*)  from Opm_Organ where parentId=1206 and id>1000
2015-06-05 20:05:33,----------------departments:-----------defDep:1003
2015-06-05 20:05:33,----------------departments:-----------id:1003
2015-06-05 20:05:33,----------------departments:------select * from Opm_Organ where id=1003 and id>1000
2015-06-05 20:05:33,----------------departments:------select count(*)  from Opm_Organ where parentId=1003 and id>1000
2015-06-05 20:05:34,----------------departments:-----------defDep:1003
2015-06-05 20:05:34,----------------departments:-----------id:1003
2015-06-05 20:05:34,----------------departments:------select * from Opm_Organ where id=1003 and id>1000
2015-06-05 20:05:34,----------------departments:------select count(*)  from Opm_Organ where parentId=1003 and id>1000
2015-06-05 20:05:38,----------------departments:-----------defDep:1003
2015-06-05 20:05:38,----------------departments:-----------id:1003
2015-06-05 20:05:38,----------------departments:------select * from Opm_Organ where id=1003 and id>1000
2015-06-05 20:05:38,----------------departments:------select count(*)  from Opm_Organ where parentId=1003 and id>1000
2015-06-05 20:05:38,----------------departments:-----------defDep:1003
2015-06-05 20:05:38,----------------departments:-----------id:1003
2015-06-05 20:05:38,----------------departments:------select * from Opm_Organ where id=1003 and id>1000
2015-06-05 20:05:38,----------------departments:------select count(*)  from Opm_Organ where parentId=1003 and id>1000
2015-06-05 20:05:44,----------------departments:-----------defDep:1003
2015-06-05 20:05:44,----------------departments:-----------id:1003
2015-06-05 20:05:44,----------------departments:------select * from Opm_Organ where  parentId=1003 and id>1000
2015-06-05 20:05:44,----------------departments:------select count(*)  from Opm_Organ where parentId=1192 and id>1000
2015-06-05 20:05:44,----------------departments:------select count(*)  from Opm_Organ where parentId=1206 and id>1000
2015-06-05 20:05:47,-----------vehicles4dep-----sql:------select oo.name as depName,c.name as customerName,dm.nickName,d.deviceIndex,d.registerKey,d.deviceID,v.vin,d.d_esn,v.licenseNumber,l.ign,l.onlineStatus,l.address_num,l.baidu_latitude as latitude ,l.baidu_longitude as longitude,l.heading,concat( l.gpsDate, ' ', l.gpsTime ) as time ,(l.alertStatus1+l.alertStatus2+l.alertStatus3+l.alertStatus4+l.alertStatus5+l.alertStatus6+l.alertStatus7+l.alertStatus8) as alertStatus from VehicleInfo v ,provision_obd.Devices d,Devices_MT dm,obd_demo.LocationStatus l,Customers c,Opm_Organ oo   where d.deviceID=dm.deviceID and dm.vin=v.vin  and d.depID=oo.id and d.depID  in (1206) and d.deviceID=l.deviceID  and dm.customerID=c.id limit 0,10
2015-06-05 20:06:44,----------------sql1:------select d.deviceID,v.vin,d.d_esn,v.licenseNumber,l.ign,l.onlineStatus,l.address_num,l.heading,l.baidu_latitude as latitude ,l.baidu_longitude as longitude,concat( l.gpsDate, ' ', l.gpsTime ) as time,(l.alertStatus1+l.alertStatus2+l.alertStatus3+l.alertStatus4+l.alertStatus5+l.alertStatus6+l.alertStatus7+l.alertStatus8) as alertStatus from VehicleInfo v ,provision_obd.Devices d,Devices_MT dm,obd_demo.LocationStatus l  where d.deviceID=dm.deviceID and dm.vin=v.vin and v.vin  in (727) and d.deviceID=l.deviceID  
2015-06-05 20:07:44,----------------sql1:------select d.deviceID,v.vin,d.d_esn,v.licenseNumber,l.ign,l.onlineStatus,l.address_num,l.heading,l.baidu_latitude as latitude ,l.baidu_longitude as longitude,concat( l.gpsDate, ' ', l.gpsTime ) as time,(l.alertStatus1+l.alertStatus2+l.alertStatus3+l.alertStatus4+l.alertStatus5+l.alertStatus6+l.alertStatus7+l.alertStatus8) as alertStatus from VehicleInfo v ,provision_obd.Devices d,Devices_MT dm,obd_demo.LocationStatus l  where d.deviceID=dm.deviceID and dm.vin=v.vin and v.vin  in (727) and d.deviceID=l.deviceID  
2015-06-05 20:08:44,----------------sql1:------select d.deviceID,v.vin,d.d_esn,v.licenseNumber,l.ign,l.onlineStatus,l.address_num,l.heading,l.baidu_latitude as latitude ,l.baidu_longitude as longitude,concat( l.gpsDate, ' ', l.gpsTime ) as time,(l.alertStatus1+l.alertStatus2+l.alertStatus3+l.alertStatus4+l.alertStatus5+l.alertStatus6+l.alertStatus7+l.alertStatus8) as alertStatus from VehicleInfo v ,provision_obd.Devices d,Devices_MT dm,obd_demo.LocationStatus l  where d.deviceID=dm.deviceID and dm.vin=v.vin and v.vin  in (727) and d.deviceID=l.deviceID  
2015-06-05 20:09:44,----------------sql1:------select d.deviceID,v.vin,d.d_esn,v.licenseNumber,l.ign,l.onlineStatus,l.address_num,l.heading,l.baidu_latitude as latitude ,l.baidu_longitude as longitude,concat( l.gpsDate, ' ', l.gpsTime ) as time,(l.alertStatus1+l.alertStatus2+l.alertStatus3+l.alertStatus4+l.alertStatus5+l.alertStatus6+l.alertStatus7+l.alertStatus8) as alertStatus from VehicleInfo v ,provision_obd.Devices d,Devices_MT dm,obd_demo.LocationStatus l  where d.deviceID=dm.deviceID and dm.vin=v.vin and v.vin  in (727) and d.deviceID=l.deviceID  
2015-06-05 20:10:44,----------------sql1:------select d.deviceID,v.vin,d.d_esn,v.licenseNumber,l.ign,l.onlineStatus,l.address_num,l.heading,l.baidu_latitude as latitude ,l.baidu_longitude as longitude,concat( l.gpsDate, ' ', l.gpsTime ) as time,(l.alertStatus1+l.alertStatus2+l.alertStatus3+l.alertStatus4+l.alertStatus5+l.alertStatus6+l.alertStatus7+l.alertStatus8) as alertStatus from VehicleInfo v ,provision_obd.Devices d,Devices_MT dm,obd_demo.LocationStatus l  where d.deviceID=dm.deviceID and dm.vin=v.vin and v.vin  in (727) and d.deviceID=l.deviceID  
2015-06-05 20:11:13,----------------departments:-----------defDep:1003
2015-06-05 20:11:13,----------------departments:-----------id:1003
2015-06-05 20:11:13,----------------departments:------select * from Opm_Organ where id=1003 and id>1000
2015-06-05 20:11:13,----------------departments:------select count(*)  from Opm_Organ where parentId=1003 and id>1000
2015-06-05 20:11:13,----------------departments:-----------defDep:1003
2015-06-05 20:11:13,----------------departments:-----------id:1003
2015-06-05 20:11:13,----------------departments:------select * from Opm_Organ where id=1003 and id>1000
2015-06-05 20:11:13,----------------departments:------select count(*)  from Opm_Organ where parentId=1003 and id>1000
2015-06-05 20:11:14,----------------departments:-----------defDep:1003
2015-06-05 20:11:14,----------------departments:-----------id:1003
2015-06-05 20:11:14,----------------departments:------select * from Opm_Organ where id=1003 and id>1000
2015-06-05 20:11:14,----------------departments:------select count(*)  from Opm_Organ where parentId=1003 and id>1000
2015-06-05 20:11:14,----------------departments:-----------defDep:1003
2015-06-05 20:11:14,----------------departments:-----------id:1003
2015-06-05 20:11:14,----------------departments:------select * from Opm_Organ where id=1003 and id>1000
2015-06-05 20:11:14,----------------departments:------select count(*)  from Opm_Organ where parentId=1003 and id>1000
2015-06-05 20:11:15,-----------vehicles4dep-----sql:------select oo.name as depName,c.name as customerName,dm.nickName,d.deviceIndex,d.registerKey,d.deviceID,v.vin,d.d_esn,v.licenseNumber,l.ign,l.onlineStatus,l.address_num,l.baidu_latitude as latitude ,l.baidu_longitude as longitude,l.heading,concat( l.gpsDate, ' ', l.gpsTime ) as time ,(l.alertStatus1+l.alertStatus2+l.alertStatus3+l.alertStatus4+l.alertStatus5+l.alertStatus6+l.alertStatus7+l.alertStatus8) as alertStatus from VehicleInfo v ,provision_obd.Devices d,Devices_MT dm,obd_demo.LocationStatus l,Customers c,Opm_Organ oo   where d.deviceID=dm.deviceID and dm.vin=v.vin  and d.depID=oo.id and d.depID  in (null) and d.deviceID=l.deviceID  and dm.customerID=c.id limit 0,10
2015-06-05 20:11:15,-----------vehicles4dep-----sql:------select oo.name as depName,c.name as customerName,dm.nickName,d.deviceIndex,d.registerKey,d.deviceID,v.vin,d.d_esn,v.licenseNumber,l.ign,l.onlineStatus,l.address_num,l.baidu_latitude as latitude ,l.baidu_longitude as longitude,l.heading,concat( l.gpsDate, ' ', l.gpsTime ) as time ,(l.alertStatus1+l.alertStatus2+l.alertStatus3+l.alertStatus4+l.alertStatus5+l.alertStatus6+l.alertStatus7+l.alertStatus8) as alertStatus from VehicleInfo v ,provision_obd.Devices d,Devices_MT dm,obd_demo.LocationStatus l,Customers c,Opm_Organ oo   where d.deviceID=dm.deviceID and dm.vin=v.vin  and d.depID=oo.id and d.depID  in (null) and d.deviceID=l.deviceID  and dm.customerID=c.id limit 0,10
2015-06-05 20:11:15,-----------vehicles4dep-----sql:------select oo.name as depName,c.name as customerName,dm.nickName,d.deviceIndex,d.registerKey,d.deviceID,v.vin,d.d_esn,v.licenseNumber,l.ign,l.onlineStatus,l.address_num,l.baidu_latitude as latitude ,l.baidu_longitude as longitude,l.heading,concat( l.gpsDate, ' ', l.gpsTime ) as time ,(l.alertStatus1+l.alertStatus2+l.alertStatus3+l.alertStatus4+l.alertStatus5+l.alertStatus6+l.alertStatus7+l.alertStatus8) as alertStatus from VehicleInfo v ,provision_obd.Devices d,Devices_MT dm,obd_demo.LocationStatus l,Customers c,Opm_Organ oo   where d.deviceID=dm.deviceID and dm.vin=v.vin  and d.depID=oo.id and d.depID  in (null) and d.deviceID=l.deviceID  and dm.customerID=c.id limit 0,10
2015-06-05 20:11:15,-----------vehicles4dep-----sql:------select oo.name as depName,c.name as customerName,dm.nickName,d.deviceIndex,d.registerKey,d.deviceID,v.vin,d.d_esn,v.licenseNumber,l.ign,l.onlineStatus,l.address_num,l.baidu_latitude as latitude ,l.baidu_longitude as longitude,l.heading,concat( l.gpsDate, ' ', l.gpsTime ) as time ,(l.alertStatus1+l.alertStatus2+l.alertStatus3+l.alertStatus4+l.alertStatus5+l.alertStatus6+l.alertStatus7+l.alertStatus8) as alertStatus from VehicleInfo v ,provision_obd.Devices d,Devices_MT dm,obd_demo.LocationStatus l,Customers c,Opm_Organ oo   where d.deviceID=dm.deviceID and dm.vin=v.vin  and d.depID=oo.id and d.depID  in (null) and d.deviceID=l.deviceID  and dm.customerID=c.id limit 0,10
2015-06-05 20:11:15,-----------vehicles4dep-----sql:------select oo.name as depName,c.name as customerName,dm.nickName,d.deviceIndex,d.registerKey,d.deviceID,v.vin,d.d_esn,v.licenseNumber,l.ign,l.onlineStatus,l.address_num,l.baidu_latitude as latitude ,l.baidu_longitude as longitude,l.heading,concat( l.gpsDate, ' ', l.gpsTime ) as time ,(l.alertStatus1+l.alertStatus2+l.alertStatus3+l.alertStatus4+l.alertStatus5+l.alertStatus6+l.alertStatus7+l.alertStatus8) as alertStatus from VehicleInfo v ,provision_obd.Devices d,Devices_MT dm,obd_demo.LocationStatus l,Customers c,Opm_Organ oo   where d.deviceID=dm.deviceID and dm.vin=v.vin  and d.depID=oo.id and d.depID  in (null) and d.deviceID=l.deviceID  and dm.customerID=c.id limit 0,10
2015-06-05 20:11:15,-----------vehicles4dep-----sql:------select oo.name as depName,c.name as customerName,dm.nickName,d.deviceIndex,d.registerKey,d.deviceID,v.vin,d.d_esn,v.licenseNumber,l.ign,l.onlineStatus,l.address_num,l.baidu_latitude as latitude ,l.baidu_longitude as longitude,l.heading,concat( l.gpsDate, ' ', l.gpsTime ) as time ,(l.alertStatus1+l.alertStatus2+l.alertStatus3+l.alertStatus4+l.alertStatus5+l.alertStatus6+l.alertStatus7+l.alertStatus8) as alertStatus from VehicleInfo v ,provision_obd.Devices d,Devices_MT dm,obd_demo.LocationStatus l,Customers c,Opm_Organ oo   where d.deviceID=dm.deviceID and dm.vin=v.vin  and d.depID=oo.id and d.depID  in (null) and d.deviceID=l.deviceID  and dm.customerID=c.id limit 0,10
2015-06-05 20:11:15,-----------vehicles4dep-----sql:------select oo.name as depName,c.name as customerName,dm.nickName,d.deviceIndex,d.registerKey,d.deviceID,v.vin,d.d_esn,v.licenseNumber,l.ign,l.onlineStatus,l.address_num,l.baidu_latitude as latitude ,l.baidu_longitude as longitude,l.heading,concat( l.gpsDate, ' ', l.gpsTime ) as time ,(l.alertStatus1+l.alertStatus2+l.alertStatus3+l.alertStatus4+l.alertStatus5+l.alertStatus6+l.alertStatus7+l.alertStatus8) as alertStatus from VehicleInfo v ,provision_obd.Devices d,Devices_MT dm,obd_demo.LocationStatus l,Customers c,Opm_Organ oo   where d.deviceID=dm.deviceID and dm.vin=v.vin  and d.depID=oo.id and d.depID  in (null) and d.deviceID=l.deviceID  and dm.customerID=c.id limit 0,10
2015-06-05 20:11:19,----------------departments:-----------defDep:1003
2015-06-05 20:11:19,----------------departments:-----------id:1003
2015-06-05 20:11:19,----------------departments:------select * from Opm_Organ where id=1003 and id>1000
2015-06-05 20:11:19,----------------departments:------select count(*)  from Opm_Organ where parentId=1003 and id>1000
2015-06-05 20:11:19,----------------departments:-----------defDep:1003
2015-06-05 20:11:19,----------------departments:-----------id:1003
2015-06-05 20:11:19,----------------departments:------select * from Opm_Organ where id=1003 and id>1000
2015-06-05 20:11:19,----------------departments:------select count(*)  from Opm_Organ where parentId=1003 and id>1000
2015-06-05 20:11:19,----------------sql:------select ua.userID,ua.email,ua.username,ua.smsNum,ua.fullname,role.name as roleName,role.id as roleId,oo.name as depName from  Users_Admin  ua,Opm_User_Role our,Opm_Role role,Opm_Organ oo  where ua.userID=our.userID and our.roleId=role.id and ua.organId=1003 and ua.isCustomer=0 and our.organId=oo.id
2015-06-05 20:11:23,----------------departments:-----------defDep:1003
2015-06-05 20:11:23,----------------departments:-----------id:1003
2015-06-05 20:11:23,----------------departments:------select * from Opm_Organ where id=1003 and id>1000
2015-06-05 20:11:23,----------------departments:------select count(*)  from Opm_Organ where parentId=1003 and id>1000
2015-06-05 20:11:23,----------------departments:-----------defDep:1003
2015-06-05 20:11:23,----------------departments:-----------id:1003
2015-06-05 20:11:23,----------------departments:------select * from Opm_Organ where id=1003 and id>1000
2015-06-05 20:11:23,----------------departments:------select count(*)  from Opm_Organ where parentId=1003 and id>1000
2015-06-05 20:11:24,----------------departments:-----------defDep:1003
2015-06-05 20:11:24,----------------departments:-----------id:1003
2015-06-05 20:11:24,----------------departments:------select * from Opm_Organ where id=1003 and id>1000
2015-06-05 20:11:24,----------------departments:------select count(*)  from Opm_Organ where parentId=1003 and id>1000
2015-06-05 20:11:24,----------------departments:-----------defDep:1003
2015-06-05 20:11:24,----------------departments:-----------id:1003
2015-06-05 20:11:24,----------------departments:------select * from Opm_Organ where id=1003 and id>1000
2015-06-05 20:11:24,----------------departments:------select count(*)  from Opm_Organ where parentId=1003 and id>1000
