2015-06-04 08:01:07,----------------departments:-----------defDep:1003
2015-06-04 08:01:07,----------------departments:-----------id:1003
2015-06-04 08:01:07,----------------departments:------select * from Opm_Organ where id=1003 and id>1000
2015-06-04 08:01:07,----------------departments:------select count(*)  from Opm_Organ where parentId=1003 and id>1000
2015-06-04 08:01:08,----------------departments:-----------defDep:1003
2015-06-04 08:01:08,----------------departments:-----------id:1003
2015-06-04 08:01:08,----------------departments:------select * from Opm_Organ where id=1003 and id>1000
2015-06-04 08:01:08,----------------departments:------select count(*)  from Opm_Organ where parentId=1003 and id>1000
2015-06-04 08:01:08,----------------departments:-----------defDep:1003
2015-06-04 08:01:08,----------------departments:-----------id:1003
2015-06-04 08:01:08,----------------departments:------select * from Opm_Organ where id=1003 and id>1000
2015-06-04 08:01:08,----------------departments:------select count(*)  from Opm_Organ where parentId=1003 and id>1000
2015-06-04 08:01:09,----------------departments:-----------defDep:1003
2015-06-04 08:01:09,----------------departments:-----------id:1003
2015-06-04 08:01:09,----------------departments:------select * from Opm_Organ where id=1003 and id>1000
2015-06-04 08:01:09,----------------departments:------select count(*)  from Opm_Organ where parentId=1003 and id>1000
2015-06-04 08:01:11,----------------departments:-----------defDep:1003
2015-06-04 08:01:11,----------------departments:-----------id:1003
2015-06-04 08:01:11,----------------departments:------select * from Opm_Organ where  parentId=1003 and id>1000
2015-06-04 08:01:11,----------------departments:------select count(*)  from Opm_Organ where parentId=1192 and id>1000
2015-06-04 08:01:11,----------------departments:------select count(*)  from Opm_Organ where parentId=1206 and id>1000
2015-06-04 08:01:12,-----------vehicles4dep-----sql:------select oo.name as depName,c.name as customerName,dm.nickName,d.deviceIndex,d.registerKey,d.deviceID,v.vin,d.d_esn,v.licenseNumber,l.ign,l.onlineStatus,l.address_num,l.baidu_latitude as latitude ,l.baidu_longitude as longitude,l.heading,concat( l.gpsDate, ' ', l.gpsTime ) as time ,(l.alertStatus1+l.alertStatus2+l.alertStatus3+l.alertStatus4+l.alertStatus5+l.alertStatus6+l.alertStatus7+l.alertStatus8) as alertStatus from VehicleInfo v ,provision_obd.Devices d,Devices_MT dm,obd_demo.LocationStatus l,Customers c,Opm_Organ oo   where d.deviceID=dm.deviceID and dm.vin=v.vin  and d.depID=oo.id and d.depID  in (1206) and d.deviceID=l.deviceID  and dm.customerID=c.id limit 0,10
2015-06-04 17:05:28,----------------departments:-----------defDep:1003
2015-06-04 17:05:28,----------------departments:-----------id:1003
2015-06-04 17:05:28,----------------departments:------select * from Opm_Organ where id=1003 and id>1000
2015-06-04 17:05:28,----------------departments:------select count(*)  from Opm_Organ where parentId=1003 and id>1000
2015-06-04 17:05:29,----------------departments:-----------defDep:1003
2015-06-04 17:05:29,----------------departments:-----------id:1003
2015-06-04 17:05:29,----------------departments:------select * from Opm_Organ where id=1003 and id>1000
2015-06-04 17:05:29,----------------departments:------select count(*)  from Opm_Organ where parentId=1003 and id>1000
2015-06-04 17:05:29,----------------departments:-----------defDep:1003
2015-06-04 17:05:29,----------------departments:-----------id:1003
2015-06-04 17:05:29,----------------departments:------select * from Opm_Organ where id=1003 and id>1000
2015-06-04 17:05:29,----------------departments:------select count(*)  from Opm_Organ where parentId=1003 and id>1000
2015-06-04 17:05:29,----------------departments:-----------defDep:1003
2015-06-04 17:05:29,----------------departments:-----------id:1003
2015-06-04 17:05:29,----------------departments:------select * from Opm_Organ where id=1003 and id>1000
2015-06-04 17:05:29,----------------departments:------select count(*)  from Opm_Organ where parentId=1003 and id>1000
2015-06-04 17:05:30,----------------departments:-----------defDep:1003
2015-06-04 17:05:30,----------------departments:-----------id:1003
2015-06-04 17:05:30,----------------departments:------select * from Opm_Organ where id=1003 and id>1000
2015-06-04 17:05:30,----------------departments:------select count(*)  from Opm_Organ where parentId=1003 and id>1000
2015-06-04 17:05:30,----------------departments:-----------defDep:1003
2015-06-04 17:05:30,----------------departments:-----------id:1003
2015-06-04 17:05:30,----------------departments:------select * from Opm_Organ where id=1003 and id>1000
2015-06-04 17:05:30,----------------departments:------select count(*)  from Opm_Organ where parentId=1003 and id>1000
2015-06-04 17:05:43,----------------departments:-----------defDep:1003
2015-06-04 17:05:43,----------------departments:-----------id:1003
2015-06-04 17:05:43,----------------departments:------select * from Opm_Organ where id=1003 and id>1000
2015-06-04 17:05:43,----------------departments:------select count(*)  from Opm_Organ where parentId=1003 and id>1000
2015-06-04 17:05:43,----------------departments:-----------defDep:1003
2015-06-04 17:05:43,----------------departments:-----------id:1003
2015-06-04 17:05:43,----------------departments:------select * from Opm_Organ where id=1003 and id>1000
2015-06-04 17:05:43,----------------departments:------select count(*)  from Opm_Organ where parentId=1003 and id>1000
2015-06-04 17:05:43,----------------sql:------select ua.userID,ua.email,ua.username,ua.smsNum,ua.fullname,role.name as roleName,role.id as roleId,oo.name as depName from  Users_Admin  ua,Opm_User_Role our,Opm_Role role,Opm_Organ oo  where ua.userID=our.userID and our.roleId=role.id and ua.organId=1003 and ua.isCustomer=0 and our.organId=oo.id
2015-06-04 17:05:59,----------------departments:-----------defDep:1003
2015-06-04 17:05:59,----------------departments:-----------id:1003
2015-06-04 17:05:59,----------------departments:------select * from Opm_Organ where id=1003 and id>1000
2015-06-04 17:05:59,----------------departments:------select count(*)  from Opm_Organ where parentId=1003 and id>1000
2015-06-04 17:05:59,----------------departments:-----------defDep:1003
2015-06-04 17:05:59,----------------departments:-----------id:1003
2015-06-04 17:05:59,----------------departments:------select * from Opm_Organ where id=1003 and id>1000
2015-06-04 17:05:59,----------------departments:------select count(*)  from Opm_Organ where parentId=1003 and id>1000
2015-06-04 18:37:38,----------------departments:-----------defDep:1003
2015-06-04 18:37:38,----------------departments:-----------id:1003
2015-06-04 18:37:38,----------------departments:------select * from Opm_Organ where id=1003 and id>1000
2015-06-04 18:37:38,----------------departments:------select count(*)  from Opm_Organ where parentId=1003 and id>1000
2015-06-04 18:37:39,----------------departments:-----------defDep:1003
2015-06-04 18:37:39,----------------departments:-----------id:1003
2015-06-04 18:37:39,----------------departments:------select * from Opm_Organ where id=1003 and id>1000
2015-06-04 18:37:39,----------------departments:------select count(*)  from Opm_Organ where parentId=1003 and id>1000
2015-06-04 18:37:39,----------------departments:-----------defDep:1003
2015-06-04 18:37:39,----------------departments:-----------id:1003
2015-06-04 18:37:39,----------------departments:------select * from Opm_Organ where id=1003 and id>1000
2015-06-04 18:37:39,----------------departments:------select count(*)  from Opm_Organ where parentId=1003 and id>1000
2015-06-04 18:37:39,----------------departments:-----------defDep:1003
2015-06-04 18:37:39,----------------departments:-----------id:1003
2015-06-04 18:37:39,----------------departments:------select * from Opm_Organ where id=1003 and id>1000
2015-06-04 18:37:39,----------------departments:------select count(*)  from Opm_Organ where parentId=1003 and id>1000
2015-06-04 18:37:41,----------------departments:-----------defDep:1003
2015-06-04 18:37:41,----------------departments:-----------id:1003
2015-06-04 18:37:41,----------------departments:------select * from Opm_Organ where  parentId=1003 and id>1000
2015-06-04 18:37:41,----------------departments:------select count(*)  from Opm_Organ where parentId=1192 and id>1000
2015-06-04 18:37:41,----------------departments:------select count(*)  from Opm_Organ where parentId=1206 and id>1000
2015-06-04 18:37:42,-----------vehicles4dep-----sql:------select oo.name as depName,c.name as customerName,dm.nickName,d.deviceIndex,d.registerKey,d.deviceID,v.vin,d.d_esn,v.licenseNumber,l.ign,l.onlineStatus,l.address_num,l.baidu_latitude as latitude ,l.baidu_longitude as longitude,l.heading,concat( l.gpsDate, ' ', l.gpsTime ) as time ,(l.alertStatus1+l.alertStatus2+l.alertStatus3+l.alertStatus4+l.alertStatus5+l.alertStatus6+l.alertStatus7+l.alertStatus8) as alertStatus from VehicleInfo v ,provision_obd.Devices d,Devices_MT dm,obd_demo.LocationStatus l,Customers c,Opm_Organ oo   where d.deviceID=dm.deviceID and dm.vin=v.vin  and d.depID=oo.id and d.depID  in (1206) and d.deviceID=l.deviceID  and dm.customerID=c.id limit 0,10
2015-06-04 20:11:56,----------------departments:-----------defDep:1003
2015-06-04 20:11:56,----------------departments:-----------id:1003
2015-06-04 20:11:56,----------------departments:------select * from Opm_Organ where id=1003 and id>1000
2015-06-04 20:11:56,----------------departments:------select count(*)  from Opm_Organ where parentId=1003 and id>1000
2015-06-04 20:11:57,----------------departments:-----------defDep:1003
2015-06-04 20:11:57,----------------departments:-----------id:1003
2015-06-04 20:11:57,----------------departments:------select * from Opm_Organ where id=1003 and id>1000
2015-06-04 20:11:57,----------------departments:------select count(*)  from Opm_Organ where parentId=1003 and id>1000
2015-06-04 20:11:57,----------------departments:-----------defDep:1003
2015-06-04 20:11:57,----------------departments:-----------id:1003
2015-06-04 20:11:57,----------------departments:------select * from Opm_Organ where id=1003 and id>1000
2015-06-04 20:11:57,----------------departments:------select count(*)  from Opm_Organ where parentId=1003 and id>1000
2015-06-04 20:11:57,----------------departments:-----------defDep:1003
2015-06-04 20:11:57,----------------departments:-----------id:1003
2015-06-04 20:11:57,----------------departments:------select * from Opm_Organ where id=1003 and id>1000
2015-06-04 20:11:57,----------------departments:------select count(*)  from Opm_Organ where parentId=1003 and id>1000
2015-06-04 20:12:00,----------------departments:-----------defDep:1003
2015-06-04 20:12:00,----------------departments:-----------id:1003
2015-06-04 20:12:00,----------------departments:------select * from Opm_Organ where  parentId=1003 and id>1000
2015-06-04 20:12:00,----------------departments:------select count(*)  from Opm_Organ where parentId=1192 and id>1000
2015-06-04 20:12:00,----------------departments:------select count(*)  from Opm_Organ where parentId=1206 and id>1000
2015-06-04 20:12:01,-----------vehicles4dep-----sql:------select oo.name as depName,c.name as customerName,dm.nickName,d.deviceIndex,d.registerKey,d.deviceID,v.vin,d.d_esn,v.licenseNumber,l.ign,l.onlineStatus,l.address_num,l.baidu_latitude as latitude ,l.baidu_longitude as longitude,l.heading,concat( l.gpsDate, ' ', l.gpsTime ) as time ,(l.alertStatus1+l.alertStatus2+l.alertStatus3+l.alertStatus4+l.alertStatus5+l.alertStatus6+l.alertStatus7+l.alertStatus8) as alertStatus from VehicleInfo v ,provision_obd.Devices d,Devices_MT dm,obd_demo.LocationStatus l,Customers c,Opm_Organ oo   where d.deviceID=dm.deviceID and dm.vin=v.vin  and d.depID=oo.id and d.depID  in (1206) and d.deviceID=l.deviceID  and dm.customerID=c.id limit 0,10
2015-06-04 20:12:58,----------------sql1:------select d.deviceID,v.vin,d.d_esn,v.licenseNumber,l.ign,l.onlineStatus,l.address_num,l.heading,l.baidu_latitude as latitude ,l.baidu_longitude as longitude,concat( l.gpsDate, ' ', l.gpsTime ) as time,(l.alertStatus1+l.alertStatus2+l.alertStatus3+l.alertStatus4+l.alertStatus5+l.alertStatus6+l.alertStatus7+l.alertStatus8) as alertStatus from VehicleInfo v ,provision_obd.Devices d,Devices_MT dm,obd_demo.LocationStatus l  where d.deviceID=dm.deviceID and dm.vin=v.vin and v.vin  in (727) and d.deviceID=l.deviceID  
2015-06-04 20:13:58,----------------sql1:------select d.deviceID,v.vin,d.d_esn,v.licenseNumber,l.ign,l.onlineStatus,l.address_num,l.heading,l.baidu_latitude as latitude ,l.baidu_longitude as longitude,concat( l.gpsDate, ' ', l.gpsTime ) as time,(l.alertStatus1+l.alertStatus2+l.alertStatus3+l.alertStatus4+l.alertStatus5+l.alertStatus6+l.alertStatus7+l.alertStatus8) as alertStatus from VehicleInfo v ,provision_obd.Devices d,Devices_MT dm,obd_demo.LocationStatus l  where d.deviceID=dm.deviceID and dm.vin=v.vin and v.vin  in (727) and d.deviceID=l.deviceID  
